[0.023s] Invoking command in '/home/mtrn/lab4-main/lab4-main/build/interface': CMAKE_PREFIX_PATH=${CMAKE_PREFIX_PATH}:/home/mtrn/lab4-main/lab4-main/install/vision:/home/mtrn/lab4-main/lab4-main/install/transformation:/opt/ros/humble /usr/bin/cmake --build /home/mtrn/lab4-main/lab4-main/build/interface -- -j4 -l4
[0.127s] [  3%] Built target interface__cpp
[0.127s] [ 12%] Built target interface__rosidl_generator_c
[0.150s] [ 12%] Built target ament_cmake_python_copy_interface
[0.157s] [ 25%] Built target interface__rosidl_typesupport_introspection_cpp
[0.157s] [ 35%] Built target interface__rosidl_typesupport_fastrtps_cpp
[0.160s] [ 41%] Built target interface__rosidl_typesupport_cpp
[0.184s] [ 61%] Built target interface__rosidl_typesupport_fastrtps_c
[0.185s] [ 61%] Built target interface__rosidl_typesupport_introspection_c
[0.185s] [ 70%] Built target interface__rosidl_typesupport_c
[0.207s] [ 70%] Built target interface
[0.231s] [ 74%] Built target interface__py
[0.261s] [ 80%] Built target interface__rosidl_generator_py
[0.294s] [ 87%] Built target interface__rosidl_typesupport_introspection_c__pyext
[0.299s] [ 93%] Built target interface__rosidl_typesupport_fastrtps_c__pyext
[0.300s] [100%] Built target interface__rosidl_typesupport_c__pyext
[0.454s] running egg_info
[0.455s] writing interface.egg-info/PKG-INFO
[0.455s] writing dependency_links to interface.egg-info/dependency_links.txt
[0.455s] writing top-level names to interface.egg-info/top_level.txt
[0.458s] reading manifest file 'interface.egg-info/SOURCES.txt'
[0.459s] writing manifest file 'interface.egg-info/SOURCES.txt'
[0.487s] [100%] Built target ament_cmake_python_build_interface_egg
[0.500s] Invoked command in '/home/mtrn/lab4-main/lab4-main/build/interface' returned '0': CMAKE_PREFIX_PATH=${CMAKE_PREFIX_PATH}:/home/mtrn/lab4-main/lab4-main/install/vision:/home/mtrn/lab4-main/lab4-main/install/transformation:/opt/ros/humble /usr/bin/cmake --build /home/mtrn/lab4-main/lab4-main/build/interface -- -j4 -l4
[0.566s] Invoking command in '/home/mtrn/lab4-main/lab4-main/build/interface': CMAKE_PREFIX_PATH=${CMAKE_PREFIX_PATH}:/home/mtrn/lab4-main/lab4-main/install/vision:/home/mtrn/lab4-main/lab4-main/install/transformation:/opt/ros/humble /usr/bin/cmake --install /home/mtrn/lab4-main/lab4-main/build/interface
[0.575s] -- Install configuration: ""
[0.575s] -- Up-to-date: /home/mtrn/lab4-main/lab4-main/install/interface/share/ament_index/resource_index/rosidl_interfaces/interface
[0.575s] -- Up-to-date: /home/mtrn/lab4-main/lab4-main/install/interface/include/interface/interface
[0.575s] -- Up-to-date: /home/mtrn/lab4-main/lab4-main/install/interface/include/interface/interface/msg
[0.575s] -- Up-to-date: /home/mtrn/lab4-main/lab4-main/install/interface/include/interface/interface/msg/rosidl_generator_c__visibility_control.h
[0.575s] -- Up-to-date: /home/mtrn/lab4-main/lab4-main/install/interface/include/interface/interface/msg/detail
[0.576s] -- Up-to-date: /home/mtrn/lab4-main/lab4-main/install/interface/include/interface/interface/msg/detail/marker_data__functions.c
[0.576s] -- Up-to-date: /home/mtrn/lab4-main/lab4-main/install/interface/include/interface/interface/msg/detail/marker_data__struct.h
[0.576s] -- Up-to-date: /home/mtrn/lab4-main/lab4-main/install/interface/include/interface/interface/msg/detail/marker_data__functions.h
[0.577s] -- Up-to-date: /home/mtrn/lab4-main/lab4-main/install/interface/include/interface/interface/msg/detail/marker_data__type_support.h
[0.577s] -- Up-to-date: /home/mtrn/lab4-main/lab4-main/install/interface/include/interface/interface/msg/marker_data.h
[0.577s] -- Up-to-date: /home/mtrn/lab4-main/lab4-main/install/interface/share/interface/environment/library_path.sh
[0.577s] -- Up-to-date: /home/mtrn/lab4-main/lab4-main/install/interface/share/interface/environment/library_path.dsv
[0.577s] -- Up-to-date: /home/mtrn/lab4-main/lab4-main/install/interface/lib/libinterface__rosidl_generator_c.so
[0.577s] -- Up-to-date: /home/mtrn/lab4-main/lab4-main/install/interface/include/interface/interface
[0.577s] -- Up-to-date: /home/mtrn/lab4-main/lab4-main/install/interface/include/interface/interface/msg
[0.578s] -- Up-to-date: /home/mtrn/lab4-main/lab4-main/install/interface/include/interface/interface/msg/rosidl_typesupport_fastrtps_c__visibility_control.h
[0.578s] -- Up-to-date: /home/mtrn/lab4-main/lab4-main/install/interface/include/interface/interface/msg/detail
[0.578s] -- Up-to-date: /home/mtrn/lab4-main/lab4-main/install/interface/include/interface/interface/msg/detail/marker_data__rosidl_typesupport_fastrtps_c.h
[0.578s] -- Up-to-date: /home/mtrn/lab4-main/lab4-main/install/interface/lib/libinterface__rosidl_typesupport_fastrtps_c.so
[0.578s] -- Up-to-date: /home/mtrn/lab4-main/lab4-main/install/interface/include/interface/interface
[0.578s] -- Up-to-date: /home/mtrn/lab4-main/lab4-main/install/interface/include/interface/interface/msg
[0.578s] -- Up-to-date: /home/mtrn/lab4-main/lab4-main/install/interface/include/interface/interface/msg/marker_data.hpp
[0.578s] -- Up-to-date: /home/mtrn/lab4-main/lab4-main/install/interface/include/interface/interface/msg/detail
[0.578s] -- Up-to-date: /home/mtrn/lab4-main/lab4-main/install/interface/include/interface/interface/msg/detail/marker_data__builder.hpp
[0.578s] -- Up-to-date: /home/mtrn/lab4-main/lab4-main/install/interface/include/interface/interface/msg/detail/marker_data__traits.hpp
[0.578s] -- Up-to-date: /home/mtrn/lab4-main/lab4-main/install/interface/include/interface/interface/msg/detail/marker_data__struct.hpp
[0.578s] -- Up-to-date: /home/mtrn/lab4-main/lab4-main/install/interface/include/interface/interface
[0.578s] -- Up-to-date: /home/mtrn/lab4-main/lab4-main/install/interface/include/interface/interface/msg
[0.578s] -- Up-to-date: /home/mtrn/lab4-main/lab4-main/install/interface/include/interface/interface/msg/detail
[0.579s] -- Up-to-date: /home/mtrn/lab4-main/lab4-main/install/interface/include/interface/interface/msg/detail/marker_data__rosidl_typesupport_fastrtps_cpp.hpp
[0.579s] -- Up-to-date: /home/mtrn/lab4-main/lab4-main/install/interface/include/interface/interface/msg/detail/dds_fastrtps
[0.579s] -- Up-to-date: /home/mtrn/lab4-main/lab4-main/install/interface/include/interface/interface/msg/rosidl_typesupport_fastrtps_cpp__visibility_control.h
[0.579s] -- Up-to-date: /home/mtrn/lab4-main/lab4-main/install/interface/lib/libinterface__rosidl_typesupport_fastrtps_cpp.so
[0.579s] -- Up-to-date: /home/mtrn/lab4-main/lab4-main/install/interface/include/interface/interface
[0.579s] -- Up-to-date: /home/mtrn/lab4-main/lab4-main/install/interface/include/interface/interface/msg
[0.579s] -- Up-to-date: /home/mtrn/lab4-main/lab4-main/install/interface/include/interface/interface/msg/rosidl_typesupport_introspection_c__visibility_control.h
[0.579s] -- Up-to-date: /home/mtrn/lab4-main/lab4-main/install/interface/include/interface/interface/msg/detail
[0.579s] -- Up-to-date: /home/mtrn/lab4-main/lab4-main/install/interface/include/interface/interface/msg/detail/marker_data__rosidl_typesupport_introspection_c.h
[0.579s] -- Up-to-date: /home/mtrn/lab4-main/lab4-main/install/interface/include/interface/interface/msg/detail/marker_data__type_support.c
[0.579s] -- Up-to-date: /home/mtrn/lab4-main/lab4-main/install/interface/lib/libinterface__rosidl_typesupport_introspection_c.so
[0.579s] -- Up-to-date: /home/mtrn/lab4-main/lab4-main/install/interface/lib/libinterface__rosidl_typesupport_c.so
[0.580s] -- Up-to-date: /home/mtrn/lab4-main/lab4-main/install/interface/include/interface/interface
[0.580s] -- Up-to-date: /home/mtrn/lab4-main/lab4-main/install/interface/include/interface/interface/msg
[0.580s] -- Up-to-date: /home/mtrn/lab4-main/lab4-main/install/interface/include/interface/interface/msg/detail
[0.580s] -- Up-to-date: /home/mtrn/lab4-main/lab4-main/install/interface/include/interface/interface/msg/detail/marker_data__type_support.cpp
[0.580s] -- Up-to-date: /home/mtrn/lab4-main/lab4-main/install/interface/include/interface/interface/msg/detail/marker_data__rosidl_typesupport_introspection_cpp.hpp
[0.580s] -- Up-to-date: /home/mtrn/lab4-main/lab4-main/install/interface/lib/libinterface__rosidl_typesupport_introspection_cpp.so
[0.580s] -- Up-to-date: /home/mtrn/lab4-main/lab4-main/install/interface/lib/libinterface__rosidl_typesupport_cpp.so
[0.581s] -- Up-to-date: /home/mtrn/lab4-main/lab4-main/install/interface/share/interface/environment/pythonpath.sh
[0.581s] -- Up-to-date: /home/mtrn/lab4-main/lab4-main/install/interface/share/interface/environment/pythonpath.dsv
[0.581s] -- Up-to-date: /home/mtrn/lab4-main/lab4-main/install/interface/local/lib/python3.10/dist-packages/interface-0.0.0-py3.10.egg-info
[0.581s] -- Installing: /home/mtrn/lab4-main/lab4-main/install/interface/local/lib/python3.10/dist-packages/interface-0.0.0-py3.10.egg-info/top_level.txt
[0.581s] -- Installing: /home/mtrn/lab4-main/lab4-main/install/interface/local/lib/python3.10/dist-packages/interface-0.0.0-py3.10.egg-info/SOURCES.txt
[0.581s] -- Installing: /home/mtrn/lab4-main/lab4-main/install/interface/local/lib/python3.10/dist-packages/interface-0.0.0-py3.10.egg-info/PKG-INFO
[0.582s] -- Installing: /home/mtrn/lab4-main/lab4-main/install/interface/local/lib/python3.10/dist-packages/interface-0.0.0-py3.10.egg-info/dependency_links.txt
[0.582s] -- Up-to-date: /home/mtrn/lab4-main/lab4-main/install/interface/local/lib/python3.10/dist-packages/interface
[0.582s] -- Up-to-date: /home/mtrn/lab4-main/lab4-main/install/interface/local/lib/python3.10/dist-packages/interface/interface_s__rosidl_typesupport_introspection_c.cpython-310-x86_64-linux-gnu.so
[0.582s] -- Up-to-date: /home/mtrn/lab4-main/lab4-main/install/interface/local/lib/python3.10/dist-packages/interface/_interface_s.ep.rosidl_typesupport_introspection_c.c
[0.582s] -- Up-to-date: /home/mtrn/lab4-main/lab4-main/install/interface/local/lib/python3.10/dist-packages/interface/interface_s__rosidl_typesupport_fastrtps_c.cpython-310-x86_64-linux-gnu.so
[0.582s] -- Up-to-date: /home/mtrn/lab4-main/lab4-main/install/interface/local/lib/python3.10/dist-packages/interface/_interface_s.ep.rosidl_typesupport_c.c
[0.582s] -- Up-to-date: /home/mtrn/lab4-main/lab4-main/install/interface/local/lib/python3.10/dist-packages/interface/_interface_s.ep.rosidl_typesupport_fastrtps_c.c
[0.582s] -- Up-to-date: /home/mtrn/lab4-main/lab4-main/install/interface/local/lib/python3.10/dist-packages/interface/interface_s__rosidl_typesupport_c.cpython-310-x86_64-linux-gnu.so
[0.582s] -- Up-to-date: /home/mtrn/lab4-main/lab4-main/install/interface/local/lib/python3.10/dist-packages/interface/libinterface__rosidl_generator_py.so
[0.583s] -- Up-to-date: /home/mtrn/lab4-main/lab4-main/install/interface/local/lib/python3.10/dist-packages/interface/msg
[0.583s] -- Up-to-date: /home/mtrn/lab4-main/lab4-main/install/interface/local/lib/python3.10/dist-packages/interface/msg/_marker_data_s.c
[0.583s] -- Up-to-date: /home/mtrn/lab4-main/lab4-main/install/interface/local/lib/python3.10/dist-packages/interface/msg/__init__.py
[0.583s] -- Up-to-date: /home/mtrn/lab4-main/lab4-main/install/interface/local/lib/python3.10/dist-packages/interface/msg/_marker_data.py
[0.583s] -- Up-to-date: /home/mtrn/lab4-main/lab4-main/install/interface/local/lib/python3.10/dist-packages/interface/__init__.py
[0.617s] Listing '/home/mtrn/lab4-main/lab4-main/install/interface/local/lib/python3.10/dist-packages/interface'...
[0.617s] Listing '/home/mtrn/lab4-main/lab4-main/install/interface/local/lib/python3.10/dist-packages/interface/msg'...
[0.621s] -- Up-to-date: /home/mtrn/lab4-main/lab4-main/install/interface/local/lib/python3.10/dist-packages/interface/interface_s__rosidl_typesupport_fastrtps_c.cpython-310-x86_64-linux-gnu.so
[0.621s] -- Up-to-date: /home/mtrn/lab4-main/lab4-main/install/interface/local/lib/python3.10/dist-packages/interface/interface_s__rosidl_typesupport_introspection_c.cpython-310-x86_64-linux-gnu.so
[0.621s] -- Up-to-date: /home/mtrn/lab4-main/lab4-main/install/interface/local/lib/python3.10/dist-packages/interface/interface_s__rosidl_typesupport_c.cpython-310-x86_64-linux-gnu.so
[0.622s] -- Up-to-date: /home/mtrn/lab4-main/lab4-main/install/interface/lib/libinterface__rosidl_generator_py.so
[0.622s] -- Up-to-date: /home/mtrn/lab4-main/lab4-main/install/interface/share/interface/msg/MarkerData.idl
[0.622s] -- Up-to-date: /home/mtrn/lab4-main/lab4-main/install/interface/share/interface/msg/MarkerData.msg
[0.622s] -- Up-to-date: /home/mtrn/lab4-main/lab4-main/install/interface/share/ament_index/resource_index/package_run_dependencies/interface
[0.623s] -- Up-to-date: /home/mtrn/lab4-main/lab4-main/install/interface/share/ament_index/resource_index/parent_prefix_path/interface
[0.623s] -- Up-to-date: /home/mtrn/lab4-main/lab4-main/install/interface/share/interface/environment/ament_prefix_path.sh
[0.623s] -- Up-to-date: /home/mtrn/lab4-main/lab4-main/install/interface/share/interface/environment/ament_prefix_path.dsv
[0.623s] -- Up-to-date: /home/mtrn/lab4-main/lab4-main/install/interface/share/interface/environment/path.sh
[0.623s] -- Up-to-date: /home/mtrn/lab4-main/lab4-main/install/interface/share/interface/environment/path.dsv
[0.623s] -- Up-to-date: /home/mtrn/lab4-main/lab4-main/install/interface/share/interface/local_setup.bash
[0.623s] -- Up-to-date: /home/mtrn/lab4-main/lab4-main/install/interface/share/interface/local_setup.sh
[0.624s] -- Up-to-date: /home/mtrn/lab4-main/lab4-main/install/interface/share/interface/local_setup.zsh
[0.624s] -- Up-to-date: /home/mtrn/lab4-main/lab4-main/install/interface/share/interface/local_setup.dsv
[0.624s] -- Installing: /home/mtrn/lab4-main/lab4-main/install/interface/share/interface/package.dsv
[0.625s] -- Up-to-date: /home/mtrn/lab4-main/lab4-main/install/interface/share/ament_index/resource_index/packages/interface
[0.626s] -- Up-to-date: /home/mtrn/lab4-main/lab4-main/install/interface/share/interface/cmake/export_interface__rosidl_generator_cExport.cmake
[0.626s] -- Up-to-date: /home/mtrn/lab4-main/lab4-main/install/interface/share/interface/cmake/export_interface__rosidl_generator_cExport-noconfig.cmake
[0.627s] -- Up-to-date: /home/mtrn/lab4-main/lab4-main/install/interface/share/interface/cmake/export_interface__rosidl_typesupport_fastrtps_cExport.cmake
[0.627s] -- Up-to-date: /home/mtrn/lab4-main/lab4-main/install/interface/share/interface/cmake/export_interface__rosidl_typesupport_fastrtps_cExport-noconfig.cmake
[0.628s] -- Up-to-date: /home/mtrn/lab4-main/lab4-main/install/interface/share/interface/cmake/export_interface__rosidl_generator_cppExport.cmake
[0.629s] -- Up-to-date: /home/mtrn/lab4-main/lab4-main/install/interface/share/interface/cmake/export_interface__rosidl_typesupport_fastrtps_cppExport.cmake
[0.630s] -- Up-to-date: /home/mtrn/lab4-main/lab4-main/install/interface/share/interface/cmake/export_interface__rosidl_typesupport_fastrtps_cppExport-noconfig.cmake
[0.631s] -- Up-to-date: /home/mtrn/lab4-main/lab4-main/install/interface/share/interface/cmake/interface__rosidl_typesupport_introspection_cExport.cmake
[0.631s] -- Up-to-date: /home/mtrn/lab4-main/lab4-main/install/interface/share/interface/cmake/interface__rosidl_typesupport_introspection_cExport-noconfig.cmake
[0.632s] -- Up-to-date: /home/mtrn/lab4-main/lab4-main/install/interface/share/interface/cmake/interface__rosidl_typesupport_cExport.cmake
[0.632s] -- Up-to-date: /home/mtrn/lab4-main/lab4-main/install/interface/share/interface/cmake/interface__rosidl_typesupport_cExport-noconfig.cmake
[0.633s] -- Up-to-date: /home/mtrn/lab4-main/lab4-main/install/interface/share/interface/cmake/interface__rosidl_typesupport_introspection_cppExport.cmake
[0.634s] -- Up-to-date: /home/mtrn/lab4-main/lab4-main/install/interface/share/interface/cmake/interface__rosidl_typesupport_introspection_cppExport-noconfig.cmake
[0.635s] -- Up-to-date: /home/mtrn/lab4-main/lab4-main/install/interface/share/interface/cmake/interface__rosidl_typesupport_cppExport.cmake
[0.635s] -- Up-to-date: /home/mtrn/lab4-main/lab4-main/install/interface/share/interface/cmake/interface__rosidl_typesupport_cppExport-noconfig.cmake
[0.636s] -- Up-to-date: /home/mtrn/lab4-main/lab4-main/install/interface/share/interface/cmake/export_interface__rosidl_generator_pyExport.cmake
[0.636s] -- Up-to-date: /home/mtrn/lab4-main/lab4-main/install/interface/share/interface/cmake/export_interface__rosidl_generator_pyExport-noconfig.cmake
[0.636s] -- Up-to-date: /home/mtrn/lab4-main/lab4-main/install/interface/share/interface/cmake/rosidl_cmake-extras.cmake
[0.636s] -- Up-to-date: /home/mtrn/lab4-main/lab4-main/install/interface/share/interface/cmake/ament_cmake_export_dependencies-extras.cmake
[0.636s] -- Up-to-date: /home/mtrn/lab4-main/lab4-main/install/interface/share/interface/cmake/ament_cmake_export_include_directories-extras.cmake
[0.636s] -- Up-to-date: /home/mtrn/lab4-main/lab4-main/install/interface/share/interface/cmake/ament_cmake_export_libraries-extras.cmake
[0.637s] -- Up-to-date: /home/mtrn/lab4-main/lab4-main/install/interface/share/interface/cmake/ament_cmake_export_targets-extras.cmake
[0.637s] -- Up-to-date: /home/mtrn/lab4-main/lab4-main/install/interface/share/interface/cmake/rosidl_cmake_export_typesupport_targets-extras.cmake
[0.637s] -- Up-to-date: /home/mtrn/lab4-main/lab4-main/install/interface/share/interface/cmake/rosidl_cmake_export_typesupport_libraries-extras.cmake
[0.637s] -- Up-to-date: /home/mtrn/lab4-main/lab4-main/install/interface/share/interface/cmake/interfaceConfig.cmake
[0.637s] -- Up-to-date: /home/mtrn/lab4-main/lab4-main/install/interface/share/interface/cmake/interfaceConfig-version.cmake
[0.637s] -- Up-to-date: /home/mtrn/lab4-main/lab4-main/install/interface/share/interface/package.xml
[0.642s] Invoked command in '/home/mtrn/lab4-main/lab4-main/build/interface' returned '0': CMAKE_PREFIX_PATH=${CMAKE_PREFIX_PATH}:/home/mtrn/lab4-main/lab4-main/install/vision:/home/mtrn/lab4-main/lab4-main/install/transformation:/opt/ros/humble /usr/bin/cmake --install /home/mtrn/lab4-main/lab4-main/build/interface
