[0.729s] Invoking command in '/home/mtrn/ros2_ws/src/blue_detector': PYTHONPATH=/home/mtrn/ros2_ws/src/blue_detector/build/blue_detector/prefix_override:/home/mtrn/ros2_ws/src/blue_detector/install/blue_detector/lib/python3.10/site-packages:${PYTHONPATH} /usr/bin/python3 setup.py egg_info --egg-base build/blue_detector build --build-base /home/mtrn/ros2_ws/src/blue_detector/build/blue_detector/build install --record /home/mtrn/ros2_ws/src/blue_detector/build/blue_detector/install.log --single-version-externally-managed
[0.988s] running egg_info
[0.989s] writing build/blue_detector/blue_detector.egg-info/PKG-INFO
[0.990s] writing dependency_links to build/blue_detector/blue_detector.egg-info/dependency_links.txt
[0.990s] writing entry points to build/blue_detector/blue_detector.egg-info/entry_points.txt
[0.990s] writing requirements to build/blue_detector/blue_detector.egg-info/requires.txt
[0.991s] writing top-level names to build/blue_detector/blue_detector.egg-info/top_level.txt
[0.992s] reading manifest file 'build/blue_detector/blue_detector.egg-info/SOURCES.txt'
[0.993s] writing manifest file 'build/blue_detector/blue_detector.egg-info/SOURCES.txt'
[0.993s] running build
[0.993s] running build_py
[0.993s] copying blue_detector/ros2node.py -> /home/mtrn/ros2_ws/src/blue_detector/build/blue_detector/build/lib/blue_detector
[0.993s] running install
[0.994s] running install_lib
[0.994s] copying /home/mtrn/ros2_ws/src/blue_detector/build/blue_detector/build/lib/blue_detector/ros2node.py -> /home/mtrn/ros2_ws/src/blue_detector/install/blue_detector/lib/python3.10/site-packages/blue_detector
[0.995s] byte-compiling /home/mtrn/ros2_ws/src/blue_detector/install/blue_detector/lib/python3.10/site-packages/blue_detector/ros2node.py to ros2node.cpython-310.pyc
[0.995s] /usr/lib/python3/dist-packages/setuptools/command/install.py:34: SetuptoolsDeprecationWarning: setup.py install is deprecated. Use build and pip and other standards-based tools.
[0.996s]   warnings.warn(
[0.996s] running install_data
[0.996s] running install_egg_info
[1.011s] removing '/home/mtrn/ros2_ws/src/blue_detector/install/blue_detector/lib/python3.10/site-packages/blue_detector-0.0.0-py3.10.egg-info' (and everything under it)
[1.011s] Copying build/blue_detector/blue_detector.egg-info to /home/mtrn/ros2_ws/src/blue_detector/install/blue_detector/lib/python3.10/site-packages/blue_detector-0.0.0-py3.10.egg-info
[1.012s] running install_scripts
[1.038s] Installing blue_detector script to /home/mtrn/ros2_ws/src/blue_detector/install/blue_detector/bin
[1.038s] Installing image_publisher script to /home/mtrn/ros2_ws/src/blue_detector/install/blue_detector/bin
[1.038s] writing list of installed files to '/home/mtrn/ros2_ws/src/blue_detector/build/blue_detector/install.log'
[1.061s] Invoked command in '/home/mtrn/ros2_ws/src/blue_detector' returned '0': PYTHONPATH=/home/mtrn/ros2_ws/src/blue_detector/build/blue_detector/prefix_override:/home/mtrn/ros2_ws/src/blue_detector/install/blue_detector/lib/python3.10/site-packages:${PYTHONPATH} /usr/bin/python3 setup.py egg_info --egg-base build/blue_detector build --build-base /home/mtrn/ros2_ws/src/blue_detector/build/blue_detector/build install --record /home/mtrn/ros2_ws/src/blue_detector/build/blue_detector/install.log --single-version-externally-managed
