running egg_info
creating ../../build/transformation/transformation.egg-info
writing ../../build/transformation/transformation.egg-info/PKG-INFO
writing dependency_links to ../../build/transformation/transformation.egg-info/dependency_links.txt
writing entry points to ../../build/transformation/transformation.egg-info/entry_points.txt
writing requirements to ../../build/transformation/transformation.egg-info/requires.txt
writing top-level names to ../../build/transformation/transformation.egg-info/top_level.txt
writing manifest file '../../build/transformation/transformation.egg-info/SOURCES.txt'
reading manifest file '../../build/transformation/transformation.egg-info/SOURCES.txt'
writing manifest file '../../build/transformation/transformation.egg-info/SOURCES.txt'
running build
running build_py
creating /home/mtrn/lab4-main/lab4-main/build/transformation/build
creating /home/mtrn/lab4-main/lab4-main/build/transformation/build/lib
creating /home/mtrn/lab4-main/lab4-main/build/transformation/build/lib/transformation
copying transformation/tf_subscriber.py -> /home/mtrn/lab4-main/lab4-main/build/transformation/build/lib/transformation
copying transformation/tf_utils.py -> /home/mtrn/lab4-main/lab4-main/build/transformation/build/lib/transformation
copying transformation/tf_publisher.py -> /home/mtrn/lab4-main/lab4-main/build/transformation/build/lib/transformation
copying transformation/__init__.py -> /home/mtrn/lab4-main/lab4-main/build/transformation/build/lib/transformation
copying transformation/tf_main.py -> /home/mtrn/lab4-main/lab4-main/build/transformation/build/lib/transformation
running install
/usr/lib/python3/dist-packages/setuptools/command/install.py:34: SetuptoolsDeprecationWarning: setup.py install is deprecated. Use build and pip and other standards-based tools.
  warnings.warn(
running install_lib
creating /home/mtrn/lab4-main/lab4-main/install/transformation/lib/python3.10/site-packages/transformation
copying /home/mtrn/lab4-main/lab4-main/build/transformation/build/lib/transformation/tf_subscriber.py -> /home/mtrn/lab4-main/lab4-main/install/transformation/lib/python3.10/site-packages/transformation
copying /home/mtrn/lab4-main/lab4-main/build/transformation/build/lib/transformation/tf_utils.py -> /home/mtrn/lab4-main/lab4-main/install/transformation/lib/python3.10/site-packages/transformation
copying /home/mtrn/lab4-main/lab4-main/build/transformation/build/lib/transformation/tf_publisher.py -> /home/mtrn/lab4-main/lab4-main/install/transformation/lib/python3.10/site-packages/transformation
copying /home/mtrn/lab4-main/lab4-main/build/transformation/build/lib/transformation/__init__.py -> /home/mtrn/lab4-main/lab4-main/install/transformation/lib/python3.10/site-packages/transformation
copying /home/mtrn/lab4-main/lab4-main/build/transformation/build/lib/transformation/tf_main.py -> /home/mtrn/lab4-main/lab4-main/install/transformation/lib/python3.10/site-packages/transformation
byte-compiling /home/mtrn/lab4-main/lab4-main/install/transformation/lib/python3.10/site-packages/transformation/tf_subscriber.py to tf_subscriber.cpython-310.pyc
byte-compiling /home/mtrn/lab4-main/lab4-main/install/transformation/lib/python3.10/site-packages/transformation/tf_utils.py to tf_utils.cpython-310.pyc
byte-compiling /home/mtrn/lab4-main/lab4-main/install/transformation/lib/python3.10/site-packages/transformation/tf_publisher.py to tf_publisher.cpython-310.pyc
byte-compiling /home/mtrn/lab4-main/lab4-main/install/transformation/lib/python3.10/site-packages/transformation/__init__.py to __init__.cpython-310.pyc
byte-compiling /home/mtrn/lab4-main/lab4-main/install/transformation/lib/python3.10/site-packages/transformation/tf_main.py to tf_main.cpython-310.pyc
running install_data
creating /home/mtrn/lab4-main/lab4-main/install/transformation/share/ament_index
creating /home/mtrn/lab4-main/lab4-main/install/transformation/share/ament_index/resource_index
creating /home/mtrn/lab4-main/lab4-main/install/transformation/share/ament_index/resource_index/packages
copying resource/transformation -> /home/mtrn/lab4-main/lab4-main/install/transformation/share/ament_index/resource_index/packages
copying package.xml -> /home/mtrn/lab4-main/lab4-main/install/transformation/share/transformation
running install_egg_info
Copying ../../build/transformation/transformation.egg-info to /home/mtrn/lab4-main/lab4-main/install/transformation/lib/python3.10/site-packages/transformation-0.0.0-py3.10.egg-info
running install_scripts
Installing main script to /home/mtrn/lab4-main/lab4-main/install/transformation/lib/transformation
writing list of installed files to '/home/mtrn/lab4-main/lab4-main/build/transformation/install.log'
