[0.771s] Invoking command in '/home/mtrn/lab4-main/lab4-main/src/transformation': PYTHONPATH=/home/mtrn/lab4-main/lab4-main/build/transformation/prefix_override:/home/mtrn/lab4-main/lab4-main/install/transformation/lib/python3.10/site-packages:${PYTHONPATH} /usr/bin/python3 setup.py egg_info --egg-base ../../build/transformation build --build-base /home/mtrn/lab4-main/lab4-main/build/transformation/build install --record /home/mtrn/lab4-main/lab4-main/build/transformation/install.log --single-version-externally-managed
[1.013s] running egg_info
[1.014s] creating ../../build/transformation/transformation.egg-info
[1.014s] writing ../../build/transformation/transformation.egg-info/PKG-INFO
[1.015s] writing dependency_links to ../../build/transformation/transformation.egg-info/dependency_links.txt
[1.015s] writing entry points to ../../build/transformation/transformation.egg-info/entry_points.txt
[1.015s] writing requirements to ../../build/transformation/transformation.egg-info/requires.txt
[1.015s] writing top-level names to ../../build/transformation/transformation.egg-info/top_level.txt
[1.015s] writing manifest file '../../build/transformation/transformation.egg-info/SOURCES.txt'
[1.016s] reading manifest file '../../build/transformation/transformation.egg-info/SOURCES.txt'
[1.017s] writing manifest file '../../build/transformation/transformation.egg-info/SOURCES.txt'
[1.017s] running build
[1.017s] running build_py
[1.017s] creating /home/mtrn/lab4-main/lab4-main/build/transformation/build
[1.017s] creating /home/mtrn/lab4-main/lab4-main/build/transformation/build/lib
[1.017s] creating /home/mtrn/lab4-main/lab4-main/build/transformation/build/lib/transformation
[1.017s] copying transformation/tf_subscriber.py -> /home/mtrn/lab4-main/lab4-main/build/transformation/build/lib/transformation
[1.018s] copying transformation/tf_utils.py -> /home/mtrn/lab4-main/lab4-main/build/transformation/build/lib/transformation
[1.019s] copying transformation/tf_publisher.py -> /home/mtrn/lab4-main/lab4-main/build/transformation/build/lib/transformation
[1.019s] copying transformation/__init__.py -> /home/mtrn/lab4-main/lab4-main/build/transformation/build/lib/transformation
[1.019s] copying transformation/tf_main.py -> /home/mtrn/lab4-main/lab4-main/build/transformation/build/lib/transformation
[1.019s] running install
[1.019s] /usr/lib/python3/dist-packages/setuptools/command/install.py:34: SetuptoolsDeprecationWarning: setup.py install is deprecated. Use build and pip and other standards-based tools.
[1.019s]   warnings.warn(
[1.019s] running install_lib
[1.021s] creating /home/mtrn/lab4-main/lab4-main/install/transformation/lib/python3.10/site-packages/transformation
[1.021s] copying /home/mtrn/lab4-main/lab4-main/build/transformation/build/lib/transformation/tf_subscriber.py -> /home/mtrn/lab4-main/lab4-main/install/transformation/lib/python3.10/site-packages/transformation
[1.021s] copying /home/mtrn/lab4-main/lab4-main/build/transformation/build/lib/transformation/tf_utils.py -> /home/mtrn/lab4-main/lab4-main/install/transformation/lib/python3.10/site-packages/transformation
[1.021s] copying /home/mtrn/lab4-main/lab4-main/build/transformation/build/lib/transformation/tf_publisher.py -> /home/mtrn/lab4-main/lab4-main/install/transformation/lib/python3.10/site-packages/transformation
[1.021s] copying /home/mtrn/lab4-main/lab4-main/build/transformation/build/lib/transformation/__init__.py -> /home/mtrn/lab4-main/lab4-main/install/transformation/lib/python3.10/site-packages/transformation
[1.021s] copying /home/mtrn/lab4-main/lab4-main/build/transformation/build/lib/transformation/tf_main.py -> /home/mtrn/lab4-main/lab4-main/install/transformation/lib/python3.10/site-packages/transformation
[1.022s] byte-compiling /home/mtrn/lab4-main/lab4-main/install/transformation/lib/python3.10/site-packages/transformation/tf_subscriber.py to tf_subscriber.cpython-310.pyc
[1.022s] byte-compiling /home/mtrn/lab4-main/lab4-main/install/transformation/lib/python3.10/site-packages/transformation/tf_utils.py to tf_utils.cpython-310.pyc
[1.023s] byte-compiling /home/mtrn/lab4-main/lab4-main/install/transformation/lib/python3.10/site-packages/transformation/tf_publisher.py to tf_publisher.cpython-310.pyc
[1.023s] byte-compiling /home/mtrn/lab4-main/lab4-main/install/transformation/lib/python3.10/site-packages/transformation/__init__.py to __init__.cpython-310.pyc
[1.023s] byte-compiling /home/mtrn/lab4-main/lab4-main/install/transformation/lib/python3.10/site-packages/transformation/tf_main.py to tf_main.cpython-310.pyc
[1.024s] running install_data
[1.024s] creating /home/mtrn/lab4-main/lab4-main/install/transformation/share/ament_index
[1.024s] creating /home/mtrn/lab4-main/lab4-main/install/transformation/share/ament_index/resource_index
[1.024s] creating /home/mtrn/lab4-main/lab4-main/install/transformation/share/ament_index/resource_index/packages
[1.024s] copying resource/transformation -> /home/mtrn/lab4-main/lab4-main/install/transformation/share/ament_index/resource_index/packages
[1.025s] copying package.xml -> /home/mtrn/lab4-main/lab4-main/install/transformation/share/transformation
[1.025s] running install_egg_info
[1.040s] Copying ../../build/transformation/transformation.egg-info to /home/mtrn/lab4-main/lab4-main/install/transformation/lib/python3.10/site-packages/transformation-0.0.0-py3.10.egg-info
[1.040s] running install_scripts
[1.065s] Installing main script to /home/mtrn/lab4-main/lab4-main/install/transformation/lib/transformation
[1.065s] writing list of installed files to '/home/mtrn/lab4-main/lab4-main/build/transformation/install.log'
[1.102s] Invoked command in '/home/mtrn/lab4-main/lab4-main/src/transformation' returned '0': PYTHONPATH=/home/mtrn/lab4-main/lab4-main/build/transformation/prefix_override:/home/mtrn/lab4-main/lab4-main/install/transformation/lib/python3.10/site-packages:${PYTHONPATH} /usr/bin/python3 setup.py egg_info --egg-base ../../build/transformation build --build-base /home/mtrn/lab4-main/lab4-main/build/transformation/build install --record /home/mtrn/lab4-main/lab4-main/build/transformation/install.log --single-version-externally-managed
