[0.439s] DEBUG:colcon:Command line arguments: ['/usr/bin/colcon', 'build', '--packages-select', 'blue_detector']
[0.439s] DEBUG:colcon:Parsed command line arguments: Namespace(log_base=None, log_level=None, verb_name='build', build_base='build', install_base='install', merge_install=False, symlink_install=False, test_result_base=None, continue_on_error=False, executor='parallel', parallel_workers=4, event_handlers=None, ignore_user_meta=False, metas=['./colcon.meta'], base_paths=['.'], packages_ignore=None, packages_ignore_regex=None, paths=None, packages_up_to=None, packages_up_to_regex=None, packages_above=None, packages_above_and_dependencies=None, packages_above_depth=None, packages_select_by_dep=None, packages_skip_by_dep=None, packages_skip_up_to=None, packages_select_build_failed=False, packages_skip_build_finished=False, packages_select_test_failures=False, packages_skip_test_passed=False, packages_select=['blue_detector'], packages_skip=None, packages_select_regex=None, packages_skip_regex=None, packages_start=None, packages_end=None, allow_overriding=[], cmake_args=None, cmake_target=None, cmake_target_skip_unavailable=False, cmake_clean_cache=False, cmake_clean_first=False, cmake_force_configure=False, ament_cmake_args=None, catkin_cmake_args=None, catkin_skip_building_tests=False, mixin_files=None, mixin=None, verb_parser=<colcon_mixin.mixin.mixin_argument.MixinArgumentDecorator object at 0x786fe88b2aa0>, verb_extension=<colcon_core.verb.build.BuildVerb object at 0x786fe8c128f0>, main=<bound method BuildVerb.main of <colcon_core.verb.build.BuildVerb object at 0x786fe8c128f0>>, mixin_verb=('build',))
[0.469s] Level 1:colcon.colcon_core.package_discovery:discover_packages(colcon_meta) check parameters
[0.469s] Level 1:colcon.colcon_core.package_discovery:discover_packages(recursive) check parameters
[0.469s] Level 1:colcon.colcon_core.package_discovery:discover_packages(ignore) check parameters
[0.469s] Level 1:colcon.colcon_core.package_discovery:discover_packages(path) check parameters
[0.469s] Level 1:colcon.colcon_core.package_discovery:discover_packages(colcon_meta) discover
[0.470s] Level 1:colcon.colcon_core.package_discovery:discover_packages(recursive) discover
[0.470s] INFO:colcon.colcon_core.package_discovery:Crawling recursively for packages in '/home/mtrn/ros2_ws'
[0.470s] Level 1:colcon.colcon_core.package_identification:_identify(.) by extensions ['ignore', 'ignore_ament_install']
[0.470s] Level 1:colcon.colcon_core.package_identification:_identify(.) by extension 'ignore'
[0.470s] Level 1:colcon.colcon_core.package_identification:_identify(.) by extension 'ignore_ament_install'
[0.470s] Level 1:colcon.colcon_core.package_identification:_identify(.) by extensions ['colcon_pkg']
[0.470s] Level 1:colcon.colcon_core.package_identification:_identify(.) by extension 'colcon_pkg'
[0.470s] Level 1:colcon.colcon_core.package_identification:_identify(.) by extensions ['colcon_meta']
[0.470s] Level 1:colcon.colcon_core.package_identification:_identify(.) by extension 'colcon_meta'
[0.470s] Level 1:colcon.colcon_core.package_identification:_identify(.) by extensions ['ros']
[0.470s] Level 1:colcon.colcon_core.package_identification:_identify(.) by extension 'ros'
[0.480s] Level 1:colcon.colcon_core.package_identification:_identify(.) by extensions ['cmake', 'python']
[0.480s] Level 1:colcon.colcon_core.package_identification:_identify(.) by extension 'cmake'
[0.480s] Level 1:colcon.colcon_core.package_identification:_identify(.) by extension 'python'
[0.480s] Level 1:colcon.colcon_core.package_identification:_identify(.) by extensions ['python_setup_py']
[0.480s] Level 1:colcon.colcon_core.package_identification:_identify(.) by extension 'python_setup_py'
[0.480s] Level 1:colcon.colcon_core.package_identification:_identify(build) by extensions ['ignore', 'ignore_ament_install']
[0.480s] Level 1:colcon.colcon_core.package_identification:_identify(build) by extension 'ignore'
[0.480s] Level 1:colcon.colcon_core.package_identification:_identify(build) ignored
[0.480s] Level 1:colcon.colcon_core.package_identification:_identify(install) by extensions ['ignore', 'ignore_ament_install']
[0.480s] Level 1:colcon.colcon_core.package_identification:_identify(install) by extension 'ignore'
[0.480s] Level 1:colcon.colcon_core.package_identification:_identify(install) ignored
[0.480s] Level 1:colcon.colcon_core.package_identification:_identify(log) by extensions ['ignore', 'ignore_ament_install']
[0.480s] Level 1:colcon.colcon_core.package_identification:_identify(log) by extension 'ignore'
[0.480s] Level 1:colcon.colcon_core.package_identification:_identify(log) ignored
[0.481s] Level 1:colcon.colcon_core.package_identification:_identify(src) by extensions ['ignore', 'ignore_ament_install']
[0.481s] Level 1:colcon.colcon_core.package_identification:_identify(src) by extension 'ignore'
[0.481s] Level 1:colcon.colcon_core.package_identification:_identify(src) by extension 'ignore_ament_install'
[0.481s] Level 1:colcon.colcon_core.package_identification:_identify(src) by extensions ['colcon_pkg']
[0.481s] Level 1:colcon.colcon_core.package_identification:_identify(src) by extension 'colcon_pkg'
[0.481s] Level 1:colcon.colcon_core.package_identification:_identify(src) by extensions ['colcon_meta']
[0.481s] Level 1:colcon.colcon_core.package_identification:_identify(src) by extension 'colcon_meta'
[0.481s] Level 1:colcon.colcon_core.package_identification:_identify(src) by extensions ['ros']
[0.481s] Level 1:colcon.colcon_core.package_identification:_identify(src) by extension 'ros'
[0.481s] Level 1:colcon.colcon_core.package_identification:_identify(src) by extensions ['cmake', 'python']
[0.481s] Level 1:colcon.colcon_core.package_identification:_identify(src) by extension 'cmake'
[0.481s] Level 1:colcon.colcon_core.package_identification:_identify(src) by extension 'python'
[0.481s] Level 1:colcon.colcon_core.package_identification:_identify(src) by extensions ['python_setup_py']
[0.481s] Level 1:colcon.colcon_core.package_identification:_identify(src) by extension 'python_setup_py'
[0.481s] Level 1:colcon.colcon_core.package_identification:_identify(src/blue_detector) by extensions ['ignore', 'ignore_ament_install']
[0.481s] Level 1:colcon.colcon_core.package_identification:_identify(src/blue_detector) by extension 'ignore'
[0.481s] Level 1:colcon.colcon_core.package_identification:_identify(src/blue_detector) by extension 'ignore_ament_install'
[0.481s] Level 1:colcon.colcon_core.package_identification:_identify(src/blue_detector) by extensions ['colcon_pkg']
[0.481s] Level 1:colcon.colcon_core.package_identification:_identify(src/blue_detector) by extension 'colcon_pkg'
[0.481s] Level 1:colcon.colcon_core.package_identification:_identify(src/blue_detector) by extensions ['colcon_meta']
[0.481s] Level 1:colcon.colcon_core.package_identification:_identify(src/blue_detector) by extension 'colcon_meta'
[0.481s] Level 1:colcon.colcon_core.package_identification:_identify(src/blue_detector) by extensions ['ros']
[0.481s] Level 1:colcon.colcon_core.package_identification:_identify(src/blue_detector) by extension 'ros'
[0.489s] DEBUG:colcon.colcon_core.package_identification:Package 'src/blue_detector' with type 'ros.ament_python' and name 'blue_detector'
[0.489s] Level 1:colcon.colcon_core.package_identification:_identify(src/build) by extensions ['ignore', 'ignore_ament_install']
[0.489s] Level 1:colcon.colcon_core.package_identification:_identify(src/build) by extension 'ignore'
[0.489s] Level 1:colcon.colcon_core.package_identification:_identify(src/build) ignored
[0.489s] Level 1:colcon.colcon_core.package_identification:_identify(src/install) by extensions ['ignore', 'ignore_ament_install']
[0.489s] Level 1:colcon.colcon_core.package_identification:_identify(src/install) by extension 'ignore'
[0.489s] Level 1:colcon.colcon_core.package_identification:_identify(src/install) ignored
[0.489s] Level 1:colcon.colcon_core.package_identification:_identify(src/interface) by extensions ['ignore', 'ignore_ament_install']
[0.489s] Level 1:colcon.colcon_core.package_identification:_identify(src/interface) by extension 'ignore'
[0.489s] Level 1:colcon.colcon_core.package_identification:_identify(src/interface) by extension 'ignore_ament_install'
[0.489s] Level 1:colcon.colcon_core.package_identification:_identify(src/interface) by extensions ['colcon_pkg']
[0.490s] Level 1:colcon.colcon_core.package_identification:_identify(src/interface) by extension 'colcon_pkg'
[0.490s] Level 1:colcon.colcon_core.package_identification:_identify(src/interface) by extensions ['colcon_meta']
[0.490s] Level 1:colcon.colcon_core.package_identification:_identify(src/interface) by extension 'colcon_meta'
[0.490s] Level 1:colcon.colcon_core.package_identification:_identify(src/interface) by extensions ['ros']
[0.490s] Level 1:colcon.colcon_core.package_identification:_identify(src/interface) by extension 'ros'
[0.490s] DEBUG:colcon.colcon_core.package_identification:Package 'src/interface' with type 'ros.ament_cmake' and name 'interface'
[0.490s] Level 1:colcon.colcon_core.package_identification:_identify(src/log) by extensions ['ignore', 'ignore_ament_install']
[0.490s] Level 1:colcon.colcon_core.package_identification:_identify(src/log) by extension 'ignore'
[0.490s] Level 1:colcon.colcon_core.package_identification:_identify(src/log) ignored
[0.490s] Level 1:colcon.colcon_core.package_discovery:discover_packages(recursive) using defaults
[0.490s] Level 1:colcon.colcon_core.package_discovery:discover_packages(ignore) discover
[0.491s] Level 1:colcon.colcon_core.package_discovery:discover_packages(ignore) using defaults
[0.491s] Level 1:colcon.colcon_core.package_discovery:discover_packages(path) discover
[0.491s] Level 1:colcon.colcon_core.package_discovery:discover_packages(path) using defaults
[0.551s] INFO:colcon.colcon_core.package_selection:Skipping not selected package 'interface' in 'src/interface'
[0.552s] Level 1:colcon.colcon_core.package_discovery:discover_packages(prefix_path) check parameters
[0.552s] Level 1:colcon.colcon_core.package_discovery:discover_packages(prefix_path) discover
[0.553s] WARNING:colcon.colcon_core.prefix_path.colcon:The path '/home/mtrn/ros2_ws/src/blue_detector_msgs/install' in the environment variable COLCON_PREFIX_PATH doesn't exist
[0.553s] WARNING:colcon.colcon_ros.prefix_path.ament:The path '/home/mtrn/ros2_ws/install/blue_detector' in the environment variable AMENT_PREFIX_PATH doesn't exist
[0.553s] WARNING:colcon.colcon_ros.prefix_path.ament:The path '/home/mtrn/ros2_ws/src/blue_detector_msgs/install/interface' in the environment variable AMENT_PREFIX_PATH doesn't exist
[0.555s] WARNING:colcon.colcon_ros.prefix_path.catkin:The path '/home/mtrn/ros2_ws/src/blue_detector_msgs/install/interface' in the environment variable CMAKE_PREFIX_PATH doesn't exist
[0.555s] WARNING:colcon.colcon_ros.prefix_path.catkin:The path '/home/mtrn/ros2_ws/src/blue_detector_msgs/install/blue_detector_msgs' in the environment variable CMAKE_PREFIX_PATH doesn't exist
[0.557s] DEBUG:colcon.colcon_installed_package_information.package_discovery:Found 1 installed packages in /home/mtrn/ros2_ws/install
[0.559s] DEBUG:colcon.colcon_installed_package_information.package_discovery:Found 2 installed packages in /home/mtrn/ros2_ws/src/interface/install
[0.560s] DEBUG:colcon.colcon_installed_package_information.package_discovery:Found 2 installed packages in /home/mtrn/ros2_ws/src/install
[0.562s] DEBUG:colcon.colcon_installed_package_information.package_discovery:Found 7 installed packages in /home/mtrn/4231/ros_ur_driver/install
[0.566s] DEBUG:colcon.colcon_installed_package_information.package_discovery:Found 55 installed packages in /home/mtrn/4231/ws_moveit2/install
[0.569s] DEBUG:colcon.colcon_installed_package_information.package_discovery:Found 345 installed packages in /opt/ros/humble
[0.571s] Level 1:colcon.colcon_core.package_discovery:discover_packages(prefix_path) using defaults
[0.653s] Level 5:colcon.colcon_core.verb:set package 'blue_detector' build argument 'cmake_args' from command line to 'None'
[0.653s] Level 5:colcon.colcon_core.verb:set package 'blue_detector' build argument 'cmake_target' from command line to 'None'
[0.653s] Level 5:colcon.colcon_core.verb:set package 'blue_detector' build argument 'cmake_target_skip_unavailable' from command line to 'False'
[0.653s] Level 5:colcon.colcon_core.verb:set package 'blue_detector' build argument 'cmake_clean_cache' from command line to 'False'
[0.653s] Level 5:colcon.colcon_core.verb:set package 'blue_detector' build argument 'cmake_clean_first' from command line to 'False'
[0.654s] Level 5:colcon.colcon_core.verb:set package 'blue_detector' build argument 'cmake_force_configure' from command line to 'False'
[0.654s] Level 5:colcon.colcon_core.verb:set package 'blue_detector' build argument 'ament_cmake_args' from command line to 'None'
[0.654s] Level 5:colcon.colcon_core.verb:set package 'blue_detector' build argument 'catkin_cmake_args' from command line to 'None'
[0.654s] Level 5:colcon.colcon_core.verb:set package 'blue_detector' build argument 'catkin_skip_building_tests' from command line to 'False'
[0.654s] DEBUG:colcon.colcon_core.verb:Building package 'blue_detector' with the following arguments: {'ament_cmake_args': None, 'build_base': '/home/mtrn/ros2_ws/build/blue_detector', 'catkin_cmake_args': None, 'catkin_skip_building_tests': False, 'cmake_args': None, 'cmake_clean_cache': False, 'cmake_clean_first': False, 'cmake_force_configure': False, 'cmake_target': None, 'cmake_target_skip_unavailable': False, 'install_base': '/home/mtrn/ros2_ws/install/blue_detector', 'merge_install': False, 'path': '/home/mtrn/ros2_ws/src/blue_detector', 'symlink_install': False, 'test_result_base': None}
[0.655s] INFO:colcon.colcon_core.executor:Executing jobs using 'parallel' executor
[0.666s] DEBUG:colcon.colcon_parallel_executor.executor.parallel:run_until_complete
[0.667s] INFO:colcon.colcon_ros.task.ament_python.build:Building ROS package in '/home/mtrn/ros2_ws/src/blue_detector' with build type 'ament_python'
[0.667s] Level 1:colcon.colcon_core.shell:create_environment_hook('blue_detector', 'ament_prefix_path')
[0.685s] INFO:colcon.colcon_core.plugin_system:Skipping extension 'colcon_core.shell.bat': Not used on non-Windows systems
[0.685s] INFO:colcon.colcon_core.shell:Creating environment hook '/home/mtrn/ros2_ws/install/blue_detector/share/blue_detector/hook/ament_prefix_path.ps1'
[0.689s] INFO:colcon.colcon_core.shell:Creating environment descriptor '/home/mtrn/ros2_ws/install/blue_detector/share/blue_detector/hook/ament_prefix_path.dsv'
[0.689s] INFO:colcon.colcon_core.shell:Creating environment hook '/home/mtrn/ros2_ws/install/blue_detector/share/blue_detector/hook/ament_prefix_path.sh'
[0.701s] INFO:colcon.colcon_core.shell:Skip shell extension 'powershell' for command environment: Not usable outside of PowerShell
[0.701s] DEBUG:colcon.colcon_core.shell:Skip shell extension 'dsv' for command environment
[1.058s] INFO:colcon.colcon_core.task.python.build:Building Python package in '/home/mtrn/ros2_ws/src/blue_detector'
[1.060s] INFO:colcon.colcon_core.shell:Skip shell extension 'powershell' for command environment: Not usable outside of PowerShell
[1.060s] DEBUG:colcon.colcon_core.shell:Skip shell extension 'dsv' for command environment
[1.559s] DEBUG:colcon.colcon_core.event_handler.log_command:Invoking command in '/home/mtrn/ros2_ws/src/blue_detector': PYTHONPATH=/home/mtrn/ros2_ws/build/blue_detector/prefix_override:/home/mtrn/ros2_ws/install/blue_detector/lib/python3.10/site-packages:${PYTHONPATH} /usr/bin/python3 setup.py egg_info --egg-base ../../build/blue_detector build --build-base /home/mtrn/ros2_ws/build/blue_detector/build install --record /home/mtrn/ros2_ws/build/blue_detector/install.log --single-version-externally-managed
[1.961s] DEBUG:colcon.colcon_core.event_handler.log_command:Invoked command in '/home/mtrn/ros2_ws/src/blue_detector' returned '0': PYTHONPATH=/home/mtrn/ros2_ws/build/blue_detector/prefix_override:/home/mtrn/ros2_ws/install/blue_detector/lib/python3.10/site-packages:${PYTHONPATH} /usr/bin/python3 setup.py egg_info --egg-base ../../build/blue_detector build --build-base /home/mtrn/ros2_ws/build/blue_detector/build install --record /home/mtrn/ros2_ws/build/blue_detector/install.log --single-version-externally-managed
[1.976s] Level 1:colcon.colcon_core.environment:checking '/home/mtrn/ros2_ws/install/blue_detector' for CMake module files
[1.977s] Level 1:colcon.colcon_core.environment:checking '/home/mtrn/ros2_ws/install/blue_detector' for CMake config files
[1.978s] Level 1:colcon.colcon_core.environment:checking '/home/mtrn/ros2_ws/install/blue_detector/lib'
[1.982s] Level 1:colcon.colcon_core.environment:checking '/home/mtrn/ros2_ws/install/blue_detector/bin'
[1.982s] Level 1:colcon.colcon_core.environment:checking '/home/mtrn/ros2_ws/install/blue_detector/lib/pkgconfig/blue_detector.pc'
[1.982s] Level 1:colcon.colcon_core.environment:checking '/home/mtrn/ros2_ws/install/blue_detector/lib/python3.10/site-packages'
[1.982s] Level 1:colcon.colcon_core.shell:create_environment_hook('blue_detector', 'pythonpath')
[1.986s] INFO:colcon.colcon_core.shell:Creating environment hook '/home/mtrn/ros2_ws/install/blue_detector/share/blue_detector/hook/pythonpath.ps1'
[1.986s] INFO:colcon.colcon_core.shell:Creating environment descriptor '/home/mtrn/ros2_ws/install/blue_detector/share/blue_detector/hook/pythonpath.dsv'
[1.986s] INFO:colcon.colcon_core.shell:Creating environment hook '/home/mtrn/ros2_ws/install/blue_detector/share/blue_detector/hook/pythonpath.sh'
[1.987s] Level 1:colcon.colcon_core.environment:checking '/home/mtrn/ros2_ws/install/blue_detector/bin'
[1.987s] Level 1:colcon.colcon_core.environment:create_environment_scripts_only(blue_detector)
[1.990s] INFO:colcon.colcon_core.shell:Creating package script '/home/mtrn/ros2_ws/install/blue_detector/share/blue_detector/package.ps1'
[1.991s] INFO:colcon.colcon_core.shell:Creating package descriptor '/home/mtrn/ros2_ws/install/blue_detector/share/blue_detector/package.dsv'
[1.991s] INFO:colcon.colcon_core.shell:Creating package script '/home/mtrn/ros2_ws/install/blue_detector/share/blue_detector/package.sh'
[1.992s] INFO:colcon.colcon_core.shell:Creating package script '/home/mtrn/ros2_ws/install/blue_detector/share/blue_detector/package.bash'
[1.993s] INFO:colcon.colcon_core.shell:Creating package script '/home/mtrn/ros2_ws/install/blue_detector/share/blue_detector/package.zsh'
[1.993s] Level 1:colcon.colcon_core.environment:create_file_with_runtime_dependencies(/home/mtrn/ros2_ws/install/blue_detector/share/colcon-core/packages/blue_detector)
[1.994s] DEBUG:colcon.colcon_parallel_executor.executor.parallel:closing loop
[1.994s] DEBUG:colcon.colcon_parallel_executor.executor.parallel:loop closed
[1.994s] DEBUG:colcon.colcon_parallel_executor.executor.parallel:run_until_complete finished with '0'
[1.994s] DEBUG:colcon.colcon_core.event_reactor:joining thread
[2.000s] INFO:colcon.colcon_core.plugin_system:Skipping extension 'colcon_notification.desktop_notification.terminal_notifier': Not used on non-Darwin systems
[2.000s] INFO:colcon.colcon_core.plugin_system:Skipping extension 'colcon_notification.desktop_notification.win32': Not used on non-Windows systems
[2.000s] INFO:colcon.colcon_notification.desktop_notification:Sending desktop notification using 'notify2'
[2.015s] DEBUG:colcon.colcon_core.event_reactor:joined thread
[2.018s] INFO:colcon.colcon_core.shell:Creating prefix script '/home/mtrn/ros2_ws/install/local_setup.ps1'
[2.019s] INFO:colcon.colcon_core.shell:Creating prefix util module '/home/mtrn/ros2_ws/install/_local_setup_util_ps1.py'
[2.021s] INFO:colcon.colcon_core.shell:Creating prefix chain script '/home/mtrn/ros2_ws/install/setup.ps1'
[2.026s] INFO:colcon.colcon_core.shell:Creating prefix script '/home/mtrn/ros2_ws/install/local_setup.sh'
[2.026s] INFO:colcon.colcon_core.shell:Creating prefix util module '/home/mtrn/ros2_ws/install/_local_setup_util_sh.py'
[2.027s] INFO:colcon.colcon_core.shell:Creating prefix chain script '/home/mtrn/ros2_ws/install/setup.sh'
[2.033s] INFO:colcon.colcon_core.shell:Creating prefix script '/home/mtrn/ros2_ws/install/local_setup.bash'
[2.033s] INFO:colcon.colcon_core.shell:Creating prefix chain script '/home/mtrn/ros2_ws/install/setup.bash'
[2.038s] INFO:colcon.colcon_core.shell:Creating prefix script '/home/mtrn/ros2_ws/install/local_setup.zsh'
[2.038s] INFO:colcon.colcon_core.shell:Creating prefix chain script '/home/mtrn/ros2_ws/install/setup.zsh'
