[0.830s] Invoking command in '/home/mtrn/ros2_ws/src/blue_detector': CMAKE_PREFIX_PATH=/home/mtrn/ros2_ws/src/install/blue_detector_msgs:${CMAKE_PREFIX_PATH} LD_LIBRARY_PATH=/home/mtrn/ros2_ws/src/install/blue_detector_msgs/lib:${LD_LIBRARY_PATH} PKG_CONFIG_PATH=/home/mtrn/ros2_ws/src/install/blue_detector_msgs/lib/x86_64-linux-gnu/pkgconfig:/home/mtrn/ros2_ws/src/install/blue_detector_msgs/lib/pkgconfig:${PKG_CONFIG_PATH} PYTHONPATH=/home/mtrn/ros2_ws/src/build/blue_detector/prefix_override:/home/mtrn/ros2_ws/src/install/blue_detector/lib/python3.10/site-packages:/home/mtrn/ros2_ws/src/install/blue_detector_msgs/local/lib/python3.10/dist-packages:${PYTHONPATH} ROS_PACKAGE_PATH=/home/mtrn/ros2_ws/src/install/blue_detector_msgs/share:${ROS_PACKAGE_PATH} /usr/bin/python3 setup.py egg_info --egg-base ../build/blue_detector build --build-base /home/mtrn/ros2_ws/src/build/blue_detector/build install --record /home/mtrn/ros2_ws/src/build/blue_detector/install.log --single-version-externally-managed
[1.052s] running egg_info
[1.053s] writing ../build/blue_detector/blue_detector.egg-info/PKG-INFO
[1.053s] writing dependency_links to ../build/blue_detector/blue_detector.egg-info/dependency_links.txt
[1.053s] writing entry points to ../build/blue_detector/blue_detector.egg-info/entry_points.txt
[1.053s] writing requirements to ../build/blue_detector/blue_detector.egg-info/requires.txt
[1.053s] writing top-level names to ../build/blue_detector/blue_detector.egg-info/top_level.txt
[1.056s] reading manifest file '../build/blue_detector/blue_detector.egg-info/SOURCES.txt'
[1.057s] writing manifest file '../build/blue_detector/blue_detector.egg-info/SOURCES.txt'
[1.057s] running build
[1.057s] running build_py
[1.058s] copying blue_detector/testing.py -> /home/mtrn/ros2_ws/src/build/blue_detector/build/lib/blue_detector
[1.058s] copying blue_detector/tf_utils.py -> /home/mtrn/ros2_ws/src/build/blue_detector/build/lib/blue_detector
[1.058s] copying blue_detector/testnode.py -> /home/mtrn/ros2_ws/src/build/blue_detector/build/lib/blue_detector
[1.058s] copying blue_detector/ros2commands.py -> /home/mtrn/ros2_ws/src/build/blue_detector/build/lib/blue_detector
[1.058s] copying blue_detector/ros2node.py -> /home/mtrn/ros2_ws/src/build/blue_detector/build/lib/blue_detector
[1.058s] copying blue_detector/__init__.py -> /home/mtrn/ros2_ws/src/build/blue_detector/build/lib/blue_detector
[1.058s] running install
[1.059s] running install_lib
[1.060s] copying /home/mtrn/ros2_ws/src/build/blue_detector/build/lib/blue_detector/testing.py -> /home/mtrn/ros2_ws/src/install/blue_detector/lib/python3.10/site-packages/blue_detector
[1.060s] /usr/lib/python3/dist-packages/setuptools/command/install.py:34: SetuptoolsDeprecationWarning: setup.py install is deprecated. Use build and pip and other standards-based tools.
[1.060s]   warnings.warn(
[1.060s] copying /home/mtrn/ros2_ws/src/build/blue_detector/build/lib/blue_detector/tf_utils.py -> /home/mtrn/ros2_ws/src/install/blue_detector/lib/python3.10/site-packages/blue_detector
[1.060s] copying /home/mtrn/ros2_ws/src/build/blue_detector/build/lib/blue_detector/testnode.py -> /home/mtrn/ros2_ws/src/install/blue_detector/lib/python3.10/site-packages/blue_detector
[1.060s] copying /home/mtrn/ros2_ws/src/build/blue_detector/build/lib/blue_detector/ros2commands.py -> /home/mtrn/ros2_ws/src/install/blue_detector/lib/python3.10/site-packages/blue_detector
[1.060s] copying /home/mtrn/ros2_ws/src/build/blue_detector/build/lib/blue_detector/ros2node.py -> /home/mtrn/ros2_ws/src/install/blue_detector/lib/python3.10/site-packages/blue_detector
[1.060s] copying /home/mtrn/ros2_ws/src/build/blue_detector/build/lib/blue_detector/__init__.py -> /home/mtrn/ros2_ws/src/install/blue_detector/lib/python3.10/site-packages/blue_detector
[1.061s] byte-compiling /home/mtrn/ros2_ws/src/install/blue_detector/lib/python3.10/site-packages/blue_detector/testing.py to testing.cpython-310.pyc
[1.062s] byte-compiling /home/mtrn/ros2_ws/src/install/blue_detector/lib/python3.10/site-packages/blue_detector/tf_utils.py to tf_utils.cpython-310.pyc
[1.063s] byte-compiling /home/mtrn/ros2_ws/src/install/blue_detector/lib/python3.10/site-packages/blue_detector/testnode.py to testnode.cpython-310.pyc
[1.063s] byte-compiling /home/mtrn/ros2_ws/src/install/blue_detector/lib/python3.10/site-packages/blue_detector/ros2commands.py to ros2commands.cpython-310.pyc
[1.063s] byte-compiling /home/mtrn/ros2_ws/src/install/blue_detector/lib/python3.10/site-packages/blue_detector/ros2node.py to ros2node.cpython-310.pyc
[1.064s] byte-compiling /home/mtrn/ros2_ws/src/install/blue_detector/lib/python3.10/site-packages/blue_detector/__init__.py to __init__.cpython-310.pyc
[1.064s] running install_data
[1.065s] copying package.xml -> /home/mtrn/ros2_ws/src/install/blue_detector/share/blue_detector
[1.065s] creating /home/mtrn/ros2_ws/src/install/blue_detector/share/blue_detector/launch
[1.065s] creating /home/mtrn/ros2_ws/src/install/blue_detector/share/blue_detector/msg
[1.065s] running install_egg_info
[1.079s] removing '/home/mtrn/ros2_ws/src/install/blue_detector/lib/python3.10/site-packages/blue_detector-0.0.0-py3.10.egg-info' (and everything under it)
[1.081s] Copying ../build/blue_detector/blue_detector.egg-info to /home/mtrn/ros2_ws/src/install/blue_detector/lib/python3.10/site-packages/blue_detector-0.0.0-py3.10.egg-info
[1.082s] running install_scripts
[1.106s] Installing blue_detection_node script to /home/mtrn/ros2_ws/src/install/blue_detector/lib/blue_detector
[1.106s] Installing coords script to /home/mtrn/ros2_ws/src/install/blue_detector/lib/blue_detector
[1.106s] Installing image_convert script to /home/mtrn/ros2_ws/src/install/blue_detector/lib/blue_detector
[1.106s] writing list of installed files to '/home/mtrn/ros2_ws/src/build/blue_detector/install.log'
[1.131s] Invoked command in '/home/mtrn/ros2_ws/src/blue_detector' returned '0': CMAKE_PREFIX_PATH=/home/mtrn/ros2_ws/src/install/blue_detector_msgs:${CMAKE_PREFIX_PATH} LD_LIBRARY_PATH=/home/mtrn/ros2_ws/src/install/blue_detector_msgs/lib:${LD_LIBRARY_PATH} PKG_CONFIG_PATH=/home/mtrn/ros2_ws/src/install/blue_detector_msgs/lib/x86_64-linux-gnu/pkgconfig:/home/mtrn/ros2_ws/src/install/blue_detector_msgs/lib/pkgconfig:${PKG_CONFIG_PATH} PYTHONPATH=/home/mtrn/ros2_ws/src/build/blue_detector/prefix_override:/home/mtrn/ros2_ws/src/install/blue_detector/lib/python3.10/site-packages:/home/mtrn/ros2_ws/src/install/blue_detector_msgs/local/lib/python3.10/dist-packages:${PYTHONPATH} ROS_PACKAGE_PATH=/home/mtrn/ros2_ws/src/install/blue_detector_msgs/share:${ROS_PACKAGE_PATH} /usr/bin/python3 setup.py egg_info --egg-base ../build/blue_detector build --build-base /home/mtrn/ros2_ws/src/build/blue_detector/build install --record /home/mtrn/ros2_ws/src/build/blue_detector/install.log --single-version-externally-managed
