[0.744s] Invoking command in '/home/mtrn/ros2_ws/src/blue_detector': PYTHONPATH=/home/mtrn/ros2_ws/build/blue_detector/prefix_override:/home/mtrn/ros2_ws/install/blue_detector/lib/python3.10/site-packages:${PYTHONPATH} /usr/bin/python3 setup.py egg_info --egg-base ../../build/blue_detector build --build-base /home/mtrn/ros2_ws/build/blue_detector/build install --record /home/mtrn/ros2_ws/build/blue_detector/install.log --single-version-externally-managed
[1.003s] running egg_info
[1.003s] writing ../../build/blue_detector/blue_detector.egg-info/PKG-INFO
[1.004s] writing dependency_links to ../../build/blue_detector/blue_detector.egg-info/dependency_links.txt
[1.005s] writing entry points to ../../build/blue_detector/blue_detector.egg-info/entry_points.txt
[1.005s] writing requirements to ../../build/blue_detector/blue_detector.egg-info/requires.txt
[1.005s] writing top-level names to ../../build/blue_detector/blue_detector.egg-info/top_level.txt
[1.007s] reading manifest file '../../build/blue_detector/blue_detector.egg-info/SOURCES.txt'
[1.011s] writing manifest file '../../build/blue_detector/blue_detector.egg-info/SOURCES.txt'
[1.011s] running build
[1.011s] running build_py
[1.011s] running install
[1.011s] running install_lib
[1.011s] running install_data
[1.011s] running install_egg_info
[1.011s] /usr/lib/python3/dist-packages/setuptools/command/install.py:34: SetuptoolsDeprecationWarning: setup.py install is deprecated. Use build and pip and other standards-based tools.
[1.011s]   warnings.warn(
[1.025s] removing '/home/mtrn/ros2_ws/install/blue_detector/lib/python3.10/site-packages/blue_detector-0.0.0-py3.10.egg-info' (and everything under it)
[1.026s] Copying ../../build/blue_detector/blue_detector.egg-info to /home/mtrn/ros2_ws/install/blue_detector/lib/python3.10/site-packages/blue_detector-0.0.0-py3.10.egg-info
[1.026s] running install_scripts
[1.053s] Installing blue_detector_node script to /home/mtrn/ros2_ws/install/blue_detector/lib/my_camera_tools
[1.053s] Installing image_publisher_node script to /home/mtrn/ros2_ws/install/blue_detector/lib/my_camera_tools
[1.053s] writing list of installed files to '/home/mtrn/ros2_ws/build/blue_detector/install.log'
[1.078s] Invoked command in '/home/mtrn/ros2_ws/src/blue_detector' returned '0': PYTHONPATH=/home/mtrn/ros2_ws/build/blue_detector/prefix_override:/home/mtrn/ros2_ws/install/blue_detector/lib/python3.10/site-packages:${PYTHONPATH} /usr/bin/python3 setup.py egg_info --egg-base ../../build/blue_detector build --build-base /home/mtrn/ros2_ws/build/blue_detector/build install --record /home/mtrn/ros2_ws/build/blue_detector/install.log --single-version-externally-managed
