[1.054s] Invoking command in '/home/mtrn/lab4-main/lab4-main/src/transformation': AMENT_PREFIX_PATH=/home/mtrn/lab4-main/lab4-main/install/interface:${AMENT_PREFIX_PATH} CMAKE_PREFIX_PATH=/home/mtrn/lab4-main/lab4-main/install/interface LD_LIBRARY_PATH=/home/mtrn/lab4-main/lab4-main/install/interface/lib:${LD_LIBRARY_PATH} PYTHONPATH=/home/mtrn/lab4-main/lab4-main/build/transformation/prefix_override:/home/mtrn/lab4-main/lab4-main/install/transformation/lib/python3.10/site-packages:/home/mtrn/lab4-main/lab4-main/install/interface/local/lib/python3.10/dist-packages:${PYTHONPATH} /usr/bin/python3 setup.py egg_info --egg-base ../../build/transformation build --build-base /home/mtrn/lab4-main/lab4-main/build/transformation/build install --record /home/mtrn/lab4-main/lab4-main/build/transformation/install.log --single-version-externally-managed
[1.306s] running egg_info
[1.306s] writing ../../build/transformation/transformation.egg-info/PKG-INFO
[1.307s] writing dependency_links to ../../build/transformation/transformation.egg-info/dependency_links.txt
[1.307s] writing entry points to ../../build/transformation/transformation.egg-info/entry_points.txt
[1.307s] writing requirements to ../../build/transformation/transformation.egg-info/requires.txt
[1.307s] writing top-level names to ../../build/transformation/transformation.egg-info/top_level.txt
[1.307s] reading manifest file '../../build/transformation/transformation.egg-info/SOURCES.txt'
[1.307s] writing manifest file '../../build/transformation/transformation.egg-info/SOURCES.txt'
[1.307s] running build
[1.307s] running build_py
[1.309s] running install
[1.309s] /usr/lib/python3/dist-packages/setuptools/command/install.py:34: SetuptoolsDeprecationWarning: setup.py install is deprecated. Use build and pip and other standards-based tools.
[1.310s]   warnings.warn(
[1.310s] running install_lib
[1.311s] running install_data
[1.311s] running install_egg_info
[1.326s] removing '/home/mtrn/lab4-main/lab4-main/install/transformation/lib/python3.10/site-packages/transformation-0.0.0-py3.10.egg-info' (and everything under it)
[1.327s] Copying ../../build/transformation/transformation.egg-info to /home/mtrn/lab4-main/lab4-main/install/transformation/lib/python3.10/site-packages/transformation-0.0.0-py3.10.egg-info
[1.328s] running install_scripts
[1.352s] Installing main script to /home/mtrn/lab4-main/lab4-main/install/transformation/lib/transformation
[1.354s] writing list of installed files to '/home/mtrn/lab4-main/lab4-main/build/transformation/install.log'
[1.409s] Invoked command in '/home/mtrn/lab4-main/lab4-main/src/transformation' returned '0': AMENT_PREFIX_PATH=/home/mtrn/lab4-main/lab4-main/install/interface:${AMENT_PREFIX_PATH} CMAKE_PREFIX_PATH=/home/mtrn/lab4-main/lab4-main/install/interface LD_LIBRARY_PATH=/home/mtrn/lab4-main/lab4-main/install/interface/lib:${LD_LIBRARY_PATH} PYTHONPATH=/home/mtrn/lab4-main/lab4-main/build/transformation/prefix_override:/home/mtrn/lab4-main/lab4-main/install/transformation/lib/python3.10/site-packages:/home/mtrn/lab4-main/lab4-main/install/interface/local/lib/python3.10/dist-packages:${PYTHONPATH} /usr/bin/python3 setup.py egg_info --egg-base ../../build/transformation build --build-base /home/mtrn/lab4-main/lab4-main/build/transformation/build install --record /home/mtrn/lab4-main/lab4-main/build/transformation/install.log --single-version-externally-managed
