[0.416s] DEBUG:colcon:Command line arguments: ['/usr/bin/colcon', 'build', '--packages-select', 'interface']
[0.416s] DEBUG:colcon:Parsed command line arguments: Namespace(log_base=None, log_level=None, verb_name='build', build_base='build', install_base='install', merge_install=False, symlink_install=False, test_result_base=None, continue_on_error=False, executor='parallel', parallel_workers=4, event_handlers=None, ignore_user_meta=False, metas=['./colcon.meta'], base_paths=['.'], packages_ignore=None, packages_ignore_regex=None, paths=None, packages_up_to=None, packages_up_to_regex=None, packages_above=None, packages_above_and_dependencies=None, packages_above_depth=None, packages_select_by_dep=None, packages_skip_by_dep=None, packages_skip_up_to=None, packages_select_build_failed=False, packages_skip_build_finished=False, packages_select_test_failures=False, packages_skip_test_passed=False, packages_select=['interface'], packages_skip=None, packages_select_regex=None, packages_skip_regex=None, packages_start=None, packages_end=None, allow_overriding=[], cmake_args=None, cmake_target=None, cmake_target_skip_unavailable=False, cmake_clean_cache=False, cmake_clean_first=False, cmake_force_configure=False, ament_cmake_args=None, catkin_cmake_args=None, catkin_skip_building_tests=False, mixin_files=None, mixin=None, verb_parser=<colcon_mixin.mixin.mixin_argument.MixinArgumentDecorator object at 0x7b9ba5b2a4a0>, verb_extension=<colcon_core.verb.build.BuildVerb object at 0x7b9ba5c8b460>, main=<bound method BuildVerb.main of <colcon_core.verb.build.BuildVerb object at 0x7b9ba5c8b460>>, mixin_verb=('build',))
[0.479s] Level 1:colcon.colcon_core.package_discovery:discover_packages(colcon_meta) check parameters
[0.479s] Level 1:colcon.colcon_core.package_discovery:discover_packages(recursive) check parameters
[0.479s] Level 1:colcon.colcon_core.package_discovery:discover_packages(ignore) check parameters
[0.479s] Level 1:colcon.colcon_core.package_discovery:discover_packages(path) check parameters
[0.479s] Level 1:colcon.colcon_core.package_discovery:discover_packages(colcon_meta) discover
[0.480s] Level 1:colcon.colcon_core.package_discovery:discover_packages(recursive) discover
[0.480s] INFO:colcon.colcon_core.package_discovery:Crawling recursively for packages in '/home/mtrn/lab4-main/lab4-main'
[0.480s] Level 1:colcon.colcon_core.package_identification:_identify(.) by extensions ['ignore', 'ignore_ament_install']
[0.480s] Level 1:colcon.colcon_core.package_identification:_identify(.) by extension 'ignore'
[0.480s] Level 1:colcon.colcon_core.package_identification:_identify(.) by extension 'ignore_ament_install'
[0.480s] Level 1:colcon.colcon_core.package_identification:_identify(.) by extensions ['colcon_pkg']
[0.480s] Level 1:colcon.colcon_core.package_identification:_identify(.) by extension 'colcon_pkg'
[0.480s] Level 1:colcon.colcon_core.package_identification:_identify(.) by extensions ['colcon_meta']
[0.480s] Level 1:colcon.colcon_core.package_identification:_identify(.) by extension 'colcon_meta'
[0.480s] Level 1:colcon.colcon_core.package_identification:_identify(.) by extensions ['ros']
[0.480s] Level 1:colcon.colcon_core.package_identification:_identify(.) by extension 'ros'
[0.518s] Level 1:colcon.colcon_core.package_identification:_identify(.) by extensions ['cmake', 'python']
[0.518s] Level 1:colcon.colcon_core.package_identification:_identify(.) by extension 'cmake'
[0.518s] Level 1:colcon.colcon_core.package_identification:_identify(.) by extension 'python'
[0.518s] Level 1:colcon.colcon_core.package_identification:_identify(.) by extensions ['python_setup_py']
[0.518s] Level 1:colcon.colcon_core.package_identification:_identify(.) by extension 'python_setup_py'
[0.519s] Level 1:colcon.colcon_core.package_identification:_identify(build) by extensions ['ignore', 'ignore_ament_install']
[0.519s] Level 1:colcon.colcon_core.package_identification:_identify(build) by extension 'ignore'
[0.519s] Level 1:colcon.colcon_core.package_identification:_identify(build) ignored
[0.519s] Level 1:colcon.colcon_core.package_identification:_identify(install) by extensions ['ignore', 'ignore_ament_install']
[0.520s] Level 1:colcon.colcon_core.package_identification:_identify(install) by extension 'ignore'
[0.520s] Level 1:colcon.colcon_core.package_identification:_identify(install) ignored
[0.520s] Level 1:colcon.colcon_core.package_identification:_identify(log) by extensions ['ignore', 'ignore_ament_install']
[0.520s] Level 1:colcon.colcon_core.package_identification:_identify(log) by extension 'ignore'
[0.520s] Level 1:colcon.colcon_core.package_identification:_identify(log) ignored
[0.520s] Level 1:colcon.colcon_core.package_identification:_identify(my_dataset) by extensions ['ignore', 'ignore_ament_install']
[0.520s] Level 1:colcon.colcon_core.package_identification:_identify(my_dataset) by extension 'ignore'
[0.520s] Level 1:colcon.colcon_core.package_identification:_identify(my_dataset) by extension 'ignore_ament_install'
[0.520s] Level 1:colcon.colcon_core.package_identification:_identify(my_dataset) by extensions ['colcon_pkg']
[0.520s] Level 1:colcon.colcon_core.package_identification:_identify(my_dataset) by extension 'colcon_pkg'
[0.521s] Level 1:colcon.colcon_core.package_identification:_identify(my_dataset) by extensions ['colcon_meta']
[0.521s] Level 1:colcon.colcon_core.package_identification:_identify(my_dataset) by extension 'colcon_meta'
[0.521s] Level 1:colcon.colcon_core.package_identification:_identify(my_dataset) by extensions ['ros']
[0.521s] Level 1:colcon.colcon_core.package_identification:_identify(my_dataset) by extension 'ros'
[0.521s] Level 1:colcon.colcon_core.package_identification:_identify(my_dataset) by extensions ['cmake', 'python']
[0.521s] Level 1:colcon.colcon_core.package_identification:_identify(my_dataset) by extension 'cmake'
[0.521s] Level 1:colcon.colcon_core.package_identification:_identify(my_dataset) by extension 'python'
[0.521s] Level 1:colcon.colcon_core.package_identification:_identify(my_dataset) by extensions ['python_setup_py']
[0.521s] Level 1:colcon.colcon_core.package_identification:_identify(my_dataset) by extension 'python_setup_py'
[0.521s] Level 1:colcon.colcon_core.package_identification:_identify(my_dataset/train) by extensions ['ignore', 'ignore_ament_install']
[0.521s] Level 1:colcon.colcon_core.package_identification:_identify(my_dataset/train) by extension 'ignore'
[0.521s] Level 1:colcon.colcon_core.package_identification:_identify(my_dataset/train) by extension 'ignore_ament_install'
[0.521s] Level 1:colcon.colcon_core.package_identification:_identify(my_dataset/train) by extensions ['colcon_pkg']
[0.521s] Level 1:colcon.colcon_core.package_identification:_identify(my_dataset/train) by extension 'colcon_pkg'
[0.522s] Level 1:colcon.colcon_core.package_identification:_identify(my_dataset/train) by extensions ['colcon_meta']
[0.522s] Level 1:colcon.colcon_core.package_identification:_identify(my_dataset/train) by extension 'colcon_meta'
[0.522s] Level 1:colcon.colcon_core.package_identification:_identify(my_dataset/train) by extensions ['ros']
[0.522s] Level 1:colcon.colcon_core.package_identification:_identify(my_dataset/train) by extension 'ros'
[0.522s] Level 1:colcon.colcon_core.package_identification:_identify(my_dataset/train) by extensions ['cmake', 'python']
[0.522s] Level 1:colcon.colcon_core.package_identification:_identify(my_dataset/train) by extension 'cmake'
[0.522s] Level 1:colcon.colcon_core.package_identification:_identify(my_dataset/train) by extension 'python'
[0.522s] Level 1:colcon.colcon_core.package_identification:_identify(my_dataset/train) by extensions ['python_setup_py']
[0.522s] Level 1:colcon.colcon_core.package_identification:_identify(my_dataset/train) by extension 'python_setup_py'
[0.522s] Level 1:colcon.colcon_core.package_identification:_identify(my_dataset/train/images) by extensions ['ignore', 'ignore_ament_install']
[0.522s] Level 1:colcon.colcon_core.package_identification:_identify(my_dataset/train/images) by extension 'ignore'
[0.522s] Level 1:colcon.colcon_core.package_identification:_identify(my_dataset/train/images) by extension 'ignore_ament_install'
[0.522s] Level 1:colcon.colcon_core.package_identification:_identify(my_dataset/train/images) by extensions ['colcon_pkg']
[0.523s] Level 1:colcon.colcon_core.package_identification:_identify(my_dataset/train/images) by extension 'colcon_pkg'
[0.523s] Level 1:colcon.colcon_core.package_identification:_identify(my_dataset/train/images) by extensions ['colcon_meta']
[0.523s] Level 1:colcon.colcon_core.package_identification:_identify(my_dataset/train/images) by extension 'colcon_meta'
[0.523s] Level 1:colcon.colcon_core.package_identification:_identify(my_dataset/train/images) by extensions ['ros']
[0.523s] Level 1:colcon.colcon_core.package_identification:_identify(my_dataset/train/images) by extension 'ros'
[0.523s] Level 1:colcon.colcon_core.package_identification:_identify(my_dataset/train/images) by extensions ['cmake', 'python']
[0.523s] Level 1:colcon.colcon_core.package_identification:_identify(my_dataset/train/images) by extension 'cmake'
[0.523s] Level 1:colcon.colcon_core.package_identification:_identify(my_dataset/train/images) by extension 'python'
[0.523s] Level 1:colcon.colcon_core.package_identification:_identify(my_dataset/train/images) by extensions ['python_setup_py']
[0.523s] Level 1:colcon.colcon_core.package_identification:_identify(my_dataset/train/images) by extension 'python_setup_py'
[0.523s] Level 1:colcon.colcon_core.package_identification:_identify(my_dataset/train/labels) by extensions ['ignore', 'ignore_ament_install']
[0.523s] Level 1:colcon.colcon_core.package_identification:_identify(my_dataset/train/labels) by extension 'ignore'
[0.523s] Level 1:colcon.colcon_core.package_identification:_identify(my_dataset/train/labels) by extension 'ignore_ament_install'
[0.524s] Level 1:colcon.colcon_core.package_identification:_identify(my_dataset/train/labels) by extensions ['colcon_pkg']
[0.524s] Level 1:colcon.colcon_core.package_identification:_identify(my_dataset/train/labels) by extension 'colcon_pkg'
[0.524s] Level 1:colcon.colcon_core.package_identification:_identify(my_dataset/train/labels) by extensions ['colcon_meta']
[0.524s] Level 1:colcon.colcon_core.package_identification:_identify(my_dataset/train/labels) by extension 'colcon_meta'
[0.524s] Level 1:colcon.colcon_core.package_identification:_identify(my_dataset/train/labels) by extensions ['ros']
[0.524s] Level 1:colcon.colcon_core.package_identification:_identify(my_dataset/train/labels) by extension 'ros'
[0.524s] Level 1:colcon.colcon_core.package_identification:_identify(my_dataset/train/labels) by extensions ['cmake', 'python']
[0.524s] Level 1:colcon.colcon_core.package_identification:_identify(my_dataset/train/labels) by extension 'cmake'
[0.524s] Level 1:colcon.colcon_core.package_identification:_identify(my_dataset/train/labels) by extension 'python'
[0.524s] Level 1:colcon.colcon_core.package_identification:_identify(my_dataset/train/labels) by extensions ['python_setup_py']
[0.524s] Level 1:colcon.colcon_core.package_identification:_identify(my_dataset/train/labels) by extension 'python_setup_py'
[0.524s] Level 1:colcon.colcon_core.package_identification:_identify(my_dataset/val) by extensions ['ignore', 'ignore_ament_install']
[0.524s] Level 1:colcon.colcon_core.package_identification:_identify(my_dataset/val) by extension 'ignore'
[0.524s] Level 1:colcon.colcon_core.package_identification:_identify(my_dataset/val) by extension 'ignore_ament_install'
[0.524s] Level 1:colcon.colcon_core.package_identification:_identify(my_dataset/val) by extensions ['colcon_pkg']
[0.524s] Level 1:colcon.colcon_core.package_identification:_identify(my_dataset/val) by extension 'colcon_pkg'
[0.525s] Level 1:colcon.colcon_core.package_identification:_identify(my_dataset/val) by extensions ['colcon_meta']
[0.525s] Level 1:colcon.colcon_core.package_identification:_identify(my_dataset/val) by extension 'colcon_meta'
[0.525s] Level 1:colcon.colcon_core.package_identification:_identify(my_dataset/val) by extensions ['ros']
[0.525s] Level 1:colcon.colcon_core.package_identification:_identify(my_dataset/val) by extension 'ros'
[0.525s] Level 1:colcon.colcon_core.package_identification:_identify(my_dataset/val) by extensions ['cmake', 'python']
[0.525s] Level 1:colcon.colcon_core.package_identification:_identify(my_dataset/val) by extension 'cmake'
[0.525s] Level 1:colcon.colcon_core.package_identification:_identify(my_dataset/val) by extension 'python'
[0.525s] Level 1:colcon.colcon_core.package_identification:_identify(my_dataset/val) by extensions ['python_setup_py']
[0.525s] Level 1:colcon.colcon_core.package_identification:_identify(my_dataset/val) by extension 'python_setup_py'
[0.525s] Level 1:colcon.colcon_core.package_identification:_identify(my_dataset/val/images) by extensions ['ignore', 'ignore_ament_install']
[0.525s] Level 1:colcon.colcon_core.package_identification:_identify(my_dataset/val/images) by extension 'ignore'
[0.525s] Level 1:colcon.colcon_core.package_identification:_identify(my_dataset/val/images) by extension 'ignore_ament_install'
[0.525s] Level 1:colcon.colcon_core.package_identification:_identify(my_dataset/val/images) by extensions ['colcon_pkg']
[0.525s] Level 1:colcon.colcon_core.package_identification:_identify(my_dataset/val/images) by extension 'colcon_pkg'
[0.525s] Level 1:colcon.colcon_core.package_identification:_identify(my_dataset/val/images) by extensions ['colcon_meta']
[0.526s] Level 1:colcon.colcon_core.package_identification:_identify(my_dataset/val/images) by extension 'colcon_meta'
[0.526s] Level 1:colcon.colcon_core.package_identification:_identify(my_dataset/val/images) by extensions ['ros']
[0.526s] Level 1:colcon.colcon_core.package_identification:_identify(my_dataset/val/images) by extension 'ros'
[0.526s] Level 1:colcon.colcon_core.package_identification:_identify(my_dataset/val/images) by extensions ['cmake', 'python']
[0.526s] Level 1:colcon.colcon_core.package_identification:_identify(my_dataset/val/images) by extension 'cmake'
[0.526s] Level 1:colcon.colcon_core.package_identification:_identify(my_dataset/val/images) by extension 'python'
[0.526s] Level 1:colcon.colcon_core.package_identification:_identify(my_dataset/val/images) by extensions ['python_setup_py']
[0.526s] Level 1:colcon.colcon_core.package_identification:_identify(my_dataset/val/images) by extension 'python_setup_py'
[0.526s] Level 1:colcon.colcon_core.package_identification:_identify(my_dataset/val/labels) by extensions ['ignore', 'ignore_ament_install']
[0.526s] Level 1:colcon.colcon_core.package_identification:_identify(my_dataset/val/labels) by extension 'ignore'
[0.526s] Level 1:colcon.colcon_core.package_identification:_identify(my_dataset/val/labels) by extension 'ignore_ament_install'
[0.526s] Level 1:colcon.colcon_core.package_identification:_identify(my_dataset/val/labels) by extensions ['colcon_pkg']
[0.527s] Level 1:colcon.colcon_core.package_identification:_identify(my_dataset/val/labels) by extension 'colcon_pkg'
[0.527s] Level 1:colcon.colcon_core.package_identification:_identify(my_dataset/val/labels) by extensions ['colcon_meta']
[0.527s] Level 1:colcon.colcon_core.package_identification:_identify(my_dataset/val/labels) by extension 'colcon_meta'
[0.527s] Level 1:colcon.colcon_core.package_identification:_identify(my_dataset/val/labels) by extensions ['ros']
[0.527s] Level 1:colcon.colcon_core.package_identification:_identify(my_dataset/val/labels) by extension 'ros'
[0.527s] Level 1:colcon.colcon_core.package_identification:_identify(my_dataset/val/labels) by extensions ['cmake', 'python']
[0.527s] Level 1:colcon.colcon_core.package_identification:_identify(my_dataset/val/labels) by extension 'cmake'
[0.527s] Level 1:colcon.colcon_core.package_identification:_identify(my_dataset/val/labels) by extension 'python'
[0.527s] Level 1:colcon.colcon_core.package_identification:_identify(my_dataset/val/labels) by extensions ['python_setup_py']
[0.527s] Level 1:colcon.colcon_core.package_identification:_identify(my_dataset/val/labels) by extension 'python_setup_py'
[0.527s] Level 1:colcon.colcon_core.package_identification:_identify(src) by extensions ['ignore', 'ignore_ament_install']
[0.527s] Level 1:colcon.colcon_core.package_identification:_identify(src) by extension 'ignore'
[0.527s] Level 1:colcon.colcon_core.package_identification:_identify(src) by extension 'ignore_ament_install'
[0.527s] Level 1:colcon.colcon_core.package_identification:_identify(src) by extensions ['colcon_pkg']
[0.527s] Level 1:colcon.colcon_core.package_identification:_identify(src) by extension 'colcon_pkg'
[0.527s] Level 1:colcon.colcon_core.package_identification:_identify(src) by extensions ['colcon_meta']
[0.527s] Level 1:colcon.colcon_core.package_identification:_identify(src) by extension 'colcon_meta'
[0.527s] Level 1:colcon.colcon_core.package_identification:_identify(src) by extensions ['ros']
[0.527s] Level 1:colcon.colcon_core.package_identification:_identify(src) by extension 'ros'
[0.527s] Level 1:colcon.colcon_core.package_identification:_identify(src) by extensions ['cmake', 'python']
[0.527s] Level 1:colcon.colcon_core.package_identification:_identify(src) by extension 'cmake'
[0.528s] Level 1:colcon.colcon_core.package_identification:_identify(src) by extension 'python'
[0.528s] Level 1:colcon.colcon_core.package_identification:_identify(src) by extensions ['python_setup_py']
[0.528s] Level 1:colcon.colcon_core.package_identification:_identify(src) by extension 'python_setup_py'
[0.528s] Level 1:colcon.colcon_core.package_identification:_identify(src/interface) by extensions ['ignore', 'ignore_ament_install']
[0.528s] Level 1:colcon.colcon_core.package_identification:_identify(src/interface) by extension 'ignore'
[0.528s] Level 1:colcon.colcon_core.package_identification:_identify(src/interface) by extension 'ignore_ament_install'
[0.528s] Level 1:colcon.colcon_core.package_identification:_identify(src/interface) by extensions ['colcon_pkg']
[0.528s] Level 1:colcon.colcon_core.package_identification:_identify(src/interface) by extension 'colcon_pkg'
[0.528s] Level 1:colcon.colcon_core.package_identification:_identify(src/interface) by extensions ['colcon_meta']
[0.528s] Level 1:colcon.colcon_core.package_identification:_identify(src/interface) by extension 'colcon_meta'
[0.528s] Level 1:colcon.colcon_core.package_identification:_identify(src/interface) by extensions ['ros']
[0.528s] Level 1:colcon.colcon_core.package_identification:_identify(src/interface) by extension 'ros'
[0.536s] DEBUG:colcon.colcon_core.package_identification:Package 'src/interface' with type 'ros.ament_cmake' and name 'interface'
[0.536s] Level 1:colcon.colcon_core.package_identification:_identify(src/transformation) by extensions ['ignore', 'ignore_ament_install']
[0.536s] Level 1:colcon.colcon_core.package_identification:_identify(src/transformation) by extension 'ignore'
[0.536s] Level 1:colcon.colcon_core.package_identification:_identify(src/transformation) by extension 'ignore_ament_install'
[0.536s] Level 1:colcon.colcon_core.package_identification:_identify(src/transformation) by extensions ['colcon_pkg']
[0.536s] Level 1:colcon.colcon_core.package_identification:_identify(src/transformation) by extension 'colcon_pkg'
[0.537s] Level 1:colcon.colcon_core.package_identification:_identify(src/transformation) by extensions ['colcon_meta']
[0.537s] Level 1:colcon.colcon_core.package_identification:_identify(src/transformation) by extension 'colcon_meta'
[0.537s] Level 1:colcon.colcon_core.package_identification:_identify(src/transformation) by extensions ['ros']
[0.537s] Level 1:colcon.colcon_core.package_identification:_identify(src/transformation) by extension 'ros'
[0.538s] DEBUG:colcon.colcon_core.package_identification:Package 'src/transformation' with type 'ros.ament_python' and name 'transformation'
[0.538s] Level 1:colcon.colcon_core.package_identification:_identify(src/vision) by extensions ['ignore', 'ignore_ament_install']
[0.538s] Level 1:colcon.colcon_core.package_identification:_identify(src/vision) by extension 'ignore'
[0.538s] Level 1:colcon.colcon_core.package_identification:_identify(src/vision) by extension 'ignore_ament_install'
[0.538s] Level 1:colcon.colcon_core.package_identification:_identify(src/vision) by extensions ['colcon_pkg']
[0.538s] Level 1:colcon.colcon_core.package_identification:_identify(src/vision) by extension 'colcon_pkg'
[0.539s] Level 1:colcon.colcon_core.package_identification:_identify(src/vision) by extensions ['colcon_meta']
[0.539s] Level 1:colcon.colcon_core.package_identification:_identify(src/vision) by extension 'colcon_meta'
[0.539s] Level 1:colcon.colcon_core.package_identification:_identify(src/vision) by extensions ['ros']
[0.539s] Level 1:colcon.colcon_core.package_identification:_identify(src/vision) by extension 'ros'
[0.540s] DEBUG:colcon.colcon_core.package_identification:Package 'src/vision' with type 'ros.ament_python' and name 'vision'
[0.540s] Level 1:colcon.colcon_core.package_discovery:discover_packages(recursive) using defaults
[0.540s] Level 1:colcon.colcon_core.package_discovery:discover_packages(ignore) discover
[0.540s] Level 1:colcon.colcon_core.package_discovery:discover_packages(ignore) using defaults
[0.540s] Level 1:colcon.colcon_core.package_discovery:discover_packages(path) discover
[0.540s] Level 1:colcon.colcon_core.package_discovery:discover_packages(path) using defaults
[0.597s] INFO:colcon.colcon_core.package_selection:Skipping not selected package 'transformation' in 'src/transformation'
[0.598s] INFO:colcon.colcon_core.package_selection:Skipping not selected package 'vision' in 'src/vision'
[0.599s] Level 1:colcon.colcon_core.package_discovery:discover_packages(prefix_path) check parameters
[0.599s] Level 1:colcon.colcon_core.package_discovery:discover_packages(prefix_path) discover
[0.607s] DEBUG:colcon.colcon_installed_package_information.package_discovery:Found 322 installed packages in /opt/ros/humble
[0.608s] Level 1:colcon.colcon_core.package_discovery:discover_packages(prefix_path) using defaults
[0.804s] Level 5:colcon.colcon_core.verb:set package 'interface' build argument 'cmake_args' from command line to 'None'
[0.804s] Level 5:colcon.colcon_core.verb:set package 'interface' build argument 'cmake_target' from command line to 'None'
[0.804s] Level 5:colcon.colcon_core.verb:set package 'interface' build argument 'cmake_target_skip_unavailable' from command line to 'False'
[0.804s] Level 5:colcon.colcon_core.verb:set package 'interface' build argument 'cmake_clean_cache' from command line to 'False'
[0.804s] Level 5:colcon.colcon_core.verb:set package 'interface' build argument 'cmake_clean_first' from command line to 'False'
[0.804s] Level 5:colcon.colcon_core.verb:set package 'interface' build argument 'cmake_force_configure' from command line to 'False'
[0.804s] Level 5:colcon.colcon_core.verb:set package 'interface' build argument 'ament_cmake_args' from command line to 'None'
[0.804s] Level 5:colcon.colcon_core.verb:set package 'interface' build argument 'catkin_cmake_args' from command line to 'None'
[0.804s] Level 5:colcon.colcon_core.verb:set package 'interface' build argument 'catkin_skip_building_tests' from command line to 'False'
[0.804s] DEBUG:colcon.colcon_core.verb:Building package 'interface' with the following arguments: {'ament_cmake_args': None, 'build_base': '/home/mtrn/lab4-main/lab4-main/build/interface', 'catkin_cmake_args': None, 'catkin_skip_building_tests': False, 'cmake_args': None, 'cmake_clean_cache': False, 'cmake_clean_first': False, 'cmake_force_configure': False, 'cmake_target': None, 'cmake_target_skip_unavailable': False, 'install_base': '/home/mtrn/lab4-main/lab4-main/install/interface', 'merge_install': False, 'path': '/home/mtrn/lab4-main/lab4-main/src/interface', 'symlink_install': False, 'test_result_base': None}
[0.805s] INFO:colcon.colcon_core.executor:Executing jobs using 'parallel' executor
[0.812s] DEBUG:colcon.colcon_parallel_executor.executor.parallel:run_until_complete
[0.813s] INFO:colcon.colcon_ros.task.ament_cmake.build:Building ROS package in '/home/mtrn/lab4-main/lab4-main/src/interface' with build type 'ament_cmake'
[0.813s] INFO:colcon.colcon_cmake.task.cmake.build:Building CMake package in '/home/mtrn/lab4-main/lab4-main/src/interface'
[0.826s] INFO:colcon.colcon_core.plugin_system:Skipping extension 'colcon_core.shell.bat': Not used on non-Windows systems
[0.826s] INFO:colcon.colcon_core.shell:Skip shell extension 'powershell' for command environment: Not usable outside of PowerShell
[0.826s] DEBUG:colcon.colcon_core.shell:Skip shell extension 'dsv' for command environment
[0.841s] DEBUG:colcon.colcon_core.event_handler.log_command:Invoking command in '/home/mtrn/lab4-main/lab4-main/build/interface': CMAKE_PREFIX_PATH=/opt/ros/humble /usr/bin/cmake --build /home/mtrn/lab4-main/lab4-main/build/interface -- -j4 -l4
[1.422s] DEBUG:colcon.colcon_core.event_handler.log_command:Invoked command in '/home/mtrn/lab4-main/lab4-main/build/interface' returned '0': CMAKE_PREFIX_PATH=/opt/ros/humble /usr/bin/cmake --build /home/mtrn/lab4-main/lab4-main/build/interface -- -j4 -l4
[1.500s] DEBUG:colcon.colcon_core.event_handler.log_command:Invoking command in '/home/mtrn/lab4-main/lab4-main/build/interface': CMAKE_PREFIX_PATH=/opt/ros/humble /usr/bin/cmake --install /home/mtrn/lab4-main/lab4-main/build/interface
[1.587s] Level 1:colcon.colcon_core.environment:create_environment_scripts_only(interface)
[1.587s] DEBUG:colcon.colcon_core.event_handler.log_command:Invoked command in '/home/mtrn/lab4-main/lab4-main/build/interface' returned '0': CMAKE_PREFIX_PATH=/opt/ros/humble /usr/bin/cmake --install /home/mtrn/lab4-main/lab4-main/build/interface
[1.602s] Level 1:colcon.colcon_core.environment:checking '/home/mtrn/lab4-main/lab4-main/install/interface' for CMake module files
[1.603s] Level 1:colcon.colcon_core.environment:checking '/home/mtrn/lab4-main/lab4-main/install/interface' for CMake config files
[1.604s] Level 1:colcon.colcon_core.shell:create_environment_hook('interface', 'cmake_prefix_path')
[1.606s] INFO:colcon.colcon_core.shell:Creating environment hook '/home/mtrn/lab4-main/lab4-main/install/interface/share/interface/hook/cmake_prefix_path.ps1'
[1.608s] INFO:colcon.colcon_core.shell:Creating environment descriptor '/home/mtrn/lab4-main/lab4-main/install/interface/share/interface/hook/cmake_prefix_path.dsv'
[1.608s] INFO:colcon.colcon_core.shell:Creating environment hook '/home/mtrn/lab4-main/lab4-main/install/interface/share/interface/hook/cmake_prefix_path.sh'
[1.610s] Level 1:colcon.colcon_core.environment:checking '/home/mtrn/lab4-main/lab4-main/install/interface/lib'
[1.610s] Level 1:colcon.colcon_core.shell:create_environment_hook('interface', 'ld_library_path_lib')
[1.613s] INFO:colcon.colcon_core.shell:Creating environment hook '/home/mtrn/lab4-main/lab4-main/install/interface/share/interface/hook/ld_library_path_lib.ps1'
[1.613s] INFO:colcon.colcon_core.shell:Creating environment descriptor '/home/mtrn/lab4-main/lab4-main/install/interface/share/interface/hook/ld_library_path_lib.dsv'
[1.614s] INFO:colcon.colcon_core.shell:Creating environment hook '/home/mtrn/lab4-main/lab4-main/install/interface/share/interface/hook/ld_library_path_lib.sh'
[1.614s] Level 1:colcon.colcon_core.environment:checking '/home/mtrn/lab4-main/lab4-main/install/interface/bin'
[1.614s] Level 1:colcon.colcon_core.environment:checking '/home/mtrn/lab4-main/lab4-main/install/interface/lib/pkgconfig/interface.pc'
[1.614s] Level 1:colcon.colcon_core.environment:checking '/home/mtrn/lab4-main/lab4-main/install/interface/lib/python3.10/site-packages'
[1.615s] Level 1:colcon.colcon_core.environment:checking '/home/mtrn/lab4-main/lab4-main/install/interface/bin'
[1.617s] INFO:colcon.colcon_core.shell:Creating package script '/home/mtrn/lab4-main/lab4-main/install/interface/share/interface/package.ps1'
[1.619s] INFO:colcon.colcon_core.shell:Creating package descriptor '/home/mtrn/lab4-main/lab4-main/install/interface/share/interface/package.dsv'
[1.620s] INFO:colcon.colcon_core.shell:Creating package script '/home/mtrn/lab4-main/lab4-main/install/interface/share/interface/package.sh'
[1.621s] INFO:colcon.colcon_core.shell:Creating package script '/home/mtrn/lab4-main/lab4-main/install/interface/share/interface/package.bash'
[1.622s] INFO:colcon.colcon_core.shell:Creating package script '/home/mtrn/lab4-main/lab4-main/install/interface/share/interface/package.zsh'
[1.623s] Level 1:colcon.colcon_core.environment:create_file_with_runtime_dependencies(/home/mtrn/lab4-main/lab4-main/install/interface/share/colcon-core/packages/interface)
[1.681s] Level 1:colcon.colcon_core.environment:create_environment_scripts_only(interface)
[1.685s] Level 1:colcon.colcon_core.environment:checking '/home/mtrn/lab4-main/lab4-main/install/interface' for CMake module files
[1.686s] Level 1:colcon.colcon_core.environment:checking '/home/mtrn/lab4-main/lab4-main/install/interface' for CMake config files
[1.687s] Level 1:colcon.colcon_core.shell:create_environment_hook('interface', 'cmake_prefix_path')
[1.690s] INFO:colcon.colcon_core.shell:Creating environment hook '/home/mtrn/lab4-main/lab4-main/install/interface/share/interface/hook/cmake_prefix_path.ps1'
[1.691s] INFO:colcon.colcon_core.shell:Creating environment descriptor '/home/mtrn/lab4-main/lab4-main/install/interface/share/interface/hook/cmake_prefix_path.dsv'
[1.691s] INFO:colcon.colcon_core.shell:Creating environment hook '/home/mtrn/lab4-main/lab4-main/install/interface/share/interface/hook/cmake_prefix_path.sh'
[1.692s] Level 1:colcon.colcon_core.environment:checking '/home/mtrn/lab4-main/lab4-main/install/interface/lib'
[1.692s] Level 1:colcon.colcon_core.shell:create_environment_hook('interface', 'ld_library_path_lib')
[1.695s] INFO:colcon.colcon_core.shell:Creating environment hook '/home/mtrn/lab4-main/lab4-main/install/interface/share/interface/hook/ld_library_path_lib.ps1'
[1.695s] INFO:colcon.colcon_core.shell:Creating environment descriptor '/home/mtrn/lab4-main/lab4-main/install/interface/share/interface/hook/ld_library_path_lib.dsv'
[1.696s] INFO:colcon.colcon_core.shell:Creating environment hook '/home/mtrn/lab4-main/lab4-main/install/interface/share/interface/hook/ld_library_path_lib.sh'
[1.696s] Level 1:colcon.colcon_core.environment:checking '/home/mtrn/lab4-main/lab4-main/install/interface/bin'
[1.697s] Level 1:colcon.colcon_core.environment:checking '/home/mtrn/lab4-main/lab4-main/install/interface/lib/pkgconfig/interface.pc'
[1.697s] Level 1:colcon.colcon_core.environment:checking '/home/mtrn/lab4-main/lab4-main/install/interface/lib/python3.10/site-packages'
[1.697s] Level 1:colcon.colcon_core.environment:checking '/home/mtrn/lab4-main/lab4-main/install/interface/bin'
[1.700s] INFO:colcon.colcon_core.shell:Creating package script '/home/mtrn/lab4-main/lab4-main/install/interface/share/interface/package.ps1'
[1.701s] INFO:colcon.colcon_core.shell:Creating package descriptor '/home/mtrn/lab4-main/lab4-main/install/interface/share/interface/package.dsv'
[1.702s] INFO:colcon.colcon_core.shell:Creating package script '/home/mtrn/lab4-main/lab4-main/install/interface/share/interface/package.sh'
[1.702s] INFO:colcon.colcon_core.shell:Creating package script '/home/mtrn/lab4-main/lab4-main/install/interface/share/interface/package.bash'
[1.702s] INFO:colcon.colcon_core.shell:Creating package script '/home/mtrn/lab4-main/lab4-main/install/interface/share/interface/package.zsh'
[1.703s] Level 1:colcon.colcon_core.environment:create_file_with_runtime_dependencies(/home/mtrn/lab4-main/lab4-main/install/interface/share/colcon-core/packages/interface)
[1.703s] DEBUG:colcon.colcon_parallel_executor.executor.parallel:closing loop
[1.703s] DEBUG:colcon.colcon_parallel_executor.executor.parallel:loop closed
[1.703s] DEBUG:colcon.colcon_parallel_executor.executor.parallel:run_until_complete finished with '0'
[1.704s] DEBUG:colcon.colcon_core.event_reactor:joining thread
[1.717s] INFO:colcon.colcon_core.plugin_system:Skipping extension 'colcon_notification.desktop_notification.terminal_notifier': Not used on non-Darwin systems
[1.718s] INFO:colcon.colcon_core.plugin_system:Skipping extension 'colcon_notification.desktop_notification.win32': Not used on non-Windows systems
[1.718s] INFO:colcon.colcon_notification.desktop_notification:Sending desktop notification using 'notify2'
[1.878s] DEBUG:colcon.colcon_core.event_reactor:joined thread
[1.881s] INFO:colcon.colcon_core.shell:Creating prefix script '/home/mtrn/lab4-main/lab4-main/install/local_setup.ps1'
[1.883s] INFO:colcon.colcon_core.shell:Creating prefix util module '/home/mtrn/lab4-main/lab4-main/install/_local_setup_util_ps1.py'
[1.884s] INFO:colcon.colcon_core.shell:Creating prefix chain script '/home/mtrn/lab4-main/lab4-main/install/setup.ps1'
[1.886s] INFO:colcon.colcon_core.shell:Creating prefix script '/home/mtrn/lab4-main/lab4-main/install/local_setup.sh'
[1.888s] INFO:colcon.colcon_core.shell:Creating prefix util module '/home/mtrn/lab4-main/lab4-main/install/_local_setup_util_sh.py'
[1.888s] INFO:colcon.colcon_core.shell:Creating prefix chain script '/home/mtrn/lab4-main/lab4-main/install/setup.sh'
[1.890s] INFO:colcon.colcon_core.shell:Creating prefix script '/home/mtrn/lab4-main/lab4-main/install/local_setup.bash'
[1.891s] INFO:colcon.colcon_core.shell:Creating prefix chain script '/home/mtrn/lab4-main/lab4-main/install/setup.bash'
[1.894s] INFO:colcon.colcon_core.shell:Creating prefix script '/home/mtrn/lab4-main/lab4-main/install/local_setup.zsh'
[1.896s] INFO:colcon.colcon_core.shell:Creating prefix chain script '/home/mtrn/lab4-main/lab4-main/install/setup.zsh'
