[0.776s] Invoking command in '/home/mtrn/ros2_ws/src/blue_detector': PYTHONPATH=/home/mtrn/ros2_ws/src/blue_detector/build/blue_detector/prefix_override:/home/mtrn/ros2_ws/src/blue_detector/install/blue_detector/lib/python3.10/site-packages:${PYTHONPATH} /usr/bin/python3 setup.py egg_info --egg-base build/blue_detector build --build-base /home/mtrn/ros2_ws/src/blue_detector/build/blue_detector/build install --record /home/mtrn/ros2_ws/src/blue_detector/build/blue_detector/install.log --single-version-externally-managed
[1.035s] running egg_info
[1.035s] writing build/blue_detector/blue_detector.egg-info/PKG-INFO
[1.035s] writing dependency_links to build/blue_detector/blue_detector.egg-info/dependency_links.txt
[1.035s] writing entry points to build/blue_detector/blue_detector.egg-info/entry_points.txt
[1.035s] writing requirements to build/blue_detector/blue_detector.egg-info/requires.txt
[1.035s] writing top-level names to build/blue_detector/blue_detector.egg-info/top_level.txt
[1.037s] reading manifest file 'build/blue_detector/blue_detector.egg-info/SOURCES.txt'
[1.037s] writing manifest file 'build/blue_detector/blue_detector.egg-info/SOURCES.txt'
[1.037s] running build
[1.038s] running build_py
[1.038s] copying blue_detector/ros2node.py -> /home/mtrn/ros2_ws/src/blue_detector/build/blue_detector/build/lib/blue_detector
[1.039s] running install
[1.039s] running install_lib
[1.039s] /usr/lib/python3/dist-packages/setuptools/command/install.py:34: SetuptoolsDeprecationWarning: setup.py install is deprecated. Use build and pip and other standards-based tools.
[1.039s]   warnings.warn(
[1.040s] copying /home/mtrn/ros2_ws/src/blue_detector/build/blue_detector/build/lib/blue_detector/ros2node.py -> /home/mtrn/ros2_ws/src/blue_detector/install/blue_detector/lib/python3.10/site-packages/blue_detector
[1.040s] byte-compiling /home/mtrn/ros2_ws/src/blue_detector/install/blue_detector/lib/python3.10/site-packages/blue_detector/ros2node.py to ros2node.cpython-310.pyc
[1.040s] running install_data
[1.041s] running install_egg_info
[1.058s] removing '/home/mtrn/ros2_ws/src/blue_detector/install/blue_detector/lib/python3.10/site-packages/blue_detector-0.0.0-py3.10.egg-info' (and everything under it)
[1.058s] Copying build/blue_detector/blue_detector.egg-info to /home/mtrn/ros2_ws/src/blue_detector/install/blue_detector/lib/python3.10/site-packages/blue_detector-0.0.0-py3.10.egg-info
[1.058s] running install_scripts
[1.083s] Installing blue_detector_node script to /home/mtrn/ros2_ws/src/blue_detector/install/blue_detector/lib/my_camera_tools
[1.084s] Installing image_publisher_node script to /home/mtrn/ros2_ws/src/blue_detector/install/blue_detector/lib/my_camera_tools
[1.084s] writing list of installed files to '/home/mtrn/ros2_ws/src/blue_detector/build/blue_detector/install.log'
[1.109s] Invoked command in '/home/mtrn/ros2_ws/src/blue_detector' returned '0': PYTHONPATH=/home/mtrn/ros2_ws/src/blue_detector/build/blue_detector/prefix_override:/home/mtrn/ros2_ws/src/blue_detector/install/blue_detector/lib/python3.10/site-packages:${PYTHONPATH} /usr/bin/python3 setup.py egg_info --egg-base build/blue_detector build --build-base /home/mtrn/ros2_ws/src/blue_detector/build/blue_detector/build install --record /home/mtrn/ros2_ws/src/blue_detector/build/blue_detector/install.log --single-version-externally-managed
