[0.028s] Invoking command in '/home/mtrn/ros2_ws/src/blue_detector_msgs/build/interface': CMAKE_PREFIX_PATH=/home/mtrn/ros2_ws/src/install/blue_detector:/home/mtrn/4231/ws_moveit2/install/moveit_configs_utils:/home/mtrn/4231/ws_moveit2/install/launch_param_builder:/opt/ros/humble:${CMAKE_PREFIX_PATH} /usr/bin/cmake /home/mtrn/ros2_ws/src/blue_detector_msgs -DCMAKE_INSTALL_PREFIX=/home/mtrn/ros2_ws/src/blue_detector_msgs/install/interface
[0.082s] -- The C compiler identification is GNU 11.4.0
[0.133s] -- The CXX compiler identification is GNU 11.4.0
[0.140s] -- Detecting C compiler ABI info
[0.215s] -- Detecting C compiler ABI info - done
[0.222s] -- Check for working C compiler: /usr/bin/cc - skipped
[0.222s] -- Detecting C compile features
[0.223s] -- Detecting C compile features - done
[0.227s] -- Detecting CXX compiler ABI info
[0.311s] -- Detecting CXX compiler ABI info - done
[0.317s] -- Check for working CXX compiler: /usr/bin/c++ - skipped
[0.317s] -- Detecting CXX compile features
[0.318s] -- Detecting CXX compile features - done
[0.319s] -- Found ament_cmake: 1.3.5 (/opt/ros/humble/share/ament_cmake/cmake)
[0.517s] -- Found Python3: /usr/bin/python3.10 (found version "3.10.12") found components: Interpreter 
[0.614s] -- Found builtin_interfaces: 1.2.1 (/opt/ros/humble/share/builtin_interfaces/cmake)
[0.645s] -- Found rosidl_generator_c: 3.1.5 (/opt/ros/humble/share/rosidl_generator_c/cmake)
[0.651s] -- Found rosidl_adapter: 3.1.5 (/opt/ros/humble/share/rosidl_adapter/cmake)
[0.661s] -- Found rosidl_generator_cpp: 3.1.5 (/opt/ros/humble/share/rosidl_generator_cpp/cmake)
[0.672s] -- Using all available rosidl_typesupport_c: rosidl_typesupport_fastrtps_c;rosidl_typesupport_introspection_c
[0.692s] -- Using all available rosidl_typesupport_cpp: rosidl_typesupport_fastrtps_cpp;rosidl_typesupport_introspection_cpp
[0.711s] -- Found rosidl_default_generators: 1.2.0 (/opt/ros/humble/share/rosidl_default_generators/cmake)
[0.978s] -- Found ament_cmake_ros: 0.10.0 (/opt/ros/humble/share/ament_cmake_ros/cmake)
[1.280s] -- Using all available rosidl_typesupport_c: rosidl_typesupport_fastrtps_c;rosidl_typesupport_introspection_c
[1.397s] -- Using all available rosidl_typesupport_cpp: rosidl_typesupport_fastrtps_cpp;rosidl_typesupport_introspection_cpp
[1.424s] -- Found PythonInterp: /usr/bin/python3 (found suitable version "3.10.12", minimum required is "3.6") 
[1.424s] -- Found python_cmake_module: 0.10.0 (/opt/ros/humble/share/python_cmake_module/cmake)
[1.450s] -- Found PythonLibs: /usr/lib/x86_64-linux-gnu/libpython3.10.so (found suitable version "3.10.12", minimum required is "3.5") 
[1.451s] -- Using PYTHON_EXECUTABLE: /usr/bin/python3
[1.451s] -- Using PYTHON_INCLUDE_DIRS: /usr/include/python3.10
[1.451s] -- Using PYTHON_LIBRARIES: /usr/lib/x86_64-linux-gnu/libpython3.10.so
[1.475s] -- Found PythonExtra: .so  
[1.543s] -- Found ament_lint_auto: 0.12.7 (/opt/ros/humble/share/ament_lint_auto/cmake)
[1.584s] -- Added test 'cppcheck' to perform static code analysis on C / C++ code
[1.584s] -- Configured cppcheck include dirs: $<BUILD_INTERFACE:/home/mtrn/ros2_ws/src/blue_detector_msgs/build/interface/rosidl_generator_c>;$<BUILD_INTERFACE:/home/mtrn/ros2_ws/src/blue_detector_msgs/build/interface/rosidl_typesupport_fastrtps_c>;$<BUILD_INTERFACE:/home/mtrn/ros2_ws/src/blue_detector_msgs/build/interface/rosidl_generator_cpp>;$<BUILD_INTERFACE:/home/mtrn/ros2_ws/src/blue_detector_msgs/build/interface/rosidl_typesupport_fastrtps_cpp>;$<BUILD_INTERFACE:/home/mtrn/ros2_ws/src/blue_detector_msgs/build/interface/rosidl_typesupport_introspection_c>;$<BUILD_INTERFACE:/home/mtrn/ros2_ws/src/blue_detector_msgs/build/interface/rosidl_typesupport_introspection_cpp>;/home/mtrn/ros2_ws/src/blue_detector_msgs/build/interface/rosidl_generator_c;/home/mtrn/ros2_ws/src/blue_detector_msgs/build/interface/rosidl_generator_py
[1.584s] -- Configured cppcheck exclude dirs and/or files: 
[1.587s] -- Added test 'flake8' to check Python code syntax and style conventions
[1.594s] -- Added test 'lint_cmake' to check CMake code style
[1.597s] -- Added test 'pep257' to check Python code against some of the docstring style conventions in PEP 257
[1.621s] -- Added test 'uncrustify' to check C / C++ code style
[1.621s] -- Configured uncrustify additional arguments: 
[1.624s] -- Added test 'xmllint' to check XML markup files
[1.629s] -- Configuring done
[1.656s] -- Generating done
[1.656s] -- Build files have been written to: /home/mtrn/ros2_ws/src/blue_detector_msgs/build/interface
[1.663s] Invoked command in '/home/mtrn/ros2_ws/src/blue_detector_msgs/build/interface' returned '0': CMAKE_PREFIX_PATH=/home/mtrn/ros2_ws/src/install/blue_detector:/home/mtrn/4231/ws_moveit2/install/moveit_configs_utils:/home/mtrn/4231/ws_moveit2/install/launch_param_builder:/opt/ros/humble:${CMAKE_PREFIX_PATH} /usr/bin/cmake /home/mtrn/ros2_ws/src/blue_detector_msgs -DCMAKE_INSTALL_PREFIX=/home/mtrn/ros2_ws/src/blue_detector_msgs/install/interface
[1.663s] Invoking command in '/home/mtrn/ros2_ws/src/blue_detector_msgs/build/interface': CMAKE_PREFIX_PATH=/home/mtrn/ros2_ws/src/install/blue_detector:/home/mtrn/4231/ws_moveit2/install/moveit_configs_utils:/home/mtrn/4231/ws_moveit2/install/launch_param_builder:/opt/ros/humble:${CMAKE_PREFIX_PATH} /usr/bin/cmake --build /home/mtrn/ros2_ws/src/blue_detector_msgs/build/interface -- -j4 -l4
[1.709s] [  3%] [34m[1mGenerating C code for ROS interfaces[0m
[1.722s] [  6%] [34m[1mGenerating C++ code for ROS interfaces[0m
[1.734s] [  6%] Built target ament_cmake_python_copy_interface
[1.990s] [  9%] [32mBuilding C object CMakeFiles/interface__rosidl_generator_c.dir/rosidl_generator_c/interface/msg/detail/marker_data__functions.c.o[0m
[1.993s] [  9%] Built target interface__cpp
[2.004s] running egg_info
[2.004s] creating interface.egg-info
[2.004s] writing interface.egg-info/PKG-INFO
[2.004s] writing dependency_links to interface.egg-info/dependency_links.txt
[2.004s] writing top-level names to interface.egg-info/top_level.txt
[2.004s] writing manifest file 'interface.egg-info/SOURCES.txt'
[2.008s] reading manifest file 'interface.egg-info/SOURCES.txt'
[2.009s] writing manifest file 'interface.egg-info/SOURCES.txt'
[2.009s] [ 12%] [34m[1mGenerating C++ type support dispatch for ROS interfaces[0m
[2.014s] [ 16%] [34m[1mGenerating C++ type support for eProsima Fast-RTPS[0m
[2.036s] [ 16%] Built target ament_cmake_python_build_interface_egg
[2.039s] [ 19%] [32m[1mLinking C shared library libinterface__rosidl_generator_c.so[0m
[2.049s] [ 22%] [34m[1mGenerating C++ introspection for ROS interfaces[0m
[2.088s] [ 22%] Built target interface__rosidl_generator_c
[2.100s] [ 25%] [34m[1mGenerating C type support for eProsima Fast-RTPS[0m
[2.269s] [ 29%] [32mBuilding CXX object CMakeFiles/interface__rosidl_typesupport_cpp.dir/rosidl_typesupport_cpp/interface/msg/marker_data__type_support.cpp.o[0m
[2.282s] [ 32%] [32mBuilding CXX object CMakeFiles/interface__rosidl_typesupport_fastrtps_cpp.dir/rosidl_typesupport_fastrtps_cpp/interface/msg/detail/dds_fastrtps/marker_data__type_support.cpp.o[0m
[2.324s] [ 35%] [32mBuilding CXX object CMakeFiles/interface__rosidl_typesupport_introspection_cpp.dir/rosidl_typesupport_introspection_cpp/interface/msg/detail/marker_data__type_support.cpp.o[0m
[2.382s] [ 38%] [32mBuilding CXX object CMakeFiles/interface__rosidl_typesupport_fastrtps_c.dir/rosidl_typesupport_fastrtps_c/interface/msg/detail/marker_data__type_support_c.cpp.o[0m
[2.598s] [ 41%] [32m[1mLinking CXX shared library libinterface__rosidl_typesupport_cpp.so[0m
[2.645s] [ 41%] Built target interface__rosidl_typesupport_cpp
[2.664s] [ 45%] [34m[1mGenerating C introspection for ROS interfaces[0m
[2.742s] [ 51%] [32m[1mLinking CXX shared library libinterface__rosidl_typesupport_fastrtps_cpp.so[0m
[2.742s] [ 51%] [32m[1mLinking CXX shared library libinterface__rosidl_typesupport_fastrtps_c.so[0m
[2.765s] [ 54%] [32m[1mLinking CXX shared library libinterface__rosidl_typesupport_introspection_cpp.so[0m
[2.836s] [ 54%] Built target interface__rosidl_typesupport_fastrtps_cpp
[2.844s] [ 54%] Built target interface__rosidl_typesupport_fastrtps_c
[2.849s] [ 58%] [34m[1mGenerating C type support dispatch for ROS interfaces[0m
[2.867s] [ 58%] Built target interface__rosidl_typesupport_introspection_cpp
[2.953s] [ 61%] [32mBuilding C object CMakeFiles/interface__rosidl_typesupport_introspection_c.dir/rosidl_typesupport_introspection_c/interface/msg/detail/marker_data__type_support.c.o[0m
[2.991s] [ 64%] [32m[1mLinking C shared library libinterface__rosidl_typesupport_introspection_c.so[0m
[3.027s] [ 64%] Built target interface__rosidl_typesupport_introspection_c
[3.101s] [ 67%] [32mBuilding CXX object CMakeFiles/interface__rosidl_typesupport_c.dir/rosidl_typesupport_c/interface/msg/marker_data__type_support.cpp.o[0m
[3.131s] [ 70%] [32m[1mLinking CXX shared library libinterface__rosidl_typesupport_c.so[0m
[3.171s] [ 70%] Built target interface__rosidl_typesupport_c
[3.196s] [ 70%] Built target interface
[3.221s] [ 74%] [34m[1mGenerating Python code for ROS interfaces[0m
[3.493s] [ 74%] Built target interface__py
[3.517s] [ 77%] [32mBuilding C object CMakeFiles/interface__rosidl_generator_py.dir/rosidl_generator_py/interface/msg/_marker_data_s.c.o[0m
[3.610s] [ 80%] [32m[1mLinking C shared library rosidl_generator_py/interface/libinterface__rosidl_generator_py.so[0m
[3.648s] [ 80%] Built target interface__rosidl_generator_py
[3.675s] [ 87%] [32mBuilding C object CMakeFiles/interface__rosidl_typesupport_introspection_c__pyext.dir/rosidl_generator_py/interface/_interface_s.ep.rosidl_typesupport_introspection_c.c.o[0m
[3.675s] [ 87%] [32mBuilding C object CMakeFiles/interface__rosidl_typesupport_fastrtps_c__pyext.dir/rosidl_generator_py/interface/_interface_s.ep.rosidl_typesupport_fastrtps_c.c.o[0m
[3.676s] [ 90%] [32mBuilding C object CMakeFiles/interface__rosidl_typesupport_c__pyext.dir/rosidl_generator_py/interface/_interface_s.ep.rosidl_typesupport_c.c.o[0m
[3.761s] [ 96%] [32m[1mLinking C shared library rosidl_generator_py/interface/interface_s__rosidl_typesupport_c.cpython-310-x86_64-linux-gnu.so[0m
[3.761s] [ 96%] [32m[1mLinking C shared library rosidl_generator_py/interface/interface_s__rosidl_typesupport_fastrtps_c.cpython-310-x86_64-linux-gnu.so[0m
[3.762s] [100%] [32m[1mLinking C shared library rosidl_generator_py/interface/interface_s__rosidl_typesupport_introspection_c.cpython-310-x86_64-linux-gnu.so[0m
[3.799s] [100%] Built target interface__rosidl_typesupport_c__pyext
[3.800s] [100%] Built target interface__rosidl_typesupport_introspection_c__pyext
[3.800s] [100%] Built target interface__rosidl_typesupport_fastrtps_c__pyext
[3.814s] Invoked command in '/home/mtrn/ros2_ws/src/blue_detector_msgs/build/interface' returned '0': CMAKE_PREFIX_PATH=/home/mtrn/ros2_ws/src/install/blue_detector:/home/mtrn/4231/ws_moveit2/install/moveit_configs_utils:/home/mtrn/4231/ws_moveit2/install/launch_param_builder:/opt/ros/humble:${CMAKE_PREFIX_PATH} /usr/bin/cmake --build /home/mtrn/ros2_ws/src/blue_detector_msgs/build/interface -- -j4 -l4
[3.922s] Invoking command in '/home/mtrn/ros2_ws/src/blue_detector_msgs/build/interface': CMAKE_PREFIX_PATH=/home/mtrn/ros2_ws/src/install/blue_detector:/home/mtrn/4231/ws_moveit2/install/moveit_configs_utils:/home/mtrn/4231/ws_moveit2/install/launch_param_builder:/opt/ros/humble:${CMAKE_PREFIX_PATH} /usr/bin/cmake --install /home/mtrn/ros2_ws/src/blue_detector_msgs/build/interface
[3.930s] -- Install configuration: ""
[3.931s] -- Installing: /home/mtrn/ros2_ws/src/blue_detector_msgs/install/interface/share/ament_index/resource_index/rosidl_interfaces/interface
[3.931s] -- Installing: /home/mtrn/ros2_ws/src/blue_detector_msgs/install/interface/include/interface/interface
[3.931s] -- Installing: /home/mtrn/ros2_ws/src/blue_detector_msgs/install/interface/include/interface/interface/msg
[3.931s] -- Installing: /home/mtrn/ros2_ws/src/blue_detector_msgs/install/interface/include/interface/interface/msg/rosidl_generator_c__visibility_control.h
[3.931s] -- Installing: /home/mtrn/ros2_ws/src/blue_detector_msgs/install/interface/include/interface/interface/msg/detail
[3.931s] -- Installing: /home/mtrn/ros2_ws/src/blue_detector_msgs/install/interface/include/interface/interface/msg/detail/marker_data__functions.c
[3.931s] -- Installing: /home/mtrn/ros2_ws/src/blue_detector_msgs/install/interface/include/interface/interface/msg/detail/marker_data__struct.h
[3.931s] -- Installing: /home/mtrn/ros2_ws/src/blue_detector_msgs/install/interface/include/interface/interface/msg/detail/marker_data__functions.h
[3.931s] -- Installing: /home/mtrn/ros2_ws/src/blue_detector_msgs/install/interface/include/interface/interface/msg/detail/marker_data__type_support.h
[3.932s] -- Installing: /home/mtrn/ros2_ws/src/blue_detector_msgs/install/interface/include/interface/interface/msg/marker_data.h
[3.932s] -- Installing: /home/mtrn/ros2_ws/src/blue_detector_msgs/install/interface/share/interface/environment/library_path.sh
[3.932s] -- Installing: /home/mtrn/ros2_ws/src/blue_detector_msgs/install/interface/share/interface/environment/library_path.dsv
[3.932s] -- Installing: /home/mtrn/ros2_ws/src/blue_detector_msgs/install/interface/lib/libinterface__rosidl_generator_c.so
[3.932s] -- Set runtime path of "/home/mtrn/ros2_ws/src/blue_detector_msgs/install/interface/lib/libinterface__rosidl_generator_c.so" to ""
[3.932s] -- Up-to-date: /home/mtrn/ros2_ws/src/blue_detector_msgs/install/interface/include/interface/interface
[3.932s] -- Up-to-date: /home/mtrn/ros2_ws/src/blue_detector_msgs/install/interface/include/interface/interface/msg
[3.932s] -- Installing: /home/mtrn/ros2_ws/src/blue_detector_msgs/install/interface/include/interface/interface/msg/rosidl_typesupport_fastrtps_c__visibility_control.h
[3.932s] -- Up-to-date: /home/mtrn/ros2_ws/src/blue_detector_msgs/install/interface/include/interface/interface/msg/detail
[3.932s] -- Installing: /home/mtrn/ros2_ws/src/blue_detector_msgs/install/interface/include/interface/interface/msg/detail/marker_data__rosidl_typesupport_fastrtps_c.h
[3.932s] -- Installing: /home/mtrn/ros2_ws/src/blue_detector_msgs/install/interface/lib/libinterface__rosidl_typesupport_fastrtps_c.so
[3.932s] -- Set runtime path of "/home/mtrn/ros2_ws/src/blue_detector_msgs/install/interface/lib/libinterface__rosidl_typesupport_fastrtps_c.so" to ""
[3.932s] -- Up-to-date: /home/mtrn/ros2_ws/src/blue_detector_msgs/install/interface/include/interface/interface
[3.933s] -- Up-to-date: /home/mtrn/ros2_ws/src/blue_detector_msgs/install/interface/include/interface/interface/msg
[3.933s] -- Installing: /home/mtrn/ros2_ws/src/blue_detector_msgs/install/interface/include/interface/interface/msg/marker_data.hpp
[3.933s] -- Up-to-date: /home/mtrn/ros2_ws/src/blue_detector_msgs/install/interface/include/interface/interface/msg/detail
[3.933s] -- Installing: /home/mtrn/ros2_ws/src/blue_detector_msgs/install/interface/include/interface/interface/msg/detail/marker_data__builder.hpp
[3.933s] -- Installing: /home/mtrn/ros2_ws/src/blue_detector_msgs/install/interface/include/interface/interface/msg/detail/marker_data__traits.hpp
[3.933s] -- Installing: /home/mtrn/ros2_ws/src/blue_detector_msgs/install/interface/include/interface/interface/msg/detail/marker_data__struct.hpp
[3.933s] -- Up-to-date: /home/mtrn/ros2_ws/src/blue_detector_msgs/install/interface/include/interface/interface
[3.933s] -- Up-to-date: /home/mtrn/ros2_ws/src/blue_detector_msgs/install/interface/include/interface/interface/msg
[3.933s] -- Up-to-date: /home/mtrn/ros2_ws/src/blue_detector_msgs/install/interface/include/interface/interface/msg/detail
[3.933s] -- Installing: /home/mtrn/ros2_ws/src/blue_detector_msgs/install/interface/include/interface/interface/msg/detail/marker_data__rosidl_typesupport_fastrtps_cpp.hpp
[3.933s] -- Installing: /home/mtrn/ros2_ws/src/blue_detector_msgs/install/interface/include/interface/interface/msg/detail/dds_fastrtps
[3.933s] -- Installing: /home/mtrn/ros2_ws/src/blue_detector_msgs/install/interface/include/interface/interface/msg/rosidl_typesupport_fastrtps_cpp__visibility_control.h
[3.933s] -- Installing: /home/mtrn/ros2_ws/src/blue_detector_msgs/install/interface/lib/libinterface__rosidl_typesupport_fastrtps_cpp.so
[3.934s] -- Set runtime path of "/home/mtrn/ros2_ws/src/blue_detector_msgs/install/interface/lib/libinterface__rosidl_typesupport_fastrtps_cpp.so" to ""
[3.934s] -- Up-to-date: /home/mtrn/ros2_ws/src/blue_detector_msgs/install/interface/include/interface/interface
[3.934s] -- Up-to-date: /home/mtrn/ros2_ws/src/blue_detector_msgs/install/interface/include/interface/interface/msg
[3.934s] -- Installing: /home/mtrn/ros2_ws/src/blue_detector_msgs/install/interface/include/interface/interface/msg/rosidl_typesupport_introspection_c__visibility_control.h
[3.934s] -- Up-to-date: /home/mtrn/ros2_ws/src/blue_detector_msgs/install/interface/include/interface/interface/msg/detail
[3.934s] -- Installing: /home/mtrn/ros2_ws/src/blue_detector_msgs/install/interface/include/interface/interface/msg/detail/marker_data__rosidl_typesupport_introspection_c.h
[3.934s] -- Installing: /home/mtrn/ros2_ws/src/blue_detector_msgs/install/interface/include/interface/interface/msg/detail/marker_data__type_support.c
[3.934s] -- Installing: /home/mtrn/ros2_ws/src/blue_detector_msgs/install/interface/lib/libinterface__rosidl_typesupport_introspection_c.so
[3.934s] -- Set runtime path of "/home/mtrn/ros2_ws/src/blue_detector_msgs/install/interface/lib/libinterface__rosidl_typesupport_introspection_c.so" to ""
[3.935s] -- Installing: /home/mtrn/ros2_ws/src/blue_detector_msgs/install/interface/lib/libinterface__rosidl_typesupport_c.so
[3.935s] -- Set runtime path of "/home/mtrn/ros2_ws/src/blue_detector_msgs/install/interface/lib/libinterface__rosidl_typesupport_c.so" to ""
[3.935s] -- Up-to-date: /home/mtrn/ros2_ws/src/blue_detector_msgs/install/interface/include/interface/interface
[3.935s] -- Up-to-date: /home/mtrn/ros2_ws/src/blue_detector_msgs/install/interface/include/interface/interface/msg
[3.935s] -- Up-to-date: /home/mtrn/ros2_ws/src/blue_detector_msgs/install/interface/include/interface/interface/msg/detail
[3.935s] -- Installing: /home/mtrn/ros2_ws/src/blue_detector_msgs/install/interface/include/interface/interface/msg/detail/marker_data__type_support.cpp
[3.935s] -- Installing: /home/mtrn/ros2_ws/src/blue_detector_msgs/install/interface/include/interface/interface/msg/detail/marker_data__rosidl_typesupport_introspection_cpp.hpp
[3.935s] -- Installing: /home/mtrn/ros2_ws/src/blue_detector_msgs/install/interface/lib/libinterface__rosidl_typesupport_introspection_cpp.so
[3.935s] -- Set runtime path of "/home/mtrn/ros2_ws/src/blue_detector_msgs/install/interface/lib/libinterface__rosidl_typesupport_introspection_cpp.so" to ""
[3.935s] -- Installing: /home/mtrn/ros2_ws/src/blue_detector_msgs/install/interface/lib/libinterface__rosidl_typesupport_cpp.so
[3.935s] -- Set runtime path of "/home/mtrn/ros2_ws/src/blue_detector_msgs/install/interface/lib/libinterface__rosidl_typesupport_cpp.so" to ""
[3.935s] -- Installing: /home/mtrn/ros2_ws/src/blue_detector_msgs/install/interface/share/interface/environment/pythonpath.sh
[3.935s] -- Installing: /home/mtrn/ros2_ws/src/blue_detector_msgs/install/interface/share/interface/environment/pythonpath.dsv
[3.937s] -- Installing: /home/mtrn/ros2_ws/src/blue_detector_msgs/install/interface/local/lib/python3.10/dist-packages/interface-0.0.0-py3.10.egg-info
[3.937s] -- Installing: /home/mtrn/ros2_ws/src/blue_detector_msgs/install/interface/local/lib/python3.10/dist-packages/interface-0.0.0-py3.10.egg-info/top_level.txt
[3.937s] -- Installing: /home/mtrn/ros2_ws/src/blue_detector_msgs/install/interface/local/lib/python3.10/dist-packages/interface-0.0.0-py3.10.egg-info/SOURCES.txt
[3.937s] -- Installing: /home/mtrn/ros2_ws/src/blue_detector_msgs/install/interface/local/lib/python3.10/dist-packages/interface-0.0.0-py3.10.egg-info/PKG-INFO
[3.937s] -- Installing: /home/mtrn/ros2_ws/src/blue_detector_msgs/install/interface/local/lib/python3.10/dist-packages/interface-0.0.0-py3.10.egg-info/dependency_links.txt
[3.937s] -- Installing: /home/mtrn/ros2_ws/src/blue_detector_msgs/install/interface/local/lib/python3.10/dist-packages/interface
[3.937s] -- Installing: /home/mtrn/ros2_ws/src/blue_detector_msgs/install/interface/local/lib/python3.10/dist-packages/interface/interface_s__rosidl_typesupport_introspection_c.cpython-310-x86_64-linux-gnu.so
[3.937s] -- Installing: /home/mtrn/ros2_ws/src/blue_detector_msgs/install/interface/local/lib/python3.10/dist-packages/interface/_interface_s.ep.rosidl_typesupport_introspection_c.c
[3.937s] -- Installing: /home/mtrn/ros2_ws/src/blue_detector_msgs/install/interface/local/lib/python3.10/dist-packages/interface/interface_s__rosidl_typesupport_fastrtps_c.cpython-310-x86_64-linux-gnu.so
[3.937s] -- Installing: /home/mtrn/ros2_ws/src/blue_detector_msgs/install/interface/local/lib/python3.10/dist-packages/interface/_interface_s.ep.rosidl_typesupport_c.c
[3.937s] -- Installing: /home/mtrn/ros2_ws/src/blue_detector_msgs/install/interface/local/lib/python3.10/dist-packages/interface/_interface_s.ep.rosidl_typesupport_fastrtps_c.c
[3.937s] -- Installing: /home/mtrn/ros2_ws/src/blue_detector_msgs/install/interface/local/lib/python3.10/dist-packages/interface/interface_s__rosidl_typesupport_c.cpython-310-x86_64-linux-gnu.so
[3.938s] -- Installing: /home/mtrn/ros2_ws/src/blue_detector_msgs/install/interface/local/lib/python3.10/dist-packages/interface/libinterface__rosidl_generator_py.so
[3.938s] -- Installing: /home/mtrn/ros2_ws/src/blue_detector_msgs/install/interface/local/lib/python3.10/dist-packages/interface/msg
[3.938s] -- Installing: /home/mtrn/ros2_ws/src/blue_detector_msgs/install/interface/local/lib/python3.10/dist-packages/interface/msg/_marker_data_s.c
[3.938s] -- Installing: /home/mtrn/ros2_ws/src/blue_detector_msgs/install/interface/local/lib/python3.10/dist-packages/interface/msg/__init__.py
[3.938s] -- Installing: /home/mtrn/ros2_ws/src/blue_detector_msgs/install/interface/local/lib/python3.10/dist-packages/interface/msg/_marker_data.py
[3.938s] -- Installing: /home/mtrn/ros2_ws/src/blue_detector_msgs/install/interface/local/lib/python3.10/dist-packages/interface/__init__.py
[3.972s] Listing '/home/mtrn/ros2_ws/src/blue_detector_msgs/install/interface/local/lib/python3.10/dist-packages/interface'...
[3.972s] Compiling '/home/mtrn/ros2_ws/src/blue_detector_msgs/install/interface/local/lib/python3.10/dist-packages/interface/__init__.py'...
[3.972s] Listing '/home/mtrn/ros2_ws/src/blue_detector_msgs/install/interface/local/lib/python3.10/dist-packages/interface/msg'...
[3.972s] Compiling '/home/mtrn/ros2_ws/src/blue_detector_msgs/install/interface/local/lib/python3.10/dist-packages/interface/msg/__init__.py'...
[3.972s] Compiling '/home/mtrn/ros2_ws/src/blue_detector_msgs/install/interface/local/lib/python3.10/dist-packages/interface/msg/_marker_data.py'...
[3.977s] -- Installing: /home/mtrn/ros2_ws/src/blue_detector_msgs/install/interface/local/lib/python3.10/dist-packages/interface/interface_s__rosidl_typesupport_fastrtps_c.cpython-310-x86_64-linux-gnu.so
[3.977s] -- Set runtime path of "/home/mtrn/ros2_ws/src/blue_detector_msgs/install/interface/local/lib/python3.10/dist-packages/interface/interface_s__rosidl_typesupport_fastrtps_c.cpython-310-x86_64-linux-gnu.so" to ""
[3.977s] -- Installing: /home/mtrn/ros2_ws/src/blue_detector_msgs/install/interface/local/lib/python3.10/dist-packages/interface/interface_s__rosidl_typesupport_introspection_c.cpython-310-x86_64-linux-gnu.so
[3.977s] -- Set runtime path of "/home/mtrn/ros2_ws/src/blue_detector_msgs/install/interface/local/lib/python3.10/dist-packages/interface/interface_s__rosidl_typesupport_introspection_c.cpython-310-x86_64-linux-gnu.so" to ""
[3.977s] -- Installing: /home/mtrn/ros2_ws/src/blue_detector_msgs/install/interface/local/lib/python3.10/dist-packages/interface/interface_s__rosidl_typesupport_c.cpython-310-x86_64-linux-gnu.so
[3.978s] -- Set runtime path of "/home/mtrn/ros2_ws/src/blue_detector_msgs/install/interface/local/lib/python3.10/dist-packages/interface/interface_s__rosidl_typesupport_c.cpython-310-x86_64-linux-gnu.so" to ""
[3.978s] -- Installing: /home/mtrn/ros2_ws/src/blue_detector_msgs/install/interface/lib/libinterface__rosidl_generator_py.so
[3.978s] -- Set runtime path of "/home/mtrn/ros2_ws/src/blue_detector_msgs/install/interface/lib/libinterface__rosidl_generator_py.so" to ""
[3.978s] -- Installing: /home/mtrn/ros2_ws/src/blue_detector_msgs/install/interface/share/interface/msg/MarkerData.idl
[3.978s] -- Installing: /home/mtrn/ros2_ws/src/blue_detector_msgs/install/interface/share/interface/msg/MarkerData.msg
[3.978s] -- Installing: /home/mtrn/ros2_ws/src/blue_detector_msgs/install/interface/share/ament_index/resource_index/package_run_dependencies/interface
[3.978s] -- Installing: /home/mtrn/ros2_ws/src/blue_detector_msgs/install/interface/share/ament_index/resource_index/parent_prefix_path/interface
[3.979s] -- Installing: /home/mtrn/ros2_ws/src/blue_detector_msgs/install/interface/share/interface/environment/ament_prefix_path.sh
[3.979s] -- Installing: /home/mtrn/ros2_ws/src/blue_detector_msgs/install/interface/share/interface/environment/ament_prefix_path.dsv
[3.979s] -- Installing: /home/mtrn/ros2_ws/src/blue_detector_msgs/install/interface/share/interface/environment/path.sh
[3.979s] -- Installing: /home/mtrn/ros2_ws/src/blue_detector_msgs/install/interface/share/interface/environment/path.dsv
[3.979s] -- Installing: /home/mtrn/ros2_ws/src/blue_detector_msgs/install/interface/share/interface/local_setup.bash
[3.979s] -- Installing: /home/mtrn/ros2_ws/src/blue_detector_msgs/install/interface/share/interface/local_setup.sh
[3.979s] -- Installing: /home/mtrn/ros2_ws/src/blue_detector_msgs/install/interface/share/interface/local_setup.zsh
[3.979s] -- Installing: /home/mtrn/ros2_ws/src/blue_detector_msgs/install/interface/share/interface/local_setup.dsv
[3.980s] -- Installing: /home/mtrn/ros2_ws/src/blue_detector_msgs/install/interface/share/interface/package.dsv
[3.980s] -- Installing: /home/mtrn/ros2_ws/src/blue_detector_msgs/install/interface/share/ament_index/resource_index/packages/interface
[3.980s] -- Installing: /home/mtrn/ros2_ws/src/blue_detector_msgs/install/interface/share/interface/cmake/export_interface__rosidl_generator_cExport.cmake
[3.980s] -- Installing: /home/mtrn/ros2_ws/src/blue_detector_msgs/install/interface/share/interface/cmake/export_interface__rosidl_generator_cExport-noconfig.cmake
[3.980s] -- Installing: /home/mtrn/ros2_ws/src/blue_detector_msgs/install/interface/share/interface/cmake/export_interface__rosidl_typesupport_fastrtps_cExport.cmake
[3.980s] -- Installing: /home/mtrn/ros2_ws/src/blue_detector_msgs/install/interface/share/interface/cmake/export_interface__rosidl_typesupport_fastrtps_cExport-noconfig.cmake
[3.981s] -- Installing: /home/mtrn/ros2_ws/src/blue_detector_msgs/install/interface/share/interface/cmake/export_interface__rosidl_generator_cppExport.cmake
[3.981s] -- Installing: /home/mtrn/ros2_ws/src/blue_detector_msgs/install/interface/share/interface/cmake/export_interface__rosidl_typesupport_fastrtps_cppExport.cmake
[3.981s] -- Installing: /home/mtrn/ros2_ws/src/blue_detector_msgs/install/interface/share/interface/cmake/export_interface__rosidl_typesupport_fastrtps_cppExport-noconfig.cmake
[3.981s] -- Installing: /home/mtrn/ros2_ws/src/blue_detector_msgs/install/interface/share/interface/cmake/interface__rosidl_typesupport_introspection_cExport.cmake
[3.983s] -- Installing: /home/mtrn/ros2_ws/src/blue_detector_msgs/install/interface/share/interface/cmake/interface__rosidl_typesupport_introspection_cExport-noconfig.cmake
[3.983s] -- Installing: /home/mtrn/ros2_ws/src/blue_detector_msgs/install/interface/share/interface/cmake/interface__rosidl_typesupport_cExport.cmake
[3.983s] -- Installing: /home/mtrn/ros2_ws/src/blue_detector_msgs/install/interface/share/interface/cmake/interface__rosidl_typesupport_cExport-noconfig.cmake
[3.983s] -- Installing: /home/mtrn/ros2_ws/src/blue_detector_msgs/install/interface/share/interface/cmake/interface__rosidl_typesupport_introspection_cppExport.cmake
[3.983s] -- Installing: /home/mtrn/ros2_ws/src/blue_detector_msgs/install/interface/share/interface/cmake/interface__rosidl_typesupport_introspection_cppExport-noconfig.cmake
[3.983s] -- Installing: /home/mtrn/ros2_ws/src/blue_detector_msgs/install/interface/share/interface/cmake/interface__rosidl_typesupport_cppExport.cmake
[3.983s] -- Installing: /home/mtrn/ros2_ws/src/blue_detector_msgs/install/interface/share/interface/cmake/interface__rosidl_typesupport_cppExport-noconfig.cmake
[3.983s] -- Installing: /home/mtrn/ros2_ws/src/blue_detector_msgs/install/interface/share/interface/cmake/export_interface__rosidl_generator_pyExport.cmake
[3.983s] -- Installing: /home/mtrn/ros2_ws/src/blue_detector_msgs/install/interface/share/interface/cmake/export_interface__rosidl_generator_pyExport-noconfig.cmake
[3.983s] -- Installing: /home/mtrn/ros2_ws/src/blue_detector_msgs/install/interface/share/interface/cmake/rosidl_cmake-extras.cmake
[3.983s] -- Installing: /home/mtrn/ros2_ws/src/blue_detector_msgs/install/interface/share/interface/cmake/ament_cmake_export_dependencies-extras.cmake
[3.983s] -- Installing: /home/mtrn/ros2_ws/src/blue_detector_msgs/install/interface/share/interface/cmake/ament_cmake_export_include_directories-extras.cmake
[3.984s] -- Installing: /home/mtrn/ros2_ws/src/blue_detector_msgs/install/interface/share/interface/cmake/ament_cmake_export_libraries-extras.cmake
[3.984s] -- Installing: /home/mtrn/ros2_ws/src/blue_detector_msgs/install/interface/share/interface/cmake/ament_cmake_export_targets-extras.cmake
[3.984s] -- Installing: /home/mtrn/ros2_ws/src/blue_detector_msgs/install/interface/share/interface/cmake/rosidl_cmake_export_typesupport_targets-extras.cmake
[3.984s] -- Installing: /home/mtrn/ros2_ws/src/blue_detector_msgs/install/interface/share/interface/cmake/rosidl_cmake_export_typesupport_libraries-extras.cmake
[3.984s] -- Installing: /home/mtrn/ros2_ws/src/blue_detector_msgs/install/interface/share/interface/cmake/interfaceConfig.cmake
[3.984s] -- Installing: /home/mtrn/ros2_ws/src/blue_detector_msgs/install/interface/share/interface/cmake/interfaceConfig-version.cmake
[3.984s] -- Installing: /home/mtrn/ros2_ws/src/blue_detector_msgs/install/interface/share/interface/package.xml
[3.988s] Invoked command in '/home/mtrn/ros2_ws/src/blue_detector_msgs/build/interface' returned '0': CMAKE_PREFIX_PATH=/home/mtrn/ros2_ws/src/install/blue_detector:/home/mtrn/4231/ws_moveit2/install/moveit_configs_utils:/home/mtrn/4231/ws_moveit2/install/launch_param_builder:/opt/ros/humble:${CMAKE_PREFIX_PATH} /usr/bin/cmake --install /home/mtrn/ros2_ws/src/blue_detector_msgs/build/interface
