-- Found ament_cmake: 1.3.5 (/opt/ros/humble/share/ament_cmake/cmake)
-- Found geometry_msgs: 4.2.3 (/opt/ros/humble/share/geometry_msgs/cmake)
-- Found rosidl_generator_c: 3.1.5 (/opt/ros/humble/share/rosidl_generator_c/cmake)
-- Found rosidl_adapter: 3.1.5 (/opt/ros/humble/share/rosidl_adapter/cmake)
-- Found rosidl_generator_cpp: 3.1.5 (/opt/ros/humble/share/rosidl_generator_cpp/cmake)
-- Using all available rosidl_typesupport_c: rosidl_typesupport_fastrtps_c;rosidl_typesupport_introspection_c
-- Using all available rosidl_typesupport_cpp: rosidl_typesupport_fastrtps_cpp;rosidl_typesupport_introspection_cpp
-- Found rosidl_default_generators: 1.2.0 (/opt/ros/humble/share/rosidl_default_generators/cmake)
-- Found ament_cmake_ros: 0.10.0 (/opt/ros/humble/share/ament_cmake_ros/cmake)
-- Using all available rosidl_typesupport_c: rosidl_typesupport_fastrtps_c;rosidl_typesupport_introspection_c
-- Using all available rosidl_typesupport_cpp: rosidl_typesupport_fastrtps_cpp;rosidl_typesupport_introspection_cpp
-- Found python_cmake_module: 0.10.0 (/opt/ros/humble/share/python_cmake_module/cmake)
-- Using PYTHON_EXECUTABLE: /usr/bin/python3
-- Using PYTHON_INCLUDE_DIRS: /usr/include/python3.10
-- Using PYTHON_LIBRARIES: /usr/lib/x86_64-linux-gnu/libpython3.10.so
-- Found ament_lint_auto: 0.12.7 (/opt/ros/humble/share/ament_lint_auto/cmake)
-- Added test 'copyright' to check source files copyright and LICENSE
-- Added test 'cppcheck' to perform static code analysis on C / C++ code
-- Configured cppcheck include dirs: 
-- Configured cppcheck exclude dirs and/or files: 
-- Added test 'cpplint' to check C / C++ code against the Google style
-- Configured cpplint exclude dirs and/or files: 
-- Added test 'flake8' to check Python code syntax and style conventions
-- Added test 'lint_cmake' to check CMake code style
-- Added test 'pep257' to check Python code against some of the docstring style conventions in PEP 257
-- Added test 'uncrustify' to check C / C++ code style
-- Configured uncrustify additional arguments: 
-- Added test 'xmllint' to check XML markup files
-- Configuring done
-- Generating done
-- Build files have been written to: /home/mtrn/ros2_ws/build/interface
[35m[1mConsolidate compiler generated dependencies of target interface__rosidl_generator_c[0m
[  3%] [32mBuilding C object CMakeFiles/interface__rosidl_generator_c.dir/rosidl_generator_c/interface/msg/detail/marker_data__functions.c.o[0m
[  6%] Built target interface__cpp
[  6%] Built target ament_cmake_python_copy_interface
[35m[1mConsolidate compiler generated dependencies of target interface__rosidl_typesupport_cpp[0m
[35m[1mConsolidate compiler generated dependencies of target interface__rosidl_typesupport_fastrtps_cpp[0m
[35m[1mConsolidate compiler generated dependencies of target interface__rosidl_typesupport_introspection_cpp[0m
[  9%] [32mBuilding CXX object CMakeFiles/interface__rosidl_typesupport_cpp.dir/rosidl_typesupport_cpp/interface/msg/marker_data__type_support.cpp.o[0m
[ 12%] [32mBuilding CXX object CMakeFiles/interface__rosidl_typesupport_fastrtps_cpp.dir/rosidl_typesupport_fastrtps_cpp/interface/msg/detail/dds_fastrtps/marker_data__type_support.cpp.o[0m
[ 16%] [32mBuilding CXX object CMakeFiles/interface__rosidl_typesupport_introspection_cpp.dir/rosidl_typesupport_introspection_cpp/interface/msg/detail/marker_data__type_support.cpp.o[0m
[ 19%] [32m[1mLinking C shared library libinterface__rosidl_generator_c.so[0m
[ 22%] Built target interface__rosidl_generator_c
[ 25%] [32m[1mLinking CXX shared library libinterface__rosidl_typesupport_cpp.so[0m
[ 29%] Built target interface__rosidl_typesupport_cpp
[35m[1mConsolidate compiler generated dependencies of target interface__rosidl_typesupport_fastrtps_c[0m
running egg_info
writing interface.egg-info/PKG-INFO
writing dependency_links to interface.egg-info/dependency_links.txt
writing top-level names to interface.egg-info/top_level.txt
reading manifest file 'interface.egg-info/SOURCES.txt'
writing manifest file 'interface.egg-info/SOURCES.txt'
[ 32%] [32mBuilding CXX object CMakeFiles/interface__rosidl_typesupport_fastrtps_c.dir/rosidl_typesupport_fastrtps_c/interface/msg/detail/marker_data__type_support_c.cpp.o[0m
[ 32%] Built target ament_cmake_python_build_interface_egg
[35m[1mConsolidate compiler generated dependencies of target interface__rosidl_typesupport_introspection_c[0m
[ 35%] [32mBuilding C object CMakeFiles/interface__rosidl_typesupport_introspection_c.dir/rosidl_typesupport_introspection_c/interface/msg/detail/marker_data__type_support.c.o[0m
[ 38%] [32m[1mLinking CXX shared library libinterface__rosidl_typesupport_fastrtps_cpp.so[0m
[ 41%] [32m[1mLinking C shared library libinterface__rosidl_typesupport_introspection_c.so[0m
[ 45%] [32m[1mLinking CXX shared library libinterface__rosidl_typesupport_introspection_cpp.so[0m
[ 48%] Built target interface__rosidl_typesupport_introspection_c
[35m[1mConsolidate compiler generated dependencies of target interface__rosidl_typesupport_c[0m
[ 51%] Built target interface__rosidl_typesupport_fastrtps_cpp
[ 54%] [32mBuilding CXX object CMakeFiles/interface__rosidl_typesupport_c.dir/rosidl_typesupport_c/interface/msg/marker_data__type_support.cpp.o[0m
[ 58%] Built target interface__rosidl_typesupport_introspection_cpp
[ 61%] [32m[1mLinking CXX shared library libinterface__rosidl_typesupport_c.so[0m
[ 64%] Built target interface__rosidl_typesupport_c
[ 67%] [32m[1mLinking CXX shared library libinterface__rosidl_typesupport_fastrtps_c.so[0m
[ 70%] Built target interface__rosidl_typesupport_fastrtps_c
[ 70%] Built target interface
[ 74%] Built target interface__py
[35m[1mConsolidate compiler generated dependencies of target interface__rosidl_generator_py[0m
[ 77%] [32mBuilding C object CMakeFiles/interface__rosidl_generator_py.dir/rosidl_generator_py/interface/msg/_marker_data_s.c.o[0m
[ 80%] [32m[1mLinking C shared library rosidl_generator_py/interface/libinterface__rosidl_generator_py.so[0m
[ 80%] Built target interface__rosidl_generator_py
[35m[1mConsolidate compiler generated dependencies of target interface__rosidl_typesupport_c__pyext[0m
[35m[1mConsolidate compiler generated dependencies of target interface__rosidl_typesupport_introspection_c__pyext[0m
[35m[1mConsolidate compiler generated dependencies of target interface__rosidl_typesupport_fastrtps_c__pyext[0m
[ 87%] [32mBuilding C object CMakeFiles/interface__rosidl_typesupport_fastrtps_c__pyext.dir/rosidl_generator_py/interface/_interface_s.ep.rosidl_typesupport_fastrtps_c.c.o[0m
[ 87%] [32mBuilding C object CMakeFiles/interface__rosidl_typesupport_c__pyext.dir/rosidl_generator_py/interface/_interface_s.ep.rosidl_typesupport_c.c.o[0m
[ 90%] [32mBuilding C object CMakeFiles/interface__rosidl_typesupport_introspection_c__pyext.dir/rosidl_generator_py/interface/_interface_s.ep.rosidl_typesupport_introspection_c.c.o[0m
[ 96%] [32m[1mLinking C shared library rosidl_generator_py/interface/interface_s__rosidl_typesupport_fastrtps_c.cpython-310-x86_64-linux-gnu.so[0m
[ 96%] [32m[1mLinking C shared library rosidl_generator_py/interface/interface_s__rosidl_typesupport_c.cpython-310-x86_64-linux-gnu.so[0m
[100%] [32m[1mLinking C shared library rosidl_generator_py/interface/interface_s__rosidl_typesupport_introspection_c.cpython-310-x86_64-linux-gnu.so[0m
[100%] Built target interface__rosidl_typesupport_fastrtps_c__pyext
[100%] Built target interface__rosidl_typesupport_c__pyext
[100%] Built target interface__rosidl_typesupport_introspection_c__pyext
-- Install configuration: ""
-- Up-to-date: /home/mtrn/ros2_ws/install/interface/share/ament_index/resource_index/rosidl_interfaces/interface
-- Up-to-date: /home/mtrn/ros2_ws/install/interface/include/interface/interface
-- Up-to-date: /home/mtrn/ros2_ws/install/interface/include/interface/interface/msg
-- Up-to-date: /home/mtrn/ros2_ws/install/interface/include/interface/interface/msg/rosidl_generator_c__visibility_control.h
-- Up-to-date: /home/mtrn/ros2_ws/install/interface/include/interface/interface/msg/detail
-- Up-to-date: /home/mtrn/ros2_ws/install/interface/include/interface/interface/msg/detail/marker_data__functions.c
-- Up-to-date: /home/mtrn/ros2_ws/install/interface/include/interface/interface/msg/detail/marker_data__struct.h
-- Up-to-date: /home/mtrn/ros2_ws/install/interface/include/interface/interface/msg/detail/marker_data__functions.h
-- Up-to-date: /home/mtrn/ros2_ws/install/interface/include/interface/interface/msg/detail/marker_data__type_support.h
-- Up-to-date: /home/mtrn/ros2_ws/install/interface/include/interface/interface/msg/marker_data.h
-- Up-to-date: /home/mtrn/ros2_ws/install/interface/share/interface/environment/library_path.sh
-- Installing: /home/mtrn/ros2_ws/install/interface/share/interface/environment/library_path.dsv
-- Installing: /home/mtrn/ros2_ws/install/interface/lib/libinterface__rosidl_generator_c.so
-- Set runtime path of "/home/mtrn/ros2_ws/install/interface/lib/libinterface__rosidl_generator_c.so" to ""
-- Up-to-date: /home/mtrn/ros2_ws/install/interface/include/interface/interface
-- Up-to-date: /home/mtrn/ros2_ws/install/interface/include/interface/interface/msg
-- Up-to-date: /home/mtrn/ros2_ws/install/interface/include/interface/interface/msg/rosidl_typesupport_fastrtps_c__visibility_control.h
-- Up-to-date: /home/mtrn/ros2_ws/install/interface/include/interface/interface/msg/detail
-- Up-to-date: /home/mtrn/ros2_ws/install/interface/include/interface/interface/msg/detail/marker_data__rosidl_typesupport_fastrtps_c.h
-- Installing: /home/mtrn/ros2_ws/install/interface/lib/libinterface__rosidl_typesupport_fastrtps_c.so
-- Set runtime path of "/home/mtrn/ros2_ws/install/interface/lib/libinterface__rosidl_typesupport_fastrtps_c.so" to ""
-- Up-to-date: /home/mtrn/ros2_ws/install/interface/include/interface/interface
-- Up-to-date: /home/mtrn/ros2_ws/install/interface/include/interface/interface/msg
-- Up-to-date: /home/mtrn/ros2_ws/install/interface/include/interface/interface/msg/marker_data.hpp
-- Up-to-date: /home/mtrn/ros2_ws/install/interface/include/interface/interface/msg/detail
-- Up-to-date: /home/mtrn/ros2_ws/install/interface/include/interface/interface/msg/detail/marker_data__builder.hpp
-- Up-to-date: /home/mtrn/ros2_ws/install/interface/include/interface/interface/msg/detail/marker_data__traits.hpp
-- Up-to-date: /home/mtrn/ros2_ws/install/interface/include/interface/interface/msg/detail/marker_data__struct.hpp
-- Up-to-date: /home/mtrn/ros2_ws/install/interface/include/interface/interface
-- Up-to-date: /home/mtrn/ros2_ws/install/interface/include/interface/interface/msg
-- Up-to-date: /home/mtrn/ros2_ws/install/interface/include/interface/interface/msg/detail
-- Up-to-date: /home/mtrn/ros2_ws/install/interface/include/interface/interface/msg/detail/marker_data__rosidl_typesupport_fastrtps_cpp.hpp
-- Up-to-date: /home/mtrn/ros2_ws/install/interface/include/interface/interface/msg/detail/dds_fastrtps
-- Up-to-date: /home/mtrn/ros2_ws/install/interface/include/interface/interface/msg/rosidl_typesupport_fastrtps_cpp__visibility_control.h
-- Installing: /home/mtrn/ros2_ws/install/interface/lib/libinterface__rosidl_typesupport_fastrtps_cpp.so
-- Set runtime path of "/home/mtrn/ros2_ws/install/interface/lib/libinterface__rosidl_typesupport_fastrtps_cpp.so" to ""
-- Up-to-date: /home/mtrn/ros2_ws/install/interface/include/interface/interface
-- Up-to-date: /home/mtrn/ros2_ws/install/interface/include/interface/interface/msg
-- Up-to-date: /home/mtrn/ros2_ws/install/interface/include/interface/interface/msg/rosidl_typesupport_introspection_c__visibility_control.h
-- Up-to-date: /home/mtrn/ros2_ws/install/interface/include/interface/interface/msg/detail
-- Up-to-date: /home/mtrn/ros2_ws/install/interface/include/interface/interface/msg/detail/marker_data__rosidl_typesupport_introspection_c.h
-- Up-to-date: /home/mtrn/ros2_ws/install/interface/include/interface/interface/msg/detail/marker_data__type_support.c
-- Installing: /home/mtrn/ros2_ws/install/interface/lib/libinterface__rosidl_typesupport_introspection_c.so
-- Set runtime path of "/home/mtrn/ros2_ws/install/interface/lib/libinterface__rosidl_typesupport_introspection_c.so" to ""
-- Installing: /home/mtrn/ros2_ws/install/interface/lib/libinterface__rosidl_typesupport_c.so
-- Set runtime path of "/home/mtrn/ros2_ws/install/interface/lib/libinterface__rosidl_typesupport_c.so" to ""
-- Up-to-date: /home/mtrn/ros2_ws/install/interface/include/interface/interface
-- Up-to-date: /home/mtrn/ros2_ws/install/interface/include/interface/interface/msg
-- Up-to-date: /home/mtrn/ros2_ws/install/interface/include/interface/interface/msg/detail
-- Up-to-date: /home/mtrn/ros2_ws/install/interface/include/interface/interface/msg/detail/marker_data__type_support.cpp
-- Up-to-date: /home/mtrn/ros2_ws/install/interface/include/interface/interface/msg/detail/marker_data__rosidl_typesupport_introspection_cpp.hpp
-- Installing: /home/mtrn/ros2_ws/install/interface/lib/libinterface__rosidl_typesupport_introspection_cpp.so
-- Set runtime path of "/home/mtrn/ros2_ws/install/interface/lib/libinterface__rosidl_typesupport_introspection_cpp.so" to ""
-- Installing: /home/mtrn/ros2_ws/install/interface/lib/libinterface__rosidl_typesupport_cpp.so
-- Set runtime path of "/home/mtrn/ros2_ws/install/interface/lib/libinterface__rosidl_typesupport_cpp.so" to ""
-- Up-to-date: /home/mtrn/ros2_ws/install/interface/share/interface/environment/pythonpath.sh
-- Installing: /home/mtrn/ros2_ws/install/interface/share/interface/environment/pythonpath.dsv
-- Up-to-date: /home/mtrn/ros2_ws/install/interface/local/lib/python3.10/dist-packages/interface-0.0.0-py3.10.egg-info
-- Installing: /home/mtrn/ros2_ws/install/interface/local/lib/python3.10/dist-packages/interface-0.0.0-py3.10.egg-info/top_level.txt
-- Installing: /home/mtrn/ros2_ws/install/interface/local/lib/python3.10/dist-packages/interface-0.0.0-py3.10.egg-info/SOURCES.txt
-- Installing: /home/mtrn/ros2_ws/install/interface/local/lib/python3.10/dist-packages/interface-0.0.0-py3.10.egg-info/PKG-INFO
-- Installing: /home/mtrn/ros2_ws/install/interface/local/lib/python3.10/dist-packages/interface-0.0.0-py3.10.egg-info/dependency_links.txt
-- Up-to-date: /home/mtrn/ros2_ws/install/interface/local/lib/python3.10/dist-packages/interface
-- Installing: /home/mtrn/ros2_ws/install/interface/local/lib/python3.10/dist-packages/interface/interface_s__rosidl_typesupport_introspection_c.cpython-310-x86_64-linux-gnu.so
-- Up-to-date: /home/mtrn/ros2_ws/install/interface/local/lib/python3.10/dist-packages/interface/_interface_s.ep.rosidl_typesupport_introspection_c.c
-- Installing: /home/mtrn/ros2_ws/install/interface/local/lib/python3.10/dist-packages/interface/interface_s__rosidl_typesupport_fastrtps_c.cpython-310-x86_64-linux-gnu.so
-- Up-to-date: /home/mtrn/ros2_ws/install/interface/local/lib/python3.10/dist-packages/interface/_interface_s.ep.rosidl_typesupport_c.c
-- Up-to-date: /home/mtrn/ros2_ws/install/interface/local/lib/python3.10/dist-packages/interface/_interface_s.ep.rosidl_typesupport_fastrtps_c.c
-- Installing: /home/mtrn/ros2_ws/install/interface/local/lib/python3.10/dist-packages/interface/interface_s__rosidl_typesupport_c.cpython-310-x86_64-linux-gnu.so
-- Installing: /home/mtrn/ros2_ws/install/interface/local/lib/python3.10/dist-packages/interface/libinterface__rosidl_generator_py.so
-- Up-to-date: /home/mtrn/ros2_ws/install/interface/local/lib/python3.10/dist-packages/interface/msg
-- Up-to-date: /home/mtrn/ros2_ws/install/interface/local/lib/python3.10/dist-packages/interface/msg/_marker_data_s.c
-- Up-to-date: /home/mtrn/ros2_ws/install/interface/local/lib/python3.10/dist-packages/interface/msg/__init__.py
-- Up-to-date: /home/mtrn/ros2_ws/install/interface/local/lib/python3.10/dist-packages/interface/msg/_marker_data.py
-- Installing: /home/mtrn/ros2_ws/install/interface/local/lib/python3.10/dist-packages/interface/__init__.py
Listing '/home/mtrn/ros2_ws/install/interface/local/lib/python3.10/dist-packages/interface'...
Compiling '/home/mtrn/ros2_ws/install/interface/local/lib/python3.10/dist-packages/interface/__init__.py'...
Listing '/home/mtrn/ros2_ws/install/interface/local/lib/python3.10/dist-packages/interface/msg'...
-- Installing: /home/mtrn/ros2_ws/install/interface/local/lib/python3.10/dist-packages/interface/interface_s__rosidl_typesupport_fastrtps_c.cpython-310-x86_64-linux-gnu.so
-- Set runtime path of "/home/mtrn/ros2_ws/install/interface/local/lib/python3.10/dist-packages/interface/interface_s__rosidl_typesupport_fastrtps_c.cpython-310-x86_64-linux-gnu.so" to ""
-- Installing: /home/mtrn/ros2_ws/install/interface/local/lib/python3.10/dist-packages/interface/interface_s__rosidl_typesupport_introspection_c.cpython-310-x86_64-linux-gnu.so
-- Set runtime path of "/home/mtrn/ros2_ws/install/interface/local/lib/python3.10/dist-packages/interface/interface_s__rosidl_typesupport_introspection_c.cpython-310-x86_64-linux-gnu.so" to ""
-- Installing: /home/mtrn/ros2_ws/install/interface/local/lib/python3.10/dist-packages/interface/interface_s__rosidl_typesupport_c.cpython-310-x86_64-linux-gnu.so
-- Set runtime path of "/home/mtrn/ros2_ws/install/interface/local/lib/python3.10/dist-packages/interface/interface_s__rosidl_typesupport_c.cpython-310-x86_64-linux-gnu.so" to ""
-- Installing: /home/mtrn/ros2_ws/install/interface/lib/libinterface__rosidl_generator_py.so
-- Set runtime path of "/home/mtrn/ros2_ws/install/interface/lib/libinterface__rosidl_generator_py.so" to ""
-- Up-to-date: /home/mtrn/ros2_ws/install/interface/share/interface/msg/MarkerData.idl
-- Installing: /home/mtrn/ros2_ws/install/interface/share/interface/msg/MarkerData.msg
-- Up-to-date: /home/mtrn/ros2_ws/install/interface/share/ament_index/resource_index/package_run_dependencies/interface
-- Up-to-date: /home/mtrn/ros2_ws/install/interface/share/ament_index/resource_index/parent_prefix_path/interface
-- Up-to-date: /home/mtrn/ros2_ws/install/interface/share/interface/environment/ament_prefix_path.sh
-- Installing: /home/mtrn/ros2_ws/install/interface/share/interface/environment/ament_prefix_path.dsv
-- Up-to-date: /home/mtrn/ros2_ws/install/interface/share/interface/environment/path.sh
-- Installing: /home/mtrn/ros2_ws/install/interface/share/interface/environment/path.dsv
-- Up-to-date: /home/mtrn/ros2_ws/install/interface/share/interface/local_setup.bash
-- Up-to-date: /home/mtrn/ros2_ws/install/interface/share/interface/local_setup.sh
-- Up-to-date: /home/mtrn/ros2_ws/install/interface/share/interface/local_setup.zsh
-- Installing: /home/mtrn/ros2_ws/install/interface/share/interface/local_setup.dsv
-- Installing: /home/mtrn/ros2_ws/install/interface/share/interface/package.dsv
-- Up-to-date: /home/mtrn/ros2_ws/install/interface/share/ament_index/resource_index/packages/interface
-- Old export file "/home/mtrn/ros2_ws/install/interface/share/interface/cmake/export_interface__rosidl_generator_cExport.cmake" will be replaced.  Removing files [/home/mtrn/ros2_ws/install/interface/share/interface/cmake/export_interface__rosidl_generator_cExport-noconfig.cmake].
-- Installing: /home/mtrn/ros2_ws/install/interface/share/interface/cmake/export_interface__rosidl_generator_cExport.cmake
-- Installing: /home/mtrn/ros2_ws/install/interface/share/interface/cmake/export_interface__rosidl_generator_cExport-noconfig.cmake
-- Old export file "/home/mtrn/ros2_ws/install/interface/share/interface/cmake/export_interface__rosidl_typesupport_fastrtps_cExport.cmake" will be replaced.  Removing files [/home/mtrn/ros2_ws/install/interface/share/interface/cmake/export_interface__rosidl_typesupport_fastrtps_cExport-noconfig.cmake].
-- Installing: /home/mtrn/ros2_ws/install/interface/share/interface/cmake/export_interface__rosidl_typesupport_fastrtps_cExport.cmake
-- Installing: /home/mtrn/ros2_ws/install/interface/share/interface/cmake/export_interface__rosidl_typesupport_fastrtps_cExport-noconfig.cmake
-- Installing: /home/mtrn/ros2_ws/install/interface/share/interface/cmake/export_interface__rosidl_generator_cppExport.cmake
-- Old export file "/home/mtrn/ros2_ws/install/interface/share/interface/cmake/export_interface__rosidl_typesupport_fastrtps_cppExport.cmake" will be replaced.  Removing files [/home/mtrn/ros2_ws/install/interface/share/interface/cmake/export_interface__rosidl_typesupport_fastrtps_cppExport-noconfig.cmake].
-- Installing: /home/mtrn/ros2_ws/install/interface/share/interface/cmake/export_interface__rosidl_typesupport_fastrtps_cppExport.cmake
-- Installing: /home/mtrn/ros2_ws/install/interface/share/interface/cmake/export_interface__rosidl_typesupport_fastrtps_cppExport-noconfig.cmake
-- Old export file "/home/mtrn/ros2_ws/install/interface/share/interface/cmake/interface__rosidl_typesupport_introspection_cExport.cmake" will be replaced.  Removing files [/home/mtrn/ros2_ws/install/interface/share/interface/cmake/interface__rosidl_typesupport_introspection_cExport-noconfig.cmake].
-- Installing: /home/mtrn/ros2_ws/install/interface/share/interface/cmake/interface__rosidl_typesupport_introspection_cExport.cmake
-- Installing: /home/mtrn/ros2_ws/install/interface/share/interface/cmake/interface__rosidl_typesupport_introspection_cExport-noconfig.cmake
-- Old export file "/home/mtrn/ros2_ws/install/interface/share/interface/cmake/interface__rosidl_typesupport_cExport.cmake" will be replaced.  Removing files [/home/mtrn/ros2_ws/install/interface/share/interface/cmake/interface__rosidl_typesupport_cExport-noconfig.cmake].
-- Installing: /home/mtrn/ros2_ws/install/interface/share/interface/cmake/interface__rosidl_typesupport_cExport.cmake
-- Installing: /home/mtrn/ros2_ws/install/interface/share/interface/cmake/interface__rosidl_typesupport_cExport-noconfig.cmake
-- Old export file "/home/mtrn/ros2_ws/install/interface/share/interface/cmake/interface__rosidl_typesupport_introspection_cppExport.cmake" will be replaced.  Removing files [/home/mtrn/ros2_ws/install/interface/share/interface/cmake/interface__rosidl_typesupport_introspection_cppExport-noconfig.cmake].
-- Installing: /home/mtrn/ros2_ws/install/interface/share/interface/cmake/interface__rosidl_typesupport_introspection_cppExport.cmake
-- Installing: /home/mtrn/ros2_ws/install/interface/share/interface/cmake/interface__rosidl_typesupport_introspection_cppExport-noconfig.cmake
-- Old export file "/home/mtrn/ros2_ws/install/interface/share/interface/cmake/interface__rosidl_typesupport_cppExport.cmake" will be replaced.  Removing files [/home/mtrn/ros2_ws/install/interface/share/interface/cmake/interface__rosidl_typesupport_cppExport-noconfig.cmake].
-- Installing: /home/mtrn/ros2_ws/install/interface/share/interface/cmake/interface__rosidl_typesupport_cppExport.cmake
-- Installing: /home/mtrn/ros2_ws/install/interface/share/interface/cmake/interface__rosidl_typesupport_cppExport-noconfig.cmake
-- Old export file "/home/mtrn/ros2_ws/install/interface/share/interface/cmake/export_interface__rosidl_generator_pyExport.cmake" will be replaced.  Removing files [/home/mtrn/ros2_ws/install/interface/share/interface/cmake/export_interface__rosidl_generator_pyExport-noconfig.cmake].
-- Installing: /home/mtrn/ros2_ws/install/interface/share/interface/cmake/export_interface__rosidl_generator_pyExport.cmake
-- Installing: /home/mtrn/ros2_ws/install/interface/share/interface/cmake/export_interface__rosidl_generator_pyExport-noconfig.cmake
-- Up-to-date: /home/mtrn/ros2_ws/install/interface/share/interface/cmake/rosidl_cmake-extras.cmake
-- Installing: /home/mtrn/ros2_ws/install/interface/share/interface/cmake/ament_cmake_export_dependencies-extras.cmake
-- Up-to-date: /home/mtrn/ros2_ws/install/interface/share/interface/cmake/ament_cmake_export_include_directories-extras.cmake
-- Up-to-date: /home/mtrn/ros2_ws/install/interface/share/interface/cmake/ament_cmake_export_libraries-extras.cmake
-- Up-to-date: /home/mtrn/ros2_ws/install/interface/share/interface/cmake/ament_cmake_export_targets-extras.cmake
-- Up-to-date: /home/mtrn/ros2_ws/install/interface/share/interface/cmake/rosidl_cmake_export_typesupport_targets-extras.cmake
-- Up-to-date: /home/mtrn/ros2_ws/install/interface/share/interface/cmake/rosidl_cmake_export_typesupport_libraries-extras.cmake
-- Up-to-date: /home/mtrn/ros2_ws/install/interface/share/interface/cmake/interfaceConfig.cmake
-- Up-to-date: /home/mtrn/ros2_ws/install/interface/share/interface/cmake/interfaceConfig-version.cmake
-- Up-to-date: /home/mtrn/ros2_ws/install/interface/share/interface/package.xml
