[0.027s] Invoking command in '/home/mtrn/ros2_ws/build/interface': CMAKE_PREFIX_PATH=/home/mtrn/ros2_ws/install/interface:/home/mtrn/ros2_ws/src/interface/install/interface:/home/mtrn/ros2_ws/install/blue_detector:/home/mtrn/ros2_ws/src/install/blue_detector:/home/mtrn/4231/ws_moveit2/install/moveit_configs_utils:/home/mtrn/4231/ws_moveit2/install/launch_param_builder:/opt/ros/humble:/home/mtrn/ros2_ws/src/interface/install/blue_detector_msgs:/home/mtrn/ros2_ws/src/blue_detector_msgs/install/interface:/home/mtrn/ros2_ws/src/install/blue_detector_msgs:/home/mtrn/ros2_ws/src/blue_detector_msgs/install/blue_detector_msgs:/home/mtrn/4231/ros_ur_driver/install/ur:/home/mtrn/4231/ros_ur_driver/install/ur_calibration:/home/mtrn/4231/ros_ur_driver/install/ur_robot_driver:/home/mtrn/4231/ros_ur_driver/install/ur_moveit_config:/home/mtrn/4231/ros_ur_driver/install/ur_bringup:/home/mtrn/4231/ros_ur_driver/install/ur_controllers:/home/mtrn/4231/ros_ur_driver/install/ur_dashboard_msgs:/home/mtrn/4231/ws_moveit2/install/pilz_industrial_motion_planner_testutils:/home/mtrn/4231/ws_moveit2/install/moveit_runtime:/home/mtrn/4231/ws_moveit2/install/moveit2_tutorials:/home/mtrn/4231/ws_moveit2/install/moveit:/home/mtrn/4231/ws_moveit2/install/moveit_planners:/home/mtrn/4231/ws_moveit2/install/pilz_industrial_motion_planner:/home/mtrn/4231/ws_moveit2/install/moveit_visual_tools:/home/mtrn/4231/ws_moveit2/install/moveit_task_constructor_visualization:/home/mtrn/4231/ws_moveit2/install/moveit_task_constructor_demo:/home/mtrn/4231/ws_moveit2/install/moveit_task_constructor_capabilities:/home/mtrn/4231/ws_moveit2/install/moveit_task_constructor_core:/home/mtrn/4231/ws_moveit2/install/moveit_ros_control_interface:/home/mtrn/4231/ws_moveit2/install/moveit_plugins:/home/mtrn/4231/ws_moveit2/install/moveit_simple_controller_manager:/home/mtrn/4231/ws_moveit2/install/moveit_setup_assistant:/home/mtrn/4231/ws_moveit2/install/moveit_setup_srdf_plugins:/home/mtrn/4231/ws_moveit2/install/moveit_setup_core_plugins:/home/mtrn/4231/ws_moveit2/install/moveit_setup_controllers:/home/mtrn/4231/ws_moveit2/install/moveit_setup_app_plugins:/home/mtrn/4231/ws_moveit2/install/moveit_setup_framework:/home/mtrn/4231/ws_moveit2/install/moveit_servo:/home/mtrn/4231/ws_moveit2/install/moveit_ros:/home/mtrn/4231/ws_moveit2/install/moveit_ros_visualization:/home/mtrn/4231/ws_moveit2/install/moveit_hybrid_planning:/home/mtrn/4231/ws_moveit2/install/moveit_ros_planning_interface:/home/mtrn/4231/ws_moveit2/install/moveit_ros_benchmarks:/home/mtrn/4231/ws_moveit2/install/moveit_ros_warehouse:/home/mtrn/4231/ws_moveit2/install/moveit_ros_robot_interaction:/home/mtrn/4231/ws_moveit2/install/moveit_ros_perception:/home/mtrn/4231/ws_moveit2/install/moveit_resources_prbt_pg70_support:/home/mtrn/4231/ws_moveit2/install/moveit_resources_prbt_moveit_config:/home/mtrn/4231/ws_moveit2/install/moveit_ros_move_group:/home/mtrn/4231/ws_moveit2/install/moveit_planners_ompl:/home/mtrn/4231/ws_moveit2/install/moveit_ros_planning:/home/mtrn/4231/ws_moveit2/install/moveit_ros_occupancy_map_monitor:/home/mtrn/4231/ws_moveit2/install/moveit_resources_prbt_ikfast_manipulator_plugin:/home/mtrn/4231/ws_moveit2/install/moveit_planners_chomp:/home/mtrn/4231/ws_moveit2/install/moveit_kinematics:/home/mtrn/4231/ws_moveit2/install/moveit_chomp_optimizer_adapter:/home/mtrn/4231/ws_moveit2/install/chomp_motion_planner:/home/mtrn/4231/ws_moveit2/install/moveit_core:/home/mtrn/4231/ws_moveit2/install/srdfdom:/home/mtrn/4231/ws_moveit2/install/rviz_marker_tools:/home/mtrn/4231/ws_moveit2/install/rosparam_shortcuts:/home/mtrn/4231/ws_moveit2/install/moveit_task_constructor_msgs:/home/mtrn/4231/ws_moveit2/install/moveit_resources_prbt_support:/home/mtrn/4231/ws_moveit2/install/moveit_resources:/home/mtrn/4231/ws_moveit2/install/moveit_resources_pr2_description:/home/mtrn/4231/ws_moveit2/install/moveit_resources_panda_moveit_config:/home/mtrn/4231/ws_moveit2/install/moveit_resources_panda_description:/home/mtrn/4231/ws_moveit2/install/moveit_resources_fanuc_moveit_config:/home/mtrn/4231/ws_moveit2/install/moveit_resources_fanuc_description:/home/mtrn/4231/ws_moveit2/install/moveit_common /usr/bin/cmake --build /home/mtrn/ros2_ws/build/interface -- -j4 -l4
[0.055s] -- Found ament_cmake: 1.3.5 (/opt/ros/humble/share/ament_cmake/cmake)
[0.209s] -- Found geometry_msgs: 4.2.3 (/opt/ros/humble/share/geometry_msgs/cmake)
[0.234s] -- Found rosidl_generator_c: 3.1.5 (/opt/ros/humble/share/rosidl_generator_c/cmake)
[0.236s] -- Found rosidl_adapter: 3.1.5 (/opt/ros/humble/share/rosidl_adapter/cmake)
[0.242s] -- Found rosidl_generator_cpp: 3.1.5 (/opt/ros/humble/share/rosidl_generator_cpp/cmake)
[0.254s] -- Using all available rosidl_typesupport_c: rosidl_typesupport_fastrtps_c;rosidl_typesupport_introspection_c
[0.270s] -- Using all available rosidl_typesupport_cpp: rosidl_typesupport_fastrtps_cpp;rosidl_typesupport_introspection_cpp
[0.385s] -- Found rosidl_default_generators: 1.2.0 (/opt/ros/humble/share/rosidl_default_generators/cmake)
[0.682s] -- Found ament_cmake_ros: 0.10.0 (/opt/ros/humble/share/ament_cmake_ros/cmake)
[1.032s] -- Using all available rosidl_typesupport_c: rosidl_typesupport_fastrtps_c;rosidl_typesupport_introspection_c
[1.175s] -- Using all available rosidl_typesupport_cpp: rosidl_typesupport_fastrtps_cpp;rosidl_typesupport_introspection_cpp
[1.197s] -- Found python_cmake_module: 0.10.0 (/opt/ros/humble/share/python_cmake_module/cmake)
[1.220s] -- Using PYTHON_EXECUTABLE: /usr/bin/python3
[1.220s] -- Using PYTHON_INCLUDE_DIRS: /usr/include/python3.10
[1.220s] -- Using PYTHON_LIBRARIES: /usr/lib/x86_64-linux-gnu/libpython3.10.so
[1.283s] -- Found ament_lint_auto: 0.12.7 (/opt/ros/humble/share/ament_lint_auto/cmake)
[1.288s] -- Added test 'copyright' to check source files copyright and LICENSE
[1.326s] -- Added test 'cppcheck' to perform static code analysis on C / C++ code
[1.327s] -- Configured cppcheck include dirs: 
[1.327s] -- Configured cppcheck exclude dirs and/or files: 
[1.371s] -- Added test 'cpplint' to check C / C++ code against the Google style
[1.371s] -- Configured cpplint exclude dirs and/or files: 
[1.377s] -- Added test 'flake8' to check Python code syntax and style conventions
[1.388s] -- Added test 'lint_cmake' to check CMake code style
[1.393s] -- Added test 'pep257' to check Python code against some of the docstring style conventions in PEP 257
[1.440s] -- Added test 'uncrustify' to check C / C++ code style
[1.441s] -- Configured uncrustify additional arguments: 
[1.446s] -- Added test 'xmllint' to check XML markup files
[1.447s] -- Configuring done
[1.477s] -- Generating done
[1.482s] -- Build files have been written to: /home/mtrn/ros2_ws/build/interface
[1.511s] [35m[1mConsolidate compiler generated dependencies of target interface__rosidl_generator_c[0m
[1.525s] [  3%] [32mBuilding C object CMakeFiles/interface__rosidl_generator_c.dir/rosidl_generator_c/interface/msg/detail/marker_data__functions.c.o[0m
[1.525s] [  6%] Built target interface__cpp
[1.537s] [  6%] Built target ament_cmake_python_copy_interface
[1.539s] [35m[1mConsolidate compiler generated dependencies of target interface__rosidl_typesupport_cpp[0m
[1.544s] [35m[1mConsolidate compiler generated dependencies of target interface__rosidl_typesupport_fastrtps_cpp[0m
[1.555s] [35m[1mConsolidate compiler generated dependencies of target interface__rosidl_typesupport_introspection_cpp[0m
[1.558s] [  9%] [32mBuilding CXX object CMakeFiles/interface__rosidl_typesupport_cpp.dir/rosidl_typesupport_cpp/interface/msg/marker_data__type_support.cpp.o[0m
[1.561s] [ 12%] [32mBuilding CXX object CMakeFiles/interface__rosidl_typesupport_fastrtps_cpp.dir/rosidl_typesupport_fastrtps_cpp/interface/msg/detail/dds_fastrtps/marker_data__type_support.cpp.o[0m
[1.573s] [ 16%] [32mBuilding CXX object CMakeFiles/interface__rosidl_typesupport_introspection_cpp.dir/rosidl_typesupport_introspection_cpp/interface/msg/detail/marker_data__type_support.cpp.o[0m
[1.581s] [ 19%] [32m[1mLinking C shared library libinterface__rosidl_generator_c.so[0m
[1.627s] [ 22%] Built target interface__rosidl_generator_c
[1.831s] [ 25%] [32m[1mLinking CXX shared library libinterface__rosidl_typesupport_cpp.so[0m
[1.883s] [ 29%] Built target interface__rosidl_typesupport_cpp
[1.901s] [35m[1mConsolidate compiler generated dependencies of target interface__rosidl_typesupport_fastrtps_c[0m
[1.908s] running egg_info
[1.908s] writing interface.egg-info/PKG-INFO
[1.908s] writing dependency_links to interface.egg-info/dependency_links.txt
[1.908s] writing top-level names to interface.egg-info/top_level.txt
[1.910s] reading manifest file 'interface.egg-info/SOURCES.txt'
[1.910s] writing manifest file 'interface.egg-info/SOURCES.txt'
[1.924s] [ 32%] [32mBuilding CXX object CMakeFiles/interface__rosidl_typesupport_fastrtps_c.dir/rosidl_typesupport_fastrtps_c/interface/msg/detail/marker_data__type_support_c.cpp.o[0m
[1.947s] [ 32%] Built target ament_cmake_python_build_interface_egg
[1.960s] [35m[1mConsolidate compiler generated dependencies of target interface__rosidl_typesupport_introspection_c[0m
[1.975s] [ 35%] [32mBuilding C object CMakeFiles/interface__rosidl_typesupport_introspection_c.dir/rosidl_typesupport_introspection_c/interface/msg/detail/marker_data__type_support.c.o[0m
[1.995s] [ 38%] [32m[1mLinking CXX shared library libinterface__rosidl_typesupport_fastrtps_cpp.so[0m
[2.015s] [ 41%] [32m[1mLinking C shared library libinterface__rosidl_typesupport_introspection_c.so[0m
[2.023s] [ 45%] [32m[1mLinking CXX shared library libinterface__rosidl_typesupport_introspection_cpp.so[0m
[2.060s] [ 48%] Built target interface__rosidl_typesupport_introspection_c
[2.079s] [35m[1mConsolidate compiler generated dependencies of target interface__rosidl_typesupport_c[0m
[2.090s] [ 51%] Built target interface__rosidl_typesupport_fastrtps_cpp
[2.098s] [ 54%] [32mBuilding CXX object CMakeFiles/interface__rosidl_typesupport_c.dir/rosidl_typesupport_c/interface/msg/marker_data__type_support.cpp.o[0m
[2.121s] [ 58%] Built target interface__rosidl_typesupport_introspection_cpp
[2.132s] [ 61%] [32m[1mLinking CXX shared library libinterface__rosidl_typesupport_c.so[0m
[2.177s] [ 64%] Built target interface__rosidl_typesupport_c
[2.254s] [ 67%] [32m[1mLinking CXX shared library libinterface__rosidl_typesupport_fastrtps_c.so[0m
[2.333s] [ 70%] Built target interface__rosidl_typesupport_fastrtps_c
[2.362s] [ 70%] Built target interface
[2.388s] [ 74%] Built target interface__py
[2.401s] [35m[1mConsolidate compiler generated dependencies of target interface__rosidl_generator_py[0m
[2.416s] [ 77%] [32mBuilding C object CMakeFiles/interface__rosidl_generator_py.dir/rosidl_generator_py/interface/msg/_marker_data_s.c.o[0m
[2.512s] [ 80%] [32m[1mLinking C shared library rosidl_generator_py/interface/libinterface__rosidl_generator_py.so[0m
[2.555s] [ 80%] Built target interface__rosidl_generator_py
[2.570s] [35m[1mConsolidate compiler generated dependencies of target interface__rosidl_typesupport_c__pyext[0m
[2.571s] [35m[1mConsolidate compiler generated dependencies of target interface__rosidl_typesupport_introspection_c__pyext[0m
[2.571s] [35m[1mConsolidate compiler generated dependencies of target interface__rosidl_typesupport_fastrtps_c__pyext[0m
[2.585s] [ 87%] [32mBuilding C object CMakeFiles/interface__rosidl_typesupport_fastrtps_c__pyext.dir/rosidl_generator_py/interface/_interface_s.ep.rosidl_typesupport_fastrtps_c.c.o[0m
[2.586s] [ 87%] [32mBuilding C object CMakeFiles/interface__rosidl_typesupport_c__pyext.dir/rosidl_generator_py/interface/_interface_s.ep.rosidl_typesupport_c.c.o[0m
[2.586s] [ 90%] [32mBuilding C object CMakeFiles/interface__rosidl_typesupport_introspection_c__pyext.dir/rosidl_generator_py/interface/_interface_s.ep.rosidl_typesupport_introspection_c.c.o[0m
[2.691s] [ 96%] [32m[1mLinking C shared library rosidl_generator_py/interface/interface_s__rosidl_typesupport_fastrtps_c.cpython-310-x86_64-linux-gnu.so[0m
[2.691s] [ 96%] [32m[1mLinking C shared library rosidl_generator_py/interface/interface_s__rosidl_typesupport_c.cpython-310-x86_64-linux-gnu.so[0m
[2.698s] [100%] [32m[1mLinking C shared library rosidl_generator_py/interface/interface_s__rosidl_typesupport_introspection_c.cpython-310-x86_64-linux-gnu.so[0m
[2.736s] [100%] Built target interface__rosidl_typesupport_fastrtps_c__pyext
[2.736s] [100%] Built target interface__rosidl_typesupport_c__pyext
[2.741s] [100%] Built target interface__rosidl_typesupport_introspection_c__pyext
[2.762s] Invoked command in '/home/mtrn/ros2_ws/build/interface' returned '0': CMAKE_PREFIX_PATH=/home/mtrn/ros2_ws/install/interface:/home/mtrn/ros2_ws/src/interface/install/interface:/home/mtrn/ros2_ws/install/blue_detector:/home/mtrn/ros2_ws/src/install/blue_detector:/home/mtrn/4231/ws_moveit2/install/moveit_configs_utils:/home/mtrn/4231/ws_moveit2/install/launch_param_builder:/opt/ros/humble:/home/mtrn/ros2_ws/src/interface/install/blue_detector_msgs:/home/mtrn/ros2_ws/src/blue_detector_msgs/install/interface:/home/mtrn/ros2_ws/src/install/blue_detector_msgs:/home/mtrn/ros2_ws/src/blue_detector_msgs/install/blue_detector_msgs:/home/mtrn/4231/ros_ur_driver/install/ur:/home/mtrn/4231/ros_ur_driver/install/ur_calibration:/home/mtrn/4231/ros_ur_driver/install/ur_robot_driver:/home/mtrn/4231/ros_ur_driver/install/ur_moveit_config:/home/mtrn/4231/ros_ur_driver/install/ur_bringup:/home/mtrn/4231/ros_ur_driver/install/ur_controllers:/home/mtrn/4231/ros_ur_driver/install/ur_dashboard_msgs:/home/mtrn/4231/ws_moveit2/install/pilz_industrial_motion_planner_testutils:/home/mtrn/4231/ws_moveit2/install/moveit_runtime:/home/mtrn/4231/ws_moveit2/install/moveit2_tutorials:/home/mtrn/4231/ws_moveit2/install/moveit:/home/mtrn/4231/ws_moveit2/install/moveit_planners:/home/mtrn/4231/ws_moveit2/install/pilz_industrial_motion_planner:/home/mtrn/4231/ws_moveit2/install/moveit_visual_tools:/home/mtrn/4231/ws_moveit2/install/moveit_task_constructor_visualization:/home/mtrn/4231/ws_moveit2/install/moveit_task_constructor_demo:/home/mtrn/4231/ws_moveit2/install/moveit_task_constructor_capabilities:/home/mtrn/4231/ws_moveit2/install/moveit_task_constructor_core:/home/mtrn/4231/ws_moveit2/install/moveit_ros_control_interface:/home/mtrn/4231/ws_moveit2/install/moveit_plugins:/home/mtrn/4231/ws_moveit2/install/moveit_simple_controller_manager:/home/mtrn/4231/ws_moveit2/install/moveit_setup_assistant:/home/mtrn/4231/ws_moveit2/install/moveit_setup_srdf_plugins:/home/mtrn/4231/ws_moveit2/install/moveit_setup_core_plugins:/home/mtrn/4231/ws_moveit2/install/moveit_setup_controllers:/home/mtrn/4231/ws_moveit2/install/moveit_setup_app_plugins:/home/mtrn/4231/ws_moveit2/install/moveit_setup_framework:/home/mtrn/4231/ws_moveit2/install/moveit_servo:/home/mtrn/4231/ws_moveit2/install/moveit_ros:/home/mtrn/4231/ws_moveit2/install/moveit_ros_visualization:/home/mtrn/4231/ws_moveit2/install/moveit_hybrid_planning:/home/mtrn/4231/ws_moveit2/install/moveit_ros_planning_interface:/home/mtrn/4231/ws_moveit2/install/moveit_ros_benchmarks:/home/mtrn/4231/ws_moveit2/install/moveit_ros_warehouse:/home/mtrn/4231/ws_moveit2/install/moveit_ros_robot_interaction:/home/mtrn/4231/ws_moveit2/install/moveit_ros_perception:/home/mtrn/4231/ws_moveit2/install/moveit_resources_prbt_pg70_support:/home/mtrn/4231/ws_moveit2/install/moveit_resources_prbt_moveit_config:/home/mtrn/4231/ws_moveit2/install/moveit_ros_move_group:/home/mtrn/4231/ws_moveit2/install/moveit_planners_ompl:/home/mtrn/4231/ws_moveit2/install/moveit_ros_planning:/home/mtrn/4231/ws_moveit2/install/moveit_ros_occupancy_map_monitor:/home/mtrn/4231/ws_moveit2/install/moveit_resources_prbt_ikfast_manipulator_plugin:/home/mtrn/4231/ws_moveit2/install/moveit_planners_chomp:/home/mtrn/4231/ws_moveit2/install/moveit_kinematics:/home/mtrn/4231/ws_moveit2/install/moveit_chomp_optimizer_adapter:/home/mtrn/4231/ws_moveit2/install/chomp_motion_planner:/home/mtrn/4231/ws_moveit2/install/moveit_core:/home/mtrn/4231/ws_moveit2/install/srdfdom:/home/mtrn/4231/ws_moveit2/install/rviz_marker_tools:/home/mtrn/4231/ws_moveit2/install/rosparam_shortcuts:/home/mtrn/4231/ws_moveit2/install/moveit_task_constructor_msgs:/home/mtrn/4231/ws_moveit2/install/moveit_resources_prbt_support:/home/mtrn/4231/ws_moveit2/install/moveit_resources:/home/mtrn/4231/ws_moveit2/install/moveit_resources_pr2_description:/home/mtrn/4231/ws_moveit2/install/moveit_resources_panda_moveit_config:/home/mtrn/4231/ws_moveit2/install/moveit_resources_panda_description:/home/mtrn/4231/ws_moveit2/install/moveit_resources_fanuc_moveit_config:/home/mtrn/4231/ws_moveit2/install/moveit_resources_fanuc_description:/home/mtrn/4231/ws_moveit2/install/moveit_common /usr/bin/cmake --build /home/mtrn/ros2_ws/build/interface -- -j4 -l4
[2.881s] Invoking command in '/home/mtrn/ros2_ws/build/interface': CMAKE_PREFIX_PATH=/home/mtrn/ros2_ws/install/interface:/home/mtrn/ros2_ws/src/interface/install/interface:/home/mtrn/ros2_ws/install/blue_detector:/home/mtrn/ros2_ws/src/install/blue_detector:/home/mtrn/4231/ws_moveit2/install/moveit_configs_utils:/home/mtrn/4231/ws_moveit2/install/launch_param_builder:/opt/ros/humble:/home/mtrn/ros2_ws/src/interface/install/blue_detector_msgs:/home/mtrn/ros2_ws/src/blue_detector_msgs/install/interface:/home/mtrn/ros2_ws/src/install/blue_detector_msgs:/home/mtrn/ros2_ws/src/blue_detector_msgs/install/blue_detector_msgs:/home/mtrn/4231/ros_ur_driver/install/ur:/home/mtrn/4231/ros_ur_driver/install/ur_calibration:/home/mtrn/4231/ros_ur_driver/install/ur_robot_driver:/home/mtrn/4231/ros_ur_driver/install/ur_moveit_config:/home/mtrn/4231/ros_ur_driver/install/ur_bringup:/home/mtrn/4231/ros_ur_driver/install/ur_controllers:/home/mtrn/4231/ros_ur_driver/install/ur_dashboard_msgs:/home/mtrn/4231/ws_moveit2/install/pilz_industrial_motion_planner_testutils:/home/mtrn/4231/ws_moveit2/install/moveit_runtime:/home/mtrn/4231/ws_moveit2/install/moveit2_tutorials:/home/mtrn/4231/ws_moveit2/install/moveit:/home/mtrn/4231/ws_moveit2/install/moveit_planners:/home/mtrn/4231/ws_moveit2/install/pilz_industrial_motion_planner:/home/mtrn/4231/ws_moveit2/install/moveit_visual_tools:/home/mtrn/4231/ws_moveit2/install/moveit_task_constructor_visualization:/home/mtrn/4231/ws_moveit2/install/moveit_task_constructor_demo:/home/mtrn/4231/ws_moveit2/install/moveit_task_constructor_capabilities:/home/mtrn/4231/ws_moveit2/install/moveit_task_constructor_core:/home/mtrn/4231/ws_moveit2/install/moveit_ros_control_interface:/home/mtrn/4231/ws_moveit2/install/moveit_plugins:/home/mtrn/4231/ws_moveit2/install/moveit_simple_controller_manager:/home/mtrn/4231/ws_moveit2/install/moveit_setup_assistant:/home/mtrn/4231/ws_moveit2/install/moveit_setup_srdf_plugins:/home/mtrn/4231/ws_moveit2/install/moveit_setup_core_plugins:/home/mtrn/4231/ws_moveit2/install/moveit_setup_controllers:/home/mtrn/4231/ws_moveit2/install/moveit_setup_app_plugins:/home/mtrn/4231/ws_moveit2/install/moveit_setup_framework:/home/mtrn/4231/ws_moveit2/install/moveit_servo:/home/mtrn/4231/ws_moveit2/install/moveit_ros:/home/mtrn/4231/ws_moveit2/install/moveit_ros_visualization:/home/mtrn/4231/ws_moveit2/install/moveit_hybrid_planning:/home/mtrn/4231/ws_moveit2/install/moveit_ros_planning_interface:/home/mtrn/4231/ws_moveit2/install/moveit_ros_benchmarks:/home/mtrn/4231/ws_moveit2/install/moveit_ros_warehouse:/home/mtrn/4231/ws_moveit2/install/moveit_ros_robot_interaction:/home/mtrn/4231/ws_moveit2/install/moveit_ros_perception:/home/mtrn/4231/ws_moveit2/install/moveit_resources_prbt_pg70_support:/home/mtrn/4231/ws_moveit2/install/moveit_resources_prbt_moveit_config:/home/mtrn/4231/ws_moveit2/install/moveit_ros_move_group:/home/mtrn/4231/ws_moveit2/install/moveit_planners_ompl:/home/mtrn/4231/ws_moveit2/install/moveit_ros_planning:/home/mtrn/4231/ws_moveit2/install/moveit_ros_occupancy_map_monitor:/home/mtrn/4231/ws_moveit2/install/moveit_resources_prbt_ikfast_manipulator_plugin:/home/mtrn/4231/ws_moveit2/install/moveit_planners_chomp:/home/mtrn/4231/ws_moveit2/install/moveit_kinematics:/home/mtrn/4231/ws_moveit2/install/moveit_chomp_optimizer_adapter:/home/mtrn/4231/ws_moveit2/install/chomp_motion_planner:/home/mtrn/4231/ws_moveit2/install/moveit_core:/home/mtrn/4231/ws_moveit2/install/srdfdom:/home/mtrn/4231/ws_moveit2/install/rviz_marker_tools:/home/mtrn/4231/ws_moveit2/install/rosparam_shortcuts:/home/mtrn/4231/ws_moveit2/install/moveit_task_constructor_msgs:/home/mtrn/4231/ws_moveit2/install/moveit_resources_prbt_support:/home/mtrn/4231/ws_moveit2/install/moveit_resources:/home/mtrn/4231/ws_moveit2/install/moveit_resources_pr2_description:/home/mtrn/4231/ws_moveit2/install/moveit_resources_panda_moveit_config:/home/mtrn/4231/ws_moveit2/install/moveit_resources_panda_description:/home/mtrn/4231/ws_moveit2/install/moveit_resources_fanuc_moveit_config:/home/mtrn/4231/ws_moveit2/install/moveit_resources_fanuc_description:/home/mtrn/4231/ws_moveit2/install/moveit_common /usr/bin/cmake --install /home/mtrn/ros2_ws/build/interface
[2.891s] -- Install configuration: ""
[2.891s] -- Up-to-date: /home/mtrn/ros2_ws/install/interface/share/ament_index/resource_index/rosidl_interfaces/interface
[2.891s] -- Up-to-date: /home/mtrn/ros2_ws/install/interface/include/interface/interface
[2.891s] -- Up-to-date: /home/mtrn/ros2_ws/install/interface/include/interface/interface/msg
[2.891s] -- Up-to-date: /home/mtrn/ros2_ws/install/interface/include/interface/interface/msg/rosidl_generator_c__visibility_control.h
[2.891s] -- Up-to-date: /home/mtrn/ros2_ws/install/interface/include/interface/interface/msg/detail
[2.891s] -- Up-to-date: /home/mtrn/ros2_ws/install/interface/include/interface/interface/msg/detail/marker_data__functions.c
[2.891s] -- Up-to-date: /home/mtrn/ros2_ws/install/interface/include/interface/interface/msg/detail/marker_data__struct.h
[2.891s] -- Up-to-date: /home/mtrn/ros2_ws/install/interface/include/interface/interface/msg/detail/marker_data__functions.h
[2.892s] -- Up-to-date: /home/mtrn/ros2_ws/install/interface/include/interface/interface/msg/detail/marker_data__type_support.h
[2.892s] -- Up-to-date: /home/mtrn/ros2_ws/install/interface/include/interface/interface/msg/marker_data.h
[2.892s] -- Up-to-date: /home/mtrn/ros2_ws/install/interface/share/interface/environment/library_path.sh
[2.892s] -- Installing: /home/mtrn/ros2_ws/install/interface/share/interface/environment/library_path.dsv
[2.892s] -- Installing: /home/mtrn/ros2_ws/install/interface/lib/libinterface__rosidl_generator_c.so
[2.892s] -- Set runtime path of "/home/mtrn/ros2_ws/install/interface/lib/libinterface__rosidl_generator_c.so" to ""
[2.892s] -- Up-to-date: /home/mtrn/ros2_ws/install/interface/include/interface/interface
[2.892s] -- Up-to-date: /home/mtrn/ros2_ws/install/interface/include/interface/interface/msg
[2.892s] -- Up-to-date: /home/mtrn/ros2_ws/install/interface/include/interface/interface/msg/rosidl_typesupport_fastrtps_c__visibility_control.h
[2.892s] -- Up-to-date: /home/mtrn/ros2_ws/install/interface/include/interface/interface/msg/detail
[2.892s] -- Up-to-date: /home/mtrn/ros2_ws/install/interface/include/interface/interface/msg/detail/marker_data__rosidl_typesupport_fastrtps_c.h
[2.892s] -- Installing: /home/mtrn/ros2_ws/install/interface/lib/libinterface__rosidl_typesupport_fastrtps_c.so
[2.892s] -- Set runtime path of "/home/mtrn/ros2_ws/install/interface/lib/libinterface__rosidl_typesupport_fastrtps_c.so" to ""
[2.892s] -- Up-to-date: /home/mtrn/ros2_ws/install/interface/include/interface/interface
[2.892s] -- Up-to-date: /home/mtrn/ros2_ws/install/interface/include/interface/interface/msg
[2.892s] -- Up-to-date: /home/mtrn/ros2_ws/install/interface/include/interface/interface/msg/marker_data.hpp
[2.892s] -- Up-to-date: /home/mtrn/ros2_ws/install/interface/include/interface/interface/msg/detail
[2.892s] -- Up-to-date: /home/mtrn/ros2_ws/install/interface/include/interface/interface/msg/detail/marker_data__builder.hpp
[2.893s] -- Up-to-date: /home/mtrn/ros2_ws/install/interface/include/interface/interface/msg/detail/marker_data__traits.hpp
[2.893s] -- Up-to-date: /home/mtrn/ros2_ws/install/interface/include/interface/interface/msg/detail/marker_data__struct.hpp
[2.893s] -- Up-to-date: /home/mtrn/ros2_ws/install/interface/include/interface/interface
[2.893s] -- Up-to-date: /home/mtrn/ros2_ws/install/interface/include/interface/interface/msg
[2.893s] -- Up-to-date: /home/mtrn/ros2_ws/install/interface/include/interface/interface/msg/detail
[2.893s] -- Up-to-date: /home/mtrn/ros2_ws/install/interface/include/interface/interface/msg/detail/marker_data__rosidl_typesupport_fastrtps_cpp.hpp
[2.893s] -- Up-to-date: /home/mtrn/ros2_ws/install/interface/include/interface/interface/msg/detail/dds_fastrtps
[2.893s] -- Up-to-date: /home/mtrn/ros2_ws/install/interface/include/interface/interface/msg/rosidl_typesupport_fastrtps_cpp__visibility_control.h
[2.893s] -- Installing: /home/mtrn/ros2_ws/install/interface/lib/libinterface__rosidl_typesupport_fastrtps_cpp.so
[2.893s] -- Set runtime path of "/home/mtrn/ros2_ws/install/interface/lib/libinterface__rosidl_typesupport_fastrtps_cpp.so" to ""
[2.893s] -- Up-to-date: /home/mtrn/ros2_ws/install/interface/include/interface/interface
[2.893s] -- Up-to-date: /home/mtrn/ros2_ws/install/interface/include/interface/interface/msg
[2.893s] -- Up-to-date: /home/mtrn/ros2_ws/install/interface/include/interface/interface/msg/rosidl_typesupport_introspection_c__visibility_control.h
[2.893s] -- Up-to-date: /home/mtrn/ros2_ws/install/interface/include/interface/interface/msg/detail
[2.893s] -- Up-to-date: /home/mtrn/ros2_ws/install/interface/include/interface/interface/msg/detail/marker_data__rosidl_typesupport_introspection_c.h
[2.893s] -- Up-to-date: /home/mtrn/ros2_ws/install/interface/include/interface/interface/msg/detail/marker_data__type_support.c
[2.894s] -- Installing: /home/mtrn/ros2_ws/install/interface/lib/libinterface__rosidl_typesupport_introspection_c.so
[2.894s] -- Set runtime path of "/home/mtrn/ros2_ws/install/interface/lib/libinterface__rosidl_typesupport_introspection_c.so" to ""
[2.894s] -- Installing: /home/mtrn/ros2_ws/install/interface/lib/libinterface__rosidl_typesupport_c.so
[2.894s] -- Set runtime path of "/home/mtrn/ros2_ws/install/interface/lib/libinterface__rosidl_typesupport_c.so" to ""
[2.894s] -- Up-to-date: /home/mtrn/ros2_ws/install/interface/include/interface/interface
[2.894s] -- Up-to-date: /home/mtrn/ros2_ws/install/interface/include/interface/interface/msg
[2.894s] -- Up-to-date: /home/mtrn/ros2_ws/install/interface/include/interface/interface/msg/detail
[2.894s] -- Up-to-date: /home/mtrn/ros2_ws/install/interface/include/interface/interface/msg/detail/marker_data__type_support.cpp
[2.894s] -- Up-to-date: /home/mtrn/ros2_ws/install/interface/include/interface/interface/msg/detail/marker_data__rosidl_typesupport_introspection_cpp.hpp
[2.894s] -- Installing: /home/mtrn/ros2_ws/install/interface/lib/libinterface__rosidl_typesupport_introspection_cpp.so
[2.894s] -- Set runtime path of "/home/mtrn/ros2_ws/install/interface/lib/libinterface__rosidl_typesupport_introspection_cpp.so" to ""
[2.895s] -- Installing: /home/mtrn/ros2_ws/install/interface/lib/libinterface__rosidl_typesupport_cpp.so
[2.895s] -- Set runtime path of "/home/mtrn/ros2_ws/install/interface/lib/libinterface__rosidl_typesupport_cpp.so" to ""
[2.895s] -- Up-to-date: /home/mtrn/ros2_ws/install/interface/share/interface/environment/pythonpath.sh
[2.895s] -- Installing: /home/mtrn/ros2_ws/install/interface/share/interface/environment/pythonpath.dsv
[2.895s] -- Up-to-date: /home/mtrn/ros2_ws/install/interface/local/lib/python3.10/dist-packages/interface-0.0.0-py3.10.egg-info
[2.895s] -- Installing: /home/mtrn/ros2_ws/install/interface/local/lib/python3.10/dist-packages/interface-0.0.0-py3.10.egg-info/top_level.txt
[2.895s] -- Installing: /home/mtrn/ros2_ws/install/interface/local/lib/python3.10/dist-packages/interface-0.0.0-py3.10.egg-info/SOURCES.txt
[2.895s] -- Installing: /home/mtrn/ros2_ws/install/interface/local/lib/python3.10/dist-packages/interface-0.0.0-py3.10.egg-info/PKG-INFO
[2.895s] -- Installing: /home/mtrn/ros2_ws/install/interface/local/lib/python3.10/dist-packages/interface-0.0.0-py3.10.egg-info/dependency_links.txt
[2.896s] -- Up-to-date: /home/mtrn/ros2_ws/install/interface/local/lib/python3.10/dist-packages/interface
[2.896s] -- Installing: /home/mtrn/ros2_ws/install/interface/local/lib/python3.10/dist-packages/interface/interface_s__rosidl_typesupport_introspection_c.cpython-310-x86_64-linux-gnu.so
[2.896s] -- Up-to-date: /home/mtrn/ros2_ws/install/interface/local/lib/python3.10/dist-packages/interface/_interface_s.ep.rosidl_typesupport_introspection_c.c
[2.896s] -- Installing: /home/mtrn/ros2_ws/install/interface/local/lib/python3.10/dist-packages/interface/interface_s__rosidl_typesupport_fastrtps_c.cpython-310-x86_64-linux-gnu.so
[2.896s] -- Up-to-date: /home/mtrn/ros2_ws/install/interface/local/lib/python3.10/dist-packages/interface/_interface_s.ep.rosidl_typesupport_c.c
[2.896s] -- Up-to-date: /home/mtrn/ros2_ws/install/interface/local/lib/python3.10/dist-packages/interface/_interface_s.ep.rosidl_typesupport_fastrtps_c.c
[2.896s] -- Installing: /home/mtrn/ros2_ws/install/interface/local/lib/python3.10/dist-packages/interface/interface_s__rosidl_typesupport_c.cpython-310-x86_64-linux-gnu.so
[2.896s] -- Installing: /home/mtrn/ros2_ws/install/interface/local/lib/python3.10/dist-packages/interface/libinterface__rosidl_generator_py.so
[2.896s] -- Up-to-date: /home/mtrn/ros2_ws/install/interface/local/lib/python3.10/dist-packages/interface/msg
[2.896s] -- Up-to-date: /home/mtrn/ros2_ws/install/interface/local/lib/python3.10/dist-packages/interface/msg/_marker_data_s.c
[2.896s] -- Up-to-date: /home/mtrn/ros2_ws/install/interface/local/lib/python3.10/dist-packages/interface/msg/__init__.py
[2.896s] -- Up-to-date: /home/mtrn/ros2_ws/install/interface/local/lib/python3.10/dist-packages/interface/msg/_marker_data.py
[2.896s] -- Installing: /home/mtrn/ros2_ws/install/interface/local/lib/python3.10/dist-packages/interface/__init__.py
[2.935s] Listing '/home/mtrn/ros2_ws/install/interface/local/lib/python3.10/dist-packages/interface'...
[2.935s] Compiling '/home/mtrn/ros2_ws/install/interface/local/lib/python3.10/dist-packages/interface/__init__.py'...
[2.935s] Listing '/home/mtrn/ros2_ws/install/interface/local/lib/python3.10/dist-packages/interface/msg'...
[2.939s] -- Installing: /home/mtrn/ros2_ws/install/interface/local/lib/python3.10/dist-packages/interface/interface_s__rosidl_typesupport_fastrtps_c.cpython-310-x86_64-linux-gnu.so
[2.940s] -- Set runtime path of "/home/mtrn/ros2_ws/install/interface/local/lib/python3.10/dist-packages/interface/interface_s__rosidl_typesupport_fastrtps_c.cpython-310-x86_64-linux-gnu.so" to ""
[2.940s] -- Installing: /home/mtrn/ros2_ws/install/interface/local/lib/python3.10/dist-packages/interface/interface_s__rosidl_typesupport_introspection_c.cpython-310-x86_64-linux-gnu.so
[2.940s] -- Set runtime path of "/home/mtrn/ros2_ws/install/interface/local/lib/python3.10/dist-packages/interface/interface_s__rosidl_typesupport_introspection_c.cpython-310-x86_64-linux-gnu.so" to ""
[2.940s] -- Installing: /home/mtrn/ros2_ws/install/interface/local/lib/python3.10/dist-packages/interface/interface_s__rosidl_typesupport_c.cpython-310-x86_64-linux-gnu.so
[2.940s] -- Set runtime path of "/home/mtrn/ros2_ws/install/interface/local/lib/python3.10/dist-packages/interface/interface_s__rosidl_typesupport_c.cpython-310-x86_64-linux-gnu.so" to ""
[2.941s] -- Installing: /home/mtrn/ros2_ws/install/interface/lib/libinterface__rosidl_generator_py.so
[2.941s] -- Set runtime path of "/home/mtrn/ros2_ws/install/interface/lib/libinterface__rosidl_generator_py.so" to ""
[2.941s] -- Up-to-date: /home/mtrn/ros2_ws/install/interface/share/interface/msg/MarkerData.idl
[2.941s] -- Installing: /home/mtrn/ros2_ws/install/interface/share/interface/msg/MarkerData.msg
[2.941s] -- Up-to-date: /home/mtrn/ros2_ws/install/interface/share/ament_index/resource_index/package_run_dependencies/interface
[2.942s] -- Up-to-date: /home/mtrn/ros2_ws/install/interface/share/ament_index/resource_index/parent_prefix_path/interface
[2.942s] -- Up-to-date: /home/mtrn/ros2_ws/install/interface/share/interface/environment/ament_prefix_path.sh
[2.942s] -- Installing: /home/mtrn/ros2_ws/install/interface/share/interface/environment/ament_prefix_path.dsv
[2.942s] -- Up-to-date: /home/mtrn/ros2_ws/install/interface/share/interface/environment/path.sh
[2.942s] -- Installing: /home/mtrn/ros2_ws/install/interface/share/interface/environment/path.dsv
[2.942s] -- Up-to-date: /home/mtrn/ros2_ws/install/interface/share/interface/local_setup.bash
[2.942s] -- Up-to-date: /home/mtrn/ros2_ws/install/interface/share/interface/local_setup.sh
[2.942s] -- Up-to-date: /home/mtrn/ros2_ws/install/interface/share/interface/local_setup.zsh
[2.942s] -- Installing: /home/mtrn/ros2_ws/install/interface/share/interface/local_setup.dsv
[2.942s] -- Installing: /home/mtrn/ros2_ws/install/interface/share/interface/package.dsv
[2.943s] -- Up-to-date: /home/mtrn/ros2_ws/install/interface/share/ament_index/resource_index/packages/interface
[2.944s] -- Old export file "/home/mtrn/ros2_ws/install/interface/share/interface/cmake/export_interface__rosidl_generator_cExport.cmake" will be replaced.  Removing files [/home/mtrn/ros2_ws/install/interface/share/interface/cmake/export_interface__rosidl_generator_cExport-noconfig.cmake].
[2.944s] -- Installing: /home/mtrn/ros2_ws/install/interface/share/interface/cmake/export_interface__rosidl_generator_cExport.cmake
[2.944s] -- Installing: /home/mtrn/ros2_ws/install/interface/share/interface/cmake/export_interface__rosidl_generator_cExport-noconfig.cmake
[2.944s] -- Old export file "/home/mtrn/ros2_ws/install/interface/share/interface/cmake/export_interface__rosidl_typesupport_fastrtps_cExport.cmake" will be replaced.  Removing files [/home/mtrn/ros2_ws/install/interface/share/interface/cmake/export_interface__rosidl_typesupport_fastrtps_cExport-noconfig.cmake].
[2.944s] -- Installing: /home/mtrn/ros2_ws/install/interface/share/interface/cmake/export_interface__rosidl_typesupport_fastrtps_cExport.cmake
[2.944s] -- Installing: /home/mtrn/ros2_ws/install/interface/share/interface/cmake/export_interface__rosidl_typesupport_fastrtps_cExport-noconfig.cmake
[2.944s] -- Installing: /home/mtrn/ros2_ws/install/interface/share/interface/cmake/export_interface__rosidl_generator_cppExport.cmake
[2.944s] -- Old export file "/home/mtrn/ros2_ws/install/interface/share/interface/cmake/export_interface__rosidl_typesupport_fastrtps_cppExport.cmake" will be replaced.  Removing files [/home/mtrn/ros2_ws/install/interface/share/interface/cmake/export_interface__rosidl_typesupport_fastrtps_cppExport-noconfig.cmake].
[2.944s] -- Installing: /home/mtrn/ros2_ws/install/interface/share/interface/cmake/export_interface__rosidl_typesupport_fastrtps_cppExport.cmake
[2.944s] -- Installing: /home/mtrn/ros2_ws/install/interface/share/interface/cmake/export_interface__rosidl_typesupport_fastrtps_cppExport-noconfig.cmake
[2.944s] -- Old export file "/home/mtrn/ros2_ws/install/interface/share/interface/cmake/interface__rosidl_typesupport_introspection_cExport.cmake" will be replaced.  Removing files [/home/mtrn/ros2_ws/install/interface/share/interface/cmake/interface__rosidl_typesupport_introspection_cExport-noconfig.cmake].
[2.944s] -- Installing: /home/mtrn/ros2_ws/install/interface/share/interface/cmake/interface__rosidl_typesupport_introspection_cExport.cmake
[2.945s] -- Installing: /home/mtrn/ros2_ws/install/interface/share/interface/cmake/interface__rosidl_typesupport_introspection_cExport-noconfig.cmake
[2.945s] -- Old export file "/home/mtrn/ros2_ws/install/interface/share/interface/cmake/interface__rosidl_typesupport_cExport.cmake" will be replaced.  Removing files [/home/mtrn/ros2_ws/install/interface/share/interface/cmake/interface__rosidl_typesupport_cExport-noconfig.cmake].
[2.945s] -- Installing: /home/mtrn/ros2_ws/install/interface/share/interface/cmake/interface__rosidl_typesupport_cExport.cmake
[2.945s] -- Installing: /home/mtrn/ros2_ws/install/interface/share/interface/cmake/interface__rosidl_typesupport_cExport-noconfig.cmake
[2.945s] -- Old export file "/home/mtrn/ros2_ws/install/interface/share/interface/cmake/interface__rosidl_typesupport_introspection_cppExport.cmake" will be replaced.  Removing files [/home/mtrn/ros2_ws/install/interface/share/interface/cmake/interface__rosidl_typesupport_introspection_cppExport-noconfig.cmake].
[2.945s] -- Installing: /home/mtrn/ros2_ws/install/interface/share/interface/cmake/interface__rosidl_typesupport_introspection_cppExport.cmake
[2.945s] -- Installing: /home/mtrn/ros2_ws/install/interface/share/interface/cmake/interface__rosidl_typesupport_introspection_cppExport-noconfig.cmake
[2.945s] -- Old export file "/home/mtrn/ros2_ws/install/interface/share/interface/cmake/interface__rosidl_typesupport_cppExport.cmake" will be replaced.  Removing files [/home/mtrn/ros2_ws/install/interface/share/interface/cmake/interface__rosidl_typesupport_cppExport-noconfig.cmake].
[2.945s] -- Installing: /home/mtrn/ros2_ws/install/interface/share/interface/cmake/interface__rosidl_typesupport_cppExport.cmake
[2.945s] -- Installing: /home/mtrn/ros2_ws/install/interface/share/interface/cmake/interface__rosidl_typesupport_cppExport-noconfig.cmake
[2.945s] -- Old export file "/home/mtrn/ros2_ws/install/interface/share/interface/cmake/export_interface__rosidl_generator_pyExport.cmake" will be replaced.  Removing files [/home/mtrn/ros2_ws/install/interface/share/interface/cmake/export_interface__rosidl_generator_pyExport-noconfig.cmake].
[2.945s] -- Installing: /home/mtrn/ros2_ws/install/interface/share/interface/cmake/export_interface__rosidl_generator_pyExport.cmake
[2.945s] -- Installing: /home/mtrn/ros2_ws/install/interface/share/interface/cmake/export_interface__rosidl_generator_pyExport-noconfig.cmake
[2.945s] -- Up-to-date: /home/mtrn/ros2_ws/install/interface/share/interface/cmake/rosidl_cmake-extras.cmake
[2.945s] -- Installing: /home/mtrn/ros2_ws/install/interface/share/interface/cmake/ament_cmake_export_dependencies-extras.cmake
[2.945s] -- Up-to-date: /home/mtrn/ros2_ws/install/interface/share/interface/cmake/ament_cmake_export_include_directories-extras.cmake
[2.945s] -- Up-to-date: /home/mtrn/ros2_ws/install/interface/share/interface/cmake/ament_cmake_export_libraries-extras.cmake
[2.946s] -- Up-to-date: /home/mtrn/ros2_ws/install/interface/share/interface/cmake/ament_cmake_export_targets-extras.cmake
[2.946s] -- Up-to-date: /home/mtrn/ros2_ws/install/interface/share/interface/cmake/rosidl_cmake_export_typesupport_targets-extras.cmake
[2.946s] -- Up-to-date: /home/mtrn/ros2_ws/install/interface/share/interface/cmake/rosidl_cmake_export_typesupport_libraries-extras.cmake
[2.946s] -- Up-to-date: /home/mtrn/ros2_ws/install/interface/share/interface/cmake/interfaceConfig.cmake
[2.946s] -- Up-to-date: /home/mtrn/ros2_ws/install/interface/share/interface/cmake/interfaceConfig-version.cmake
[2.946s] -- Up-to-date: /home/mtrn/ros2_ws/install/interface/share/interface/package.xml
[2.948s] Invoked command in '/home/mtrn/ros2_ws/build/interface' returned '0': CMAKE_PREFIX_PATH=/home/mtrn/ros2_ws/install/interface:/home/mtrn/ros2_ws/src/interface/install/interface:/home/mtrn/ros2_ws/install/blue_detector:/home/mtrn/ros2_ws/src/install/blue_detector:/home/mtrn/4231/ws_moveit2/install/moveit_configs_utils:/home/mtrn/4231/ws_moveit2/install/launch_param_builder:/opt/ros/humble:/home/mtrn/ros2_ws/src/interface/install/blue_detector_msgs:/home/mtrn/ros2_ws/src/blue_detector_msgs/install/interface:/home/mtrn/ros2_ws/src/install/blue_detector_msgs:/home/mtrn/ros2_ws/src/blue_detector_msgs/install/blue_detector_msgs:/home/mtrn/4231/ros_ur_driver/install/ur:/home/mtrn/4231/ros_ur_driver/install/ur_calibration:/home/mtrn/4231/ros_ur_driver/install/ur_robot_driver:/home/mtrn/4231/ros_ur_driver/install/ur_moveit_config:/home/mtrn/4231/ros_ur_driver/install/ur_bringup:/home/mtrn/4231/ros_ur_driver/install/ur_controllers:/home/mtrn/4231/ros_ur_driver/install/ur_dashboard_msgs:/home/mtrn/4231/ws_moveit2/install/pilz_industrial_motion_planner_testutils:/home/mtrn/4231/ws_moveit2/install/moveit_runtime:/home/mtrn/4231/ws_moveit2/install/moveit2_tutorials:/home/mtrn/4231/ws_moveit2/install/moveit:/home/mtrn/4231/ws_moveit2/install/moveit_planners:/home/mtrn/4231/ws_moveit2/install/pilz_industrial_motion_planner:/home/mtrn/4231/ws_moveit2/install/moveit_visual_tools:/home/mtrn/4231/ws_moveit2/install/moveit_task_constructor_visualization:/home/mtrn/4231/ws_moveit2/install/moveit_task_constructor_demo:/home/mtrn/4231/ws_moveit2/install/moveit_task_constructor_capabilities:/home/mtrn/4231/ws_moveit2/install/moveit_task_constructor_core:/home/mtrn/4231/ws_moveit2/install/moveit_ros_control_interface:/home/mtrn/4231/ws_moveit2/install/moveit_plugins:/home/mtrn/4231/ws_moveit2/install/moveit_simple_controller_manager:/home/mtrn/4231/ws_moveit2/install/moveit_setup_assistant:/home/mtrn/4231/ws_moveit2/install/moveit_setup_srdf_plugins:/home/mtrn/4231/ws_moveit2/install/moveit_setup_core_plugins:/home/mtrn/4231/ws_moveit2/install/moveit_setup_controllers:/home/mtrn/4231/ws_moveit2/install/moveit_setup_app_plugins:/home/mtrn/4231/ws_moveit2/install/moveit_setup_framework:/home/mtrn/4231/ws_moveit2/install/moveit_servo:/home/mtrn/4231/ws_moveit2/install/moveit_ros:/home/mtrn/4231/ws_moveit2/install/moveit_ros_visualization:/home/mtrn/4231/ws_moveit2/install/moveit_hybrid_planning:/home/mtrn/4231/ws_moveit2/install/moveit_ros_planning_interface:/home/mtrn/4231/ws_moveit2/install/moveit_ros_benchmarks:/home/mtrn/4231/ws_moveit2/install/moveit_ros_warehouse:/home/mtrn/4231/ws_moveit2/install/moveit_ros_robot_interaction:/home/mtrn/4231/ws_moveit2/install/moveit_ros_perception:/home/mtrn/4231/ws_moveit2/install/moveit_resources_prbt_pg70_support:/home/mtrn/4231/ws_moveit2/install/moveit_resources_prbt_moveit_config:/home/mtrn/4231/ws_moveit2/install/moveit_ros_move_group:/home/mtrn/4231/ws_moveit2/install/moveit_planners_ompl:/home/mtrn/4231/ws_moveit2/install/moveit_ros_planning:/home/mtrn/4231/ws_moveit2/install/moveit_ros_occupancy_map_monitor:/home/mtrn/4231/ws_moveit2/install/moveit_resources_prbt_ikfast_manipulator_plugin:/home/mtrn/4231/ws_moveit2/install/moveit_planners_chomp:/home/mtrn/4231/ws_moveit2/install/moveit_kinematics:/home/mtrn/4231/ws_moveit2/install/moveit_chomp_optimizer_adapter:/home/mtrn/4231/ws_moveit2/install/chomp_motion_planner:/home/mtrn/4231/ws_moveit2/install/moveit_core:/home/mtrn/4231/ws_moveit2/install/srdfdom:/home/mtrn/4231/ws_moveit2/install/rviz_marker_tools:/home/mtrn/4231/ws_moveit2/install/rosparam_shortcuts:/home/mtrn/4231/ws_moveit2/install/moveit_task_constructor_msgs:/home/mtrn/4231/ws_moveit2/install/moveit_resources_prbt_support:/home/mtrn/4231/ws_moveit2/install/moveit_resources:/home/mtrn/4231/ws_moveit2/install/moveit_resources_pr2_description:/home/mtrn/4231/ws_moveit2/install/moveit_resources_panda_moveit_config:/home/mtrn/4231/ws_moveit2/install/moveit_resources_panda_description:/home/mtrn/4231/ws_moveit2/install/moveit_resources_fanuc_moveit_config:/home/mtrn/4231/ws_moveit2/install/moveit_resources_fanuc_description:/home/mtrn/4231/ws_moveit2/install/moveit_common /usr/bin/cmake --install /home/mtrn/ros2_ws/build/interface
