running egg_info
creating ../build/blue_detector/blue_detector.egg-info
writing ../build/blue_detector/blue_detector.egg-info/PKG-INFO
writing dependency_links to ../build/blue_detector/blue_detector.egg-info/dependency_links.txt
writing entry points to ../build/blue_detector/blue_detector.egg-info/entry_points.txt
writing requirements to ../build/blue_detector/blue_detector.egg-info/requires.txt
writing top-level names to ../build/blue_detector/blue_detector.egg-info/top_level.txt
writing manifest file '../build/blue_detector/blue_detector.egg-info/SOURCES.txt'
reading manifest file '../build/blue_detector/blue_detector.egg-info/SOURCES.txt'
writing manifest file '../build/blue_detector/blue_detector.egg-info/SOURCES.txt'
running build
running build_py
creating /home/mtrn/ros2_ws/src/build/blue_detector/build
creating /home/mtrn/ros2_ws/src/build/blue_detector/build/lib
creating /home/mtrn/ros2_ws/src/build/blue_detector/build/lib/blue_detector
copying blue_detector/testing.py -> /home/mtrn/ros2_ws/src/build/blue_detector/build/lib/blue_detector
copying blue_detector/nodeman.py -> /home/mtrn/ros2_ws/src/build/blue_detector/build/lib/blue_detector
copying blue_detector/ros2node.py -> /home/mtrn/ros2_ws/src/build/blue_detector/build/lib/blue_detector
running install
running install_lib
creating /home/mtrn/ros2_ws/src/install/blue_detector/lib/python3.10/site-packages/blue_detector
copying /home/mtrn/ros2_ws/src/build/blue_detector/build/lib/blue_detector/testing.py -> /home/mtrn/ros2_ws/src/install/blue_detector/lib/python3.10/site-packages/blue_detector
copying /home/mtrn/ros2_ws/src/build/blue_detector/build/lib/blue_detector/nodeman.py -> /home/mtrn/ros2_ws/src/install/blue_detector/lib/python3.10/site-packages/blue_detector
copying /home/mtrn/ros2_ws/src/build/blue_detector/build/lib/blue_detector/ros2node.py -> /home/mtrn/ros2_ws/src/install/blue_detector/lib/python3.10/site-packages/blue_detector
byte-compiling /home/mtrn/ros2_ws/src/install/blue_detector/lib/python3.10/site-packages/blue_detector/testing.py to testing.cpython-310.pyc
byte-compiling /home/mtrn/ros2_ws/src/install/blue_detector/lib/python3.10/site-packages/blue_detector/nodeman.py to nodeman.cpython-310.pyc
byte-compiling /home/mtrn/ros2_ws/src/install/blue_detector/lib/python3.10/site-packages/blue_detector/ros2node.py to ros2node.cpython-310.pyc
running install_data
creating /home/mtrn/ros2_ws/src/install/blue_detector/share/ament_index
creating /home/mtrn/ros2_ws/src/install/blue_detector/share/ament_index/resource_index
creating /home/mtrn/ros2_ws/src/install/blue_detector/share/ament_index/resource_index/packages
