[0.743s] Invoking command in '/home/mtrn/ros2_ws/src/blue_detector': PYTHONPATH=/home/mtrn/ros2_ws/src/build/blue_detector/prefix_override:/home/mtrn/ros2_ws/src/install/blue_detector/lib/python3.10/site-packages:${PYTHONPATH} /usr/bin/python3 setup.py egg_info --egg-base ../build/blue_detector build --build-base /home/mtrn/ros2_ws/src/build/blue_detector/build install --record /home/mtrn/ros2_ws/src/build/blue_detector/install.log --single-version-externally-managed
[1.014s] running egg_info
[1.015s] creating ../build/blue_detector/blue_detector.egg-info
[1.015s] writing ../build/blue_detector/blue_detector.egg-info/PKG-INFO
[1.015s] writing dependency_links to ../build/blue_detector/blue_detector.egg-info/dependency_links.txt
[1.015s] writing entry points to ../build/blue_detector/blue_detector.egg-info/entry_points.txt
[1.016s] writing requirements to ../build/blue_detector/blue_detector.egg-info/requires.txt
[1.016s] writing top-level names to ../build/blue_detector/blue_detector.egg-info/top_level.txt
[1.016s] writing manifest file '../build/blue_detector/blue_detector.egg-info/SOURCES.txt'
[1.017s] package init file 'blue_detector/__init__.py' not found (or not a regular file)
[1.017s] reading manifest file '../build/blue_detector/blue_detector.egg-info/SOURCES.txt'
[1.018s] writing manifest file '../build/blue_detector/blue_detector.egg-info/SOURCES.txt'
[1.018s] running build
[1.018s] running build_py
[1.018s] creating /home/mtrn/ros2_ws/src/build/blue_detector/build
[1.018s] creating /home/mtrn/ros2_ws/src/build/blue_detector/build/lib
[1.018s] creating /home/mtrn/ros2_ws/src/build/blue_detector/build/lib/blue_detector
[1.019s] copying blue_detector/testing.py -> /home/mtrn/ros2_ws/src/build/blue_detector/build/lib/blue_detector
[1.019s] copying blue_detector/nodeman.py -> /home/mtrn/ros2_ws/src/build/blue_detector/build/lib/blue_detector
[1.019s] copying blue_detector/ros2node.py -> /home/mtrn/ros2_ws/src/build/blue_detector/build/lib/blue_detector
[1.019s] running install
[1.021s] running install_lib
[1.021s] creating /home/mtrn/ros2_ws/src/install/blue_detector/lib/python3.10/site-packages/blue_detector
[1.021s] copying /home/mtrn/ros2_ws/src/build/blue_detector/build/lib/blue_detector/testing.py -> /home/mtrn/ros2_ws/src/install/blue_detector/lib/python3.10/site-packages/blue_detector
[1.021s] /usr/lib/python3/dist-packages/setuptools/command/install.py:34: SetuptoolsDeprecationWarning: setup.py install is deprecated. Use build and pip and other standards-based tools.
[1.021s]   warnings.warn(
[1.021s] copying /home/mtrn/ros2_ws/src/build/blue_detector/build/lib/blue_detector/nodeman.py -> /home/mtrn/ros2_ws/src/install/blue_detector/lib/python3.10/site-packages/blue_detector
[1.021s] copying /home/mtrn/ros2_ws/src/build/blue_detector/build/lib/blue_detector/ros2node.py -> /home/mtrn/ros2_ws/src/install/blue_detector/lib/python3.10/site-packages/blue_detector
[1.021s] byte-compiling /home/mtrn/ros2_ws/src/install/blue_detector/lib/python3.10/site-packages/blue_detector/testing.py to testing.cpython-310.pyc
[1.023s] byte-compiling /home/mtrn/ros2_ws/src/install/blue_detector/lib/python3.10/site-packages/blue_detector/nodeman.py to nodeman.cpython-310.pyc
[1.023s] byte-compiling /home/mtrn/ros2_ws/src/install/blue_detector/lib/python3.10/site-packages/blue_detector/ros2node.py to ros2node.cpython-310.pyc
[1.024s] running install_data
[1.024s] creating /home/mtrn/ros2_ws/src/install/blue_detector/share/ament_index
[1.024s] creating /home/mtrn/ros2_ws/src/install/blue_detector/share/ament_index/resource_index
[1.024s] creating /home/mtrn/ros2_ws/src/install/blue_detector/share/ament_index/resource_index/packages
[1.024s] error: can't copy 'resource/blue_detector': doesn't exist or not a regular file
[1.041s] Invoked command in '/home/mtrn/ros2_ws/src/blue_detector' returned '1': PYTHONPATH=/home/mtrn/ros2_ws/src/build/blue_detector/prefix_override:/home/mtrn/ros2_ws/src/install/blue_detector/lib/python3.10/site-packages:${PYTHONPATH} /usr/bin/python3 setup.py egg_info --egg-base ../build/blue_detector build --build-base /home/mtrn/ros2_ws/src/build/blue_detector/build install --record /home/mtrn/ros2_ws/src/build/blue_detector/install.log --single-version-externally-managed
