[1.046s] Invoking command in '/home/mtrn/lab4-main/lab4-main/src/vision': AMENT_PREFIX_PATH=/home/mtrn/lab4-main/lab4-main/install/interface:${AMENT_PREFIX_PATH} CMAKE_PREFIX_PATH=/home/mtrn/lab4-main/lab4-main/install/interface LD_LIBRARY_PATH=/home/mtrn/lab4-main/lab4-main/install/interface/lib:${LD_LIBRARY_PATH} PYTHONPATH=/home/mtrn/lab4-main/lab4-main/build/vision/prefix_override:/home/mtrn/lab4-main/lab4-main/install/vision/lib/python3.10/site-packages:/home/mtrn/lab4-main/lab4-main/install/interface/local/lib/python3.10/dist-packages:${PYTHONPATH} /usr/bin/python3 setup.py egg_info --egg-base ../../build/vision build --build-base /home/mtrn/lab4-main/lab4-main/build/vision/build install --record /home/mtrn/lab4-main/lab4-main/build/vision/install.log --single-version-externally-managed
[1.291s] running egg_info
[1.295s] writing ../../build/vision/vision.egg-info/PKG-INFO
[1.296s] writing dependency_links to ../../build/vision/vision.egg-info/dependency_links.txt
[1.296s] writing entry points to ../../build/vision/vision.egg-info/entry_points.txt
[1.296s] writing requirements to ../../build/vision/vision.egg-info/requires.txt
[1.296s] writing top-level names to ../../build/vision/vision.egg-info/top_level.txt
[1.296s] reading manifest file '../../build/vision/vision.egg-info/SOURCES.txt'
[1.296s] adding license file 'LICENSE'
[1.297s] writing manifest file '../../build/vision/vision.egg-info/SOURCES.txt'
[1.297s] running build
[1.297s] running build_py
[1.298s] running install
[1.299s] running install_lib
[1.300s] /usr/lib/python3/dist-packages/setuptools/command/install.py:34: SetuptoolsDeprecationWarning: setup.py install is deprecated. Use build and pip and other standards-based tools.
[1.300s]   warnings.warn(
[1.300s] running install_data
[1.301s] running install_egg_info
[1.316s] removing '/home/mtrn/lab4-main/lab4-main/install/vision/lib/python3.10/site-packages/vision-0.0.0-py3.10.egg-info' (and everything under it)
[1.316s] Copying ../../build/vision/vision.egg-info to /home/mtrn/lab4-main/lab4-main/install/vision/lib/python3.10/site-packages/vision-0.0.0-py3.10.egg-info
[1.317s] running install_scripts
[1.342s] Installing perception_example script to /home/mtrn/lab4-main/lab4-main/install/vision/lib/vision
[1.342s] Installing testing script to /home/mtrn/lab4-main/lab4-main/install/vision/lib/vision
[1.343s] writing list of installed files to '/home/mtrn/lab4-main/lab4-main/build/vision/install.log'
[1.381s] Invoked command in '/home/mtrn/lab4-main/lab4-main/src/vision' returned '0': AMENT_PREFIX_PATH=/home/mtrn/lab4-main/lab4-main/install/interface:${AMENT_PREFIX_PATH} CMAKE_PREFIX_PATH=/home/mtrn/lab4-main/lab4-main/install/interface LD_LIBRARY_PATH=/home/mtrn/lab4-main/lab4-main/install/interface/lib:${LD_LIBRARY_PATH} PYTHONPATH=/home/mtrn/lab4-main/lab4-main/build/vision/prefix_override:/home/mtrn/lab4-main/lab4-main/install/vision/lib/python3.10/site-packages:/home/mtrn/lab4-main/lab4-main/install/interface/local/lib/python3.10/dist-packages:${PYTHONPATH} /usr/bin/python3 setup.py egg_info --egg-base ../../build/vision build --build-base /home/mtrn/lab4-main/lab4-main/build/vision/build install --record /home/mtrn/lab4-main/lab4-main/build/vision/install.log --single-version-externally-managed
