running egg_info
creating build/blue_detector/blue_detector.egg-info
writing build/blue_detector/blue_detector.egg-info/PKG-INFO
writing dependency_links to build/blue_detector/blue_detector.egg-info/dependency_links.txt
writing entry points to build/blue_detector/blue_detector.egg-info/entry_points.txt
writing requirements to build/blue_detector/blue_detector.egg-info/requires.txt
writing top-level names to build/blue_detector/blue_detector.egg-info/top_level.txt
writing manifest file 'build/blue_detector/blue_detector.egg-info/SOURCES.txt'
reading manifest file 'build/blue_detector/blue_detector.egg-info/SOURCES.txt'
writing manifest file 'build/blue_detector/blue_detector.egg-info/SOURCES.txt'
running build
running build_py
creating /home/mtrn/ros2_ws/src/blue_detector/build/blue_detector/build
creating /home/mtrn/ros2_ws/src/blue_detector/build/blue_detector/build/lib
creating /home/mtrn/ros2_ws/src/blue_detector/build/blue_detector/build/lib/blue_detector
copying blue_detector/testing.py -> /home/mtrn/ros2_ws/src/blue_detector/build/blue_detector/build/lib/blue_detector
copying blue_detector/ros2node.py -> /home/mtrn/ros2_ws/src/blue_detector/build/blue_detector/build/lib/blue_detector
copying blue_detector/__init__.py -> /home/mtrn/ros2_ws/src/blue_detector/build/blue_detector/build/lib/blue_detector
running install
/usr/lib/python3/dist-packages/setuptools/command/install.py:34: SetuptoolsDeprecationWarning: setup.py install is deprecated. Use build and pip and other standards-based tools.
  warnings.warn(
running install_lib
creating /home/mtrn/ros2_ws/src/blue_detector/install/blue_detector/lib/python3.10/site-packages/blue_detector
copying /home/mtrn/ros2_ws/src/blue_detector/build/blue_detector/build/lib/blue_detector/testing.py -> /home/mtrn/ros2_ws/src/blue_detector/install/blue_detector/lib/python3.10/site-packages/blue_detector
copying /home/mtrn/ros2_ws/src/blue_detector/build/blue_detector/build/lib/blue_detector/ros2node.py -> /home/mtrn/ros2_ws/src/blue_detector/install/blue_detector/lib/python3.10/site-packages/blue_detector
copying /home/mtrn/ros2_ws/src/blue_detector/build/blue_detector/build/lib/blue_detector/__init__.py -> /home/mtrn/ros2_ws/src/blue_detector/install/blue_detector/lib/python3.10/site-packages/blue_detector
byte-compiling /home/mtrn/ros2_ws/src/blue_detector/install/blue_detector/lib/python3.10/site-packages/blue_detector/testing.py to testing.cpython-310.pyc
byte-compiling /home/mtrn/ros2_ws/src/blue_detector/install/blue_detector/lib/python3.10/site-packages/blue_detector/ros2node.py to ros2node.cpython-310.pyc
byte-compiling /home/mtrn/ros2_ws/src/blue_detector/install/blue_detector/lib/python3.10/site-packages/blue_detector/__init__.py to __init__.cpython-310.pyc
running install_data
creating /home/mtrn/ros2_ws/src/blue_detector/install/blue_detector/share/ament_index
creating /home/mtrn/ros2_ws/src/blue_detector/install/blue_detector/share/ament_index/resource_index
creating /home/mtrn/ros2_ws/src/blue_detector/install/blue_detector/share/ament_index/resource_index/packages
copying resource/blue_detector -> /home/mtrn/ros2_ws/src/blue_detector/install/blue_detector/share/ament_index/resource_index/packages
copying package.xml -> /home/mtrn/ros2_ws/src/blue_detector/install/blue_detector/share/blue_detector
running install_egg_info
Copying build/blue_detector/blue_detector.egg-info to /home/mtrn/ros2_ws/src/blue_detector/install/blue_detector/lib/python3.10/site-packages/blue_detector-0.0.0-py3.10.egg-info
running install_scripts
Installing blue_detector script to /home/mtrn/ros2_ws/src/blue_detector/install/blue_detector/bin
Installing image_publisher script to /home/mtrn/ros2_ws/src/blue_detector/install/blue_detector/bin
writing list of installed files to '/home/mtrn/ros2_ws/src/blue_detector/build/blue_detector/install.log'
