[0.562s] DEBUG:colcon:Command line arguments: ['/usr/bin/colcon', 'build']
[0.562s] DEBUG:colcon:Parsed command line arguments: Namespace(log_base=None, log_level=None, verb_name='build', build_base='build', install_base='install', merge_install=False, symlink_install=False, test_result_base=None, continue_on_error=False, executor='parallel', parallel_workers=4, event_handlers=None, ignore_user_meta=False, metas=['./colcon.meta'], base_paths=['.'], packages_ignore=None, packages_ignore_regex=None, paths=None, packages_up_to=None, packages_up_to_regex=None, packages_above=None, packages_above_and_dependencies=None, packages_above_depth=None, packages_select_by_dep=None, packages_skip_by_dep=None, packages_skip_up_to=None, packages_select_build_failed=False, packages_skip_build_finished=False, packages_select_test_failures=False, packages_skip_test_passed=False, packages_select=None, packages_skip=None, packages_select_regex=None, packages_skip_regex=None, packages_start=None, packages_end=None, allow_overriding=[], cmake_args=None, cmake_target=None, cmake_target_skip_unavailable=False, cmake_clean_cache=False, cmake_clean_first=False, cmake_force_configure=False, ament_cmake_args=None, catkin_cmake_args=None, catkin_skip_building_tests=False, mixin_files=None, mixin=None, verb_parser=<colcon_mixin.mixin.mixin_argument.MixinArgumentDecorator object at 0x7994a116f250>, verb_extension=<colcon_core.verb.build.BuildVerb object at 0x7994a115caf0>, main=<bound method BuildVerb.main of <colcon_core.verb.build.BuildVerb object at 0x7994a115caf0>>, mixin_verb=('build',))
[0.617s] Level 1:colcon.colcon_core.package_discovery:discover_packages(colcon_meta) check parameters
[0.617s] Level 1:colcon.colcon_core.package_discovery:discover_packages(recursive) check parameters
[0.617s] Level 1:colcon.colcon_core.package_discovery:discover_packages(ignore) check parameters
[0.617s] Level 1:colcon.colcon_core.package_discovery:discover_packages(path) check parameters
[0.617s] Level 1:colcon.colcon_core.package_discovery:discover_packages(colcon_meta) discover
[0.618s] Level 1:colcon.colcon_core.package_discovery:discover_packages(recursive) discover
[0.618s] INFO:colcon.colcon_core.package_discovery:Crawling recursively for packages in '/home/mtrn/ros2_ws'
[0.618s] Level 1:colcon.colcon_core.package_identification:_identify(.) by extensions ['ignore', 'ignore_ament_install']
[0.618s] Level 1:colcon.colcon_core.package_identification:_identify(.) by extension 'ignore'
[0.618s] Level 1:colcon.colcon_core.package_identification:_identify(.) by extension 'ignore_ament_install'
[0.618s] Level 1:colcon.colcon_core.package_identification:_identify(.) by extensions ['colcon_pkg']
[0.618s] Level 1:colcon.colcon_core.package_identification:_identify(.) by extension 'colcon_pkg'
[0.618s] Level 1:colcon.colcon_core.package_identification:_identify(.) by extensions ['colcon_meta']
[0.618s] Level 1:colcon.colcon_core.package_identification:_identify(.) by extension 'colcon_meta'
[0.618s] Level 1:colcon.colcon_core.package_identification:_identify(.) by extensions ['ros']
[0.618s] Level 1:colcon.colcon_core.package_identification:_identify(.) by extension 'ros'
[0.634s] Level 1:colcon.colcon_core.package_identification:_identify(.) by extensions ['cmake', 'python']
[0.634s] Level 1:colcon.colcon_core.package_identification:_identify(.) by extension 'cmake'
[0.634s] Level 1:colcon.colcon_core.package_identification:_identify(.) by extension 'python'
[0.634s] Level 1:colcon.colcon_core.package_identification:_identify(.) by extensions ['python_setup_py']
[0.634s] Level 1:colcon.colcon_core.package_identification:_identify(.) by extension 'python_setup_py'
[0.635s] Level 1:colcon.colcon_core.package_identification:_identify(build) by extensions ['ignore', 'ignore_ament_install']
[0.635s] Level 1:colcon.colcon_core.package_identification:_identify(build) by extension 'ignore'
[0.635s] Level 1:colcon.colcon_core.package_identification:_identify(build) ignored
[0.635s] Level 1:colcon.colcon_core.package_identification:_identify(install) by extensions ['ignore', 'ignore_ament_install']
[0.635s] Level 1:colcon.colcon_core.package_identification:_identify(install) by extension 'ignore'
[0.635s] Level 1:colcon.colcon_core.package_identification:_identify(install) ignored
[0.635s] Level 1:colcon.colcon_core.package_identification:_identify(log) by extensions ['ignore', 'ignore_ament_install']
[0.635s] Level 1:colcon.colcon_core.package_identification:_identify(log) by extension 'ignore'
[0.635s] Level 1:colcon.colcon_core.package_identification:_identify(log) ignored
[0.636s] Level 1:colcon.colcon_core.package_identification:_identify(src) by extensions ['ignore', 'ignore_ament_install']
[0.636s] Level 1:colcon.colcon_core.package_identification:_identify(src) by extension 'ignore'
[0.636s] Level 1:colcon.colcon_core.package_identification:_identify(src) by extension 'ignore_ament_install'
[0.636s] Level 1:colcon.colcon_core.package_identification:_identify(src) by extensions ['colcon_pkg']
[0.636s] Level 1:colcon.colcon_core.package_identification:_identify(src) by extension 'colcon_pkg'
[0.636s] Level 1:colcon.colcon_core.package_identification:_identify(src) by extensions ['colcon_meta']
[0.636s] Level 1:colcon.colcon_core.package_identification:_identify(src) by extension 'colcon_meta'
[0.636s] Level 1:colcon.colcon_core.package_identification:_identify(src) by extensions ['ros']
[0.636s] Level 1:colcon.colcon_core.package_identification:_identify(src) by extension 'ros'
[0.636s] Level 1:colcon.colcon_core.package_identification:_identify(src) by extensions ['cmake', 'python']
[0.636s] Level 1:colcon.colcon_core.package_identification:_identify(src) by extension 'cmake'
[0.636s] Level 1:colcon.colcon_core.package_identification:_identify(src) by extension 'python'
[0.636s] Level 1:colcon.colcon_core.package_identification:_identify(src) by extensions ['python_setup_py']
[0.636s] Level 1:colcon.colcon_core.package_identification:_identify(src) by extension 'python_setup_py'
[0.636s] Level 1:colcon.colcon_core.package_identification:_identify(src/blue_detector) by extensions ['ignore', 'ignore_ament_install']
[0.637s] Level 1:colcon.colcon_core.package_identification:_identify(src/blue_detector) by extension 'ignore'
[0.637s] Level 1:colcon.colcon_core.package_identification:_identify(src/blue_detector) by extension 'ignore_ament_install'
[0.637s] Level 1:colcon.colcon_core.package_identification:_identify(src/blue_detector) by extensions ['colcon_pkg']
[0.637s] Level 1:colcon.colcon_core.package_identification:_identify(src/blue_detector) by extension 'colcon_pkg'
[0.637s] Level 1:colcon.colcon_core.package_identification:_identify(src/blue_detector) by extensions ['colcon_meta']
[0.637s] Level 1:colcon.colcon_core.package_identification:_identify(src/blue_detector) by extension 'colcon_meta'
[0.637s] Level 1:colcon.colcon_core.package_identification:_identify(src/blue_detector) by extensions ['ros']
[0.637s] Level 1:colcon.colcon_core.package_identification:_identify(src/blue_detector) by extension 'ros'
[0.645s] DEBUG:colcon.colcon_core.package_identification:Package 'src/blue_detector' with type 'ros.ament_python' and name 'blue_detector'
[0.646s] Level 1:colcon.colcon_core.package_identification:_identify(src/build) by extensions ['ignore', 'ignore_ament_install']
[0.646s] Level 1:colcon.colcon_core.package_identification:_identify(src/build) by extension 'ignore'
[0.646s] Level 1:colcon.colcon_core.package_identification:_identify(src/build) ignored
[0.646s] Level 1:colcon.colcon_core.package_identification:_identify(src/install) by extensions ['ignore', 'ignore_ament_install']
[0.646s] Level 1:colcon.colcon_core.package_identification:_identify(src/install) by extension 'ignore'
[0.646s] Level 1:colcon.colcon_core.package_identification:_identify(src/install) ignored
[0.646s] Level 1:colcon.colcon_core.package_identification:_identify(src/interface) by extensions ['ignore', 'ignore_ament_install']
[0.646s] Level 1:colcon.colcon_core.package_identification:_identify(src/interface) by extension 'ignore'
[0.646s] Level 1:colcon.colcon_core.package_identification:_identify(src/interface) by extension 'ignore_ament_install'
[0.646s] Level 1:colcon.colcon_core.package_identification:_identify(src/interface) by extensions ['colcon_pkg']
[0.647s] Level 1:colcon.colcon_core.package_identification:_identify(src/interface) by extension 'colcon_pkg'
[0.647s] Level 1:colcon.colcon_core.package_identification:_identify(src/interface) by extensions ['colcon_meta']
[0.647s] Level 1:colcon.colcon_core.package_identification:_identify(src/interface) by extension 'colcon_meta'
[0.647s] Level 1:colcon.colcon_core.package_identification:_identify(src/interface) by extensions ['ros']
[0.647s] Level 1:colcon.colcon_core.package_identification:_identify(src/interface) by extension 'ros'
[0.648s] DEBUG:colcon.colcon_core.package_identification:Package 'src/interface' with type 'ros.ament_cmake' and name 'interface'
[0.648s] Level 1:colcon.colcon_core.package_identification:_identify(src/log) by extensions ['ignore', 'ignore_ament_install']
[0.648s] Level 1:colcon.colcon_core.package_identification:_identify(src/log) by extension 'ignore'
[0.648s] Level 1:colcon.colcon_core.package_identification:_identify(src/log) ignored
[0.648s] Level 1:colcon.colcon_core.package_discovery:discover_packages(recursive) using defaults
[0.648s] Level 1:colcon.colcon_core.package_discovery:discover_packages(ignore) discover
[0.648s] Level 1:colcon.colcon_core.package_discovery:discover_packages(ignore) using defaults
[0.648s] Level 1:colcon.colcon_core.package_discovery:discover_packages(path) discover
[0.648s] Level 1:colcon.colcon_core.package_discovery:discover_packages(path) using defaults
[0.715s] Level 1:colcon.colcon_core.package_discovery:discover_packages(prefix_path) check parameters
[0.715s] Level 1:colcon.colcon_core.package_discovery:discover_packages(prefix_path) discover
[0.724s] DEBUG:colcon.colcon_installed_package_information.package_discovery:Found 7 installed packages in /home/mtrn/4231/ros_ur_driver/install
[0.727s] DEBUG:colcon.colcon_installed_package_information.package_discovery:Found 55 installed packages in /home/mtrn/4231/ws_moveit2/install
[0.729s] DEBUG:colcon.colcon_installed_package_information.package_discovery:Found 345 installed packages in /opt/ros/humble
[0.731s] Level 1:colcon.colcon_core.package_discovery:discover_packages(prefix_path) using defaults
[0.879s] Level 5:colcon.colcon_core.verb:set package 'interface' build argument 'cmake_args' from command line to 'None'
[0.880s] Level 5:colcon.colcon_core.verb:set package 'interface' build argument 'cmake_target' from command line to 'None'
[0.880s] Level 5:colcon.colcon_core.verb:set package 'interface' build argument 'cmake_target_skip_unavailable' from command line to 'False'
[0.880s] Level 5:colcon.colcon_core.verb:set package 'interface' build argument 'cmake_clean_cache' from command line to 'False'
[0.880s] Level 5:colcon.colcon_core.verb:set package 'interface' build argument 'cmake_clean_first' from command line to 'False'
[0.880s] Level 5:colcon.colcon_core.verb:set package 'interface' build argument 'cmake_force_configure' from command line to 'False'
[0.880s] Level 5:colcon.colcon_core.verb:set package 'interface' build argument 'ament_cmake_args' from command line to 'None'
[0.880s] Level 5:colcon.colcon_core.verb:set package 'interface' build argument 'catkin_cmake_args' from command line to 'None'
[0.880s] Level 5:colcon.colcon_core.verb:set package 'interface' build argument 'catkin_skip_building_tests' from command line to 'False'
[0.880s] DEBUG:colcon.colcon_core.verb:Building package 'interface' with the following arguments: {'ament_cmake_args': None, 'build_base': '/home/mtrn/ros2_ws/build/interface', 'catkin_cmake_args': None, 'catkin_skip_building_tests': False, 'cmake_args': None, 'cmake_clean_cache': False, 'cmake_clean_first': False, 'cmake_force_configure': False, 'cmake_target': None, 'cmake_target_skip_unavailable': False, 'install_base': '/home/mtrn/ros2_ws/install/interface', 'merge_install': False, 'path': '/home/mtrn/ros2_ws/src/interface', 'symlink_install': False, 'test_result_base': None}
[0.881s] Level 5:colcon.colcon_core.verb:set package 'blue_detector' build argument 'cmake_args' from command line to 'None'
[0.881s] Level 5:colcon.colcon_core.verb:set package 'blue_detector' build argument 'cmake_target' from command line to 'None'
[0.881s] Level 5:colcon.colcon_core.verb:set package 'blue_detector' build argument 'cmake_target_skip_unavailable' from command line to 'False'
[0.881s] Level 5:colcon.colcon_core.verb:set package 'blue_detector' build argument 'cmake_clean_cache' from command line to 'False'
[0.881s] Level 5:colcon.colcon_core.verb:set package 'blue_detector' build argument 'cmake_clean_first' from command line to 'False'
[0.881s] Level 5:colcon.colcon_core.verb:set package 'blue_detector' build argument 'cmake_force_configure' from command line to 'False'
[0.881s] Level 5:colcon.colcon_core.verb:set package 'blue_detector' build argument 'ament_cmake_args' from command line to 'None'
[0.881s] Level 5:colcon.colcon_core.verb:set package 'blue_detector' build argument 'catkin_cmake_args' from command line to 'None'
[0.881s] Level 5:colcon.colcon_core.verb:set package 'blue_detector' build argument 'catkin_skip_building_tests' from command line to 'False'
[0.881s] DEBUG:colcon.colcon_core.verb:Building package 'blue_detector' with the following arguments: {'ament_cmake_args': None, 'build_base': '/home/mtrn/ros2_ws/build/blue_detector', 'catkin_cmake_args': None, 'catkin_skip_building_tests': False, 'cmake_args': None, 'cmake_clean_cache': False, 'cmake_clean_first': False, 'cmake_force_configure': False, 'cmake_target': None, 'cmake_target_skip_unavailable': False, 'install_base': '/home/mtrn/ros2_ws/install/blue_detector', 'merge_install': False, 'path': '/home/mtrn/ros2_ws/src/blue_detector', 'symlink_install': False, 'test_result_base': None}
[0.883s] INFO:colcon.colcon_core.executor:Executing jobs using 'parallel' executor
[0.889s] DEBUG:colcon.colcon_parallel_executor.executor.parallel:run_until_complete
[0.889s] INFO:colcon.colcon_ros.task.ament_cmake.build:Building ROS package in '/home/mtrn/ros2_ws/src/interface' with build type 'ament_cmake'
[0.889s] INFO:colcon.colcon_cmake.task.cmake.build:Building CMake package in '/home/mtrn/ros2_ws/src/interface'
[0.898s] INFO:colcon.colcon_core.plugin_system:Skipping extension 'colcon_core.shell.bat': Not used on non-Windows systems
[0.898s] INFO:colcon.colcon_core.shell:Skip shell extension 'powershell' for command environment: Not usable outside of PowerShell
[0.899s] DEBUG:colcon.colcon_core.shell:Skip shell extension 'dsv' for command environment
[0.918s] DEBUG:colcon.colcon_core.event_handler.log_command:Invoking command in '/home/mtrn/ros2_ws/build/interface': CMAKE_PREFIX_PATH=${CMAKE_PREFIX_PATH}:/home/mtrn/4231/ws_moveit2/install/moveit_configs_utils:/home/mtrn/4231/ws_moveit2/install/launch_param_builder:/opt/ros/humble /usr/bin/cmake --build /home/mtrn/ros2_ws/build/interface -- -j4 -l4
[3.042s] DEBUG:colcon.colcon_core.event_handler.log_command:Invoked command in '/home/mtrn/ros2_ws/build/interface' returned '0': CMAKE_PREFIX_PATH=${CMAKE_PREFIX_PATH}:/home/mtrn/4231/ws_moveit2/install/moveit_configs_utils:/home/mtrn/4231/ws_moveit2/install/launch_param_builder:/opt/ros/humble /usr/bin/cmake --build /home/mtrn/ros2_ws/build/interface -- -j4 -l4
[3.157s] DEBUG:colcon.colcon_core.event_handler.log_command:Invoking command in '/home/mtrn/ros2_ws/build/interface': CMAKE_PREFIX_PATH=${CMAKE_PREFIX_PATH}:/home/mtrn/4231/ws_moveit2/install/moveit_configs_utils:/home/mtrn/4231/ws_moveit2/install/launch_param_builder:/opt/ros/humble /usr/bin/cmake --install /home/mtrn/ros2_ws/build/interface
[3.242s] Level 1:colcon.colcon_core.environment:create_environment_scripts_only(interface)
[3.242s] DEBUG:colcon.colcon_core.event_handler.log_command:Invoked command in '/home/mtrn/ros2_ws/build/interface' returned '0': CMAKE_PREFIX_PATH=${CMAKE_PREFIX_PATH}:/home/mtrn/4231/ws_moveit2/install/moveit_configs_utils:/home/mtrn/4231/ws_moveit2/install/launch_param_builder:/opt/ros/humble /usr/bin/cmake --install /home/mtrn/ros2_ws/build/interface
[3.254s] Level 1:colcon.colcon_core.environment:checking '/home/mtrn/ros2_ws/install/interface' for CMake module files
[3.255s] Level 1:colcon.colcon_core.environment:checking '/home/mtrn/ros2_ws/install/interface' for CMake config files
[3.255s] Level 1:colcon.colcon_core.shell:create_environment_hook('interface', 'cmake_prefix_path')
[3.258s] INFO:colcon.colcon_core.shell:Creating environment hook '/home/mtrn/ros2_ws/install/interface/share/interface/hook/cmake_prefix_path.ps1'
[3.259s] INFO:colcon.colcon_core.shell:Creating environment descriptor '/home/mtrn/ros2_ws/install/interface/share/interface/hook/cmake_prefix_path.dsv'
[3.260s] INFO:colcon.colcon_core.shell:Creating environment hook '/home/mtrn/ros2_ws/install/interface/share/interface/hook/cmake_prefix_path.sh'
[3.261s] Level 1:colcon.colcon_core.environment:checking '/home/mtrn/ros2_ws/install/interface/lib'
[3.261s] Level 1:colcon.colcon_core.shell:create_environment_hook('interface', 'ld_library_path_lib')
[3.264s] INFO:colcon.colcon_core.shell:Creating environment hook '/home/mtrn/ros2_ws/install/interface/share/interface/hook/ld_library_path_lib.ps1'
[3.265s] INFO:colcon.colcon_core.shell:Creating environment descriptor '/home/mtrn/ros2_ws/install/interface/share/interface/hook/ld_library_path_lib.dsv'
[3.265s] INFO:colcon.colcon_core.shell:Creating environment hook '/home/mtrn/ros2_ws/install/interface/share/interface/hook/ld_library_path_lib.sh'
[3.266s] Level 1:colcon.colcon_core.environment:checking '/home/mtrn/ros2_ws/install/interface/bin'
[3.266s] Level 1:colcon.colcon_core.environment:checking '/home/mtrn/ros2_ws/install/interface/lib/pkgconfig/interface.pc'
[3.266s] Level 1:colcon.colcon_core.environment:checking '/home/mtrn/ros2_ws/install/interface/lib/python3.10/site-packages'
[3.266s] Level 1:colcon.colcon_core.shell:create_environment_hook('interface', 'pythonpath')
[3.269s] INFO:colcon.colcon_core.shell:Creating environment hook '/home/mtrn/ros2_ws/install/interface/share/interface/hook/pythonpath.ps1'
[3.269s] INFO:colcon.colcon_core.shell:Creating environment descriptor '/home/mtrn/ros2_ws/install/interface/share/interface/hook/pythonpath.dsv'
[3.269s] INFO:colcon.colcon_core.shell:Creating environment hook '/home/mtrn/ros2_ws/install/interface/share/interface/hook/pythonpath.sh'
[3.270s] Level 1:colcon.colcon_core.environment:checking '/home/mtrn/ros2_ws/install/interface/bin'
[3.273s] INFO:colcon.colcon_core.shell:Creating package script '/home/mtrn/ros2_ws/install/interface/share/interface/package.ps1'
[3.274s] INFO:colcon.colcon_core.shell:Creating package descriptor '/home/mtrn/ros2_ws/install/interface/share/interface/package.dsv'
[3.275s] INFO:colcon.colcon_core.shell:Creating package script '/home/mtrn/ros2_ws/install/interface/share/interface/package.sh'
[3.276s] INFO:colcon.colcon_core.shell:Creating package script '/home/mtrn/ros2_ws/install/interface/share/interface/package.bash'
[3.277s] INFO:colcon.colcon_core.shell:Creating package script '/home/mtrn/ros2_ws/install/interface/share/interface/package.zsh'
[3.278s] Level 1:colcon.colcon_core.environment:create_file_with_runtime_dependencies(/home/mtrn/ros2_ws/install/interface/share/colcon-core/packages/interface)
[3.383s] Level 1:colcon.colcon_core.environment:create_environment_scripts_only(interface)
[3.386s] Level 1:colcon.colcon_core.environment:checking '/home/mtrn/ros2_ws/install/interface' for CMake module files
[3.387s] Level 1:colcon.colcon_core.environment:checking '/home/mtrn/ros2_ws/install/interface' for CMake config files
[3.387s] Level 1:colcon.colcon_core.shell:create_environment_hook('interface', 'cmake_prefix_path')
[3.389s] INFO:colcon.colcon_core.shell:Creating environment hook '/home/mtrn/ros2_ws/install/interface/share/interface/hook/cmake_prefix_path.ps1'
[3.390s] INFO:colcon.colcon_core.shell:Creating environment descriptor '/home/mtrn/ros2_ws/install/interface/share/interface/hook/cmake_prefix_path.dsv'
[3.390s] INFO:colcon.colcon_core.shell:Creating environment hook '/home/mtrn/ros2_ws/install/interface/share/interface/hook/cmake_prefix_path.sh'
[3.391s] Level 1:colcon.colcon_core.environment:checking '/home/mtrn/ros2_ws/install/interface/lib'
[3.391s] Level 1:colcon.colcon_core.shell:create_environment_hook('interface', 'ld_library_path_lib')
[3.394s] INFO:colcon.colcon_core.shell:Creating environment hook '/home/mtrn/ros2_ws/install/interface/share/interface/hook/ld_library_path_lib.ps1'
[3.394s] INFO:colcon.colcon_core.shell:Creating environment descriptor '/home/mtrn/ros2_ws/install/interface/share/interface/hook/ld_library_path_lib.dsv'
[3.394s] INFO:colcon.colcon_core.shell:Creating environment hook '/home/mtrn/ros2_ws/install/interface/share/interface/hook/ld_library_path_lib.sh'
[3.395s] Level 1:colcon.colcon_core.environment:checking '/home/mtrn/ros2_ws/install/interface/bin'
[3.395s] Level 1:colcon.colcon_core.environment:checking '/home/mtrn/ros2_ws/install/interface/lib/pkgconfig/interface.pc'
[3.395s] Level 1:colcon.colcon_core.environment:checking '/home/mtrn/ros2_ws/install/interface/lib/python3.10/site-packages'
[3.395s] Level 1:colcon.colcon_core.shell:create_environment_hook('interface', 'pythonpath')
[3.398s] INFO:colcon.colcon_core.shell:Creating environment hook '/home/mtrn/ros2_ws/install/interface/share/interface/hook/pythonpath.ps1'
[3.398s] INFO:colcon.colcon_core.shell:Creating environment descriptor '/home/mtrn/ros2_ws/install/interface/share/interface/hook/pythonpath.dsv'
[3.398s] INFO:colcon.colcon_core.shell:Creating environment hook '/home/mtrn/ros2_ws/install/interface/share/interface/hook/pythonpath.sh'
[3.399s] Level 1:colcon.colcon_core.environment:checking '/home/mtrn/ros2_ws/install/interface/bin'
[3.401s] INFO:colcon.colcon_core.shell:Creating package script '/home/mtrn/ros2_ws/install/interface/share/interface/package.ps1'
[3.402s] INFO:colcon.colcon_core.shell:Creating package descriptor '/home/mtrn/ros2_ws/install/interface/share/interface/package.dsv'
[3.403s] INFO:colcon.colcon_core.shell:Creating package script '/home/mtrn/ros2_ws/install/interface/share/interface/package.sh'
[3.403s] INFO:colcon.colcon_core.shell:Creating package script '/home/mtrn/ros2_ws/install/interface/share/interface/package.bash'
[3.403s] INFO:colcon.colcon_core.shell:Creating package script '/home/mtrn/ros2_ws/install/interface/share/interface/package.zsh'
[3.404s] Level 1:colcon.colcon_core.environment:create_file_with_runtime_dependencies(/home/mtrn/ros2_ws/install/interface/share/colcon-core/packages/interface)
[3.404s] INFO:colcon.colcon_ros.task.ament_python.build:Building ROS package in '/home/mtrn/ros2_ws/src/blue_detector' with build type 'ament_python'
[3.404s] Level 1:colcon.colcon_core.shell:create_environment_hook('blue_detector', 'ament_prefix_path')
[3.407s] INFO:colcon.colcon_core.shell:Creating environment hook '/home/mtrn/ros2_ws/install/blue_detector/share/blue_detector/hook/ament_prefix_path.ps1'
[3.408s] INFO:colcon.colcon_core.shell:Creating environment descriptor '/home/mtrn/ros2_ws/install/blue_detector/share/blue_detector/hook/ament_prefix_path.dsv'
[3.409s] INFO:colcon.colcon_core.shell:Creating environment hook '/home/mtrn/ros2_ws/install/blue_detector/share/blue_detector/hook/ament_prefix_path.sh'
[3.412s] INFO:colcon.colcon_core.shell:Skip shell extension 'powershell' for command environment: Not usable outside of PowerShell
[3.412s] DEBUG:colcon.colcon_core.shell:Skip shell extension 'dsv' for command environment
[3.694s] INFO:colcon.colcon_core.task.python.build:Building Python package in '/home/mtrn/ros2_ws/src/blue_detector'
[3.696s] INFO:colcon.colcon_core.shell:Skip shell extension 'powershell' for command environment: Not usable outside of PowerShell
[3.696s] DEBUG:colcon.colcon_core.shell:Skip shell extension 'dsv' for command environment
[4.316s] DEBUG:colcon.colcon_core.event_handler.log_command:Invoking command in '/home/mtrn/ros2_ws/src/blue_detector': AMENT_PREFIX_PATH=/home/mtrn/ros2_ws/install/interface:${AMENT_PREFIX_PATH} CMAKE_PREFIX_PATH=/home/mtrn/ros2_ws/install/interface:${CMAKE_PREFIX_PATH} LD_LIBRARY_PATH=/home/mtrn/ros2_ws/install/interface/lib:${LD_LIBRARY_PATH} PYTHONPATH=/home/mtrn/ros2_ws/build/blue_detector/prefix_override:/home/mtrn/ros2_ws/install/blue_detector/lib/python3.10/site-packages:/home/mtrn/ros2_ws/install/interface/local/lib/python3.10/dist-packages:/home/mtrn/ros2_ws/install/interface/lib/python3.10/site-packages:${PYTHONPATH} /usr/bin/python3 setup.py egg_info --egg-base ../../build/blue_detector build --build-base /home/mtrn/ros2_ws/build/blue_detector/build install --record /home/mtrn/ros2_ws/build/blue_detector/install.log --single-version-externally-managed
[4.640s] Level 1:colcon.colcon_core.environment:checking '/home/mtrn/ros2_ws/install/blue_detector' for CMake module files
[4.641s] DEBUG:colcon.colcon_core.event_handler.log_command:Invoked command in '/home/mtrn/ros2_ws/src/blue_detector' returned '0': AMENT_PREFIX_PATH=/home/mtrn/ros2_ws/install/interface:${AMENT_PREFIX_PATH} CMAKE_PREFIX_PATH=/home/mtrn/ros2_ws/install/interface:${CMAKE_PREFIX_PATH} LD_LIBRARY_PATH=/home/mtrn/ros2_ws/install/interface/lib:${LD_LIBRARY_PATH} PYTHONPATH=/home/mtrn/ros2_ws/build/blue_detector/prefix_override:/home/mtrn/ros2_ws/install/blue_detector/lib/python3.10/site-packages:/home/mtrn/ros2_ws/install/interface/local/lib/python3.10/dist-packages:/home/mtrn/ros2_ws/install/interface/lib/python3.10/site-packages:${PYTHONPATH} /usr/bin/python3 setup.py egg_info --egg-base ../../build/blue_detector build --build-base /home/mtrn/ros2_ws/build/blue_detector/build install --record /home/mtrn/ros2_ws/build/blue_detector/install.log --single-version-externally-managed
[4.641s] Level 1:colcon.colcon_core.environment:checking '/home/mtrn/ros2_ws/install/blue_detector' for CMake config files
[4.642s] Level 1:colcon.colcon_core.environment:checking '/home/mtrn/ros2_ws/install/blue_detector/lib'
[4.642s] Level 1:colcon.colcon_core.environment:checking '/home/mtrn/ros2_ws/install/blue_detector/bin'
[4.642s] Level 1:colcon.colcon_core.environment:checking '/home/mtrn/ros2_ws/install/blue_detector/lib/pkgconfig/blue_detector.pc'
[4.642s] Level 1:colcon.colcon_core.environment:checking '/home/mtrn/ros2_ws/install/blue_detector/lib/python3.10/site-packages'
[4.642s] Level 1:colcon.colcon_core.shell:create_environment_hook('blue_detector', 'pythonpath')
[4.645s] INFO:colcon.colcon_core.shell:Creating environment hook '/home/mtrn/ros2_ws/install/blue_detector/share/blue_detector/hook/pythonpath.ps1'
[4.645s] INFO:colcon.colcon_core.shell:Creating environment descriptor '/home/mtrn/ros2_ws/install/blue_detector/share/blue_detector/hook/pythonpath.dsv'
[4.645s] INFO:colcon.colcon_core.shell:Creating environment hook '/home/mtrn/ros2_ws/install/blue_detector/share/blue_detector/hook/pythonpath.sh'
[4.646s] Level 1:colcon.colcon_core.environment:checking '/home/mtrn/ros2_ws/install/blue_detector/bin'
[4.646s] Level 1:colcon.colcon_core.environment:create_environment_scripts_only(blue_detector)
[4.649s] INFO:colcon.colcon_core.shell:Creating package script '/home/mtrn/ros2_ws/install/blue_detector/share/blue_detector/package.ps1'
[4.649s] INFO:colcon.colcon_core.shell:Creating package descriptor '/home/mtrn/ros2_ws/install/blue_detector/share/blue_detector/package.dsv'
[4.650s] INFO:colcon.colcon_core.shell:Creating package script '/home/mtrn/ros2_ws/install/blue_detector/share/blue_detector/package.sh'
[4.650s] INFO:colcon.colcon_core.shell:Creating package script '/home/mtrn/ros2_ws/install/blue_detector/share/blue_detector/package.bash'
[4.650s] INFO:colcon.colcon_core.shell:Creating package script '/home/mtrn/ros2_ws/install/blue_detector/share/blue_detector/package.zsh'
[4.651s] Level 1:colcon.colcon_core.environment:create_file_with_runtime_dependencies(/home/mtrn/ros2_ws/install/blue_detector/share/colcon-core/packages/blue_detector)
[4.651s] DEBUG:colcon.colcon_parallel_executor.executor.parallel:closing loop
[4.651s] DEBUG:colcon.colcon_parallel_executor.executor.parallel:loop closed
[4.651s] DEBUG:colcon.colcon_parallel_executor.executor.parallel:run_until_complete finished with '0'
[4.651s] DEBUG:colcon.colcon_core.event_reactor:joining thread
[4.664s] INFO:colcon.colcon_core.plugin_system:Skipping extension 'colcon_notification.desktop_notification.terminal_notifier': Not used on non-Darwin systems
[4.664s] INFO:colcon.colcon_core.plugin_system:Skipping extension 'colcon_notification.desktop_notification.win32': Not used on non-Windows systems
[4.664s] INFO:colcon.colcon_notification.desktop_notification:Sending desktop notification using 'notify2'
[4.683s] DEBUG:colcon.colcon_core.event_reactor:joined thread
[4.686s] INFO:colcon.colcon_core.shell:Creating prefix script '/home/mtrn/ros2_ws/install/local_setup.ps1'
[4.687s] INFO:colcon.colcon_core.shell:Creating prefix util module '/home/mtrn/ros2_ws/install/_local_setup_util_ps1.py'
[4.688s] INFO:colcon.colcon_core.shell:Creating prefix chain script '/home/mtrn/ros2_ws/install/setup.ps1'
[4.693s] INFO:colcon.colcon_core.shell:Creating prefix script '/home/mtrn/ros2_ws/install/local_setup.sh'
[4.694s] INFO:colcon.colcon_core.shell:Creating prefix util module '/home/mtrn/ros2_ws/install/_local_setup_util_sh.py'
[4.694s] INFO:colcon.colcon_core.shell:Creating prefix chain script '/home/mtrn/ros2_ws/install/setup.sh'
[4.699s] INFO:colcon.colcon_core.shell:Creating prefix script '/home/mtrn/ros2_ws/install/local_setup.bash'
[4.700s] INFO:colcon.colcon_core.shell:Creating prefix chain script '/home/mtrn/ros2_ws/install/setup.bash'
[4.705s] INFO:colcon.colcon_core.shell:Creating prefix script '/home/mtrn/ros2_ws/install/local_setup.zsh'
[4.707s] INFO:colcon.colcon_core.shell:Creating prefix chain script '/home/mtrn/ros2_ws/install/setup.zsh'
