/home/mtrn/lab4-main/lab4-main/install/transformation/lib/python3.10/site-packages/transformation/tf_subscriber.py
/home/mtrn/lab4-main/lab4-main/install/transformation/lib/python3.10/site-packages/transformation/tf_utils.py
/home/mtrn/lab4-main/lab4-main/install/transformation/lib/python3.10/site-packages/transformation/tf_publisher.py
/home/mtrn/lab4-main/lab4-main/install/transformation/lib/python3.10/site-packages/transformation/__init__.py
/home/mtrn/lab4-main/lab4-main/install/transformation/lib/python3.10/site-packages/transformation/tf_main.py
/home/mtrn/lab4-main/lab4-main/install/transformation/lib/python3.10/site-packages/transformation/__pycache__/tf_subscriber.cpython-310.pyc
/home/mtrn/lab4-main/lab4-main/install/transformation/lib/python3.10/site-packages/transformation/__pycache__/tf_utils.cpython-310.pyc
/home/mtrn/lab4-main/lab4-main/install/transformation/lib/python3.10/site-packages/transformation/__pycache__/tf_publisher.cpython-310.pyc
/home/mtrn/lab4-main/lab4-main/install/transformation/lib/python3.10/site-packages/transformation/__pycache__/__init__.cpython-310.pyc
/home/mtrn/lab4-main/lab4-main/install/transformation/lib/python3.10/site-packages/transformation/__pycache__/tf_main.cpython-310.pyc
/home/mtrn/lab4-main/lab4-main/install/transformation/share/ament_index/resource_index/packages/transformation
/home/mtrn/lab4-main/lab4-main/install/transformation/share/transformation/package.xml
/home/mtrn/lab4-main/lab4-main/install/transformation/lib/python3.10/site-packages/transformation-0.0.0-py3.10.egg-info/zip-safe
/home/mtrn/lab4-main/lab4-main/install/transformation/lib/python3.10/site-packages/transformation-0.0.0-py3.10.egg-info/requires.txt
/home/mtrn/lab4-main/lab4-main/install/transformation/lib/python3.10/site-packages/transformation-0.0.0-py3.10.egg-info/entry_points.txt
/home/mtrn/lab4-main/lab4-main/install/transformation/lib/python3.10/site-packages/transformation-0.0.0-py3.10.egg-info/top_level.txt
/home/mtrn/lab4-main/lab4-main/install/transformation/lib/python3.10/site-packages/transformation-0.0.0-py3.10.egg-info/SOURCES.txt
/home/mtrn/lab4-main/lab4-main/install/transformation/lib/python3.10/site-packages/transformation-0.0.0-py3.10.egg-info/PKG-INFO
/home/mtrn/lab4-main/lab4-main/install/transformation/lib/python3.10/site-packages/transformation-0.0.0-py3.10.egg-info/dependency_links.txt
/home/mtrn/lab4-main/lab4-main/install/transformation/lib/transformation/main
