[0.891s] Invoking command in '/home/mtrn/ros2_ws/src/blue_detector': PYTHONPATH=/home/mtrn/ros2_ws/build/blue_detector/prefix_override:/home/mtrn/ros2_ws/install/blue_detector/lib/python3.10/site-packages:${PYTHONPATH} /usr/bin/python3 setup.py egg_info --egg-base ../../build/blue_detector build --build-base /home/mtrn/ros2_ws/build/blue_detector/build install --record /home/mtrn/ros2_ws/build/blue_detector/install.log --single-version-externally-managed
[1.173s] running egg_info
[1.174s] creating ../../build/blue_detector/blue_detector.egg-info
[1.176s] writing ../../build/blue_detector/blue_detector.egg-info/PKG-INFO
[1.180s] writing dependency_links to ../../build/blue_detector/blue_detector.egg-info/dependency_links.txt
[1.180s] writing entry points to ../../build/blue_detector/blue_detector.egg-info/entry_points.txt
[1.181s] writing requirements to ../../build/blue_detector/blue_detector.egg-info/requires.txt
[1.181s] writing top-level names to ../../build/blue_detector/blue_detector.egg-info/top_level.txt
[1.184s] writing manifest file '../../build/blue_detector/blue_detector.egg-info/SOURCES.txt'
[1.184s] reading manifest file '../../build/blue_detector/blue_detector.egg-info/SOURCES.txt'
[1.184s] writing manifest file '../../build/blue_detector/blue_detector.egg-info/SOURCES.txt'
[1.184s] running build
[1.184s] running build_py
[1.184s] creating /home/mtrn/ros2_ws/build/blue_detector/build
[1.185s] creating /home/mtrn/ros2_ws/build/blue_detector/build/lib
[1.185s] creating /home/mtrn/ros2_ws/build/blue_detector/build/lib/blue_detector
[1.185s] copying blue_detector/testing.py -> /home/mtrn/ros2_ws/build/blue_detector/build/lib/blue_detector
[1.185s] copying blue_detector/tester1.py -> /home/mtrn/ros2_ws/build/blue_detector/build/lib/blue_detector
[1.185s] copying blue_detector/tf_utils.py -> /home/mtrn/ros2_ws/build/blue_detector/build/lib/blue_detector
[1.185s] copying blue_detector/testnode.py -> /home/mtrn/ros2_ws/build/blue_detector/build/lib/blue_detector
[1.185s] copying blue_detector/ros2commands.py -> /home/mtrn/ros2_ws/build/blue_detector/build/lib/blue_detector
[1.185s] copying blue_detector/ros2node.py -> /home/mtrn/ros2_ws/build/blue_detector/build/lib/blue_detector
[1.185s] copying blue_detector/__init__.py -> /home/mtrn/ros2_ws/build/blue_detector/build/lib/blue_detector
[1.185s] running install
[1.185s] running install_lib
[1.185s] creating /home/mtrn/ros2_ws/install/blue_detector/lib/python3.10/site-packages/blue_detector
[1.187s] copying /home/mtrn/ros2_ws/build/blue_detector/build/lib/blue_detector/testing.py -> /home/mtrn/ros2_ws/install/blue_detector/lib/python3.10/site-packages/blue_detector
[1.187s] copying /home/mtrn/ros2_ws/build/blue_detector/build/lib/blue_detector/tester1.py -> /home/mtrn/ros2_ws/install/blue_detector/lib/python3.10/site-packages/blue_detector
[1.188s] copying /home/mtrn/ros2_ws/build/blue_detector/build/lib/blue_detector/tf_utils.py -> /home/mtrn/ros2_ws/install/blue_detector/lib/python3.10/site-packages/blue_detector
[1.188s] copying /home/mtrn/ros2_ws/build/blue_detector/build/lib/blue_detector/testnode.py -> /home/mtrn/ros2_ws/install/blue_detector/lib/python3.10/site-packages/blue_detector
[1.188s] copying /home/mtrn/ros2_ws/build/blue_detector/build/lib/blue_detector/ros2commands.py -> /home/mtrn/ros2_ws/install/blue_detector/lib/python3.10/site-packages/blue_detector
[1.188s] copying /home/mtrn/ros2_ws/build/blue_detector/build/lib/blue_detector/ros2node.py -> /home/mtrn/ros2_ws/install/blue_detector/lib/python3.10/site-packages/blue_detector
[1.189s] copying /home/mtrn/ros2_ws/build/blue_detector/build/lib/blue_detector/__init__.py -> /home/mtrn/ros2_ws/install/blue_detector/lib/python3.10/site-packages/blue_detector
[1.189s] /usr/lib/python3/dist-packages/setuptools/command/install.py:34: SetuptoolsDeprecationWarning: setup.py install is deprecated. Use build and pip and other standards-based tools.
[1.189s]   warnings.warn(
[1.189s] byte-compiling /home/mtrn/ros2_ws/install/blue_detector/lib/python3.10/site-packages/blue_detector/testing.py to testing.cpython-310.pyc
[1.189s] byte-compiling /home/mtrn/ros2_ws/install/blue_detector/lib/python3.10/site-packages/blue_detector/tester1.py to tester1.cpython-310.pyc
[1.189s] byte-compiling /home/mtrn/ros2_ws/install/blue_detector/lib/python3.10/site-packages/blue_detector/tf_utils.py to tf_utils.cpython-310.pyc
[1.190s] byte-compiling /home/mtrn/ros2_ws/install/blue_detector/lib/python3.10/site-packages/blue_detector/testnode.py to testnode.cpython-310.pyc
[1.190s] byte-compiling /home/mtrn/ros2_ws/install/blue_detector/lib/python3.10/site-packages/blue_detector/ros2commands.py to ros2commands.cpython-310.pyc
[1.190s] byte-compiling /home/mtrn/ros2_ws/install/blue_detector/lib/python3.10/site-packages/blue_detector/ros2node.py to ros2node.cpython-310.pyc
[1.191s] byte-compiling /home/mtrn/ros2_ws/install/blue_detector/lib/python3.10/site-packages/blue_detector/__init__.py to __init__.cpython-310.pyc
[1.191s] running install_data
[1.196s] creating /home/mtrn/ros2_ws/install/blue_detector/share/ament_index
[1.196s] creating /home/mtrn/ros2_ws/install/blue_detector/share/ament_index/resource_index
[1.196s] creating /home/mtrn/ros2_ws/install/blue_detector/share/ament_index/resource_index/packages
[1.196s] copying resource/blue_detector -> /home/mtrn/ros2_ws/install/blue_detector/share/ament_index/resource_index/packages
[1.196s] copying package.xml -> /home/mtrn/ros2_ws/install/blue_detector/share/blue_detector
[1.196s] creating /home/mtrn/ros2_ws/install/blue_detector/share/blue_detector/launch
[1.196s] running install_egg_info
[1.222s] Copying ../../build/blue_detector/blue_detector.egg-info to /home/mtrn/ros2_ws/install/blue_detector/lib/python3.10/site-packages/blue_detector-0.0.0-py3.10.egg-info
[1.222s] running install_scripts
[1.253s] Installing blue_detection_node script to /home/mtrn/ros2_ws/install/blue_detector/lib/blue_detector
[1.253s] Installing coords script to /home/mtrn/ros2_ws/install/blue_detector/lib/blue_detector
[1.253s] Installing final_detect_node script to /home/mtrn/ros2_ws/install/blue_detector/lib/blue_detector
[1.253s] Installing image_convert script to /home/mtrn/ros2_ws/install/blue_detector/lib/blue_detector
[1.253s] writing list of installed files to '/home/mtrn/ros2_ws/build/blue_detector/install.log'
[1.292s] Invoked command in '/home/mtrn/ros2_ws/src/blue_detector' returned '0': PYTHONPATH=/home/mtrn/ros2_ws/build/blue_detector/prefix_override:/home/mtrn/ros2_ws/install/blue_detector/lib/python3.10/site-packages:${PYTHONPATH} /usr/bin/python3 setup.py egg_info --egg-base ../../build/blue_detector build --build-base /home/mtrn/ros2_ws/build/blue_detector/build install --record /home/mtrn/ros2_ws/build/blue_detector/install.log --single-version-externally-managed
