running egg_info
writing ../../build/vision/vision.egg-info/PKG-INFO
writing dependency_links to ../../build/vision/vision.egg-info/dependency_links.txt
writing entry points to ../../build/vision/vision.egg-info/entry_points.txt
writing requirements to ../../build/vision/vision.egg-info/requires.txt
writing top-level names to ../../build/vision/vision.egg-info/top_level.txt
reading manifest file '../../build/vision/vision.egg-info/SOURCES.txt'
adding license file 'LICENSE'
writing manifest file '../../build/vision/vision.egg-info/SOURCES.txt'
running build
running build_py
running install
/usr/lib/python3/dist-packages/setuptools/command/install.py:34: SetuptoolsDeprecationWarning: setup.py install is deprecated. Use build and pip and other standards-based tools.
  warnings.warn(
running install_lib
running install_data
copying package.xml -> /home/mtrn/lab4-main/lab4-main/install/vision/share/vision
running install_egg_info
removing '/home/mtrn/lab4-main/lab4-main/install/vision/lib/python3.10/site-packages/vision-0.0.0-py3.10.egg-info' (and everything under it)
Copying ../../build/vision/vision.egg-info to /home/mtrn/lab4-main/lab4-main/install/vision/lib/python3.10/site-packages/vision-0.0.0-py3.10.egg-info
running install_scripts
Installing perception_example script to /home/mtrn/lab4-main/lab4-main/install/vision/lib/vision
Installing testing script to /home/mtrn/lab4-main/lab4-main/install/vision/lib/vision
writing list of installed files to '/home/mtrn/lab4-main/lab4-main/build/vision/install.log'
