[0.449s] DEBUG:colcon:Command line arguments: ['/usr/bin/colcon', 'build', '--packages-select', 'vision']
[0.449s] DEBUG:colcon:Parsed command line arguments: Namespace(log_base=None, log_level=None, verb_name='build', build_base='build', install_base='install', merge_install=False, symlink_install=False, test_result_base=None, continue_on_error=False, executor='parallel', parallel_workers=4, event_handlers=None, ignore_user_meta=False, metas=['./colcon.meta'], base_paths=['.'], packages_ignore=None, packages_ignore_regex=None, paths=None, packages_up_to=None, packages_up_to_regex=None, packages_above=None, packages_above_and_dependencies=None, packages_above_depth=None, packages_select_by_dep=None, packages_skip_by_dep=None, packages_skip_up_to=None, packages_select_build_failed=False, packages_skip_build_finished=False, packages_select_test_failures=False, packages_skip_test_passed=False, packages_select=['vision'], packages_skip=None, packages_select_regex=None, packages_skip_regex=None, packages_start=None, packages_end=None, allow_overriding=[], cmake_args=None, cmake_target=None, cmake_target_skip_unavailable=False, cmake_clean_cache=False, cmake_clean_first=False, cmake_force_configure=False, ament_cmake_args=None, catkin_cmake_args=None, catkin_skip_building_tests=False, mixin_files=None, mixin=None, verb_parser=<colcon_mixin.mixin.mixin_argument.MixinArgumentDecorator object at 0x7cd54fcb5ba0>, verb_extension=<colcon_core.verb.build.BuildVerb object at 0x7cd54fca7460>, main=<bound method BuildVerb.main of <colcon_core.verb.build.BuildVerb object at 0x7cd54fca7460>>, mixin_verb=('build',))
[0.481s] Level 1:colcon.colcon_core.package_discovery:discover_packages(colcon_meta) check parameters
[0.481s] Level 1:colcon.colcon_core.package_discovery:discover_packages(recursive) check parameters
[0.481s] Level 1:colcon.colcon_core.package_discovery:discover_packages(ignore) check parameters
[0.481s] Level 1:colcon.colcon_core.package_discovery:discover_packages(path) check parameters
[0.481s] Level 1:colcon.colcon_core.package_discovery:discover_packages(colcon_meta) discover
[0.481s] Level 1:colcon.colcon_core.package_discovery:discover_packages(recursive) discover
[0.481s] INFO:colcon.colcon_core.package_discovery:Crawling recursively for packages in '/home/mtrn/lab4-main/lab4-main'
[0.481s] Level 1:colcon.colcon_core.package_identification:_identify(.) by extensions ['ignore', 'ignore_ament_install']
[0.481s] Level 1:colcon.colcon_core.package_identification:_identify(.) by extension 'ignore'
[0.481s] Level 1:colcon.colcon_core.package_identification:_identify(.) by extension 'ignore_ament_install'
[0.482s] Level 1:colcon.colcon_core.package_identification:_identify(.) by extensions ['colcon_pkg']
[0.482s] Level 1:colcon.colcon_core.package_identification:_identify(.) by extension 'colcon_pkg'
[0.482s] Level 1:colcon.colcon_core.package_identification:_identify(.) by extensions ['colcon_meta']
[0.482s] Level 1:colcon.colcon_core.package_identification:_identify(.) by extension 'colcon_meta'
[0.482s] Level 1:colcon.colcon_core.package_identification:_identify(.) by extensions ['ros']
[0.482s] Level 1:colcon.colcon_core.package_identification:_identify(.) by extension 'ros'
[0.513s] Level 1:colcon.colcon_core.package_identification:_identify(.) by extensions ['cmake', 'python']
[0.513s] Level 1:colcon.colcon_core.package_identification:_identify(.) by extension 'cmake'
[0.513s] Level 1:colcon.colcon_core.package_identification:_identify(.) by extension 'python'
[0.513s] Level 1:colcon.colcon_core.package_identification:_identify(.) by extensions ['python_setup_py']
[0.513s] Level 1:colcon.colcon_core.package_identification:_identify(.) by extension 'python_setup_py'
[0.513s] Level 1:colcon.colcon_core.package_identification:_identify(build) by extensions ['ignore', 'ignore_ament_install']
[0.513s] Level 1:colcon.colcon_core.package_identification:_identify(build) by extension 'ignore'
[0.513s] Level 1:colcon.colcon_core.package_identification:_identify(build) ignored
[0.513s] Level 1:colcon.colcon_core.package_identification:_identify(install) by extensions ['ignore', 'ignore_ament_install']
[0.514s] Level 1:colcon.colcon_core.package_identification:_identify(install) by extension 'ignore'
[0.514s] Level 1:colcon.colcon_core.package_identification:_identify(install) ignored
[0.514s] Level 1:colcon.colcon_core.package_identification:_identify(log) by extensions ['ignore', 'ignore_ament_install']
[0.514s] Level 1:colcon.colcon_core.package_identification:_identify(log) by extension 'ignore'
[0.514s] Level 1:colcon.colcon_core.package_identification:_identify(log) ignored
[0.514s] Level 1:colcon.colcon_core.package_identification:_identify(my_dataset) by extensions ['ignore', 'ignore_ament_install']
[0.514s] Level 1:colcon.colcon_core.package_identification:_identify(my_dataset) by extension 'ignore'
[0.514s] Level 1:colcon.colcon_core.package_identification:_identify(my_dataset) by extension 'ignore_ament_install'
[0.514s] Level 1:colcon.colcon_core.package_identification:_identify(my_dataset) by extensions ['colcon_pkg']
[0.514s] Level 1:colcon.colcon_core.package_identification:_identify(my_dataset) by extension 'colcon_pkg'
[0.514s] Level 1:colcon.colcon_core.package_identification:_identify(my_dataset) by extensions ['colcon_meta']
[0.514s] Level 1:colcon.colcon_core.package_identification:_identify(my_dataset) by extension 'colcon_meta'
[0.514s] Level 1:colcon.colcon_core.package_identification:_identify(my_dataset) by extensions ['ros']
[0.514s] Level 1:colcon.colcon_core.package_identification:_identify(my_dataset) by extension 'ros'
[0.514s] Level 1:colcon.colcon_core.package_identification:_identify(my_dataset) by extensions ['cmake', 'python']
[0.514s] Level 1:colcon.colcon_core.package_identification:_identify(my_dataset) by extension 'cmake'
[0.514s] Level 1:colcon.colcon_core.package_identification:_identify(my_dataset) by extension 'python'
[0.514s] Level 1:colcon.colcon_core.package_identification:_identify(my_dataset) by extensions ['python_setup_py']
[0.514s] Level 1:colcon.colcon_core.package_identification:_identify(my_dataset) by extension 'python_setup_py'
[0.514s] Level 1:colcon.colcon_core.package_identification:_identify(my_dataset/train) by extensions ['ignore', 'ignore_ament_install']
[0.515s] Level 1:colcon.colcon_core.package_identification:_identify(my_dataset/train) by extension 'ignore'
[0.515s] Level 1:colcon.colcon_core.package_identification:_identify(my_dataset/train) by extension 'ignore_ament_install'
[0.515s] Level 1:colcon.colcon_core.package_identification:_identify(my_dataset/train) by extensions ['colcon_pkg']
[0.515s] Level 1:colcon.colcon_core.package_identification:_identify(my_dataset/train) by extension 'colcon_pkg'
[0.515s] Level 1:colcon.colcon_core.package_identification:_identify(my_dataset/train) by extensions ['colcon_meta']
[0.515s] Level 1:colcon.colcon_core.package_identification:_identify(my_dataset/train) by extension 'colcon_meta'
[0.515s] Level 1:colcon.colcon_core.package_identification:_identify(my_dataset/train) by extensions ['ros']
[0.515s] Level 1:colcon.colcon_core.package_identification:_identify(my_dataset/train) by extension 'ros'
[0.515s] Level 1:colcon.colcon_core.package_identification:_identify(my_dataset/train) by extensions ['cmake', 'python']
[0.515s] Level 1:colcon.colcon_core.package_identification:_identify(my_dataset/train) by extension 'cmake'
[0.515s] Level 1:colcon.colcon_core.package_identification:_identify(my_dataset/train) by extension 'python'
[0.515s] Level 1:colcon.colcon_core.package_identification:_identify(my_dataset/train) by extensions ['python_setup_py']
[0.515s] Level 1:colcon.colcon_core.package_identification:_identify(my_dataset/train) by extension 'python_setup_py'
[0.515s] Level 1:colcon.colcon_core.package_identification:_identify(my_dataset/train/images) by extensions ['ignore', 'ignore_ament_install']
[0.515s] Level 1:colcon.colcon_core.package_identification:_identify(my_dataset/train/images) by extension 'ignore'
[0.515s] Level 1:colcon.colcon_core.package_identification:_identify(my_dataset/train/images) by extension 'ignore_ament_install'
[0.515s] Level 1:colcon.colcon_core.package_identification:_identify(my_dataset/train/images) by extensions ['colcon_pkg']
[0.515s] Level 1:colcon.colcon_core.package_identification:_identify(my_dataset/train/images) by extension 'colcon_pkg'
[0.515s] Level 1:colcon.colcon_core.package_identification:_identify(my_dataset/train/images) by extensions ['colcon_meta']
[0.515s] Level 1:colcon.colcon_core.package_identification:_identify(my_dataset/train/images) by extension 'colcon_meta'
[0.516s] Level 1:colcon.colcon_core.package_identification:_identify(my_dataset/train/images) by extensions ['ros']
[0.516s] Level 1:colcon.colcon_core.package_identification:_identify(my_dataset/train/images) by extension 'ros'
[0.516s] Level 1:colcon.colcon_core.package_identification:_identify(my_dataset/train/images) by extensions ['cmake', 'python']
[0.516s] Level 1:colcon.colcon_core.package_identification:_identify(my_dataset/train/images) by extension 'cmake'
[0.516s] Level 1:colcon.colcon_core.package_identification:_identify(my_dataset/train/images) by extension 'python'
[0.516s] Level 1:colcon.colcon_core.package_identification:_identify(my_dataset/train/images) by extensions ['python_setup_py']
[0.516s] Level 1:colcon.colcon_core.package_identification:_identify(my_dataset/train/images) by extension 'python_setup_py'
[0.516s] Level 1:colcon.colcon_core.package_identification:_identify(my_dataset/train/labels) by extensions ['ignore', 'ignore_ament_install']
[0.516s] Level 1:colcon.colcon_core.package_identification:_identify(my_dataset/train/labels) by extension 'ignore'
[0.516s] Level 1:colcon.colcon_core.package_identification:_identify(my_dataset/train/labels) by extension 'ignore_ament_install'
[0.516s] Level 1:colcon.colcon_core.package_identification:_identify(my_dataset/train/labels) by extensions ['colcon_pkg']
[0.516s] Level 1:colcon.colcon_core.package_identification:_identify(my_dataset/train/labels) by extension 'colcon_pkg'
[0.516s] Level 1:colcon.colcon_core.package_identification:_identify(my_dataset/train/labels) by extensions ['colcon_meta']
[0.516s] Level 1:colcon.colcon_core.package_identification:_identify(my_dataset/train/labels) by extension 'colcon_meta'
[0.516s] Level 1:colcon.colcon_core.package_identification:_identify(my_dataset/train/labels) by extensions ['ros']
[0.516s] Level 1:colcon.colcon_core.package_identification:_identify(my_dataset/train/labels) by extension 'ros'
[0.516s] Level 1:colcon.colcon_core.package_identification:_identify(my_dataset/train/labels) by extensions ['cmake', 'python']
[0.516s] Level 1:colcon.colcon_core.package_identification:_identify(my_dataset/train/labels) by extension 'cmake'
[0.516s] Level 1:colcon.colcon_core.package_identification:_identify(my_dataset/train/labels) by extension 'python'
[0.516s] Level 1:colcon.colcon_core.package_identification:_identify(my_dataset/train/labels) by extensions ['python_setup_py']
[0.516s] Level 1:colcon.colcon_core.package_identification:_identify(my_dataset/train/labels) by extension 'python_setup_py'
[0.516s] Level 1:colcon.colcon_core.package_identification:_identify(my_dataset/val) by extensions ['ignore', 'ignore_ament_install']
[0.517s] Level 1:colcon.colcon_core.package_identification:_identify(my_dataset/val) by extension 'ignore'
[0.517s] Level 1:colcon.colcon_core.package_identification:_identify(my_dataset/val) by extension 'ignore_ament_install'
[0.517s] Level 1:colcon.colcon_core.package_identification:_identify(my_dataset/val) by extensions ['colcon_pkg']
[0.517s] Level 1:colcon.colcon_core.package_identification:_identify(my_dataset/val) by extension 'colcon_pkg'
[0.517s] Level 1:colcon.colcon_core.package_identification:_identify(my_dataset/val) by extensions ['colcon_meta']
[0.517s] Level 1:colcon.colcon_core.package_identification:_identify(my_dataset/val) by extension 'colcon_meta'
[0.517s] Level 1:colcon.colcon_core.package_identification:_identify(my_dataset/val) by extensions ['ros']
[0.517s] Level 1:colcon.colcon_core.package_identification:_identify(my_dataset/val) by extension 'ros'
[0.517s] Level 1:colcon.colcon_core.package_identification:_identify(my_dataset/val) by extensions ['cmake', 'python']
[0.517s] Level 1:colcon.colcon_core.package_identification:_identify(my_dataset/val) by extension 'cmake'
[0.517s] Level 1:colcon.colcon_core.package_identification:_identify(my_dataset/val) by extension 'python'
[0.517s] Level 1:colcon.colcon_core.package_identification:_identify(my_dataset/val) by extensions ['python_setup_py']
[0.517s] Level 1:colcon.colcon_core.package_identification:_identify(my_dataset/val) by extension 'python_setup_py'
[0.517s] Level 1:colcon.colcon_core.package_identification:_identify(my_dataset/val/images) by extensions ['ignore', 'ignore_ament_install']
[0.517s] Level 1:colcon.colcon_core.package_identification:_identify(my_dataset/val/images) by extension 'ignore'
[0.517s] Level 1:colcon.colcon_core.package_identification:_identify(my_dataset/val/images) by extension 'ignore_ament_install'
[0.517s] Level 1:colcon.colcon_core.package_identification:_identify(my_dataset/val/images) by extensions ['colcon_pkg']
[0.517s] Level 1:colcon.colcon_core.package_identification:_identify(my_dataset/val/images) by extension 'colcon_pkg'
[0.517s] Level 1:colcon.colcon_core.package_identification:_identify(my_dataset/val/images) by extensions ['colcon_meta']
[0.517s] Level 1:colcon.colcon_core.package_identification:_identify(my_dataset/val/images) by extension 'colcon_meta'
[0.518s] Level 1:colcon.colcon_core.package_identification:_identify(my_dataset/val/images) by extensions ['ros']
[0.518s] Level 1:colcon.colcon_core.package_identification:_identify(my_dataset/val/images) by extension 'ros'
[0.518s] Level 1:colcon.colcon_core.package_identification:_identify(my_dataset/val/images) by extensions ['cmake', 'python']
[0.518s] Level 1:colcon.colcon_core.package_identification:_identify(my_dataset/val/images) by extension 'cmake'
[0.518s] Level 1:colcon.colcon_core.package_identification:_identify(my_dataset/val/images) by extension 'python'
[0.518s] Level 1:colcon.colcon_core.package_identification:_identify(my_dataset/val/images) by extensions ['python_setup_py']
[0.518s] Level 1:colcon.colcon_core.package_identification:_identify(my_dataset/val/images) by extension 'python_setup_py'
[0.518s] Level 1:colcon.colcon_core.package_identification:_identify(my_dataset/val/labels) by extensions ['ignore', 'ignore_ament_install']
[0.518s] Level 1:colcon.colcon_core.package_identification:_identify(my_dataset/val/labels) by extension 'ignore'
[0.518s] Level 1:colcon.colcon_core.package_identification:_identify(my_dataset/val/labels) by extension 'ignore_ament_install'
[0.518s] Level 1:colcon.colcon_core.package_identification:_identify(my_dataset/val/labels) by extensions ['colcon_pkg']
[0.518s] Level 1:colcon.colcon_core.package_identification:_identify(my_dataset/val/labels) by extension 'colcon_pkg'
[0.518s] Level 1:colcon.colcon_core.package_identification:_identify(my_dataset/val/labels) by extensions ['colcon_meta']
[0.518s] Level 1:colcon.colcon_core.package_identification:_identify(my_dataset/val/labels) by extension 'colcon_meta'
[0.518s] Level 1:colcon.colcon_core.package_identification:_identify(my_dataset/val/labels) by extensions ['ros']
[0.518s] Level 1:colcon.colcon_core.package_identification:_identify(my_dataset/val/labels) by extension 'ros'
[0.518s] Level 1:colcon.colcon_core.package_identification:_identify(my_dataset/val/labels) by extensions ['cmake', 'python']
[0.518s] Level 1:colcon.colcon_core.package_identification:_identify(my_dataset/val/labels) by extension 'cmake'
[0.518s] Level 1:colcon.colcon_core.package_identification:_identify(my_dataset/val/labels) by extension 'python'
[0.518s] Level 1:colcon.colcon_core.package_identification:_identify(my_dataset/val/labels) by extensions ['python_setup_py']
[0.518s] Level 1:colcon.colcon_core.package_identification:_identify(my_dataset/val/labels) by extension 'python_setup_py'
[0.518s] Level 1:colcon.colcon_core.package_identification:_identify(src) by extensions ['ignore', 'ignore_ament_install']
[0.519s] Level 1:colcon.colcon_core.package_identification:_identify(src) by extension 'ignore'
[0.519s] Level 1:colcon.colcon_core.package_identification:_identify(src) by extension 'ignore_ament_install'
[0.519s] Level 1:colcon.colcon_core.package_identification:_identify(src) by extensions ['colcon_pkg']
[0.519s] Level 1:colcon.colcon_core.package_identification:_identify(src) by extension 'colcon_pkg'
[0.519s] Level 1:colcon.colcon_core.package_identification:_identify(src) by extensions ['colcon_meta']
[0.519s] Level 1:colcon.colcon_core.package_identification:_identify(src) by extension 'colcon_meta'
[0.519s] Level 1:colcon.colcon_core.package_identification:_identify(src) by extensions ['ros']
[0.519s] Level 1:colcon.colcon_core.package_identification:_identify(src) by extension 'ros'
[0.519s] Level 1:colcon.colcon_core.package_identification:_identify(src) by extensions ['cmake', 'python']
[0.519s] Level 1:colcon.colcon_core.package_identification:_identify(src) by extension 'cmake'
[0.519s] Level 1:colcon.colcon_core.package_identification:_identify(src) by extension 'python'
[0.519s] Level 1:colcon.colcon_core.package_identification:_identify(src) by extensions ['python_setup_py']
[0.519s] Level 1:colcon.colcon_core.package_identification:_identify(src) by extension 'python_setup_py'
[0.519s] Level 1:colcon.colcon_core.package_identification:_identify(src/interface) by extensions ['ignore', 'ignore_ament_install']
[0.519s] Level 1:colcon.colcon_core.package_identification:_identify(src/interface) by extension 'ignore'
[0.519s] Level 1:colcon.colcon_core.package_identification:_identify(src/interface) by extension 'ignore_ament_install'
[0.519s] Level 1:colcon.colcon_core.package_identification:_identify(src/interface) by extensions ['colcon_pkg']
[0.519s] Level 1:colcon.colcon_core.package_identification:_identify(src/interface) by extension 'colcon_pkg'
[0.519s] Level 1:colcon.colcon_core.package_identification:_identify(src/interface) by extensions ['colcon_meta']
[0.519s] Level 1:colcon.colcon_core.package_identification:_identify(src/interface) by extension 'colcon_meta'
[0.519s] Level 1:colcon.colcon_core.package_identification:_identify(src/interface) by extensions ['ros']
[0.520s] Level 1:colcon.colcon_core.package_identification:_identify(src/interface) by extension 'ros'
[0.526s] DEBUG:colcon.colcon_core.package_identification:Package 'src/interface' with type 'ros.ament_cmake' and name 'interface'
[0.526s] Level 1:colcon.colcon_core.package_identification:_identify(src/transformation) by extensions ['ignore', 'ignore_ament_install']
[0.526s] Level 1:colcon.colcon_core.package_identification:_identify(src/transformation) by extension 'ignore'
[0.527s] Level 1:colcon.colcon_core.package_identification:_identify(src/transformation) by extension 'ignore_ament_install'
[0.527s] Level 1:colcon.colcon_core.package_identification:_identify(src/transformation) by extensions ['colcon_pkg']
[0.527s] Level 1:colcon.colcon_core.package_identification:_identify(src/transformation) by extension 'colcon_pkg'
[0.527s] Level 1:colcon.colcon_core.package_identification:_identify(src/transformation) by extensions ['colcon_meta']
[0.527s] Level 1:colcon.colcon_core.package_identification:_identify(src/transformation) by extension 'colcon_meta'
[0.527s] Level 1:colcon.colcon_core.package_identification:_identify(src/transformation) by extensions ['ros']
[0.527s] Level 1:colcon.colcon_core.package_identification:_identify(src/transformation) by extension 'ros'
[0.528s] DEBUG:colcon.colcon_core.package_identification:Package 'src/transformation' with type 'ros.ament_python' and name 'transformation'
[0.528s] Level 1:colcon.colcon_core.package_identification:_identify(src/vision) by extensions ['ignore', 'ignore_ament_install']
[0.528s] Level 1:colcon.colcon_core.package_identification:_identify(src/vision) by extension 'ignore'
[0.528s] Level 1:colcon.colcon_core.package_identification:_identify(src/vision) by extension 'ignore_ament_install'
[0.528s] Level 1:colcon.colcon_core.package_identification:_identify(src/vision) by extensions ['colcon_pkg']
[0.528s] Level 1:colcon.colcon_core.package_identification:_identify(src/vision) by extension 'colcon_pkg'
[0.528s] Level 1:colcon.colcon_core.package_identification:_identify(src/vision) by extensions ['colcon_meta']
[0.528s] Level 1:colcon.colcon_core.package_identification:_identify(src/vision) by extension 'colcon_meta'
[0.528s] Level 1:colcon.colcon_core.package_identification:_identify(src/vision) by extensions ['ros']
[0.528s] Level 1:colcon.colcon_core.package_identification:_identify(src/vision) by extension 'ros'
[0.529s] DEBUG:colcon.colcon_core.package_identification:Package 'src/vision' with type 'ros.ament_python' and name 'vision'
[0.529s] Level 1:colcon.colcon_core.package_discovery:discover_packages(recursive) using defaults
[0.529s] Level 1:colcon.colcon_core.package_discovery:discover_packages(ignore) discover
[0.529s] Level 1:colcon.colcon_core.package_discovery:discover_packages(ignore) using defaults
[0.529s] Level 1:colcon.colcon_core.package_discovery:discover_packages(path) discover
[0.529s] Level 1:colcon.colcon_core.package_discovery:discover_packages(path) using defaults
[0.581s] INFO:colcon.colcon_core.package_selection:Skipping not selected package 'interface' in 'src/interface'
[0.581s] INFO:colcon.colcon_core.package_selection:Skipping not selected package 'transformation' in 'src/transformation'
[0.582s] Level 1:colcon.colcon_core.package_discovery:discover_packages(prefix_path) check parameters
[0.582s] Level 1:colcon.colcon_core.package_discovery:discover_packages(prefix_path) discover
[0.586s] DEBUG:colcon.colcon_installed_package_information.package_discovery:Found 3 installed packages in /home/mtrn/lab4-main/lab4-main/install
[0.589s] DEBUG:colcon.colcon_installed_package_information.package_discovery:Found 322 installed packages in /opt/ros/humble
[0.590s] Level 1:colcon.colcon_core.package_discovery:discover_packages(prefix_path) using defaults
[0.655s] Level 5:colcon.colcon_core.verb:set package 'vision' build argument 'cmake_args' from command line to 'None'
[0.655s] Level 5:colcon.colcon_core.verb:set package 'vision' build argument 'cmake_target' from command line to 'None'
[0.655s] Level 5:colcon.colcon_core.verb:set package 'vision' build argument 'cmake_target_skip_unavailable' from command line to 'False'
[0.655s] Level 5:colcon.colcon_core.verb:set package 'vision' build argument 'cmake_clean_cache' from command line to 'False'
[0.655s] Level 5:colcon.colcon_core.verb:set package 'vision' build argument 'cmake_clean_first' from command line to 'False'
[0.655s] Level 5:colcon.colcon_core.verb:set package 'vision' build argument 'cmake_force_configure' from command line to 'False'
[0.655s] Level 5:colcon.colcon_core.verb:set package 'vision' build argument 'ament_cmake_args' from command line to 'None'
[0.655s] Level 5:colcon.colcon_core.verb:set package 'vision' build argument 'catkin_cmake_args' from command line to 'None'
[0.655s] Level 5:colcon.colcon_core.verb:set package 'vision' build argument 'catkin_skip_building_tests' from command line to 'False'
[0.655s] DEBUG:colcon.colcon_core.verb:Building package 'vision' with the following arguments: {'ament_cmake_args': None, 'build_base': '/home/mtrn/lab4-main/lab4-main/build/vision', 'catkin_cmake_args': None, 'catkin_skip_building_tests': False, 'cmake_args': None, 'cmake_clean_cache': False, 'cmake_clean_first': False, 'cmake_force_configure': False, 'cmake_target': None, 'cmake_target_skip_unavailable': False, 'install_base': '/home/mtrn/lab4-main/lab4-main/install/vision', 'merge_install': False, 'path': '/home/mtrn/lab4-main/lab4-main/src/vision', 'symlink_install': False, 'test_result_base': None}
[0.656s] INFO:colcon.colcon_core.executor:Executing jobs using 'parallel' executor
[0.663s] DEBUG:colcon.colcon_parallel_executor.executor.parallel:run_until_complete
[0.663s] INFO:colcon.colcon_ros.task.ament_python.build:Building ROS package in '/home/mtrn/lab4-main/lab4-main/src/vision' with build type 'ament_python'
[0.663s] Level 1:colcon.colcon_core.shell:create_environment_hook('vision', 'ament_prefix_path')
[0.669s] INFO:colcon.colcon_core.plugin_system:Skipping extension 'colcon_core.shell.bat': Not used on non-Windows systems
[0.670s] INFO:colcon.colcon_core.shell:Creating environment hook '/home/mtrn/lab4-main/lab4-main/install/vision/share/vision/hook/ament_prefix_path.ps1'
[0.671s] INFO:colcon.colcon_core.shell:Creating environment descriptor '/home/mtrn/lab4-main/lab4-main/install/vision/share/vision/hook/ament_prefix_path.dsv'
[0.671s] INFO:colcon.colcon_core.shell:Creating environment hook '/home/mtrn/lab4-main/lab4-main/install/vision/share/vision/hook/ament_prefix_path.sh'
[0.674s] INFO:colcon.colcon_core.shell:Skip shell extension 'powershell' for command environment: Not usable outside of PowerShell
[0.674s] DEBUG:colcon.colcon_core.shell:Skip shell extension 'dsv' for command environment
[0.946s] INFO:colcon.colcon_core.task.python.build:Building Python package in '/home/mtrn/lab4-main/lab4-main/src/vision'
[0.949s] INFO:colcon.colcon_core.shell:Skip shell extension 'powershell' for command environment: Not usable outside of PowerShell
[0.949s] DEBUG:colcon.colcon_core.shell:Skip shell extension 'dsv' for command environment
[1.415s] DEBUG:colcon.colcon_core.event_handler.log_command:Invoking command in '/home/mtrn/lab4-main/lab4-main/src/vision': PYTHONPATH=/home/mtrn/lab4-main/lab4-main/build/vision/prefix_override:/home/mtrn/lab4-main/lab4-main/install/vision/lib/python3.10/site-packages:${PYTHONPATH} /usr/bin/python3 setup.py egg_info --egg-base ../../build/vision build --build-base /home/mtrn/lab4-main/lab4-main/build/vision/build install --record /home/mtrn/lab4-main/lab4-main/build/vision/install.log --single-version-externally-managed
[1.725s] DEBUG:colcon.colcon_core.event_handler.log_command:Invoked command in '/home/mtrn/lab4-main/lab4-main/src/vision' returned '0': PYTHONPATH=/home/mtrn/lab4-main/lab4-main/build/vision/prefix_override:/home/mtrn/lab4-main/lab4-main/install/vision/lib/python3.10/site-packages:${PYTHONPATH} /usr/bin/python3 setup.py egg_info --egg-base ../../build/vision build --build-base /home/mtrn/lab4-main/lab4-main/build/vision/build install --record /home/mtrn/lab4-main/lab4-main/build/vision/install.log --single-version-externally-managed
[1.733s] Level 1:colcon.colcon_core.environment:checking '/home/mtrn/lab4-main/lab4-main/install/vision' for CMake module files
[1.735s] Level 1:colcon.colcon_core.environment:checking '/home/mtrn/lab4-main/lab4-main/install/vision' for CMake config files
[1.738s] Level 1:colcon.colcon_core.environment:checking '/home/mtrn/lab4-main/lab4-main/install/vision/lib'
[1.738s] Level 1:colcon.colcon_core.environment:checking '/home/mtrn/lab4-main/lab4-main/install/vision/bin'
[1.738s] Level 1:colcon.colcon_core.environment:checking '/home/mtrn/lab4-main/lab4-main/install/vision/lib/pkgconfig/vision.pc'
[1.738s] Level 1:colcon.colcon_core.environment:checking '/home/mtrn/lab4-main/lab4-main/install/vision/lib/python3.10/site-packages'
[1.738s] Level 1:colcon.colcon_core.shell:create_environment_hook('vision', 'pythonpath')
[1.741s] INFO:colcon.colcon_core.shell:Creating environment hook '/home/mtrn/lab4-main/lab4-main/install/vision/share/vision/hook/pythonpath.ps1'
[1.741s] INFO:colcon.colcon_core.shell:Creating environment descriptor '/home/mtrn/lab4-main/lab4-main/install/vision/share/vision/hook/pythonpath.dsv'
[1.742s] INFO:colcon.colcon_core.shell:Creating environment hook '/home/mtrn/lab4-main/lab4-main/install/vision/share/vision/hook/pythonpath.sh'
[1.742s] Level 1:colcon.colcon_core.environment:checking '/home/mtrn/lab4-main/lab4-main/install/vision/bin'
[1.742s] Level 1:colcon.colcon_core.environment:create_environment_scripts_only(vision)
[1.745s] INFO:colcon.colcon_core.shell:Creating package script '/home/mtrn/lab4-main/lab4-main/install/vision/share/vision/package.ps1'
[1.745s] INFO:colcon.colcon_core.shell:Creating package descriptor '/home/mtrn/lab4-main/lab4-main/install/vision/share/vision/package.dsv'
[1.746s] INFO:colcon.colcon_core.shell:Creating package script '/home/mtrn/lab4-main/lab4-main/install/vision/share/vision/package.sh'
[1.747s] INFO:colcon.colcon_core.shell:Creating package script '/home/mtrn/lab4-main/lab4-main/install/vision/share/vision/package.bash'
[1.748s] INFO:colcon.colcon_core.shell:Creating package script '/home/mtrn/lab4-main/lab4-main/install/vision/share/vision/package.zsh'
[1.749s] Level 1:colcon.colcon_core.environment:create_file_with_runtime_dependencies(/home/mtrn/lab4-main/lab4-main/install/vision/share/colcon-core/packages/vision)
[1.750s] DEBUG:colcon.colcon_parallel_executor.executor.parallel:closing loop
[1.751s] DEBUG:colcon.colcon_parallel_executor.executor.parallel:loop closed
[1.751s] DEBUG:colcon.colcon_parallel_executor.executor.parallel:run_until_complete finished with '0'
[1.751s] DEBUG:colcon.colcon_core.event_reactor:joining thread
[1.757s] INFO:colcon.colcon_core.plugin_system:Skipping extension 'colcon_notification.desktop_notification.terminal_notifier': Not used on non-Darwin systems
[1.757s] INFO:colcon.colcon_core.plugin_system:Skipping extension 'colcon_notification.desktop_notification.win32': Not used on non-Windows systems
[1.757s] INFO:colcon.colcon_notification.desktop_notification:Sending desktop notification using 'notify2'
[1.771s] DEBUG:colcon.colcon_core.event_reactor:joined thread
[1.773s] INFO:colcon.colcon_core.shell:Creating prefix script '/home/mtrn/lab4-main/lab4-main/install/local_setup.ps1'
[1.774s] INFO:colcon.colcon_core.shell:Creating prefix util module '/home/mtrn/lab4-main/lab4-main/install/_local_setup_util_ps1.py'
[1.776s] INFO:colcon.colcon_core.shell:Creating prefix chain script '/home/mtrn/lab4-main/lab4-main/install/setup.ps1'
[1.779s] INFO:colcon.colcon_core.shell:Creating prefix script '/home/mtrn/lab4-main/lab4-main/install/local_setup.sh'
[1.780s] INFO:colcon.colcon_core.shell:Creating prefix util module '/home/mtrn/lab4-main/lab4-main/install/_local_setup_util_sh.py'
[1.781s] INFO:colcon.colcon_core.shell:Creating prefix chain script '/home/mtrn/lab4-main/lab4-main/install/setup.sh'
[1.784s] INFO:colcon.colcon_core.shell:Creating prefix script '/home/mtrn/lab4-main/lab4-main/install/local_setup.bash'
[1.784s] INFO:colcon.colcon_core.shell:Creating prefix chain script '/home/mtrn/lab4-main/lab4-main/install/setup.bash'
[1.786s] INFO:colcon.colcon_core.shell:Creating prefix script '/home/mtrn/lab4-main/lab4-main/install/local_setup.zsh'
[1.786s] INFO:colcon.colcon_core.shell:Creating prefix chain script '/home/mtrn/lab4-main/lab4-main/install/setup.zsh'
