[0.908s] Invoking command in '/home/mtrn/ros2_ws/src/blue_detector': AMENT_PREFIX_PATH=/home/mtrn/ros2_ws/install/interface:${AMENT_PREFIX_PATH} CMAKE_PREFIX_PATH=/home/mtrn/ros2_ws/install/interface:${CMAKE_PREFIX_PATH} LD_LIBRARY_PATH=/home/mtrn/ros2_ws/install/interface/lib:${LD_LIBRARY_PATH} PYTHONPATH=/home/mtrn/ros2_ws/build/blue_detector/prefix_override:/home/mtrn/ros2_ws/install/blue_detector/lib/python3.10/site-packages:/home/mtrn/ros2_ws/install/interface/local/lib/python3.10/dist-packages:/home/mtrn/ros2_ws/install/interface/lib/python3.10/site-packages:${PYTHONPATH} /usr/bin/python3 setup.py egg_info --egg-base ../../build/blue_detector build --build-base /home/mtrn/ros2_ws/build/blue_detector/build install --record /home/mtrn/ros2_ws/build/blue_detector/install.log --single-version-externally-managed
[1.148s] running egg_info
[1.149s] writing ../../build/blue_detector/blue_detector.egg-info/PKG-INFO
[1.150s] writing dependency_links to ../../build/blue_detector/blue_detector.egg-info/dependency_links.txt
[1.150s] writing entry points to ../../build/blue_detector/blue_detector.egg-info/entry_points.txt
[1.150s] writing requirements to ../../build/blue_detector/blue_detector.egg-info/requires.txt
[1.150s] writing top-level names to ../../build/blue_detector/blue_detector.egg-info/top_level.txt
[1.151s] package init file 'blue_detector/__init__.py' not found (or not a regular file)
[1.151s] reading manifest file '../../build/blue_detector/blue_detector.egg-info/SOURCES.txt'
[1.153s] writing manifest file '../../build/blue_detector/blue_detector.egg-info/SOURCES.txt'
[1.154s] running build
[1.154s] running build_py
[1.154s] copying blue_detector/testing.py -> /home/mtrn/ros2_ws/build/blue_detector/build/lib/blue_detector
[1.154s] copying blue_detector/tf_utils.py -> /home/mtrn/ros2_ws/build/blue_detector/build/lib/blue_detector
[1.154s] copying blue_detector/testnode.py -> /home/mtrn/ros2_ws/build/blue_detector/build/lib/blue_detector
[1.154s] copying blue_detector/PublishFinal.py -> /home/mtrn/ros2_ws/build/blue_detector/build/lib/blue_detector
[1.155s] running install
[1.156s] /usr/lib/python3/dist-packages/setuptools/command/install.py:34: SetuptoolsDeprecationWarning: setup.py install is deprecated. Use build and pip and other standards-based tools.
[1.156s]   warnings.warn(
[1.156s] running install_lib
[1.157s] copying /home/mtrn/ros2_ws/build/blue_detector/build/lib/blue_detector/testing.py -> /home/mtrn/ros2_ws/install/blue_detector/lib/python3.10/site-packages/blue_detector
[1.157s] copying /home/mtrn/ros2_ws/build/blue_detector/build/lib/blue_detector/tf_utils.py -> /home/mtrn/ros2_ws/install/blue_detector/lib/python3.10/site-packages/blue_detector
[1.158s] copying /home/mtrn/ros2_ws/build/blue_detector/build/lib/blue_detector/testnode.py -> /home/mtrn/ros2_ws/install/blue_detector/lib/python3.10/site-packages/blue_detector
[1.159s] copying /home/mtrn/ros2_ws/build/blue_detector/build/lib/blue_detector/PublishFinal.py -> /home/mtrn/ros2_ws/install/blue_detector/lib/python3.10/site-packages/blue_detector
[1.159s] byte-compiling /home/mtrn/ros2_ws/install/blue_detector/lib/python3.10/site-packages/blue_detector/testing.py to testing.cpython-310.pyc
[1.160s] byte-compiling /home/mtrn/ros2_ws/install/blue_detector/lib/python3.10/site-packages/blue_detector/tf_utils.py to tf_utils.cpython-310.pyc
[1.162s] byte-compiling /home/mtrn/ros2_ws/install/blue_detector/lib/python3.10/site-packages/blue_detector/testnode.py to testnode.cpython-310.pyc
[1.162s] byte-compiling /home/mtrn/ros2_ws/install/blue_detector/lib/python3.10/site-packages/blue_detector/PublishFinal.py to PublishFinal.cpython-310.pyc
[1.163s] running install_data
[1.164s] running install_egg_info
[1.181s] removing '/home/mtrn/ros2_ws/install/blue_detector/lib/python3.10/site-packages/blue_detector-0.0.0-py3.10.egg-info' (and everything under it)
[1.184s] Copying ../../build/blue_detector/blue_detector.egg-info to /home/mtrn/ros2_ws/install/blue_detector/lib/python3.10/site-packages/blue_detector-0.0.0-py3.10.egg-info
[1.185s] running install_scripts
[1.209s] Installing blue_detection_node script to /home/mtrn/ros2_ws/install/blue_detector/lib/blue_detector
[1.209s] Installing final_detect_node script to /home/mtrn/ros2_ws/install/blue_detector/lib/blue_detector
[1.210s] Installing image_convert script to /home/mtrn/ros2_ws/install/blue_detector/lib/blue_detector
[1.210s] writing list of installed files to '/home/mtrn/ros2_ws/build/blue_detector/install.log'
[1.232s] Invoked command in '/home/mtrn/ros2_ws/src/blue_detector' returned '0': AMENT_PREFIX_PATH=/home/mtrn/ros2_ws/install/interface:${AMENT_PREFIX_PATH} CMAKE_PREFIX_PATH=/home/mtrn/ros2_ws/install/interface:${CMAKE_PREFIX_PATH} LD_LIBRARY_PATH=/home/mtrn/ros2_ws/install/interface/lib:${LD_LIBRARY_PATH} PYTHONPATH=/home/mtrn/ros2_ws/build/blue_detector/prefix_override:/home/mtrn/ros2_ws/install/blue_detector/lib/python3.10/site-packages:/home/mtrn/ros2_ws/install/interface/local/lib/python3.10/dist-packages:/home/mtrn/ros2_ws/install/interface/lib/python3.10/site-packages:${PYTHONPATH} /usr/bin/python3 setup.py egg_info --egg-base ../../build/blue_detector build --build-base /home/mtrn/ros2_ws/build/blue_detector/build install --record /home/mtrn/ros2_ws/build/blue_detector/install.log --single-version-externally-managed
