[1.072s] Invoking command in '/home/mtrn/lab4-main/lab4-main/src/transformation': PYTHONPATH=/home/mtrn/lab4-main/lab4-main/build/transformation/prefix_override:/home/mtrn/lab4-main/lab4-main/install/transformation/lib/python3.10/site-packages:${PYTHONPATH} /usr/bin/python3 setup.py egg_info --egg-base ../../build/transformation build --build-base /home/mtrn/lab4-main/lab4-main/build/transformation/build install --record /home/mtrn/lab4-main/lab4-main/build/transformation/install.log --single-version-externally-managed
[1.333s] running egg_info
[1.334s] writing ../../build/transformation/transformation.egg-info/PKG-INFO
[1.334s] writing dependency_links to ../../build/transformation/transformation.egg-info/dependency_links.txt
[1.335s] writing entry points to ../../build/transformation/transformation.egg-info/entry_points.txt
[1.336s] writing requirements to ../../build/transformation/transformation.egg-info/requires.txt
[1.336s] writing top-level names to ../../build/transformation/transformation.egg-info/top_level.txt
[1.337s] reading manifest file '../../build/transformation/transformation.egg-info/SOURCES.txt'
[1.340s] writing manifest file '../../build/transformation/transformation.egg-info/SOURCES.txt'
[1.340s] running build
[1.340s] running build_py
[1.340s] copying transformation/tf_main.py -> /home/mtrn/lab4-main/lab4-main/build/transformation/build/lib/transformation
[1.345s] /usr/lib/python3/dist-packages/setuptools/command/install.py:34: SetuptoolsDeprecationWarning: setup.py install is deprecated. Use build and pip and other standards-based tools.
[1.345s]   warnings.warn(
[1.345s] running install
[1.345s] running install_lib
[1.346s] copying /home/mtrn/lab4-main/lab4-main/build/transformation/build/lib/transformation/tf_main.py -> /home/mtrn/lab4-main/lab4-main/install/transformation/lib/python3.10/site-packages/transformation
[1.349s] byte-compiling /home/mtrn/lab4-main/lab4-main/install/transformation/lib/python3.10/site-packages/transformation/tf_main.py to tf_main.cpython-310.pyc
[1.350s] running install_data
[1.351s] running install_egg_info
[1.369s] removing '/home/mtrn/lab4-main/lab4-main/install/transformation/lib/python3.10/site-packages/transformation-0.0.0-py3.10.egg-info' (and everything under it)
[1.369s] Copying ../../build/transformation/transformation.egg-info to /home/mtrn/lab4-main/lab4-main/install/transformation/lib/python3.10/site-packages/transformation-0.0.0-py3.10.egg-info
[1.371s] running install_scripts
[1.400s] Installing main script to /home/mtrn/lab4-main/lab4-main/install/transformation/lib/transformation
[1.400s] writing list of installed files to '/home/mtrn/lab4-main/lab4-main/build/transformation/install.log'
[1.441s] Invoked command in '/home/mtrn/lab4-main/lab4-main/src/transformation' returned '0': PYTHONPATH=/home/mtrn/lab4-main/lab4-main/build/transformation/prefix_override:/home/mtrn/lab4-main/lab4-main/install/transformation/lib/python3.10/site-packages:${PYTHONPATH} /usr/bin/python3 setup.py egg_info --egg-base ../../build/transformation build --build-base /home/mtrn/lab4-main/lab4-main/build/transformation/build install --record /home/mtrn/lab4-main/lab4-main/build/transformation/install.log --single-version-externally-managed
