[1.117s] Invoking command in '/home/mtrn/lab4-main/lab4-main/src/transformation': PYTHONPATH=/home/mtrn/lab4-main/lab4-main/build/transformation/prefix_override:/home/mtrn/lab4-main/lab4-main/install/transformation/lib/python3.10/site-packages:${PYTHONPATH} /usr/bin/python3 setup.py egg_info --egg-base ../../build/transformation build --build-base /home/mtrn/lab4-main/lab4-main/build/transformation/build install --record /home/mtrn/lab4-main/lab4-main/build/transformation/install.log --single-version-externally-managed
[1.404s] running egg_info
[1.405s] writing ../../build/transformation/transformation.egg-info/PKG-INFO
[1.405s] writing dependency_links to ../../build/transformation/transformation.egg-info/dependency_links.txt
[1.405s] writing entry points to ../../build/transformation/transformation.egg-info/entry_points.txt
[1.405s] writing requirements to ../../build/transformation/transformation.egg-info/requires.txt
[1.405s] writing top-level names to ../../build/transformation/transformation.egg-info/top_level.txt
[1.408s] reading manifest file '../../build/transformation/transformation.egg-info/SOURCES.txt'
[1.410s] writing manifest file '../../build/transformation/transformation.egg-info/SOURCES.txt'
[1.410s] running build
[1.410s] running build_py
[1.412s] running install
[1.412s] /usr/lib/python3/dist-packages/setuptools/command/install.py:34: SetuptoolsDeprecationWarning: setup.py install is deprecated. Use build and pip and other standards-based tools.
[1.412s]   warnings.warn(
[1.413s] running install_lib
[1.415s] running install_data
[1.415s] running install_egg_info
[1.433s] removing '/home/mtrn/lab4-main/lab4-main/install/transformation/lib/python3.10/site-packages/transformation-0.0.0-py3.10.egg-info' (and everything under it)
[1.433s] Copying ../../build/transformation/transformation.egg-info to /home/mtrn/lab4-main/lab4-main/install/transformation/lib/python3.10/site-packages/transformation-0.0.0-py3.10.egg-info
[1.434s] running install_scripts
[1.466s] Installing main script to /home/mtrn/lab4-main/lab4-main/install/transformation/lib/transformation
[1.467s] writing list of installed files to '/home/mtrn/lab4-main/lab4-main/build/transformation/install.log'
[1.514s] Invoked command in '/home/mtrn/lab4-main/lab4-main/src/transformation' returned '0': PYTHONPATH=/home/mtrn/lab4-main/lab4-main/build/transformation/prefix_override:/home/mtrn/lab4-main/lab4-main/install/transformation/lib/python3.10/site-packages:${PYTHONPATH} /usr/bin/python3 setup.py egg_info --egg-base ../../build/transformation build --build-base /home/mtrn/lab4-main/lab4-main/build/transformation/build install --record /home/mtrn/lab4-main/lab4-main/build/transformation/install.log --single-version-externally-managed
