[0.678s] Invoking command in '/home/mtrn/ros2_ws/src/blue_detector': PYTHONPATH=/home/mtrn/ros2_ws/build/blue_detector/prefix_override:/home/mtrn/ros2_ws/install/blue_detector/lib/python3.10/site-packages:${PYTHONPATH} /usr/bin/python3 setup.py egg_info --egg-base ../../build/blue_detector build --build-base /home/mtrn/ros2_ws/build/blue_detector/build install --record /home/mtrn/ros2_ws/build/blue_detector/install.log --single-version-externally-managed
[0.912s] running egg_info
[0.912s] writing ../../build/blue_detector/blue_detector.egg-info/PKG-INFO
[0.912s] writing dependency_links to ../../build/blue_detector/blue_detector.egg-info/dependency_links.txt
[0.913s] writing entry points to ../../build/blue_detector/blue_detector.egg-info/entry_points.txt
[0.913s] writing requirements to ../../build/blue_detector/blue_detector.egg-info/requires.txt
[0.913s] writing top-level names to ../../build/blue_detector/blue_detector.egg-info/top_level.txt
[0.914s] reading manifest file '../../build/blue_detector/blue_detector.egg-info/SOURCES.txt'
[0.915s] writing manifest file '../../build/blue_detector/blue_detector.egg-info/SOURCES.txt'
[0.915s] running build
[0.915s] running build_py
[0.916s] copying blue_detector/PublishFinal.py -> /home/mtrn/ros2_ws/build/blue_detector/build/lib/blue_detector
[0.916s] running install
[0.916s] /usr/lib/python3/dist-packages/setuptools/command/install.py:34: SetuptoolsDeprecationWarning: setup.py install is deprecated. Use build and pip and other standards-based tools.
[0.916s]   warnings.warn(
[0.917s] running install_lib
[0.918s] copying /home/mtrn/ros2_ws/build/blue_detector/build/lib/blue_detector/PublishFinal.py -> /home/mtrn/ros2_ws/install/blue_detector/lib/python3.10/site-packages/blue_detector
[0.918s] byte-compiling /home/mtrn/ros2_ws/install/blue_detector/lib/python3.10/site-packages/blue_detector/PublishFinal.py to PublishFinal.cpython-310.pyc
[0.919s] running install_data
[0.920s] running install_egg_info
[0.934s] removing '/home/mtrn/ros2_ws/install/blue_detector/lib/python3.10/site-packages/blue_detector-0.0.0-py3.10.egg-info' (and everything under it)
[0.935s] Copying ../../build/blue_detector/blue_detector.egg-info to /home/mtrn/ros2_ws/install/blue_detector/lib/python3.10/site-packages/blue_detector-0.0.0-py3.10.egg-info
[0.935s] running install_scripts
[0.959s] Installing blue_detection_node script to /home/mtrn/ros2_ws/install/blue_detector/lib/blue_detector
[0.960s] Installing final_detect_node script to /home/mtrn/ros2_ws/install/blue_detector/lib/blue_detector
[0.960s] Installing image_convert script to /home/mtrn/ros2_ws/install/blue_detector/lib/blue_detector
[0.960s] writing list of installed files to '/home/mtrn/ros2_ws/build/blue_detector/install.log'
[0.983s] Invoked command in '/home/mtrn/ros2_ws/src/blue_detector' returned '0': PYTHONPATH=/home/mtrn/ros2_ws/build/blue_detector/prefix_override:/home/mtrn/ros2_ws/install/blue_detector/lib/python3.10/site-packages:${PYTHONPATH} /usr/bin/python3 setup.py egg_info --egg-base ../../build/blue_detector build --build-base /home/mtrn/ros2_ws/build/blue_detector/build install --record /home/mtrn/ros2_ws/build/blue_detector/install.log --single-version-externally-managed
