[0.717s] Invoking command in '/home/mtrn/ros2_ws/src/blue_detector': PYTHONPATH=/home/mtrn/ros2_ws/src/blue_detector/build/blue_detector/prefix_override:/home/mtrn/ros2_ws/src/blue_detector/install/blue_detector/lib/python3.10/site-packages:${PYTHONPATH} /usr/bin/python3 setup.py egg_info --egg-base build/blue_detector build --build-base /home/mtrn/ros2_ws/src/blue_detector/build/blue_detector/build install --record /home/mtrn/ros2_ws/src/blue_detector/build/blue_detector/install.log --single-version-externally-managed
[0.965s] running egg_info
[0.965s] writing build/blue_detector/blue_detector.egg-info/PKG-INFO
[0.965s] writing dependency_links to build/blue_detector/blue_detector.egg-info/dependency_links.txt
[0.966s] writing entry points to build/blue_detector/blue_detector.egg-info/entry_points.txt
[0.966s] writing requirements to build/blue_detector/blue_detector.egg-info/requires.txt
[0.966s] writing top-level names to build/blue_detector/blue_detector.egg-info/top_level.txt
[0.967s] package init file 'blue_detector/__init__.py' not found (or not a regular file)
[0.968s] reading manifest file 'build/blue_detector/blue_detector.egg-info/SOURCES.txt'
[0.968s] writing manifest file 'build/blue_detector/blue_detector.egg-info/SOURCES.txt'
[0.969s] running build
[0.969s] running build_py
[0.970s] /usr/lib/python3/dist-packages/setuptools/command/install.py:34: SetuptoolsDeprecationWarning: setup.py install is deprecated. Use build and pip and other standards-based tools.
[0.970s]   warnings.warn(
[0.970s] copying blue_detector/nodeman.py -> /home/mtrn/ros2_ws/src/blue_detector/build/blue_detector/build/lib/blue_detector
[0.970s] running install
[0.970s] running install_lib
[0.971s] copying /home/mtrn/ros2_ws/src/blue_detector/build/blue_detector/build/lib/blue_detector/nodeman.py -> /home/mtrn/ros2_ws/src/blue_detector/install/blue_detector/lib/python3.10/site-packages/blue_detector
[0.971s] byte-compiling /home/mtrn/ros2_ws/src/blue_detector/install/blue_detector/lib/python3.10/site-packages/blue_detector/nodeman.py to nodeman.cpython-310.pyc
[0.972s] running install_data
[0.972s] running install_egg_info
[0.988s] removing '/home/mtrn/ros2_ws/src/blue_detector/install/blue_detector/lib/python3.10/site-packages/blue_detector-0.0.0-py3.10.egg-info' (and everything under it)
[0.988s] Copying build/blue_detector/blue_detector.egg-info to /home/mtrn/ros2_ws/src/blue_detector/install/blue_detector/lib/python3.10/site-packages/blue_detector-0.0.0-py3.10.egg-info
[0.988s] running install_scripts
[1.013s] Installing blue_detector script to /home/mtrn/ros2_ws/src/blue_detector/install/blue_detector/bin
[1.013s] Installing image_publisher script to /home/mtrn/ros2_ws/src/blue_detector/install/blue_detector/bin
[1.013s] writing list of installed files to '/home/mtrn/ros2_ws/src/blue_detector/build/blue_detector/install.log'
[1.035s] Invoked command in '/home/mtrn/ros2_ws/src/blue_detector' returned '0': PYTHONPATH=/home/mtrn/ros2_ws/src/blue_detector/build/blue_detector/prefix_override:/home/mtrn/ros2_ws/src/blue_detector/install/blue_detector/lib/python3.10/site-packages:${PYTHONPATH} /usr/bin/python3 setup.py egg_info --egg-base build/blue_detector build --build-base /home/mtrn/ros2_ws/src/blue_detector/build/blue_detector/build install --record /home/mtrn/ros2_ws/src/blue_detector/build/blue_detector/install.log --single-version-externally-managed
