running egg_info
writing ../../build/blue_detector/blue_detector.egg-info/PKG-INFO
writing dependency_links to ../../build/blue_detector/blue_detector.egg-info/dependency_links.txt
writing entry points to ../../build/blue_detector/blue_detector.egg-info/entry_points.txt
writing requirements to ../../build/blue_detector/blue_detector.egg-info/requires.txt
writing top-level names to ../../build/blue_detector/blue_detector.egg-info/top_level.txt
reading manifest file '../../build/blue_detector/blue_detector.egg-info/SOURCES.txt'
writing manifest file '../../build/blue_detector/blue_detector.egg-info/SOURCES.txt'
running build
running build_py
/usr/lib/python3/dist-packages/setuptools/command/install.py:34: SetuptoolsDeprecationWarning: setup.py install is deprecated. Use build and pip and other standards-based tools.
  warnings.warn(
running install
running install_lib
running install_data
running install_egg_info
removing '/home/mtrn/ros2_ws/install/blue_detector/lib/python3.10/site-packages/blue_detector-0.0.0-py3.10.egg-info' (and everything under it)
Copying ../../build/blue_detector/blue_detector.egg-info to /home/mtrn/ros2_ws/install/blue_detector/lib/python3.10/site-packages/blue_detector-0.0.0-py3.10.egg-info
running install_scripts
Installing blue_detector_node script to /home/mtrn/ros2_ws/install/blue_detector/lib/blue_detector
Installing image_publisher_node script to /home/mtrn/ros2_ws/install/blue_detector/lib/blue_detector
writing list of installed files to '/home/mtrn/ros2_ws/build/blue_detector/install.log'
