[0.900s] Invoking command in '/home/mtrn/ros2_ws/src/blue_detector': PYTHONPATH=/home/mtrn/ros2_ws/src/build/blue_detector/prefix_override:/home/mtrn/ros2_ws/src/install/blue_detector/lib/python3.10/site-packages:${PYTHONPATH} /usr/bin/python3 setup.py egg_info --egg-base ../build/blue_detector build --build-base /home/mtrn/ros2_ws/src/build/blue_detector/build install --record /home/mtrn/ros2_ws/src/build/blue_detector/install.log --single-version-externally-managed
[1.205s] running egg_info
[1.206s] writing ../build/blue_detector/blue_detector.egg-info/PKG-INFO
[1.206s] writing dependency_links to ../build/blue_detector/blue_detector.egg-info/dependency_links.txt
[1.206s] writing entry points to ../build/blue_detector/blue_detector.egg-info/entry_points.txt
[1.206s] writing requirements to ../build/blue_detector/blue_detector.egg-info/requires.txt
[1.206s] writing top-level names to ../build/blue_detector/blue_detector.egg-info/top_level.txt
[1.208s] reading manifest file '../build/blue_detector/blue_detector.egg-info/SOURCES.txt'
[1.208s] writing manifest file '../build/blue_detector/blue_detector.egg-info/SOURCES.txt'
[1.208s] running build
[1.209s] running build_py
[1.209s] copying blue_detector/ros2node.py -> /home/mtrn/ros2_ws/src/build/blue_detector/build/lib/blue_detector
[1.209s] running install
[1.209s] /usr/lib/python3/dist-packages/setuptools/command/install.py:34: SetuptoolsDeprecationWarning: setup.py install is deprecated. Use build and pip and other standards-based tools.
[1.209s]   warnings.warn(
[1.209s] running install_lib
[1.210s] copying /home/mtrn/ros2_ws/src/build/blue_detector/build/lib/blue_detector/ros2node.py -> /home/mtrn/ros2_ws/src/install/blue_detector/lib/python3.10/site-packages/blue_detector
[1.211s] byte-compiling /home/mtrn/ros2_ws/src/install/blue_detector/lib/python3.10/site-packages/blue_detector/ros2node.py to ros2node.cpython-310.pyc
[1.211s] running install_data
[1.212s] copying resource/blue_detector -> /home/mtrn/ros2_ws/src/install/blue_detector/share/ament_index/resource_index/packages
[1.212s] copying package.xml -> /home/mtrn/ros2_ws/src/install/blue_detector/share/blue_detector
[1.212s] running install_egg_info
[1.229s] Copying ../build/blue_detector/blue_detector.egg-info to /home/mtrn/ros2_ws/src/install/blue_detector/lib/python3.10/site-packages/blue_detector-0.0.0-py3.10.egg-info
[1.230s] running install_scripts
[1.258s] Installing blue_detector_node script to /home/mtrn/ros2_ws/src/install/blue_detector/lib/blue_detector
[1.258s] Installing image_publisher_node script to /home/mtrn/ros2_ws/src/install/blue_detector/lib/blue_detector
[1.258s] writing list of installed files to '/home/mtrn/ros2_ws/src/build/blue_detector/install.log'
[1.282s] Invoked command in '/home/mtrn/ros2_ws/src/blue_detector' returned '0': PYTHONPATH=/home/mtrn/ros2_ws/src/build/blue_detector/prefix_override:/home/mtrn/ros2_ws/src/install/blue_detector/lib/python3.10/site-packages:${PYTHONPATH} /usr/bin/python3 setup.py egg_info --egg-base ../build/blue_detector build --build-base /home/mtrn/ros2_ws/src/build/blue_detector/build install --record /home/mtrn/ros2_ws/src/build/blue_detector/install.log --single-version-externally-managed
