[0.020s] Invoking command in '/home/mtrn/lab4-main/lab4-main/build/interface': CMAKE_PREFIX_PATH=${CMAKE_PREFIX_PATH}:/home/mtrn/lab4-main/lab4-main/install/vision_package:/home/mtrn/lab4-main/lab4-main/install/transformations:/home/mtrn/lab4-main/lab4-main/install/transformation:/home/mtrn/lab4-main/install/transformation:/home/mtrn/install/transformation:/opt/ros/humble /usr/bin/cmake --build /home/mtrn/lab4-main/lab4-main/build/interface -- -j4 -l4
[0.064s] [35m[1mConsolidate compiler generated dependencies of target interface__rosidl_generator_c[0m
[0.073s] [  3%] Built target interface__cpp
[0.076s] [ 12%] Built target interface__rosidl_generator_c
[0.085s] [ 12%] Built target ament_cmake_python_copy_interface
[0.085s] [35m[1mConsolidate compiler generated dependencies of target interface__rosidl_typesupport_cpp[0m
[0.085s] [35m[1mConsolidate compiler generated dependencies of target interface__rosidl_typesupport_fastrtps_cpp[0m
[0.087s] [35m[1mConsolidate compiler generated dependencies of target interface__rosidl_typesupport_introspection_cpp[0m
[0.097s] [ 22%] Built target interface__rosidl_typesupport_cpp
[0.099s] [35m[1mConsolidate compiler generated dependencies of target interface__rosidl_typesupport_fastrtps_c[0m
[0.099s] [ 32%] Built target interface__rosidl_typesupport_fastrtps_cpp
[0.107s] [35m[1mConsolidate compiler generated dependencies of target interface__rosidl_typesupport_introspection_c[0m
[0.108s] [35m[1mConsolidate compiler generated dependencies of target interface__rosidl_typesupport_c[0m
[0.109s] [ 41%] Built target interface__rosidl_typesupport_introspection_cpp
[0.110s] [ 51%] Built target interface__rosidl_typesupport_fastrtps_c
[0.121s] [ 61%] Built target interface__rosidl_typesupport_c
[0.121s] [ 70%] Built target interface__rosidl_typesupport_introspection_c
[0.147s] [ 70%] Built target interface
[0.174s] [ 74%] Built target interface__py
[0.184s] [35m[1mConsolidate compiler generated dependencies of target interface__rosidl_generator_py[0m
[0.196s] [ 80%] Built target interface__rosidl_generator_py
[0.209s] [35m[1mConsolidate compiler generated dependencies of target interface__rosidl_typesupport_fastrtps_c__pyext[0m
[0.211s] [35m[1mConsolidate compiler generated dependencies of target interface__rosidl_typesupport_introspection_c__pyext[0m
[0.216s] [35m[1mConsolidate compiler generated dependencies of target interface__rosidl_typesupport_c__pyext[0m
[0.226s] [ 87%] Built target interface__rosidl_typesupport_fastrtps_c__pyext
[0.227s] [ 93%] Built target interface__rosidl_typesupport_introspection_c__pyext
[0.229s] [100%] Built target interface__rosidl_typesupport_c__pyext
[0.420s] running egg_info
[0.420s] writing interface.egg-info/PKG-INFO
[0.421s] writing dependency_links to interface.egg-info/dependency_links.txt
[0.421s] writing top-level names to interface.egg-info/top_level.txt
[0.425s] reading manifest file 'interface.egg-info/SOURCES.txt'
[0.427s] writing manifest file 'interface.egg-info/SOURCES.txt'
[0.487s] [100%] Built target ament_cmake_python_build_interface_egg
[0.514s] Invoked command in '/home/mtrn/lab4-main/lab4-main/build/interface' returned '0': CMAKE_PREFIX_PATH=${CMAKE_PREFIX_PATH}:/home/mtrn/lab4-main/lab4-main/install/vision_package:/home/mtrn/lab4-main/lab4-main/install/transformations:/home/mtrn/lab4-main/lab4-main/install/transformation:/home/mtrn/lab4-main/install/transformation:/home/mtrn/install/transformation:/opt/ros/humble /usr/bin/cmake --build /home/mtrn/lab4-main/lab4-main/build/interface -- -j4 -l4
[0.584s] Invoking command in '/home/mtrn/lab4-main/lab4-main/build/interface': CMAKE_PREFIX_PATH=${CMAKE_PREFIX_PATH}:/home/mtrn/lab4-main/lab4-main/install/vision_package:/home/mtrn/lab4-main/lab4-main/install/transformations:/home/mtrn/lab4-main/lab4-main/install/transformation:/home/mtrn/lab4-main/install/transformation:/home/mtrn/install/transformation:/opt/ros/humble /usr/bin/cmake --install /home/mtrn/lab4-main/lab4-main/build/interface
[0.593s] -- Install configuration: ""
[0.593s] -- Up-to-date: /home/mtrn/lab4-main/lab4-main/install/interface/share/ament_index/resource_index/rosidl_interfaces/interface
[0.593s] -- Up-to-date: /home/mtrn/lab4-main/lab4-main/install/interface/include/interface/interface
[0.593s] -- Up-to-date: /home/mtrn/lab4-main/lab4-main/install/interface/include/interface/interface/msg
[0.593s] -- Up-to-date: /home/mtrn/lab4-main/lab4-main/install/interface/include/interface/interface/msg/rosidl_generator_c__visibility_control.h
[0.593s] -- Up-to-date: /home/mtrn/lab4-main/lab4-main/install/interface/include/interface/interface/msg/detail
[0.593s] -- Up-to-date: /home/mtrn/lab4-main/lab4-main/install/interface/include/interface/interface/msg/detail/marker_data__functions.c
[0.593s] -- Up-to-date: /home/mtrn/lab4-main/lab4-main/install/interface/include/interface/interface/msg/detail/marker_data__struct.h
[0.593s] -- Up-to-date: /home/mtrn/lab4-main/lab4-main/install/interface/include/interface/interface/msg/detail/marker_data__functions.h
[0.594s] -- Up-to-date: /home/mtrn/lab4-main/lab4-main/install/interface/include/interface/interface/msg/detail/marker_data__type_support.h
[0.594s] -- Up-to-date: /home/mtrn/lab4-main/lab4-main/install/interface/include/interface/interface/msg/marker_data.h
[0.594s] -- Up-to-date: /home/mtrn/lab4-main/lab4-main/install/interface/share/interface/environment/library_path.sh
[0.594s] -- Up-to-date: /home/mtrn/lab4-main/lab4-main/install/interface/share/interface/environment/library_path.dsv
[0.594s] -- Up-to-date: /home/mtrn/lab4-main/lab4-main/install/interface/lib/libinterface__rosidl_generator_c.so
[0.594s] -- Up-to-date: /home/mtrn/lab4-main/lab4-main/install/interface/include/interface/interface
[0.594s] -- Up-to-date: /home/mtrn/lab4-main/lab4-main/install/interface/include/interface/interface/msg
[0.594s] -- Up-to-date: /home/mtrn/lab4-main/lab4-main/install/interface/include/interface/interface/msg/rosidl_typesupport_fastrtps_c__visibility_control.h
[0.594s] -- Up-to-date: /home/mtrn/lab4-main/lab4-main/install/interface/include/interface/interface/msg/detail
[0.594s] -- Up-to-date: /home/mtrn/lab4-main/lab4-main/install/interface/include/interface/interface/msg/detail/marker_data__rosidl_typesupport_fastrtps_c.h
[0.594s] -- Up-to-date: /home/mtrn/lab4-main/lab4-main/install/interface/lib/libinterface__rosidl_typesupport_fastrtps_c.so
[0.594s] -- Up-to-date: /home/mtrn/lab4-main/lab4-main/install/interface/include/interface/interface
[0.595s] -- Up-to-date: /home/mtrn/lab4-main/lab4-main/install/interface/include/interface/interface/msg
[0.595s] -- Up-to-date: /home/mtrn/lab4-main/lab4-main/install/interface/include/interface/interface/msg/marker_data.hpp
[0.595s] -- Up-to-date: /home/mtrn/lab4-main/lab4-main/install/interface/include/interface/interface/msg/detail
[0.595s] -- Up-to-date: /home/mtrn/lab4-main/lab4-main/install/interface/include/interface/interface/msg/detail/marker_data__builder.hpp
[0.595s] -- Up-to-date: /home/mtrn/lab4-main/lab4-main/install/interface/include/interface/interface/msg/detail/marker_data__traits.hpp
[0.595s] -- Up-to-date: /home/mtrn/lab4-main/lab4-main/install/interface/include/interface/interface/msg/detail/marker_data__struct.hpp
[0.595s] -- Up-to-date: /home/mtrn/lab4-main/lab4-main/install/interface/include/interface/interface
[0.595s] -- Up-to-date: /home/mtrn/lab4-main/lab4-main/install/interface/include/interface/interface/msg
[0.595s] -- Up-to-date: /home/mtrn/lab4-main/lab4-main/install/interface/include/interface/interface/msg/detail
[0.595s] -- Up-to-date: /home/mtrn/lab4-main/lab4-main/install/interface/include/interface/interface/msg/detail/marker_data__rosidl_typesupport_fastrtps_cpp.hpp
[0.595s] -- Up-to-date: /home/mtrn/lab4-main/lab4-main/install/interface/include/interface/interface/msg/detail/dds_fastrtps
[0.595s] -- Up-to-date: /home/mtrn/lab4-main/lab4-main/install/interface/include/interface/interface/msg/rosidl_typesupport_fastrtps_cpp__visibility_control.h
[0.595s] -- Up-to-date: /home/mtrn/lab4-main/lab4-main/install/interface/lib/libinterface__rosidl_typesupport_fastrtps_cpp.so
[0.595s] -- Up-to-date: /home/mtrn/lab4-main/lab4-main/install/interface/include/interface/interface
[0.595s] -- Up-to-date: /home/mtrn/lab4-main/lab4-main/install/interface/include/interface/interface/msg
[0.596s] -- Up-to-date: /home/mtrn/lab4-main/lab4-main/install/interface/include/interface/interface/msg/rosidl_typesupport_introspection_c__visibility_control.h
[0.596s] -- Up-to-date: /home/mtrn/lab4-main/lab4-main/install/interface/include/interface/interface/msg/detail
[0.596s] -- Up-to-date: /home/mtrn/lab4-main/lab4-main/install/interface/include/interface/interface/msg/detail/marker_data__rosidl_typesupport_introspection_c.h
[0.596s] -- Up-to-date: /home/mtrn/lab4-main/lab4-main/install/interface/include/interface/interface/msg/detail/marker_data__type_support.c
[0.596s] -- Up-to-date: /home/mtrn/lab4-main/lab4-main/install/interface/lib/libinterface__rosidl_typesupport_introspection_c.so
[0.596s] -- Up-to-date: /home/mtrn/lab4-main/lab4-main/install/interface/lib/libinterface__rosidl_typesupport_c.so
[0.597s] -- Up-to-date: /home/mtrn/lab4-main/lab4-main/install/interface/include/interface/interface
[0.597s] -- Up-to-date: /home/mtrn/lab4-main/lab4-main/install/interface/include/interface/interface/msg
[0.597s] -- Up-to-date: /home/mtrn/lab4-main/lab4-main/install/interface/include/interface/interface/msg/detail
[0.597s] -- Up-to-date: /home/mtrn/lab4-main/lab4-main/install/interface/include/interface/interface/msg/detail/marker_data__type_support.cpp
[0.597s] -- Up-to-date: /home/mtrn/lab4-main/lab4-main/install/interface/include/interface/interface/msg/detail/marker_data__rosidl_typesupport_introspection_cpp.hpp
[0.597s] -- Up-to-date: /home/mtrn/lab4-main/lab4-main/install/interface/lib/libinterface__rosidl_typesupport_introspection_cpp.so
[0.597s] -- Up-to-date: /home/mtrn/lab4-main/lab4-main/install/interface/lib/libinterface__rosidl_typesupport_cpp.so
[0.598s] -- Up-to-date: /home/mtrn/lab4-main/lab4-main/install/interface/share/interface/environment/pythonpath.sh
[0.598s] -- Up-to-date: /home/mtrn/lab4-main/lab4-main/install/interface/share/interface/environment/pythonpath.dsv
[0.598s] -- Up-to-date: /home/mtrn/lab4-main/lab4-main/install/interface/local/lib/python3.10/dist-packages/interface-0.0.0-py3.10.egg-info
[0.598s] -- Installing: /home/mtrn/lab4-main/lab4-main/install/interface/local/lib/python3.10/dist-packages/interface-0.0.0-py3.10.egg-info/top_level.txt
[0.598s] -- Installing: /home/mtrn/lab4-main/lab4-main/install/interface/local/lib/python3.10/dist-packages/interface-0.0.0-py3.10.egg-info/SOURCES.txt
[0.598s] -- Installing: /home/mtrn/lab4-main/lab4-main/install/interface/local/lib/python3.10/dist-packages/interface-0.0.0-py3.10.egg-info/PKG-INFO
[0.598s] -- Installing: /home/mtrn/lab4-main/lab4-main/install/interface/local/lib/python3.10/dist-packages/interface-0.0.0-py3.10.egg-info/dependency_links.txt
[0.598s] -- Up-to-date: /home/mtrn/lab4-main/lab4-main/install/interface/local/lib/python3.10/dist-packages/interface
[0.598s] -- Up-to-date: /home/mtrn/lab4-main/lab4-main/install/interface/local/lib/python3.10/dist-packages/interface/interface_s__rosidl_typesupport_introspection_c.cpython-310-x86_64-linux-gnu.so
[0.598s] -- Up-to-date: /home/mtrn/lab4-main/lab4-main/install/interface/local/lib/python3.10/dist-packages/interface/_interface_s.ep.rosidl_typesupport_introspection_c.c
[0.598s] -- Up-to-date: /home/mtrn/lab4-main/lab4-main/install/interface/local/lib/python3.10/dist-packages/interface/interface_s__rosidl_typesupport_fastrtps_c.cpython-310-x86_64-linux-gnu.so
[0.598s] -- Up-to-date: /home/mtrn/lab4-main/lab4-main/install/interface/local/lib/python3.10/dist-packages/interface/_interface_s.ep.rosidl_typesupport_c.c
[0.599s] -- Up-to-date: /home/mtrn/lab4-main/lab4-main/install/interface/local/lib/python3.10/dist-packages/interface/_interface_s.ep.rosidl_typesupport_fastrtps_c.c
[0.599s] -- Up-to-date: /home/mtrn/lab4-main/lab4-main/install/interface/local/lib/python3.10/dist-packages/interface/interface_s__rosidl_typesupport_c.cpython-310-x86_64-linux-gnu.so
[0.599s] -- Up-to-date: /home/mtrn/lab4-main/lab4-main/install/interface/local/lib/python3.10/dist-packages/interface/libinterface__rosidl_generator_py.so
[0.599s] -- Up-to-date: /home/mtrn/lab4-main/lab4-main/install/interface/local/lib/python3.10/dist-packages/interface/msg
[0.599s] -- Up-to-date: /home/mtrn/lab4-main/lab4-main/install/interface/local/lib/python3.10/dist-packages/interface/msg/_marker_data_s.c
[0.599s] -- Up-to-date: /home/mtrn/lab4-main/lab4-main/install/interface/local/lib/python3.10/dist-packages/interface/msg/__init__.py
[0.599s] -- Up-to-date: /home/mtrn/lab4-main/lab4-main/install/interface/local/lib/python3.10/dist-packages/interface/msg/_marker_data.py
[0.599s] -- Up-to-date: /home/mtrn/lab4-main/lab4-main/install/interface/local/lib/python3.10/dist-packages/interface/__init__.py
[0.633s] Listing '/home/mtrn/lab4-main/lab4-main/install/interface/local/lib/python3.10/dist-packages/interface'...
[0.634s] Listing '/home/mtrn/lab4-main/lab4-main/install/interface/local/lib/python3.10/dist-packages/interface/msg'...
[0.639s] -- Up-to-date: /home/mtrn/lab4-main/lab4-main/install/interface/local/lib/python3.10/dist-packages/interface/interface_s__rosidl_typesupport_fastrtps_c.cpython-310-x86_64-linux-gnu.so
[0.639s] -- Up-to-date: /home/mtrn/lab4-main/lab4-main/install/interface/local/lib/python3.10/dist-packages/interface/interface_s__rosidl_typesupport_introspection_c.cpython-310-x86_64-linux-gnu.so
[0.640s] -- Up-to-date: /home/mtrn/lab4-main/lab4-main/install/interface/local/lib/python3.10/dist-packages/interface/interface_s__rosidl_typesupport_c.cpython-310-x86_64-linux-gnu.so
[0.640s] -- Up-to-date: /home/mtrn/lab4-main/lab4-main/install/interface/lib/libinterface__rosidl_generator_py.so
[0.640s] -- Up-to-date: /home/mtrn/lab4-main/lab4-main/install/interface/share/interface/msg/MarkerData.idl
[0.640s] -- Up-to-date: /home/mtrn/lab4-main/lab4-main/install/interface/share/interface/msg/MarkerData.msg
[0.640s] -- Up-to-date: /home/mtrn/lab4-main/lab4-main/install/interface/share/ament_index/resource_index/package_run_dependencies/interface
[0.640s] -- Up-to-date: /home/mtrn/lab4-main/lab4-main/install/interface/share/ament_index/resource_index/parent_prefix_path/interface
[0.640s] -- Up-to-date: /home/mtrn/lab4-main/lab4-main/install/interface/share/interface/environment/ament_prefix_path.sh
[0.640s] -- Up-to-date: /home/mtrn/lab4-main/lab4-main/install/interface/share/interface/environment/ament_prefix_path.dsv
[0.641s] -- Up-to-date: /home/mtrn/lab4-main/lab4-main/install/interface/share/interface/environment/path.sh
[0.641s] -- Up-to-date: /home/mtrn/lab4-main/lab4-main/install/interface/share/interface/environment/path.dsv
[0.641s] -- Up-to-date: /home/mtrn/lab4-main/lab4-main/install/interface/share/interface/local_setup.bash
[0.641s] -- Up-to-date: /home/mtrn/lab4-main/lab4-main/install/interface/share/interface/local_setup.sh
[0.641s] -- Up-to-date: /home/mtrn/lab4-main/lab4-main/install/interface/share/interface/local_setup.zsh
[0.641s] -- Up-to-date: /home/mtrn/lab4-main/lab4-main/install/interface/share/interface/local_setup.dsv
[0.641s] -- Installing: /home/mtrn/lab4-main/lab4-main/install/interface/share/interface/package.dsv
[0.641s] -- Up-to-date: /home/mtrn/lab4-main/lab4-main/install/interface/share/ament_index/resource_index/packages/interface
[0.641s] -- Up-to-date: /home/mtrn/lab4-main/lab4-main/install/interface/share/interface/cmake/export_interface__rosidl_generator_cExport.cmake
[0.641s] -- Up-to-date: /home/mtrn/lab4-main/lab4-main/install/interface/share/interface/cmake/export_interface__rosidl_generator_cExport-noconfig.cmake
[0.641s] -- Up-to-date: /home/mtrn/lab4-main/lab4-main/install/interface/share/interface/cmake/export_interface__rosidl_typesupport_fastrtps_cExport.cmake
[0.641s] -- Up-to-date: /home/mtrn/lab4-main/lab4-main/install/interface/share/interface/cmake/export_interface__rosidl_typesupport_fastrtps_cExport-noconfig.cmake
[0.641s] -- Up-to-date: /home/mtrn/lab4-main/lab4-main/install/interface/share/interface/cmake/export_interface__rosidl_generator_cppExport.cmake
[0.641s] -- Up-to-date: /home/mtrn/lab4-main/lab4-main/install/interface/share/interface/cmake/export_interface__rosidl_typesupport_fastrtps_cppExport.cmake
[0.641s] -- Up-to-date: /home/mtrn/lab4-main/lab4-main/install/interface/share/interface/cmake/export_interface__rosidl_typesupport_fastrtps_cppExport-noconfig.cmake
[0.642s] -- Up-to-date: /home/mtrn/lab4-main/lab4-main/install/interface/share/interface/cmake/interface__rosidl_typesupport_introspection_cExport.cmake
[0.642s] -- Up-to-date: /home/mtrn/lab4-main/lab4-main/install/interface/share/interface/cmake/interface__rosidl_typesupport_introspection_cExport-noconfig.cmake
[0.642s] -- Up-to-date: /home/mtrn/lab4-main/lab4-main/install/interface/share/interface/cmake/interface__rosidl_typesupport_cExport.cmake
[0.642s] -- Up-to-date: /home/mtrn/lab4-main/lab4-main/install/interface/share/interface/cmake/interface__rosidl_typesupport_cExport-noconfig.cmake
[0.642s] -- Up-to-date: /home/mtrn/lab4-main/lab4-main/install/interface/share/interface/cmake/interface__rosidl_typesupport_introspection_cppExport.cmake
[0.642s] -- Up-to-date: /home/mtrn/lab4-main/lab4-main/install/interface/share/interface/cmake/interface__rosidl_typesupport_introspection_cppExport-noconfig.cmake
[0.642s] -- Up-to-date: /home/mtrn/lab4-main/lab4-main/install/interface/share/interface/cmake/interface__rosidl_typesupport_cppExport.cmake
[0.642s] -- Up-to-date: /home/mtrn/lab4-main/lab4-main/install/interface/share/interface/cmake/interface__rosidl_typesupport_cppExport-noconfig.cmake
[0.642s] -- Up-to-date: /home/mtrn/lab4-main/lab4-main/install/interface/share/interface/cmake/export_interface__rosidl_generator_pyExport.cmake
[0.643s] -- Up-to-date: /home/mtrn/lab4-main/lab4-main/install/interface/share/interface/cmake/export_interface__rosidl_generator_pyExport-noconfig.cmake
[0.643s] -- Up-to-date: /home/mtrn/lab4-main/lab4-main/install/interface/share/interface/cmake/rosidl_cmake-extras.cmake
[0.644s] -- Up-to-date: /home/mtrn/lab4-main/lab4-main/install/interface/share/interface/cmake/ament_cmake_export_dependencies-extras.cmake
[0.644s] -- Up-to-date: /home/mtrn/lab4-main/lab4-main/install/interface/share/interface/cmake/ament_cmake_export_include_directories-extras.cmake
[0.644s] -- Up-to-date: /home/mtrn/lab4-main/lab4-main/install/interface/share/interface/cmake/ament_cmake_export_libraries-extras.cmake
[0.644s] -- Up-to-date: /home/mtrn/lab4-main/lab4-main/install/interface/share/interface/cmake/ament_cmake_export_targets-extras.cmake
[0.644s] -- Up-to-date: /home/mtrn/lab4-main/lab4-main/install/interface/share/interface/cmake/rosidl_cmake_export_typesupport_targets-extras.cmake
[0.644s] -- Up-to-date: /home/mtrn/lab4-main/lab4-main/install/interface/share/interface/cmake/rosidl_cmake_export_typesupport_libraries-extras.cmake
[0.644s] -- Up-to-date: /home/mtrn/lab4-main/lab4-main/install/interface/share/interface/cmake/interfaceConfig.cmake
[0.644s] -- Up-to-date: /home/mtrn/lab4-main/lab4-main/install/interface/share/interface/cmake/interfaceConfig-version.cmake
[0.644s] -- Up-to-date: /home/mtrn/lab4-main/lab4-main/install/interface/share/interface/package.xml
[0.647s] Invoked command in '/home/mtrn/lab4-main/lab4-main/build/interface' returned '0': CMAKE_PREFIX_PATH=${CMAKE_PREFIX_PATH}:/home/mtrn/lab4-main/lab4-main/install/vision_package:/home/mtrn/lab4-main/lab4-main/install/transformations:/home/mtrn/lab4-main/lab4-main/install/transformation:/home/mtrn/lab4-main/install/transformation:/home/mtrn/install/transformation:/opt/ros/humble /usr/bin/cmake --install /home/mtrn/lab4-main/lab4-main/build/interface
