[0.014s] Invoking command in '/home/mtrn/lab4-main/lab4-main/build/interface': CMAKE_PREFIX_PATH=/opt/ros/humble /usr/bin/cmake --build /home/mtrn/lab4-main/lab4-main/build/interface -- -j4 -l4
[0.072s] [  3%] Built target interface__cpp
[0.073s] [ 12%] Built target interface__rosidl_generator_c
[0.083s] [ 12%] Built target ament_cmake_python_copy_interface
[0.094s] [ 25%] Built target interface__rosidl_typesupport_cpp
[0.095s] [ 32%] Built target interface__rosidl_typesupport_fastrtps_cpp
[0.099s] [ 41%] Built target interface__rosidl_typesupport_introspection_c
[0.107s] [ 51%] Built target interface__rosidl_typesupport_c
[0.119s] [ 61%] Built target interface__rosidl_typesupport_introspection_cpp
[0.122s] [ 70%] Built target interface__rosidl_typesupport_fastrtps_c
[0.151s] [ 70%] Built target interface
[0.173s] [ 74%] Built target interface__py
[0.196s] [ 80%] Built target interface__rosidl_generator_py
[0.223s] [ 87%] Built target interface__rosidl_typesupport_fastrtps_c__pyext
[0.223s] [ 93%] Built target interface__rosidl_typesupport_c__pyext
[0.226s] [100%] Built target interface__rosidl_typesupport_introspection_c__pyext
[0.360s] running egg_info
[0.360s] writing interface.egg-info/PKG-INFO
[0.361s] writing dependency_links to interface.egg-info/dependency_links.txt
[0.361s] writing top-level names to interface.egg-info/top_level.txt
[0.363s] reading manifest file 'interface.egg-info/SOURCES.txt'
[0.363s] writing manifest file 'interface.egg-info/SOURCES.txt'
[0.394s] [100%] Built target ament_cmake_python_build_interface_egg
[0.406s] Invoked command in '/home/mtrn/lab4-main/lab4-main/build/interface' returned '0': CMAKE_PREFIX_PATH=/opt/ros/humble /usr/bin/cmake --build /home/mtrn/lab4-main/lab4-main/build/interface -- -j4 -l4
[0.467s] Invoking command in '/home/mtrn/lab4-main/lab4-main/build/interface': CMAKE_PREFIX_PATH=/opt/ros/humble /usr/bin/cmake --install /home/mtrn/lab4-main/lab4-main/build/interface
[0.475s] -- Install configuration: ""
[0.475s] -- Up-to-date: /home/mtrn/lab4-main/lab4-main/install/interface/share/ament_index/resource_index/rosidl_interfaces/interface
[0.475s] -- Up-to-date: /home/mtrn/lab4-main/lab4-main/install/interface/include/interface/interface
[0.475s] -- Up-to-date: /home/mtrn/lab4-main/lab4-main/install/interface/include/interface/interface/msg
[0.475s] -- Up-to-date: /home/mtrn/lab4-main/lab4-main/install/interface/include/interface/interface/msg/rosidl_generator_c__visibility_control.h
[0.475s] -- Up-to-date: /home/mtrn/lab4-main/lab4-main/install/interface/include/interface/interface/msg/detail
[0.475s] -- Up-to-date: /home/mtrn/lab4-main/lab4-main/install/interface/include/interface/interface/msg/detail/marker_data__functions.c
[0.475s] -- Up-to-date: /home/mtrn/lab4-main/lab4-main/install/interface/include/interface/interface/msg/detail/marker_data__struct.h
[0.475s] -- Up-to-date: /home/mtrn/lab4-main/lab4-main/install/interface/include/interface/interface/msg/detail/marker_data__functions.h
[0.476s] -- Up-to-date: /home/mtrn/lab4-main/lab4-main/install/interface/include/interface/interface/msg/detail/marker_data__type_support.h
[0.476s] -- Up-to-date: /home/mtrn/lab4-main/lab4-main/install/interface/include/interface/interface/msg/marker_data.h
[0.476s] -- Up-to-date: /home/mtrn/lab4-main/lab4-main/install/interface/share/interface/environment/library_path.sh
[0.476s] -- Up-to-date: /home/mtrn/lab4-main/lab4-main/install/interface/share/interface/environment/library_path.dsv
[0.477s] -- Up-to-date: /home/mtrn/lab4-main/lab4-main/install/interface/lib/libinterface__rosidl_generator_c.so
[0.477s] -- Up-to-date: /home/mtrn/lab4-main/lab4-main/install/interface/include/interface/interface
[0.477s] -- Up-to-date: /home/mtrn/lab4-main/lab4-main/install/interface/include/interface/interface/msg
[0.477s] -- Up-to-date: /home/mtrn/lab4-main/lab4-main/install/interface/include/interface/interface/msg/rosidl_typesupport_fastrtps_c__visibility_control.h
[0.477s] -- Up-to-date: /home/mtrn/lab4-main/lab4-main/install/interface/include/interface/interface/msg/detail
[0.477s] -- Up-to-date: /home/mtrn/lab4-main/lab4-main/install/interface/include/interface/interface/msg/detail/marker_data__rosidl_typesupport_fastrtps_c.h
[0.477s] -- Up-to-date: /home/mtrn/lab4-main/lab4-main/install/interface/lib/libinterface__rosidl_typesupport_fastrtps_c.so
[0.477s] -- Up-to-date: /home/mtrn/lab4-main/lab4-main/install/interface/include/interface/interface
[0.477s] -- Up-to-date: /home/mtrn/lab4-main/lab4-main/install/interface/include/interface/interface/msg
[0.477s] -- Up-to-date: /home/mtrn/lab4-main/lab4-main/install/interface/include/interface/interface/msg/marker_data.hpp
[0.477s] -- Up-to-date: /home/mtrn/lab4-main/lab4-main/install/interface/include/interface/interface/msg/detail
[0.479s] -- Up-to-date: /home/mtrn/lab4-main/lab4-main/install/interface/include/interface/interface/msg/detail/marker_data__builder.hpp
[0.479s] -- Up-to-date: /home/mtrn/lab4-main/lab4-main/install/interface/include/interface/interface/msg/detail/marker_data__traits.hpp
[0.479s] -- Up-to-date: /home/mtrn/lab4-main/lab4-main/install/interface/include/interface/interface/msg/detail/marker_data__struct.hpp
[0.479s] -- Up-to-date: /home/mtrn/lab4-main/lab4-main/install/interface/include/interface/interface
[0.479s] -- Up-to-date: /home/mtrn/lab4-main/lab4-main/install/interface/include/interface/interface/msg
[0.480s] -- Up-to-date: /home/mtrn/lab4-main/lab4-main/install/interface/include/interface/interface/msg/detail
[0.480s] -- Up-to-date: /home/mtrn/lab4-main/lab4-main/install/interface/include/interface/interface/msg/detail/marker_data__rosidl_typesupport_fastrtps_cpp.hpp
[0.480s] -- Up-to-date: /home/mtrn/lab4-main/lab4-main/install/interface/include/interface/interface/msg/detail/dds_fastrtps
[0.480s] -- Up-to-date: /home/mtrn/lab4-main/lab4-main/install/interface/include/interface/interface/msg/rosidl_typesupport_fastrtps_cpp__visibility_control.h
[0.480s] -- Up-to-date: /home/mtrn/lab4-main/lab4-main/install/interface/lib/libinterface__rosidl_typesupport_fastrtps_cpp.so
[0.480s] -- Up-to-date: /home/mtrn/lab4-main/lab4-main/install/interface/include/interface/interface
[0.480s] -- Up-to-date: /home/mtrn/lab4-main/lab4-main/install/interface/include/interface/interface/msg
[0.480s] -- Up-to-date: /home/mtrn/lab4-main/lab4-main/install/interface/include/interface/interface/msg/rosidl_typesupport_introspection_c__visibility_control.h
[0.480s] -- Up-to-date: /home/mtrn/lab4-main/lab4-main/install/interface/include/interface/interface/msg/detail
[0.480s] -- Up-to-date: /home/mtrn/lab4-main/lab4-main/install/interface/include/interface/interface/msg/detail/marker_data__rosidl_typesupport_introspection_c.h
[0.480s] -- Up-to-date: /home/mtrn/lab4-main/lab4-main/install/interface/include/interface/interface/msg/detail/marker_data__type_support.c
[0.480s] -- Up-to-date: /home/mtrn/lab4-main/lab4-main/install/interface/lib/libinterface__rosidl_typesupport_introspection_c.so
[0.480s] -- Up-to-date: /home/mtrn/lab4-main/lab4-main/install/interface/lib/libinterface__rosidl_typesupport_c.so
[0.480s] -- Up-to-date: /home/mtrn/lab4-main/lab4-main/install/interface/include/interface/interface
[0.480s] -- Up-to-date: /home/mtrn/lab4-main/lab4-main/install/interface/include/interface/interface/msg
[0.480s] -- Up-to-date: /home/mtrn/lab4-main/lab4-main/install/interface/include/interface/interface/msg/detail
[0.480s] -- Up-to-date: /home/mtrn/lab4-main/lab4-main/install/interface/include/interface/interface/msg/detail/marker_data__type_support.cpp
[0.480s] -- Up-to-date: /home/mtrn/lab4-main/lab4-main/install/interface/include/interface/interface/msg/detail/marker_data__rosidl_typesupport_introspection_cpp.hpp
[0.481s] -- Up-to-date: /home/mtrn/lab4-main/lab4-main/install/interface/lib/libinterface__rosidl_typesupport_introspection_cpp.so
[0.481s] -- Up-to-date: /home/mtrn/lab4-main/lab4-main/install/interface/lib/libinterface__rosidl_typesupport_cpp.so
[0.481s] -- Up-to-date: /home/mtrn/lab4-main/lab4-main/install/interface/share/interface/environment/pythonpath.sh
[0.481s] -- Up-to-date: /home/mtrn/lab4-main/lab4-main/install/interface/share/interface/environment/pythonpath.dsv
[0.481s] -- Up-to-date: /home/mtrn/lab4-main/lab4-main/install/interface/local/lib/python3.10/dist-packages/interface-0.0.0-py3.10.egg-info
[0.481s] -- Installing: /home/mtrn/lab4-main/lab4-main/install/interface/local/lib/python3.10/dist-packages/interface-0.0.0-py3.10.egg-info/top_level.txt
[0.481s] -- Installing: /home/mtrn/lab4-main/lab4-main/install/interface/local/lib/python3.10/dist-packages/interface-0.0.0-py3.10.egg-info/SOURCES.txt
[0.481s] -- Installing: /home/mtrn/lab4-main/lab4-main/install/interface/local/lib/python3.10/dist-packages/interface-0.0.0-py3.10.egg-info/PKG-INFO
[0.481s] -- Installing: /home/mtrn/lab4-main/lab4-main/install/interface/local/lib/python3.10/dist-packages/interface-0.0.0-py3.10.egg-info/dependency_links.txt
[0.481s] -- Up-to-date: /home/mtrn/lab4-main/lab4-main/install/interface/local/lib/python3.10/dist-packages/interface
[0.481s] -- Up-to-date: /home/mtrn/lab4-main/lab4-main/install/interface/local/lib/python3.10/dist-packages/interface/interface_s__rosidl_typesupport_introspection_c.cpython-310-x86_64-linux-gnu.so
[0.481s] -- Up-to-date: /home/mtrn/lab4-main/lab4-main/install/interface/local/lib/python3.10/dist-packages/interface/_interface_s.ep.rosidl_typesupport_introspection_c.c
[0.481s] -- Up-to-date: /home/mtrn/lab4-main/lab4-main/install/interface/local/lib/python3.10/dist-packages/interface/interface_s__rosidl_typesupport_fastrtps_c.cpython-310-x86_64-linux-gnu.so
[0.481s] -- Up-to-date: /home/mtrn/lab4-main/lab4-main/install/interface/local/lib/python3.10/dist-packages/interface/_interface_s.ep.rosidl_typesupport_c.c
[0.481s] -- Up-to-date: /home/mtrn/lab4-main/lab4-main/install/interface/local/lib/python3.10/dist-packages/interface/_interface_s.ep.rosidl_typesupport_fastrtps_c.c
[0.481s] -- Up-to-date: /home/mtrn/lab4-main/lab4-main/install/interface/local/lib/python3.10/dist-packages/interface/interface_s__rosidl_typesupport_c.cpython-310-x86_64-linux-gnu.so
[0.481s] -- Up-to-date: /home/mtrn/lab4-main/lab4-main/install/interface/local/lib/python3.10/dist-packages/interface/libinterface__rosidl_generator_py.so
[0.481s] -- Up-to-date: /home/mtrn/lab4-main/lab4-main/install/interface/local/lib/python3.10/dist-packages/interface/msg
[0.482s] -- Up-to-date: /home/mtrn/lab4-main/lab4-main/install/interface/local/lib/python3.10/dist-packages/interface/msg/_marker_data_s.c
[0.482s] -- Up-to-date: /home/mtrn/lab4-main/lab4-main/install/interface/local/lib/python3.10/dist-packages/interface/msg/__init__.py
[0.482s] -- Up-to-date: /home/mtrn/lab4-main/lab4-main/install/interface/local/lib/python3.10/dist-packages/interface/msg/_marker_data.py
[0.482s] -- Up-to-date: /home/mtrn/lab4-main/lab4-main/install/interface/local/lib/python3.10/dist-packages/interface/__init__.py
[0.511s] Listing '/home/mtrn/lab4-main/lab4-main/install/interface/local/lib/python3.10/dist-packages/interface'...
[0.512s] Listing '/home/mtrn/lab4-main/lab4-main/install/interface/local/lib/python3.10/dist-packages/interface/msg'...
[0.515s] -- Up-to-date: /home/mtrn/lab4-main/lab4-main/install/interface/local/lib/python3.10/dist-packages/interface/interface_s__rosidl_typesupport_fastrtps_c.cpython-310-x86_64-linux-gnu.so
[0.515s] -- Up-to-date: /home/mtrn/lab4-main/lab4-main/install/interface/local/lib/python3.10/dist-packages/interface/interface_s__rosidl_typesupport_introspection_c.cpython-310-x86_64-linux-gnu.so
[0.516s] -- Up-to-date: /home/mtrn/lab4-main/lab4-main/install/interface/local/lib/python3.10/dist-packages/interface/interface_s__rosidl_typesupport_c.cpython-310-x86_64-linux-gnu.so
[0.516s] -- Up-to-date: /home/mtrn/lab4-main/lab4-main/install/interface/lib/libinterface__rosidl_generator_py.so
[0.516s] -- Up-to-date: /home/mtrn/lab4-main/lab4-main/install/interface/share/interface/msg/MarkerData.idl
[0.516s] -- Up-to-date: /home/mtrn/lab4-main/lab4-main/install/interface/share/interface/msg/MarkerData.msg
[0.516s] -- Up-to-date: /home/mtrn/lab4-main/lab4-main/install/interface/share/ament_index/resource_index/package_run_dependencies/interface
[0.517s] -- Up-to-date: /home/mtrn/lab4-main/lab4-main/install/interface/share/ament_index/resource_index/parent_prefix_path/interface
[0.517s] -- Up-to-date: /home/mtrn/lab4-main/lab4-main/install/interface/share/interface/environment/ament_prefix_path.sh
[0.517s] -- Up-to-date: /home/mtrn/lab4-main/lab4-main/install/interface/share/interface/environment/ament_prefix_path.dsv
[0.517s] -- Up-to-date: /home/mtrn/lab4-main/lab4-main/install/interface/share/interface/environment/path.sh
[0.517s] -- Up-to-date: /home/mtrn/lab4-main/lab4-main/install/interface/share/interface/environment/path.dsv
[0.518s] -- Up-to-date: /home/mtrn/lab4-main/lab4-main/install/interface/share/interface/local_setup.bash
[0.518s] -- Up-to-date: /home/mtrn/lab4-main/lab4-main/install/interface/share/interface/local_setup.sh
[0.518s] -- Up-to-date: /home/mtrn/lab4-main/lab4-main/install/interface/share/interface/local_setup.zsh
[0.518s] -- Up-to-date: /home/mtrn/lab4-main/lab4-main/install/interface/share/interface/local_setup.dsv
[0.518s] -- Installing: /home/mtrn/lab4-main/lab4-main/install/interface/share/interface/package.dsv
[0.518s] -- Up-to-date: /home/mtrn/lab4-main/lab4-main/install/interface/share/ament_index/resource_index/packages/interface
[0.519s] -- Up-to-date: /home/mtrn/lab4-main/lab4-main/install/interface/share/interface/cmake/export_interface__rosidl_generator_cExport.cmake
[0.519s] -- Up-to-date: /home/mtrn/lab4-main/lab4-main/install/interface/share/interface/cmake/export_interface__rosidl_generator_cExport-noconfig.cmake
[0.519s] -- Up-to-date: /home/mtrn/lab4-main/lab4-main/install/interface/share/interface/cmake/export_interface__rosidl_typesupport_fastrtps_cExport.cmake
[0.519s] -- Up-to-date: /home/mtrn/lab4-main/lab4-main/install/interface/share/interface/cmake/export_interface__rosidl_typesupport_fastrtps_cExport-noconfig.cmake
[0.520s] -- Up-to-date: /home/mtrn/lab4-main/lab4-main/install/interface/share/interface/cmake/export_interface__rosidl_generator_cppExport.cmake
[0.520s] -- Up-to-date: /home/mtrn/lab4-main/lab4-main/install/interface/share/interface/cmake/export_interface__rosidl_typesupport_fastrtps_cppExport.cmake
[0.521s] -- Up-to-date: /home/mtrn/lab4-main/lab4-main/install/interface/share/interface/cmake/export_interface__rosidl_typesupport_fastrtps_cppExport-noconfig.cmake
[0.521s] -- Up-to-date: /home/mtrn/lab4-main/lab4-main/install/interface/share/interface/cmake/interface__rosidl_typesupport_introspection_cExport.cmake
[0.521s] -- Up-to-date: /home/mtrn/lab4-main/lab4-main/install/interface/share/interface/cmake/interface__rosidl_typesupport_introspection_cExport-noconfig.cmake
[0.521s] -- Up-to-date: /home/mtrn/lab4-main/lab4-main/install/interface/share/interface/cmake/interface__rosidl_typesupport_cExport.cmake
[0.522s] -- Up-to-date: /home/mtrn/lab4-main/lab4-main/install/interface/share/interface/cmake/interface__rosidl_typesupport_cExport-noconfig.cmake
[0.522s] -- Up-to-date: /home/mtrn/lab4-main/lab4-main/install/interface/share/interface/cmake/interface__rosidl_typesupport_introspection_cppExport.cmake
[0.522s] -- Up-to-date: /home/mtrn/lab4-main/lab4-main/install/interface/share/interface/cmake/interface__rosidl_typesupport_introspection_cppExport-noconfig.cmake
[0.522s] -- Up-to-date: /home/mtrn/lab4-main/lab4-main/install/interface/share/interface/cmake/interface__rosidl_typesupport_cppExport.cmake
[0.522s] -- Up-to-date: /home/mtrn/lab4-main/lab4-main/install/interface/share/interface/cmake/interface__rosidl_typesupport_cppExport-noconfig.cmake
[0.523s] -- Up-to-date: /home/mtrn/lab4-main/lab4-main/install/interface/share/interface/cmake/export_interface__rosidl_generator_pyExport.cmake
[0.523s] -- Up-to-date: /home/mtrn/lab4-main/lab4-main/install/interface/share/interface/cmake/export_interface__rosidl_generator_pyExport-noconfig.cmake
[0.523s] -- Up-to-date: /home/mtrn/lab4-main/lab4-main/install/interface/share/interface/cmake/rosidl_cmake-extras.cmake
[0.523s] -- Up-to-date: /home/mtrn/lab4-main/lab4-main/install/interface/share/interface/cmake/ament_cmake_export_dependencies-extras.cmake
[0.523s] -- Up-to-date: /home/mtrn/lab4-main/lab4-main/install/interface/share/interface/cmake/ament_cmake_export_include_directories-extras.cmake
[0.523s] -- Up-to-date: /home/mtrn/lab4-main/lab4-main/install/interface/share/interface/cmake/ament_cmake_export_libraries-extras.cmake
[0.523s] -- Up-to-date: /home/mtrn/lab4-main/lab4-main/install/interface/share/interface/cmake/ament_cmake_export_targets-extras.cmake
[0.523s] -- Up-to-date: /home/mtrn/lab4-main/lab4-main/install/interface/share/interface/cmake/rosidl_cmake_export_typesupport_targets-extras.cmake
[0.524s] -- Up-to-date: /home/mtrn/lab4-main/lab4-main/install/interface/share/interface/cmake/rosidl_cmake_export_typesupport_libraries-extras.cmake
[0.524s] -- Up-to-date: /home/mtrn/lab4-main/lab4-main/install/interface/share/interface/cmake/interfaceConfig.cmake
[0.524s] -- Up-to-date: /home/mtrn/lab4-main/lab4-main/install/interface/share/interface/cmake/interfaceConfig-version.cmake
[0.525s] -- Up-to-date: /home/mtrn/lab4-main/lab4-main/install/interface/share/interface/package.xml
[0.527s] Invoked command in '/home/mtrn/lab4-main/lab4-main/build/interface' returned '0': CMAKE_PREFIX_PATH=/opt/ros/humble /usr/bin/cmake --install /home/mtrn/lab4-main/lab4-main/build/interface
