[0.023s] Invoking command in '/home/mtrn/ros2_ws/src/build/interface': CMAKE_PREFIX_PATH=${CMAKE_PREFIX_PATH}:/home/mtrn/4231/ws_moveit2/install/moveit_configs_utils:/home/mtrn/4231/ws_moveit2/install/launch_param_builder:/opt/ros/humble /usr/bin/cmake /home/mtrn/ros2_ws/src/interface -DCMAKE_INSTALL_PREFIX=/home/mtrn/ros2_ws/src/install/interface
[0.197s] -- The C compiler identification is GNU 11.4.0
[0.357s] -- The CXX compiler identification is GNU 11.4.0
[0.368s] -- Detecting C compiler ABI info
[0.454s] -- Detecting C compiler ABI info - done
[0.461s] -- Check for working C compiler: /usr/bin/cc - skipped
[0.461s] -- Detecting C compile features
[0.463s] -- Detecting C compile features - done
[0.465s] -- Detecting CXX compiler ABI info
[0.559s] -- Detecting CXX compiler ABI info - done
[0.565s] -- Check for working CXX compiler: /usr/bin/c++ - skipped
[0.565s] -- Detecting CXX compile features
[0.566s] -- Detecting CXX compile features - done
[0.574s] -- Found ament_cmake: 1.3.5 (/opt/ros/humble/share/ament_cmake/cmake)
[0.768s] -- Found Python3: /usr/bin/python3.10 (found version "3.10.12") found components: Interpreter 
[0.925s] -- Found geometry_msgs: 4.2.3 (/opt/ros/humble/share/geometry_msgs/cmake)
[1.005s] -- Found rosidl_generator_c: 3.1.5 (/opt/ros/humble/share/rosidl_generator_c/cmake)
[1.018s] -- Found rosidl_adapter: 3.1.5 (/opt/ros/humble/share/rosidl_adapter/cmake)
[1.041s] -- Found rosidl_generator_cpp: 3.1.5 (/opt/ros/humble/share/rosidl_generator_cpp/cmake)
[1.069s] -- Using all available rosidl_typesupport_c: rosidl_typesupport_fastrtps_c;rosidl_typesupport_introspection_c
[1.109s] -- Using all available rosidl_typesupport_cpp: rosidl_typesupport_fastrtps_cpp;rosidl_typesupport_introspection_cpp
[1.256s] -- Found rosidl_default_generators: 1.2.0 (/opt/ros/humble/share/rosidl_default_generators/cmake)
[1.570s] -- Found ament_cmake_ros: 0.10.0 (/opt/ros/humble/share/ament_cmake_ros/cmake)
[1.943s] -- Using all available rosidl_typesupport_c: rosidl_typesupport_fastrtps_c;rosidl_typesupport_introspection_c
[2.085s] -- Using all available rosidl_typesupport_cpp: rosidl_typesupport_fastrtps_cpp;rosidl_typesupport_introspection_cpp
[2.111s] -- Found PythonInterp: /usr/bin/python3 (found suitable version "3.10.12", minimum required is "3.6") 
[2.117s] -- Found python_cmake_module: 0.10.0 (/opt/ros/humble/share/python_cmake_module/cmake)
[2.160s] -- Found PythonLibs: /usr/lib/x86_64-linux-gnu/libpython3.10.so (found suitable version "3.10.12", minimum required is "3.5") 
[2.160s] -- Using PYTHON_EXECUTABLE: /usr/bin/python3
[2.160s] -- Using PYTHON_INCLUDE_DIRS: /usr/include/python3.10
[2.160s] -- Using PYTHON_LIBRARIES: /usr/lib/x86_64-linux-gnu/libpython3.10.so
[2.185s] -- Found PythonExtra: .so  
[2.274s] -- Found ament_lint_auto: 0.12.7 (/opt/ros/humble/share/ament_lint_auto/cmake)
[2.368s] -- Added test 'cppcheck' to perform static code analysis on C / C++ code
[2.368s] -- Configured cppcheck include dirs: 
[2.368s] -- Configured cppcheck exclude dirs and/or files: 
[2.373s] -- Added test 'flake8' to check Python code syntax and style conventions
[2.386s] -- Added test 'lint_cmake' to check CMake code style
[2.393s] -- Added test 'pep257' to check Python code against some of the docstring style conventions in PEP 257
[2.435s] -- Added test 'uncrustify' to check C / C++ code style
[2.435s] -- Configured uncrustify additional arguments: 
[2.441s] -- Added test 'xmllint' to check XML markup files
[2.446s] -- Configuring done
[2.478s] -- Generating done
[2.478s] -- Build files have been written to: /home/mtrn/ros2_ws/src/build/interface
[2.488s] Invoked command in '/home/mtrn/ros2_ws/src/build/interface' returned '0': CMAKE_PREFIX_PATH=${CMAKE_PREFIX_PATH}:/home/mtrn/4231/ws_moveit2/install/moveit_configs_utils:/home/mtrn/4231/ws_moveit2/install/launch_param_builder:/opt/ros/humble /usr/bin/cmake /home/mtrn/ros2_ws/src/interface -DCMAKE_INSTALL_PREFIX=/home/mtrn/ros2_ws/src/install/interface
[2.490s] Invoking command in '/home/mtrn/ros2_ws/src/build/interface': CMAKE_PREFIX_PATH=${CMAKE_PREFIX_PATH}:/home/mtrn/4231/ws_moveit2/install/moveit_configs_utils:/home/mtrn/4231/ws_moveit2/install/launch_param_builder:/opt/ros/humble /usr/bin/cmake --build /home/mtrn/ros2_ws/src/build/interface -- -j4 -l4
[2.542s] [  3%] [34m[1mGenerating C code for ROS interfaces[0m
[2.557s] [  6%] [34m[1mGenerating C++ code for ROS interfaces[0m
[2.570s] [  6%] Built target ament_cmake_python_copy_interface
[2.825s] [  6%] Built target interface__cpp
[2.826s] [  9%] [32mBuilding C object CMakeFiles/interface__rosidl_generator_c.dir/rosidl_generator_c/interface/msg/detail/marker_data__functions.c.o[0m
[2.832s] running egg_info
[2.832s] creating interface.egg-info
[2.833s] writing interface.egg-info/PKG-INFO
[2.833s] writing dependency_links to interface.egg-info/dependency_links.txt
[2.833s] writing top-level names to interface.egg-info/top_level.txt
[2.833s] writing manifest file 'interface.egg-info/SOURCES.txt'
[2.835s] reading manifest file 'interface.egg-info/SOURCES.txt'
[2.837s] writing manifest file 'interface.egg-info/SOURCES.txt'
[2.841s] [ 12%] [34m[1mGenerating C++ type support dispatch for ROS interfaces[0m
[2.844s] [ 16%] [34m[1mGenerating C++ type support for eProsima Fast-RTPS[0m
[2.872s] [ 16%] Built target ament_cmake_python_build_interface_egg
[2.888s] [ 19%] [34m[1mGenerating C++ introspection for ROS interfaces[0m
[2.940s] [ 22%] [32m[1mLinking C shared library libinterface__rosidl_generator_c.so[0m
[2.994s] [ 22%] Built target interface__rosidl_generator_c
[3.008s] [ 25%] [34m[1mGenerating C type support for eProsima Fast-RTPS[0m
[3.101s] [ 29%] [32mBuilding CXX object CMakeFiles/interface__rosidl_typesupport_cpp.dir/rosidl_typesupport_cpp/interface/msg/marker_data__type_support.cpp.o[0m
[3.114s] [ 32%] [32mBuilding CXX object CMakeFiles/interface__rosidl_typesupport_fastrtps_cpp.dir/rosidl_typesupport_fastrtps_cpp/interface/msg/detail/dds_fastrtps/marker_data__type_support.cpp.o[0m
[3.178s] [ 35%] [32mBuilding CXX object CMakeFiles/interface__rosidl_typesupport_introspection_cpp.dir/rosidl_typesupport_introspection_cpp/interface/msg/detail/marker_data__type_support.cpp.o[0m
[3.296s] [ 38%] [32mBuilding CXX object CMakeFiles/interface__rosidl_typesupport_fastrtps_c.dir/rosidl_typesupport_fastrtps_c/interface/msg/detail/marker_data__type_support_c.cpp.o[0m
[3.460s] [ 41%] [32m[1mLinking CXX shared library libinterface__rosidl_typesupport_cpp.so[0m
[3.513s] [ 41%] Built target interface__rosidl_typesupport_cpp
[3.529s] [ 45%] [34m[1mGenerating C introspection for ROS interfaces[0m
[3.634s] [ 48%] [32m[1mLinking CXX shared library libinterface__rosidl_typesupport_introspection_cpp.so[0m
[3.645s] [ 51%] [32m[1mLinking CXX shared library libinterface__rosidl_typesupport_fastrtps_cpp.so[0m
[3.658s] [ 54%] [32m[1mLinking CXX shared library libinterface__rosidl_typesupport_fastrtps_c.so[0m
[3.740s] [ 54%] Built target interface__rosidl_typesupport_introspection_cpp
[3.757s] [ 58%] [34m[1mGenerating C type support dispatch for ROS interfaces[0m
[3.757s] [ 58%] Built target interface__rosidl_typesupport_fastrtps_cpp
[3.766s] [ 58%] Built target interface__rosidl_typesupport_fastrtps_c
[3.799s] [ 61%] [32mBuilding C object CMakeFiles/interface__rosidl_typesupport_introspection_c.dir/rosidl_typesupport_introspection_c/interface/msg/detail/marker_data__type_support.c.o[0m
[3.838s] [ 64%] [32m[1mLinking C shared library libinterface__rosidl_typesupport_introspection_c.so[0m
[3.880s] [ 64%] Built target interface__rosidl_typesupport_introspection_c
[3.983s] [ 67%] [32mBuilding CXX object CMakeFiles/interface__rosidl_typesupport_c.dir/rosidl_typesupport_c/interface/msg/marker_data__type_support.cpp.o[0m
[4.018s] [ 70%] [32m[1mLinking CXX shared library libinterface__rosidl_typesupport_c.so[0m
[4.065s] [ 70%] Built target interface__rosidl_typesupport_c
[4.093s] [ 70%] Built target interface
[4.120s] [ 74%] [34m[1mGenerating Python code for ROS interfaces[0m
[4.424s] [ 74%] Built target interface__py
[4.454s] [ 77%] [32mBuilding C object CMakeFiles/interface__rosidl_generator_py.dir/rosidl_generator_py/interface/msg/_marker_data_s.c.o[0m
[4.613s] [ 80%] [32m[1mLinking C shared library rosidl_generator_py/interface/libinterface__rosidl_generator_py.so[0m
[4.659s] [ 80%] Built target interface__rosidl_generator_py
[4.689s] [ 83%] [32mBuilding C object CMakeFiles/interface__rosidl_typesupport_introspection_c__pyext.dir/rosidl_generator_py/interface/_interface_s.ep.rosidl_typesupport_introspection_c.c.o[0m
[4.689s] [ 87%] [32mBuilding C object CMakeFiles/interface__rosidl_typesupport_c__pyext.dir/rosidl_generator_py/interface/_interface_s.ep.rosidl_typesupport_c.c.o[0m
[4.692s] [ 90%] [32mBuilding C object CMakeFiles/interface__rosidl_typesupport_fastrtps_c__pyext.dir/rosidl_generator_py/interface/_interface_s.ep.rosidl_typesupport_fastrtps_c.c.o[0m
[4.789s] [ 93%] [32m[1mLinking C shared library rosidl_generator_py/interface/interface_s__rosidl_typesupport_introspection_c.cpython-310-x86_64-linux-gnu.so[0m
[4.790s] [ 96%] [32m[1mLinking C shared library rosidl_generator_py/interface/interface_s__rosidl_typesupport_fastrtps_c.cpython-310-x86_64-linux-gnu.so[0m
[4.795s] [100%] [32m[1mLinking C shared library rosidl_generator_py/interface/interface_s__rosidl_typesupport_c.cpython-310-x86_64-linux-gnu.so[0m
[4.833s] [100%] Built target interface__rosidl_typesupport_introspection_c__pyext
[4.836s] [100%] Built target interface__rosidl_typesupport_fastrtps_c__pyext
[4.840s] [100%] Built target interface__rosidl_typesupport_c__pyext
[4.855s] Invoked command in '/home/mtrn/ros2_ws/src/build/interface' returned '0': CMAKE_PREFIX_PATH=${CMAKE_PREFIX_PATH}:/home/mtrn/4231/ws_moveit2/install/moveit_configs_utils:/home/mtrn/4231/ws_moveit2/install/launch_param_builder:/opt/ros/humble /usr/bin/cmake --build /home/mtrn/ros2_ws/src/build/interface -- -j4 -l4
[4.966s] Invoking command in '/home/mtrn/ros2_ws/src/build/interface': CMAKE_PREFIX_PATH=${CMAKE_PREFIX_PATH}:/home/mtrn/4231/ws_moveit2/install/moveit_configs_utils:/home/mtrn/4231/ws_moveit2/install/launch_param_builder:/opt/ros/humble /usr/bin/cmake --install /home/mtrn/ros2_ws/src/build/interface
[4.977s] -- Install configuration: ""
[4.977s] -- Installing: /home/mtrn/ros2_ws/src/install/interface/share/ament_index/resource_index/rosidl_interfaces/interface
[4.978s] -- Installing: /home/mtrn/ros2_ws/src/install/interface/include/interface/interface
[4.978s] -- Installing: /home/mtrn/ros2_ws/src/install/interface/include/interface/interface/msg
[4.978s] -- Installing: /home/mtrn/ros2_ws/src/install/interface/include/interface/interface/msg/rosidl_generator_c__visibility_control.h
[4.978s] -- Installing: /home/mtrn/ros2_ws/src/install/interface/include/interface/interface/msg/detail
[4.978s] -- Installing: /home/mtrn/ros2_ws/src/install/interface/include/interface/interface/msg/detail/marker_data__functions.c
[4.979s] -- Installing: /home/mtrn/ros2_ws/src/install/interface/include/interface/interface/msg/detail/marker_data__struct.h
[4.979s] -- Installing: /home/mtrn/ros2_ws/src/install/interface/include/interface/interface/msg/detail/marker_data__functions.h
[4.979s] -- Installing: /home/mtrn/ros2_ws/src/install/interface/include/interface/interface/msg/detail/marker_data__type_support.h
[4.979s] -- Installing: /home/mtrn/ros2_ws/src/install/interface/include/interface/interface/msg/marker_data.h
[4.979s] -- Installing: /home/mtrn/ros2_ws/src/install/interface/share/interface/environment/library_path.sh
[4.979s] -- Installing: /home/mtrn/ros2_ws/src/install/interface/share/interface/environment/library_path.dsv
[4.981s] -- Installing: /home/mtrn/ros2_ws/src/install/interface/lib/libinterface__rosidl_generator_c.so
[4.981s] -- Set runtime path of "/home/mtrn/ros2_ws/src/install/interface/lib/libinterface__rosidl_generator_c.so" to ""
[4.981s] -- Up-to-date: /home/mtrn/ros2_ws/src/install/interface/include/interface/interface
[4.981s] -- Up-to-date: /home/mtrn/ros2_ws/src/install/interface/include/interface/interface/msg
[4.981s] -- Installing: /home/mtrn/ros2_ws/src/install/interface/include/interface/interface/msg/rosidl_typesupport_fastrtps_c__visibility_control.h
[4.981s] -- Up-to-date: /home/mtrn/ros2_ws/src/install/interface/include/interface/interface/msg/detail
[4.981s] -- Installing: /home/mtrn/ros2_ws/src/install/interface/include/interface/interface/msg/detail/marker_data__rosidl_typesupport_fastrtps_c.h
[4.981s] -- Installing: /home/mtrn/ros2_ws/src/install/interface/lib/libinterface__rosidl_typesupport_fastrtps_c.so
[4.981s] -- Set runtime path of "/home/mtrn/ros2_ws/src/install/interface/lib/libinterface__rosidl_typesupport_fastrtps_c.so" to ""
[4.982s] -- Up-to-date: /home/mtrn/ros2_ws/src/install/interface/include/interface/interface
[4.982s] -- Up-to-date: /home/mtrn/ros2_ws/src/install/interface/include/interface/interface/msg
[4.982s] -- Installing: /home/mtrn/ros2_ws/src/install/interface/include/interface/interface/msg/marker_data.hpp
[4.982s] -- Up-to-date: /home/mtrn/ros2_ws/src/install/interface/include/interface/interface/msg/detail
[4.982s] -- Installing: /home/mtrn/ros2_ws/src/install/interface/include/interface/interface/msg/detail/marker_data__builder.hpp
[4.982s] -- Installing: /home/mtrn/ros2_ws/src/install/interface/include/interface/interface/msg/detail/marker_data__traits.hpp
[4.982s] -- Installing: /home/mtrn/ros2_ws/src/install/interface/include/interface/interface/msg/detail/marker_data__struct.hpp
[4.982s] -- Up-to-date: /home/mtrn/ros2_ws/src/install/interface/include/interface/interface
[4.982s] -- Up-to-date: /home/mtrn/ros2_ws/src/install/interface/include/interface/interface/msg
[4.982s] -- Up-to-date: /home/mtrn/ros2_ws/src/install/interface/include/interface/interface/msg/detail
[4.982s] -- Installing: /home/mtrn/ros2_ws/src/install/interface/include/interface/interface/msg/detail/marker_data__rosidl_typesupport_fastrtps_cpp.hpp
[4.982s] -- Installing: /home/mtrn/ros2_ws/src/install/interface/include/interface/interface/msg/detail/dds_fastrtps
[4.982s] -- Installing: /home/mtrn/ros2_ws/src/install/interface/include/interface/interface/msg/rosidl_typesupport_fastrtps_cpp__visibility_control.h
[4.982s] -- Installing: /home/mtrn/ros2_ws/src/install/interface/lib/libinterface__rosidl_typesupport_fastrtps_cpp.so
[4.982s] -- Set runtime path of "/home/mtrn/ros2_ws/src/install/interface/lib/libinterface__rosidl_typesupport_fastrtps_cpp.so" to ""
[4.982s] -- Up-to-date: /home/mtrn/ros2_ws/src/install/interface/include/interface/interface
[4.982s] -- Up-to-date: /home/mtrn/ros2_ws/src/install/interface/include/interface/interface/msg
[4.983s] -- Installing: /home/mtrn/ros2_ws/src/install/interface/include/interface/interface/msg/rosidl_typesupport_introspection_c__visibility_control.h
[4.983s] -- Up-to-date: /home/mtrn/ros2_ws/src/install/interface/include/interface/interface/msg/detail
[4.983s] -- Installing: /home/mtrn/ros2_ws/src/install/interface/include/interface/interface/msg/detail/marker_data__rosidl_typesupport_introspection_c.h
[4.983s] -- Installing: /home/mtrn/ros2_ws/src/install/interface/include/interface/interface/msg/detail/marker_data__type_support.c
[4.983s] -- Installing: /home/mtrn/ros2_ws/src/install/interface/lib/libinterface__rosidl_typesupport_introspection_c.so
[4.983s] -- Set runtime path of "/home/mtrn/ros2_ws/src/install/interface/lib/libinterface__rosidl_typesupport_introspection_c.so" to ""
[4.983s] -- Installing: /home/mtrn/ros2_ws/src/install/interface/lib/libinterface__rosidl_typesupport_c.so
[4.983s] -- Set runtime path of "/home/mtrn/ros2_ws/src/install/interface/lib/libinterface__rosidl_typesupport_c.so" to ""
[4.984s] -- Up-to-date: /home/mtrn/ros2_ws/src/install/interface/include/interface/interface
[4.984s] -- Up-to-date: /home/mtrn/ros2_ws/src/install/interface/include/interface/interface/msg
[4.984s] -- Up-to-date: /home/mtrn/ros2_ws/src/install/interface/include/interface/interface/msg/detail
[4.984s] -- Installing: /home/mtrn/ros2_ws/src/install/interface/include/interface/interface/msg/detail/marker_data__type_support.cpp
[4.984s] -- Installing: /home/mtrn/ros2_ws/src/install/interface/include/interface/interface/msg/detail/marker_data__rosidl_typesupport_introspection_cpp.hpp
[4.984s] -- Installing: /home/mtrn/ros2_ws/src/install/interface/lib/libinterface__rosidl_typesupport_introspection_cpp.so
[4.984s] -- Set runtime path of "/home/mtrn/ros2_ws/src/install/interface/lib/libinterface__rosidl_typesupport_introspection_cpp.so" to ""
[4.984s] -- Installing: /home/mtrn/ros2_ws/src/install/interface/lib/libinterface__rosidl_typesupport_cpp.so
[4.984s] -- Set runtime path of "/home/mtrn/ros2_ws/src/install/interface/lib/libinterface__rosidl_typesupport_cpp.so" to ""
[4.984s] -- Installing: /home/mtrn/ros2_ws/src/install/interface/share/interface/environment/pythonpath.sh
[4.984s] -- Installing: /home/mtrn/ros2_ws/src/install/interface/share/interface/environment/pythonpath.dsv
[4.985s] -- Installing: /home/mtrn/ros2_ws/src/install/interface/local/lib/python3.10/dist-packages/interface-0.0.0-py3.10.egg-info
[4.985s] -- Installing: /home/mtrn/ros2_ws/src/install/interface/local/lib/python3.10/dist-packages/interface-0.0.0-py3.10.egg-info/top_level.txt
[4.985s] -- Installing: /home/mtrn/ros2_ws/src/install/interface/local/lib/python3.10/dist-packages/interface-0.0.0-py3.10.egg-info/SOURCES.txt
[4.985s] -- Installing: /home/mtrn/ros2_ws/src/install/interface/local/lib/python3.10/dist-packages/interface-0.0.0-py3.10.egg-info/PKG-INFO
[4.985s] -- Installing: /home/mtrn/ros2_ws/src/install/interface/local/lib/python3.10/dist-packages/interface-0.0.0-py3.10.egg-info/dependency_links.txt
[4.985s] -- Installing: /home/mtrn/ros2_ws/src/install/interface/local/lib/python3.10/dist-packages/interface
[4.985s] -- Installing: /home/mtrn/ros2_ws/src/install/interface/local/lib/python3.10/dist-packages/interface/interface_s__rosidl_typesupport_introspection_c.cpython-310-x86_64-linux-gnu.so
[4.985s] -- Installing: /home/mtrn/ros2_ws/src/install/interface/local/lib/python3.10/dist-packages/interface/_interface_s.ep.rosidl_typesupport_introspection_c.c
[4.985s] -- Installing: /home/mtrn/ros2_ws/src/install/interface/local/lib/python3.10/dist-packages/interface/interface_s__rosidl_typesupport_fastrtps_c.cpython-310-x86_64-linux-gnu.so
[4.985s] -- Installing: /home/mtrn/ros2_ws/src/install/interface/local/lib/python3.10/dist-packages/interface/_interface_s.ep.rosidl_typesupport_c.c
[4.985s] -- Installing: /home/mtrn/ros2_ws/src/install/interface/local/lib/python3.10/dist-packages/interface/_interface_s.ep.rosidl_typesupport_fastrtps_c.c
[4.985s] -- Installing: /home/mtrn/ros2_ws/src/install/interface/local/lib/python3.10/dist-packages/interface/interface_s__rosidl_typesupport_c.cpython-310-x86_64-linux-gnu.so
[4.985s] -- Installing: /home/mtrn/ros2_ws/src/install/interface/local/lib/python3.10/dist-packages/interface/libinterface__rosidl_generator_py.so
[4.985s] -- Installing: /home/mtrn/ros2_ws/src/install/interface/local/lib/python3.10/dist-packages/interface/msg
[4.985s] -- Installing: /home/mtrn/ros2_ws/src/install/interface/local/lib/python3.10/dist-packages/interface/msg/_marker_data_s.c
[4.985s] -- Installing: /home/mtrn/ros2_ws/src/install/interface/local/lib/python3.10/dist-packages/interface/msg/__init__.py
[4.985s] -- Installing: /home/mtrn/ros2_ws/src/install/interface/local/lib/python3.10/dist-packages/interface/msg/_marker_data.py
[4.985s] -- Installing: /home/mtrn/ros2_ws/src/install/interface/local/lib/python3.10/dist-packages/interface/__init__.py
[5.019s] Listing '/home/mtrn/ros2_ws/src/install/interface/local/lib/python3.10/dist-packages/interface'...
[5.019s] Compiling '/home/mtrn/ros2_ws/src/install/interface/local/lib/python3.10/dist-packages/interface/__init__.py'...
[5.019s] Listing '/home/mtrn/ros2_ws/src/install/interface/local/lib/python3.10/dist-packages/interface/msg'...
[5.019s] Compiling '/home/mtrn/ros2_ws/src/install/interface/local/lib/python3.10/dist-packages/interface/msg/__init__.py'...
[5.019s] Compiling '/home/mtrn/ros2_ws/src/install/interface/local/lib/python3.10/dist-packages/interface/msg/_marker_data.py'...
[5.024s] -- Installing: /home/mtrn/ros2_ws/src/install/interface/local/lib/python3.10/dist-packages/interface/interface_s__rosidl_typesupport_fastrtps_c.cpython-310-x86_64-linux-gnu.so
[5.024s] -- Set runtime path of "/home/mtrn/ros2_ws/src/install/interface/local/lib/python3.10/dist-packages/interface/interface_s__rosidl_typesupport_fastrtps_c.cpython-310-x86_64-linux-gnu.so" to ""
[5.024s] -- Installing: /home/mtrn/ros2_ws/src/install/interface/local/lib/python3.10/dist-packages/interface/interface_s__rosidl_typesupport_introspection_c.cpython-310-x86_64-linux-gnu.so
[5.024s] -- Set runtime path of "/home/mtrn/ros2_ws/src/install/interface/local/lib/python3.10/dist-packages/interface/interface_s__rosidl_typesupport_introspection_c.cpython-310-x86_64-linux-gnu.so" to ""
[5.024s] -- Installing: /home/mtrn/ros2_ws/src/install/interface/local/lib/python3.10/dist-packages/interface/interface_s__rosidl_typesupport_c.cpython-310-x86_64-linux-gnu.so
[5.025s] -- Set runtime path of "/home/mtrn/ros2_ws/src/install/interface/local/lib/python3.10/dist-packages/interface/interface_s__rosidl_typesupport_c.cpython-310-x86_64-linux-gnu.so" to ""
[5.025s] -- Installing: /home/mtrn/ros2_ws/src/install/interface/lib/libinterface__rosidl_generator_py.so
[5.025s] -- Set runtime path of "/home/mtrn/ros2_ws/src/install/interface/lib/libinterface__rosidl_generator_py.so" to ""
[5.025s] -- Installing: /home/mtrn/ros2_ws/src/install/interface/share/interface/msg/MarkerData.idl
[5.025s] -- Installing: /home/mtrn/ros2_ws/src/install/interface/share/interface/msg/MarkerData.msg
[5.026s] -- Installing: /home/mtrn/ros2_ws/src/install/interface/share/ament_index/resource_index/package_run_dependencies/interface
[5.027s] -- Installing: /home/mtrn/ros2_ws/src/install/interface/share/ament_index/resource_index/parent_prefix_path/interface
[5.027s] -- Installing: /home/mtrn/ros2_ws/src/install/interface/share/interface/environment/ament_prefix_path.sh
[5.028s] -- Installing: /home/mtrn/ros2_ws/src/install/interface/share/interface/environment/ament_prefix_path.dsv
[5.028s] -- Installing: /home/mtrn/ros2_ws/src/install/interface/share/interface/environment/path.sh
[5.028s] -- Installing: /home/mtrn/ros2_ws/src/install/interface/share/interface/environment/path.dsv
[5.028s] -- Installing: /home/mtrn/ros2_ws/src/install/interface/share/interface/local_setup.bash
[5.028s] -- Installing: /home/mtrn/ros2_ws/src/install/interface/share/interface/local_setup.sh
[5.028s] -- Installing: /home/mtrn/ros2_ws/src/install/interface/share/interface/local_setup.zsh
[5.028s] -- Installing: /home/mtrn/ros2_ws/src/install/interface/share/interface/local_setup.dsv
[5.028s] -- Installing: /home/mtrn/ros2_ws/src/install/interface/share/interface/package.dsv
[5.028s] -- Installing: /home/mtrn/ros2_ws/src/install/interface/share/ament_index/resource_index/packages/interface
[5.028s] -- Installing: /home/mtrn/ros2_ws/src/install/interface/share/interface/cmake/export_interface__rosidl_generator_cExport.cmake
[5.028s] -- Installing: /home/mtrn/ros2_ws/src/install/interface/share/interface/cmake/export_interface__rosidl_generator_cExport-noconfig.cmake
[5.028s] -- Installing: /home/mtrn/ros2_ws/src/install/interface/share/interface/cmake/export_interface__rosidl_typesupport_fastrtps_cExport.cmake
[5.028s] -- Installing: /home/mtrn/ros2_ws/src/install/interface/share/interface/cmake/export_interface__rosidl_typesupport_fastrtps_cExport-noconfig.cmake
[5.028s] -- Installing: /home/mtrn/ros2_ws/src/install/interface/share/interface/cmake/export_interface__rosidl_generator_cppExport.cmake
[5.028s] -- Installing: /home/mtrn/ros2_ws/src/install/interface/share/interface/cmake/export_interface__rosidl_typesupport_fastrtps_cppExport.cmake
[5.028s] -- Installing: /home/mtrn/ros2_ws/src/install/interface/share/interface/cmake/export_interface__rosidl_typesupport_fastrtps_cppExport-noconfig.cmake
[5.028s] -- Installing: /home/mtrn/ros2_ws/src/install/interface/share/interface/cmake/interface__rosidl_typesupport_introspection_cExport.cmake
[5.029s] -- Installing: /home/mtrn/ros2_ws/src/install/interface/share/interface/cmake/interface__rosidl_typesupport_introspection_cExport-noconfig.cmake
[5.029s] -- Installing: /home/mtrn/ros2_ws/src/install/interface/share/interface/cmake/interface__rosidl_typesupport_cExport.cmake
[5.029s] -- Installing: /home/mtrn/ros2_ws/src/install/interface/share/interface/cmake/interface__rosidl_typesupport_cExport-noconfig.cmake
[5.029s] -- Installing: /home/mtrn/ros2_ws/src/install/interface/share/interface/cmake/interface__rosidl_typesupport_introspection_cppExport.cmake
[5.029s] -- Installing: /home/mtrn/ros2_ws/src/install/interface/share/interface/cmake/interface__rosidl_typesupport_introspection_cppExport-noconfig.cmake
[5.029s] -- Installing: /home/mtrn/ros2_ws/src/install/interface/share/interface/cmake/interface__rosidl_typesupport_cppExport.cmake
[5.029s] -- Installing: /home/mtrn/ros2_ws/src/install/interface/share/interface/cmake/interface__rosidl_typesupport_cppExport-noconfig.cmake
[5.029s] -- Installing: /home/mtrn/ros2_ws/src/install/interface/share/interface/cmake/export_interface__rosidl_generator_pyExport.cmake
[5.029s] -- Installing: /home/mtrn/ros2_ws/src/install/interface/share/interface/cmake/export_interface__rosidl_generator_pyExport-noconfig.cmake
[5.029s] -- Installing: /home/mtrn/ros2_ws/src/install/interface/share/interface/cmake/rosidl_cmake-extras.cmake
[5.029s] -- Installing: /home/mtrn/ros2_ws/src/install/interface/share/interface/cmake/ament_cmake_export_dependencies-extras.cmake
[5.029s] -- Installing: /home/mtrn/ros2_ws/src/install/interface/share/interface/cmake/ament_cmake_export_include_directories-extras.cmake
[5.029s] -- Installing: /home/mtrn/ros2_ws/src/install/interface/share/interface/cmake/ament_cmake_export_libraries-extras.cmake
[5.029s] -- Installing: /home/mtrn/ros2_ws/src/install/interface/share/interface/cmake/ament_cmake_export_targets-extras.cmake
[5.030s] -- Installing: /home/mtrn/ros2_ws/src/install/interface/share/interface/cmake/rosidl_cmake_export_typesupport_targets-extras.cmake
[5.030s] -- Installing: /home/mtrn/ros2_ws/src/install/interface/share/interface/cmake/rosidl_cmake_export_typesupport_libraries-extras.cmake
[5.030s] -- Installing: /home/mtrn/ros2_ws/src/install/interface/share/interface/cmake/interfaceConfig.cmake
[5.030s] -- Installing: /home/mtrn/ros2_ws/src/install/interface/share/interface/cmake/interfaceConfig-version.cmake
[5.031s] -- Installing: /home/mtrn/ros2_ws/src/install/interface/share/interface/package.xml
[5.034s] Invoked command in '/home/mtrn/ros2_ws/src/build/interface' returned '0': CMAKE_PREFIX_PATH=${CMAKE_PREFIX_PATH}:/home/mtrn/4231/ws_moveit2/install/moveit_configs_utils:/home/mtrn/4231/ws_moveit2/install/launch_param_builder:/opt/ros/humble /usr/bin/cmake --install /home/mtrn/ros2_ws/src/build/interface
