[0.886s] Invoking command in '/home/mtrn/ros2_ws/src/blue_detector': PYTHONPATH=/home/mtrn/ros2_ws/build/blue_detector/prefix_override:/home/mtrn/ros2_ws/install/blue_detector/lib/python3.10/site-packages:${PYTHONPATH} /usr/bin/python3 setup.py egg_info --egg-base ../../build/blue_detector build --build-base /home/mtrn/ros2_ws/build/blue_detector/build install --record /home/mtrn/ros2_ws/build/blue_detector/install.log --single-version-externally-managed
[1.149s] running egg_info
[1.151s] writing ../../build/blue_detector/blue_detector.egg-info/PKG-INFO
[1.151s] writing dependency_links to ../../build/blue_detector/blue_detector.egg-info/dependency_links.txt
[1.151s] writing entry points to ../../build/blue_detector/blue_detector.egg-info/entry_points.txt
[1.151s] writing requirements to ../../build/blue_detector/blue_detector.egg-info/requires.txt
[1.151s] writing top-level names to ../../build/blue_detector/blue_detector.egg-info/top_level.txt
[1.153s] reading manifest file '../../build/blue_detector/blue_detector.egg-info/SOURCES.txt'
[1.154s] writing manifest file '../../build/blue_detector/blue_detector.egg-info/SOURCES.txt'
[1.154s] running build
[1.154s] running build_py
[1.154s] copying blue_detector/ros2node.py -> /home/mtrn/ros2_ws/build/blue_detector/build/lib/blue_detector
[1.154s] running install
[1.154s] /usr/lib/python3/dist-packages/setuptools/command/install.py:34: SetuptoolsDeprecationWarning: setup.py install is deprecated. Use build and pip and other standards-based tools.
[1.154s]   warnings.warn(
[1.154s] running install_lib
[1.155s] copying /home/mtrn/ros2_ws/build/blue_detector/build/lib/blue_detector/ros2node.py -> /home/mtrn/ros2_ws/install/blue_detector/lib/python3.10/site-packages/blue_detector
[1.157s] byte-compiling /home/mtrn/ros2_ws/install/blue_detector/lib/python3.10/site-packages/blue_detector/ros2node.py to ros2node.cpython-310.pyc
[1.157s] running install_data
[1.158s] running install_egg_info
[1.172s] removing '/home/mtrn/ros2_ws/install/blue_detector/lib/python3.10/site-packages/blue_detector-0.0.0-py3.10.egg-info' (and everything under it)
[1.172s] Copying ../../build/blue_detector/blue_detector.egg-info to /home/mtrn/ros2_ws/install/blue_detector/lib/python3.10/site-packages/blue_detector-0.0.0-py3.10.egg-info
[1.173s] running install_scripts
[1.199s] Installing blue_detector_node script to /home/mtrn/ros2_ws/install/blue_detector/lib/blue_detector
[1.199s] Installing image_publisher_node script to /home/mtrn/ros2_ws/install/blue_detector/lib/blue_detector
[1.199s] writing list of installed files to '/home/mtrn/ros2_ws/build/blue_detector/install.log'
[1.220s] Invoked command in '/home/mtrn/ros2_ws/src/blue_detector' returned '0': PYTHONPATH=/home/mtrn/ros2_ws/build/blue_detector/prefix_override:/home/mtrn/ros2_ws/install/blue_detector/lib/python3.10/site-packages:${PYTHONPATH} /usr/bin/python3 setup.py egg_info --egg-base ../../build/blue_detector build --build-base /home/mtrn/ros2_ws/build/blue_detector/build install --record /home/mtrn/ros2_ws/build/blue_detector/install.log --single-version-externally-managed
