[0.408s] DEBUG:colcon:Command line arguments: ['/usr/bin/colcon', 'build']
[0.408s] DEBUG:colcon:Parsed command line arguments: Namespace(log_base=None, log_level=None, verb_name='build', build_base='build', install_base='install', merge_install=False, symlink_install=False, test_result_base=None, continue_on_error=False, executor='parallel', parallel_workers=4, event_handlers=None, ignore_user_meta=False, metas=['./colcon.meta'], base_paths=['.'], packages_ignore=None, packages_ignore_regex=None, paths=None, packages_up_to=None, packages_up_to_regex=None, packages_above=None, packages_above_and_dependencies=None, packages_above_depth=None, packages_select_by_dep=None, packages_skip_by_dep=None, packages_skip_up_to=None, packages_select_build_failed=False, packages_skip_build_finished=False, packages_select_test_failures=False, packages_skip_test_passed=False, packages_select=None, packages_skip=None, packages_select_regex=None, packages_skip_regex=None, packages_start=None, packages_end=None, allow_overriding=[], cmake_args=None, cmake_target=None, cmake_target_skip_unavailable=False, cmake_clean_cache=False, cmake_clean_first=False, cmake_force_configure=False, ament_cmake_args=None, catkin_cmake_args=None, catkin_skip_building_tests=False, mixin_files=None, mixin=None, verb_parser=<colcon_mixin.mixin.mixin_argument.MixinArgumentDecorator object at 0x7e2c153c56c0>, verb_extension=<colcon_core.verb.build.BuildVerb object at 0x7e2c15463850>, main=<bound method BuildVerb.main of <colcon_core.verb.build.BuildVerb object at 0x7e2c15463850>>, mixin_verb=('build',))
[0.438s] Level 1:colcon.colcon_core.package_discovery:discover_packages(colcon_meta) check parameters
[0.438s] Level 1:colcon.colcon_core.package_discovery:discover_packages(recursive) check parameters
[0.438s] Level 1:colcon.colcon_core.package_discovery:discover_packages(ignore) check parameters
[0.438s] Level 1:colcon.colcon_core.package_discovery:discover_packages(path) check parameters
[0.438s] Level 1:colcon.colcon_core.package_discovery:discover_packages(colcon_meta) discover
[0.438s] Level 1:colcon.colcon_core.package_discovery:discover_packages(recursive) discover
[0.438s] INFO:colcon.colcon_core.package_discovery:Crawling recursively for packages in '/home/mtrn/ros2_ws/src'
[0.438s] Level 1:colcon.colcon_core.package_identification:_identify(.) by extensions ['ignore', 'ignore_ament_install']
[0.439s] Level 1:colcon.colcon_core.package_identification:_identify(.) by extension 'ignore'
[0.439s] Level 1:colcon.colcon_core.package_identification:_identify(.) by extension 'ignore_ament_install'
[0.439s] Level 1:colcon.colcon_core.package_identification:_identify(.) by extensions ['colcon_pkg']
[0.439s] Level 1:colcon.colcon_core.package_identification:_identify(.) by extension 'colcon_pkg'
[0.439s] Level 1:colcon.colcon_core.package_identification:_identify(.) by extensions ['colcon_meta']
[0.439s] Level 1:colcon.colcon_core.package_identification:_identify(.) by extension 'colcon_meta'
[0.439s] Level 1:colcon.colcon_core.package_identification:_identify(.) by extensions ['ros']
[0.439s] Level 1:colcon.colcon_core.package_identification:_identify(.) by extension 'ros'
[0.448s] Level 1:colcon.colcon_core.package_identification:_identify(.) by extensions ['cmake', 'python']
[0.448s] Level 1:colcon.colcon_core.package_identification:_identify(.) by extension 'cmake'
[0.449s] Level 1:colcon.colcon_core.package_identification:_identify(.) by extension 'python'
[0.449s] Level 1:colcon.colcon_core.package_identification:_identify(.) by extensions ['python_setup_py']
[0.449s] Level 1:colcon.colcon_core.package_identification:_identify(.) by extension 'python_setup_py'
[0.449s] Level 1:colcon.colcon_core.package_identification:_identify(blue_detector) by extensions ['ignore', 'ignore_ament_install']
[0.449s] Level 1:colcon.colcon_core.package_identification:_identify(blue_detector) by extension 'ignore'
[0.449s] Level 1:colcon.colcon_core.package_identification:_identify(blue_detector) by extension 'ignore_ament_install'
[0.449s] Level 1:colcon.colcon_core.package_identification:_identify(blue_detector) by extensions ['colcon_pkg']
[0.449s] Level 1:colcon.colcon_core.package_identification:_identify(blue_detector) by extension 'colcon_pkg'
[0.449s] Level 1:colcon.colcon_core.package_identification:_identify(blue_detector) by extensions ['colcon_meta']
[0.449s] Level 1:colcon.colcon_core.package_identification:_identify(blue_detector) by extension 'colcon_meta'
[0.449s] Level 1:colcon.colcon_core.package_identification:_identify(blue_detector) by extensions ['ros']
[0.449s] Level 1:colcon.colcon_core.package_identification:_identify(blue_detector) by extension 'ros'
[0.456s] DEBUG:colcon.colcon_core.package_identification:Package 'blue_detector' with type 'ros.ament_python' and name 'blue_detector'
[0.456s] Level 1:colcon.colcon_core.package_identification:_identify(blue_detector_msgs) by extensions ['ignore', 'ignore_ament_install']
[0.456s] Level 1:colcon.colcon_core.package_identification:_identify(blue_detector_msgs) by extension 'ignore'
[0.456s] Level 1:colcon.colcon_core.package_identification:_identify(blue_detector_msgs) by extension 'ignore_ament_install'
[0.456s] Level 1:colcon.colcon_core.package_identification:_identify(blue_detector_msgs) by extensions ['colcon_pkg']
[0.456s] Level 1:colcon.colcon_core.package_identification:_identify(blue_detector_msgs) by extension 'colcon_pkg'
[0.456s] Level 1:colcon.colcon_core.package_identification:_identify(blue_detector_msgs) by extensions ['colcon_meta']
[0.457s] Level 1:colcon.colcon_core.package_identification:_identify(blue_detector_msgs) by extension 'colcon_meta'
[0.457s] Level 1:colcon.colcon_core.package_identification:_identify(blue_detector_msgs) by extensions ['ros']
[0.457s] Level 1:colcon.colcon_core.package_identification:_identify(blue_detector_msgs) by extension 'ros'
[0.457s] DEBUG:colcon.colcon_core.package_identification:Package 'blue_detector_msgs' with type 'ros.catkin' and name 'blue_detector_msgs'
[0.457s] Level 1:colcon.colcon_core.package_identification:_identify(build) by extensions ['ignore', 'ignore_ament_install']
[0.457s] Level 1:colcon.colcon_core.package_identification:_identify(build) by extension 'ignore'
[0.457s] Level 1:colcon.colcon_core.package_identification:_identify(build) ignored
[0.457s] Level 1:colcon.colcon_core.package_identification:_identify(install) by extensions ['ignore', 'ignore_ament_install']
[0.458s] Level 1:colcon.colcon_core.package_identification:_identify(install) by extension 'ignore'
[0.458s] Level 1:colcon.colcon_core.package_identification:_identify(install) ignored
[0.458s] Level 1:colcon.colcon_core.package_identification:_identify(log) by extensions ['ignore', 'ignore_ament_install']
[0.458s] Level 1:colcon.colcon_core.package_identification:_identify(log) by extension 'ignore'
[0.458s] Level 1:colcon.colcon_core.package_identification:_identify(log) ignored
[0.458s] Level 1:colcon.colcon_core.package_discovery:discover_packages(recursive) using defaults
[0.458s] Level 1:colcon.colcon_core.package_discovery:discover_packages(ignore) discover
[0.458s] Level 1:colcon.colcon_core.package_discovery:discover_packages(ignore) using defaults
[0.458s] Level 1:colcon.colcon_core.package_discovery:discover_packages(path) discover
[0.458s] Level 1:colcon.colcon_core.package_discovery:discover_packages(path) using defaults
[0.516s] Level 1:colcon.colcon_core.package_discovery:discover_packages(prefix_path) check parameters
[0.516s] Level 1:colcon.colcon_core.package_discovery:discover_packages(prefix_path) discover
[0.521s] DEBUG:colcon.colcon_installed_package_information.package_discovery:Found 1 installed packages in /home/mtrn/ros2_ws/src/blue_detector_msgs/install
[0.523s] DEBUG:colcon.colcon_installed_package_information.package_discovery:Found 7 installed packages in /home/mtrn/4231/ros_ur_driver/install
[0.525s] DEBUG:colcon.colcon_installed_package_information.package_discovery:Found 55 installed packages in /home/mtrn/4231/ws_moveit2/install
[0.528s] DEBUG:colcon.colcon_installed_package_information.package_discovery:Found 345 installed packages in /opt/ros/humble
[0.530s] Level 1:colcon.colcon_core.package_discovery:discover_packages(prefix_path) using defaults
[0.602s] Level 5:colcon.colcon_core.verb:set package 'blue_detector_msgs' build argument 'cmake_args' from command line to 'None'
[0.602s] Level 5:colcon.colcon_core.verb:set package 'blue_detector_msgs' build argument 'cmake_target' from command line to 'None'
[0.602s] Level 5:colcon.colcon_core.verb:set package 'blue_detector_msgs' build argument 'cmake_target_skip_unavailable' from command line to 'False'
[0.602s] Level 5:colcon.colcon_core.verb:set package 'blue_detector_msgs' build argument 'cmake_clean_cache' from command line to 'False'
[0.602s] Level 5:colcon.colcon_core.verb:set package 'blue_detector_msgs' build argument 'cmake_clean_first' from command line to 'False'
[0.602s] Level 5:colcon.colcon_core.verb:set package 'blue_detector_msgs' build argument 'cmake_force_configure' from command line to 'False'
[0.602s] Level 5:colcon.colcon_core.verb:set package 'blue_detector_msgs' build argument 'ament_cmake_args' from command line to 'None'
[0.602s] Level 5:colcon.colcon_core.verb:set package 'blue_detector_msgs' build argument 'catkin_cmake_args' from command line to 'None'
[0.602s] Level 5:colcon.colcon_core.verb:set package 'blue_detector_msgs' build argument 'catkin_skip_building_tests' from command line to 'False'
[0.602s] DEBUG:colcon.colcon_core.verb:Building package 'blue_detector_msgs' with the following arguments: {'ament_cmake_args': None, 'build_base': '/home/mtrn/ros2_ws/src/build/blue_detector_msgs', 'catkin_cmake_args': None, 'catkin_skip_building_tests': False, 'cmake_args': None, 'cmake_clean_cache': False, 'cmake_clean_first': False, 'cmake_force_configure': False, 'cmake_target': None, 'cmake_target_skip_unavailable': False, 'install_base': '/home/mtrn/ros2_ws/src/install/blue_detector_msgs', 'merge_install': False, 'path': '/home/mtrn/ros2_ws/src/blue_detector_msgs', 'symlink_install': False, 'test_result_base': None}
[0.604s] Level 5:colcon.colcon_core.verb:set package 'blue_detector' build argument 'cmake_args' from command line to 'None'
[0.604s] Level 5:colcon.colcon_core.verb:set package 'blue_detector' build argument 'cmake_target' from command line to 'None'
[0.604s] Level 5:colcon.colcon_core.verb:set package 'blue_detector' build argument 'cmake_target_skip_unavailable' from command line to 'False'
[0.604s] Level 5:colcon.colcon_core.verb:set package 'blue_detector' build argument 'cmake_clean_cache' from command line to 'False'
[0.604s] Level 5:colcon.colcon_core.verb:set package 'blue_detector' build argument 'cmake_clean_first' from command line to 'False'
[0.604s] Level 5:colcon.colcon_core.verb:set package 'blue_detector' build argument 'cmake_force_configure' from command line to 'False'
[0.604s] Level 5:colcon.colcon_core.verb:set package 'blue_detector' build argument 'ament_cmake_args' from command line to 'None'
[0.604s] Level 5:colcon.colcon_core.verb:set package 'blue_detector' build argument 'catkin_cmake_args' from command line to 'None'
[0.604s] Level 5:colcon.colcon_core.verb:set package 'blue_detector' build argument 'catkin_skip_building_tests' from command line to 'False'
[0.604s] DEBUG:colcon.colcon_core.verb:Building package 'blue_detector' with the following arguments: {'ament_cmake_args': None, 'build_base': '/home/mtrn/ros2_ws/src/build/blue_detector', 'catkin_cmake_args': None, 'catkin_skip_building_tests': False, 'cmake_args': None, 'cmake_clean_cache': False, 'cmake_clean_first': False, 'cmake_force_configure': False, 'cmake_target': None, 'cmake_target_skip_unavailable': False, 'install_base': '/home/mtrn/ros2_ws/src/install/blue_detector', 'merge_install': False, 'path': '/home/mtrn/ros2_ws/src/blue_detector', 'symlink_install': False, 'test_result_base': None}
[0.605s] INFO:colcon.colcon_core.executor:Executing jobs using 'parallel' executor
[0.611s] DEBUG:colcon.colcon_parallel_executor.executor.parallel:run_until_complete
[0.612s] INFO:colcon.colcon_ros.task.catkin.build:Building ROS package in '/home/mtrn/ros2_ws/src/blue_detector_msgs' with build type 'catkin'
[0.612s] INFO:colcon.colcon_cmake.task.cmake.build:Building CMake package in '/home/mtrn/ros2_ws/src/blue_detector_msgs'
[0.617s] INFO:colcon.colcon_core.plugin_system:Skipping extension 'colcon_core.shell.bat': Not used on non-Windows systems
[0.617s] INFO:colcon.colcon_core.shell:Skip shell extension 'powershell' for command environment: Not usable outside of PowerShell
[0.617s] DEBUG:colcon.colcon_core.shell:Skip shell extension 'dsv' for command environment
[0.636s] DEBUG:colcon.colcon_core.event_handler.log_command:Invoking command in '/home/mtrn/ros2_ws/src/build/blue_detector_msgs': /usr/bin/cmake /home/mtrn/ros2_ws/src/blue_detector_msgs -DCATKIN_INSTALL_INTO_PREFIX_ROOT=0 -DCMAKE_INSTALL_PREFIX=/home/mtrn/ros2_ws/src/install/blue_detector_msgs
[2.355s] DEBUG:colcon.colcon_core.event_handler.log_command:Invoked command in '/home/mtrn/ros2_ws/src/build/blue_detector_msgs' returned '0': /usr/bin/cmake /home/mtrn/ros2_ws/src/blue_detector_msgs -DCATKIN_INSTALL_INTO_PREFIX_ROOT=0 -DCMAKE_INSTALL_PREFIX=/home/mtrn/ros2_ws/src/install/blue_detector_msgs
[2.357s] DEBUG:colcon.colcon_core.event_handler.log_command:Invoking command in '/home/mtrn/ros2_ws/src/build/blue_detector_msgs': /usr/bin/cmake --build /home/mtrn/ros2_ws/src/build/blue_detector_msgs -- -j4 -l4
[4.511s] DEBUG:colcon.colcon_core.event_handler.log_command:Invoked command in '/home/mtrn/ros2_ws/src/build/blue_detector_msgs' returned '0': /usr/bin/cmake --build /home/mtrn/ros2_ws/src/build/blue_detector_msgs -- -j4 -l4
[4.706s] DEBUG:colcon.colcon_core.event_handler.log_command:Invoking command in '/home/mtrn/ros2_ws/src/build/blue_detector_msgs': /usr/bin/cmake --install /home/mtrn/ros2_ws/src/build/blue_detector_msgs
[4.772s] DEBUG:colcon.colcon_core.event_handler.log_command:Invoked command in '/home/mtrn/ros2_ws/src/build/blue_detector_msgs' returned '0': /usr/bin/cmake --install /home/mtrn/ros2_ws/src/build/blue_detector_msgs
[4.862s] Level 1:colcon.colcon_core.shell:create_environment_hook('blue_detector_msgs', 'ros_package_path')
[4.865s] INFO:colcon.colcon_core.shell:Creating environment hook '/home/mtrn/ros2_ws/src/install/blue_detector_msgs/share/blue_detector_msgs/hook/ros_package_path.ps1'
[4.865s] INFO:colcon.colcon_core.shell:Creating environment descriptor '/home/mtrn/ros2_ws/src/install/blue_detector_msgs/share/blue_detector_msgs/hook/ros_package_path.dsv'
[4.865s] INFO:colcon.colcon_core.shell:Creating environment hook '/home/mtrn/ros2_ws/src/install/blue_detector_msgs/share/blue_detector_msgs/hook/ros_package_path.sh'
[4.866s] Level 1:colcon.colcon_ros.task.catkin:checking '/home/mtrn/ros2_ws/src/install/blue_detector_msgs/local/lib/python3.10/dist-packages'
[4.866s] Level 1:colcon.colcon_core.shell:create_environment_hook('blue_detector_msgs', 'catkin_pythonpath')
[4.869s] INFO:colcon.colcon_core.shell:Creating environment hook '/home/mtrn/ros2_ws/src/install/blue_detector_msgs/share/blue_detector_msgs/hook/catkin_pythonpath.ps1'
[4.869s] INFO:colcon.colcon_core.shell:Creating environment descriptor '/home/mtrn/ros2_ws/src/install/blue_detector_msgs/share/blue_detector_msgs/hook/catkin_pythonpath.dsv'
[4.869s] INFO:colcon.colcon_core.shell:Creating environment hook '/home/mtrn/ros2_ws/src/install/blue_detector_msgs/share/blue_detector_msgs/hook/catkin_pythonpath.sh'
[4.869s] Level 1:colcon.colcon_core.shell:create_environment_hook('blue_detector_msgs', 'pkg_config_path')
[4.872s] INFO:colcon.colcon_core.shell:Creating environment hook '/home/mtrn/ros2_ws/src/install/blue_detector_msgs/share/blue_detector_msgs/hook/pkg_config_path.ps1'
[4.872s] INFO:colcon.colcon_core.shell:Creating environment descriptor '/home/mtrn/ros2_ws/src/install/blue_detector_msgs/share/blue_detector_msgs/hook/pkg_config_path.dsv'
[4.872s] INFO:colcon.colcon_core.shell:Creating environment hook '/home/mtrn/ros2_ws/src/install/blue_detector_msgs/share/blue_detector_msgs/hook/pkg_config_path.sh'
[4.874s] Level 1:colcon.colcon_core.shell:create_environment_hook('blue_detector_msgs', 'pkg_config_path_multiarch')
[4.877s] INFO:colcon.colcon_core.shell:Creating environment hook '/home/mtrn/ros2_ws/src/install/blue_detector_msgs/share/blue_detector_msgs/hook/pkg_config_path_multiarch.ps1'
[4.878s] INFO:colcon.colcon_core.shell:Creating environment descriptor '/home/mtrn/ros2_ws/src/install/blue_detector_msgs/share/blue_detector_msgs/hook/pkg_config_path_multiarch.dsv'
[4.878s] INFO:colcon.colcon_core.shell:Creating environment hook '/home/mtrn/ros2_ws/src/install/blue_detector_msgs/share/blue_detector_msgs/hook/pkg_config_path_multiarch.sh'
[4.881s] Level 1:colcon.colcon_core.environment:create_environment_scripts_only(blue_detector_msgs)
[4.887s] Level 1:colcon.colcon_core.environment:checking '/home/mtrn/ros2_ws/src/install/blue_detector_msgs' for CMake module files
[4.887s] Level 1:colcon.colcon_core.environment:checking '/home/mtrn/ros2_ws/src/install/blue_detector_msgs' for CMake config files
[4.888s] Level 1:colcon.colcon_core.shell:create_environment_hook('blue_detector_msgs', 'cmake_prefix_path')
[4.890s] INFO:colcon.colcon_core.shell:Creating environment hook '/home/mtrn/ros2_ws/src/install/blue_detector_msgs/share/blue_detector_msgs/hook/cmake_prefix_path.ps1'
[4.890s] INFO:colcon.colcon_core.shell:Creating environment descriptor '/home/mtrn/ros2_ws/src/install/blue_detector_msgs/share/blue_detector_msgs/hook/cmake_prefix_path.dsv'
[4.891s] INFO:colcon.colcon_core.shell:Creating environment hook '/home/mtrn/ros2_ws/src/install/blue_detector_msgs/share/blue_detector_msgs/hook/cmake_prefix_path.sh'
[4.892s] Level 1:colcon.colcon_core.environment:checking '/home/mtrn/ros2_ws/src/install/blue_detector_msgs/lib'
[4.893s] Level 1:colcon.colcon_core.shell:create_environment_hook('blue_detector_msgs', 'ld_library_path_lib')
[4.895s] INFO:colcon.colcon_core.shell:Creating environment hook '/home/mtrn/ros2_ws/src/install/blue_detector_msgs/share/blue_detector_msgs/hook/ld_library_path_lib.ps1'
[4.896s] INFO:colcon.colcon_core.shell:Creating environment descriptor '/home/mtrn/ros2_ws/src/install/blue_detector_msgs/share/blue_detector_msgs/hook/ld_library_path_lib.dsv'
[4.896s] INFO:colcon.colcon_core.shell:Creating environment hook '/home/mtrn/ros2_ws/src/install/blue_detector_msgs/share/blue_detector_msgs/hook/ld_library_path_lib.sh'
[4.896s] Level 1:colcon.colcon_core.environment:checking '/home/mtrn/ros2_ws/src/install/blue_detector_msgs/bin'
[4.896s] Level 1:colcon.colcon_core.environment:checking '/home/mtrn/ros2_ws/src/install/blue_detector_msgs/lib/pkgconfig/blue_detector_msgs.pc'
[4.896s] Level 1:colcon.colcon_core.environment:checking '/home/mtrn/ros2_ws/src/install/blue_detector_msgs/lib/python3.10/site-packages'
[4.897s] Level 1:colcon.colcon_core.environment:checking '/home/mtrn/ros2_ws/src/install/blue_detector_msgs/bin'
[4.900s] INFO:colcon.colcon_core.shell:Creating package script '/home/mtrn/ros2_ws/src/install/blue_detector_msgs/share/blue_detector_msgs/package.ps1'
[4.901s] INFO:colcon.colcon_core.shell:Creating package descriptor '/home/mtrn/ros2_ws/src/install/blue_detector_msgs/share/blue_detector_msgs/package.dsv'
[4.901s] INFO:colcon.colcon_core.shell:Creating package script '/home/mtrn/ros2_ws/src/install/blue_detector_msgs/share/blue_detector_msgs/package.sh'
[4.902s] INFO:colcon.colcon_core.shell:Creating package script '/home/mtrn/ros2_ws/src/install/blue_detector_msgs/share/blue_detector_msgs/package.bash'
[4.902s] INFO:colcon.colcon_core.shell:Creating package script '/home/mtrn/ros2_ws/src/install/blue_detector_msgs/share/blue_detector_msgs/package.zsh'
[4.903s] Level 1:colcon.colcon_core.environment:create_file_with_runtime_dependencies(/home/mtrn/ros2_ws/src/install/blue_detector_msgs/share/colcon-core/packages/blue_detector_msgs)
[4.903s] INFO:colcon.colcon_ros.task.ament_python.build:Building ROS package in '/home/mtrn/ros2_ws/src/blue_detector' with build type 'ament_python'
[4.904s] Level 1:colcon.colcon_core.shell:create_environment_hook('blue_detector', 'ament_prefix_path')
[4.906s] INFO:colcon.colcon_core.shell:Creating environment hook '/home/mtrn/ros2_ws/src/install/blue_detector/share/blue_detector/hook/ament_prefix_path.ps1'
[4.907s] INFO:colcon.colcon_core.shell:Creating environment descriptor '/home/mtrn/ros2_ws/src/install/blue_detector/share/blue_detector/hook/ament_prefix_path.dsv'
[4.908s] INFO:colcon.colcon_core.shell:Creating environment hook '/home/mtrn/ros2_ws/src/install/blue_detector/share/blue_detector/hook/ament_prefix_path.sh'
[4.911s] INFO:colcon.colcon_core.shell:Skip shell extension 'powershell' for command environment: Not usable outside of PowerShell
[4.911s] DEBUG:colcon.colcon_core.shell:Skip shell extension 'dsv' for command environment
[5.175s] INFO:colcon.colcon_core.task.python.build:Building Python package in '/home/mtrn/ros2_ws/src/blue_detector'
[5.178s] INFO:colcon.colcon_core.shell:Skip shell extension 'powershell' for command environment: Not usable outside of PowerShell
[5.178s] DEBUG:colcon.colcon_core.shell:Skip shell extension 'dsv' for command environment
[5.737s] DEBUG:colcon.colcon_core.event_handler.log_command:Invoking command in '/home/mtrn/ros2_ws/src/blue_detector': CMAKE_PREFIX_PATH=/home/mtrn/ros2_ws/src/install/blue_detector_msgs:${CMAKE_PREFIX_PATH} LD_LIBRARY_PATH=/home/mtrn/ros2_ws/src/install/blue_detector_msgs/lib:${LD_LIBRARY_PATH} PKG_CONFIG_PATH=/home/mtrn/ros2_ws/src/install/blue_detector_msgs/lib/x86_64-linux-gnu/pkgconfig:/home/mtrn/ros2_ws/src/install/blue_detector_msgs/lib/pkgconfig:${PKG_CONFIG_PATH} PYTHONPATH=/home/mtrn/ros2_ws/src/build/blue_detector/prefix_override:/home/mtrn/ros2_ws/src/install/blue_detector/lib/python3.10/site-packages:/home/mtrn/ros2_ws/src/install/blue_detector_msgs/local/lib/python3.10/dist-packages:${PYTHONPATH} ROS_PACKAGE_PATH=/home/mtrn/ros2_ws/src/install/blue_detector_msgs/share:${ROS_PACKAGE_PATH} /usr/bin/python3 setup.py egg_info --egg-base ../build/blue_detector build --build-base /home/mtrn/ros2_ws/src/build/blue_detector/build install --record /home/mtrn/ros2_ws/src/build/blue_detector/install.log --single-version-externally-managed
[6.039s] Level 1:colcon.colcon_core.environment:checking '/home/mtrn/ros2_ws/src/install/blue_detector' for CMake module files
[6.039s] DEBUG:colcon.colcon_core.event_handler.log_command:Invoked command in '/home/mtrn/ros2_ws/src/blue_detector' returned '0': CMAKE_PREFIX_PATH=/home/mtrn/ros2_ws/src/install/blue_detector_msgs:${CMAKE_PREFIX_PATH} LD_LIBRARY_PATH=/home/mtrn/ros2_ws/src/install/blue_detector_msgs/lib:${LD_LIBRARY_PATH} PKG_CONFIG_PATH=/home/mtrn/ros2_ws/src/install/blue_detector_msgs/lib/x86_64-linux-gnu/pkgconfig:/home/mtrn/ros2_ws/src/install/blue_detector_msgs/lib/pkgconfig:${PKG_CONFIG_PATH} PYTHONPATH=/home/mtrn/ros2_ws/src/build/blue_detector/prefix_override:/home/mtrn/ros2_ws/src/install/blue_detector/lib/python3.10/site-packages:/home/mtrn/ros2_ws/src/install/blue_detector_msgs/local/lib/python3.10/dist-packages:${PYTHONPATH} ROS_PACKAGE_PATH=/home/mtrn/ros2_ws/src/install/blue_detector_msgs/share:${ROS_PACKAGE_PATH} /usr/bin/python3 setup.py egg_info --egg-base ../build/blue_detector build --build-base /home/mtrn/ros2_ws/src/build/blue_detector/build install --record /home/mtrn/ros2_ws/src/build/blue_detector/install.log --single-version-externally-managed
[6.039s] Level 1:colcon.colcon_core.environment:checking '/home/mtrn/ros2_ws/src/install/blue_detector' for CMake config files
[6.040s] Level 1:colcon.colcon_core.environment:checking '/home/mtrn/ros2_ws/src/install/blue_detector/lib'
[6.040s] Level 1:colcon.colcon_core.environment:checking '/home/mtrn/ros2_ws/src/install/blue_detector/bin'
[6.040s] Level 1:colcon.colcon_core.environment:checking '/home/mtrn/ros2_ws/src/install/blue_detector/lib/pkgconfig/blue_detector.pc'
[6.040s] Level 1:colcon.colcon_core.environment:checking '/home/mtrn/ros2_ws/src/install/blue_detector/lib/python3.10/site-packages'
[6.040s] Level 1:colcon.colcon_core.shell:create_environment_hook('blue_detector', 'pythonpath')
[6.043s] INFO:colcon.colcon_core.shell:Creating environment hook '/home/mtrn/ros2_ws/src/install/blue_detector/share/blue_detector/hook/pythonpath.ps1'
[6.043s] INFO:colcon.colcon_core.shell:Creating environment descriptor '/home/mtrn/ros2_ws/src/install/blue_detector/share/blue_detector/hook/pythonpath.dsv'
[6.044s] INFO:colcon.colcon_core.shell:Creating environment hook '/home/mtrn/ros2_ws/src/install/blue_detector/share/blue_detector/hook/pythonpath.sh'
[6.044s] Level 1:colcon.colcon_core.environment:checking '/home/mtrn/ros2_ws/src/install/blue_detector/bin'
[6.044s] Level 1:colcon.colcon_core.environment:create_environment_scripts_only(blue_detector)
[6.047s] INFO:colcon.colcon_core.shell:Creating package script '/home/mtrn/ros2_ws/src/install/blue_detector/share/blue_detector/package.ps1'
[6.047s] INFO:colcon.colcon_core.shell:Creating package descriptor '/home/mtrn/ros2_ws/src/install/blue_detector/share/blue_detector/package.dsv'
[6.048s] INFO:colcon.colcon_core.shell:Creating package script '/home/mtrn/ros2_ws/src/install/blue_detector/share/blue_detector/package.sh'
[6.048s] INFO:colcon.colcon_core.shell:Creating package script '/home/mtrn/ros2_ws/src/install/blue_detector/share/blue_detector/package.bash'
[6.048s] INFO:colcon.colcon_core.shell:Creating package script '/home/mtrn/ros2_ws/src/install/blue_detector/share/blue_detector/package.zsh'
[6.048s] Level 1:colcon.colcon_core.environment:create_file_with_runtime_dependencies(/home/mtrn/ros2_ws/src/install/blue_detector/share/colcon-core/packages/blue_detector)
[6.049s] DEBUG:colcon.colcon_parallel_executor.executor.parallel:closing loop
[6.049s] DEBUG:colcon.colcon_parallel_executor.executor.parallel:loop closed
[6.049s] DEBUG:colcon.colcon_parallel_executor.executor.parallel:run_until_complete finished with '0'
[6.049s] DEBUG:colcon.colcon_core.event_reactor:joining thread
[6.056s] INFO:colcon.colcon_core.plugin_system:Skipping extension 'colcon_notification.desktop_notification.terminal_notifier': Not used on non-Darwin systems
[6.056s] INFO:colcon.colcon_core.plugin_system:Skipping extension 'colcon_notification.desktop_notification.win32': Not used on non-Windows systems
[6.056s] INFO:colcon.colcon_notification.desktop_notification:Sending desktop notification using 'notify2'
[6.068s] DEBUG:colcon.colcon_core.event_reactor:joined thread
[6.071s] INFO:colcon.colcon_core.shell:Creating prefix script '/home/mtrn/ros2_ws/src/install/local_setup.ps1'
[6.072s] INFO:colcon.colcon_core.shell:Creating prefix util module '/home/mtrn/ros2_ws/src/install/_local_setup_util_ps1.py'
[6.073s] INFO:colcon.colcon_core.shell:Creating prefix chain script '/home/mtrn/ros2_ws/src/install/setup.ps1'
[6.077s] INFO:colcon.colcon_core.shell:Creating prefix script '/home/mtrn/ros2_ws/src/install/local_setup.sh'
[6.077s] INFO:colcon.colcon_core.shell:Creating prefix util module '/home/mtrn/ros2_ws/src/install/_local_setup_util_sh.py'
[6.078s] INFO:colcon.colcon_core.shell:Creating prefix chain script '/home/mtrn/ros2_ws/src/install/setup.sh'
[6.081s] INFO:colcon.colcon_core.shell:Creating prefix script '/home/mtrn/ros2_ws/src/install/local_setup.bash'
[6.082s] INFO:colcon.colcon_core.shell:Creating prefix chain script '/home/mtrn/ros2_ws/src/install/setup.bash'
[6.086s] INFO:colcon.colcon_core.shell:Creating prefix script '/home/mtrn/ros2_ws/src/install/local_setup.zsh'
[6.087s] INFO:colcon.colcon_core.shell:Creating prefix chain script '/home/mtrn/ros2_ws/src/install/setup.zsh'
