[0.028s] Invoking command in '/home/mtrn/ros2_ws/build/interface': CMAKE_PREFIX_PATH=${CMAKE_PREFIX_PATH}:/home/mtrn/4231/ws_moveit2/install/moveit_configs_utils:/home/mtrn/4231/ws_moveit2/install/launch_param_builder:/opt/ros/humble /usr/bin/cmake --build /home/mtrn/ros2_ws/build/interface -- -j4 -l4
[0.119s] -- Found ament_cmake: 1.3.5 (/opt/ros/humble/share/ament_cmake/cmake)
[0.322s] -- Found geometry_msgs: 4.2.3 (/opt/ros/humble/share/geometry_msgs/cmake)
[0.375s] -- Found rosidl_generator_c: 3.1.5 (/opt/ros/humble/share/rosidl_generator_c/cmake)
[0.380s] -- Found rosidl_adapter: 3.1.5 (/opt/ros/humble/share/rosidl_adapter/cmake)
[0.391s] -- Found rosidl_generator_cpp: 3.1.5 (/opt/ros/humble/share/rosidl_generator_cpp/cmake)
[0.411s] -- Using all available rosidl_typesupport_c: rosidl_typesupport_fastrtps_c;rosidl_typesupport_introspection_c
[0.435s] -- Using all available rosidl_typesupport_cpp: rosidl_typesupport_fastrtps_cpp;rosidl_typesupport_introspection_cpp
[0.571s] -- Found rosidl_default_generators: 1.2.0 (/opt/ros/humble/share/rosidl_default_generators/cmake)
[0.861s] -- Found ament_cmake_ros: 0.10.0 (/opt/ros/humble/share/ament_cmake_ros/cmake)
[1.232s] -- Using all available rosidl_typesupport_c: rosidl_typesupport_fastrtps_c;rosidl_typesupport_introspection_c
[1.377s] -- Using all available rosidl_typesupport_cpp: rosidl_typesupport_fastrtps_cpp;rosidl_typesupport_introspection_cpp
[1.401s] -- Found python_cmake_module: 0.10.0 (/opt/ros/humble/share/python_cmake_module/cmake)
[1.427s] -- Using PYTHON_EXECUTABLE: /usr/bin/python3
[1.427s] -- Using PYTHON_INCLUDE_DIRS: /usr/include/python3.10
[1.427s] -- Using PYTHON_LIBRARIES: /usr/lib/x86_64-linux-gnu/libpython3.10.so
[1.489s] -- Found ament_lint_auto: 0.12.7 (/opt/ros/humble/share/ament_lint_auto/cmake)
[1.562s] -- Added test 'cppcheck' to perform static code analysis on C / C++ code
[1.563s] -- Configured cppcheck include dirs: 
[1.563s] -- Configured cppcheck exclude dirs and/or files: 
[1.569s] -- Added test 'flake8' to check Python code syntax and style conventions
[1.580s] -- Added test 'lint_cmake' to check CMake code style
[1.586s] -- Added test 'pep257' to check Python code against some of the docstring style conventions in PEP 257
[1.630s] -- Added test 'uncrustify' to check C / C++ code style
[1.630s] -- Configured uncrustify additional arguments: 
[1.636s] -- Added test 'xmllint' to check XML markup files
[1.642s] -- Configuring done
[1.708s] -- Generating done
[1.712s] -- Build files have been written to: /home/mtrn/ros2_ws/build/interface
[1.744s] [35m[1mConsolidate compiler generated dependencies of target interface__rosidl_generator_c[0m
[1.762s] [  3%] Built target interface__cpp
[1.780s] [ 12%] Built target interface__rosidl_generator_c
[1.780s] [35m[1mConsolidate compiler generated dependencies of target interface__rosidl_typesupport_cpp[0m
[1.780s] [35m[1mConsolidate compiler generated dependencies of target interface__rosidl_typesupport_fastrtps_cpp[0m
[1.789s] [ 12%] Built target ament_cmake_python_copy_interface
[1.792s] [35m[1mConsolidate compiler generated dependencies of target interface__rosidl_typesupport_introspection_cpp[0m
[1.805s] [35m[1mConsolidate compiler generated dependencies of target interface__rosidl_typesupport_fastrtps_c[0m
[1.813s] [ 32%] Built target interface__rosidl_typesupport_fastrtps_cpp
[1.813s] [ 32%] Built target interface__rosidl_typesupport_cpp
[1.815s] [ 41%] Built target interface__rosidl_typesupport_introspection_cpp
[1.826s] [ 51%] Built target interface__rosidl_typesupport_fastrtps_c
[1.826s] [35m[1mConsolidate compiler generated dependencies of target interface__rosidl_typesupport_introspection_c[0m
[1.827s] [35m[1mConsolidate compiler generated dependencies of target interface__rosidl_typesupport_c[0m
[1.843s] [ 61%] Built target interface__rosidl_typesupport_c
[1.844s] [ 70%] Built target interface__rosidl_typesupport_introspection_c
[1.876s] [ 70%] Built target interface
[1.905s] [ 74%] Built target interface__py
[1.922s] [35m[1mConsolidate compiler generated dependencies of target interface__rosidl_generator_py[0m
[1.946s] [ 80%] Built target interface__rosidl_generator_py
[1.960s] [35m[1mConsolidate compiler generated dependencies of target interface__rosidl_typesupport_c__pyext[0m
[1.962s] [35m[1mConsolidate compiler generated dependencies of target interface__rosidl_typesupport_fastrtps_c__pyext[0m
[1.977s] [35m[1mConsolidate compiler generated dependencies of target interface__rosidl_typesupport_introspection_c__pyext[0m
[1.984s] [ 87%] Built target interface__rosidl_typesupport_c__pyext
[1.987s] [ 93%] Built target interface__rosidl_typesupport_fastrtps_c__pyext
[1.995s] [100%] Built target interface__rosidl_typesupport_introspection_c__pyext
[2.091s] running egg_info
[2.093s] writing interface.egg-info/PKG-INFO
[2.093s] writing dependency_links to interface.egg-info/dependency_links.txt
[2.094s] writing top-level names to interface.egg-info/top_level.txt
[2.097s] reading manifest file 'interface.egg-info/SOURCES.txt'
[2.098s] writing manifest file 'interface.egg-info/SOURCES.txt'
[2.134s] [100%] Built target ament_cmake_python_build_interface_egg
[2.151s] Invoked command in '/home/mtrn/ros2_ws/build/interface' returned '0': CMAKE_PREFIX_PATH=${CMAKE_PREFIX_PATH}:/home/mtrn/4231/ws_moveit2/install/moveit_configs_utils:/home/mtrn/4231/ws_moveit2/install/launch_param_builder:/opt/ros/humble /usr/bin/cmake --build /home/mtrn/ros2_ws/build/interface -- -j4 -l4
[2.267s] Invoking command in '/home/mtrn/ros2_ws/build/interface': CMAKE_PREFIX_PATH=${CMAKE_PREFIX_PATH}:/home/mtrn/4231/ws_moveit2/install/moveit_configs_utils:/home/mtrn/4231/ws_moveit2/install/launch_param_builder:/opt/ros/humble /usr/bin/cmake --install /home/mtrn/ros2_ws/build/interface
[2.277s] -- Install configuration: ""
[2.278s] -- Up-to-date: /home/mtrn/ros2_ws/install/interface/share/ament_index/resource_index/rosidl_interfaces/interface
[2.278s] -- Up-to-date: /home/mtrn/ros2_ws/install/interface/include/interface/interface
[2.278s] -- Up-to-date: /home/mtrn/ros2_ws/install/interface/include/interface/interface/msg
[2.278s] -- Up-to-date: /home/mtrn/ros2_ws/install/interface/include/interface/interface/msg/rosidl_generator_c__visibility_control.h
[2.278s] -- Up-to-date: /home/mtrn/ros2_ws/install/interface/include/interface/interface/msg/detail
[2.278s] -- Up-to-date: /home/mtrn/ros2_ws/install/interface/include/interface/interface/msg/detail/marker_data__functions.c
[2.278s] -- Up-to-date: /home/mtrn/ros2_ws/install/interface/include/interface/interface/msg/detail/marker_data__struct.h
[2.278s] -- Up-to-date: /home/mtrn/ros2_ws/install/interface/include/interface/interface/msg/detail/marker_data__functions.h
[2.278s] -- Up-to-date: /home/mtrn/ros2_ws/install/interface/include/interface/interface/msg/detail/marker_data__type_support.h
[2.278s] -- Up-to-date: /home/mtrn/ros2_ws/install/interface/include/interface/interface/msg/marker_data.h
[2.278s] -- Up-to-date: /home/mtrn/ros2_ws/install/interface/share/interface/environment/library_path.sh
[2.278s] -- Installing: /home/mtrn/ros2_ws/install/interface/share/interface/environment/library_path.dsv
[2.278s] -- Up-to-date: /home/mtrn/ros2_ws/install/interface/lib/libinterface__rosidl_generator_c.so
[2.279s] -- Up-to-date: /home/mtrn/ros2_ws/install/interface/include/interface/interface
[2.279s] -- Up-to-date: /home/mtrn/ros2_ws/install/interface/include/interface/interface/msg
[2.279s] -- Up-to-date: /home/mtrn/ros2_ws/install/interface/include/interface/interface/msg/rosidl_typesupport_fastrtps_c__visibility_control.h
[2.279s] -- Up-to-date: /home/mtrn/ros2_ws/install/interface/include/interface/interface/msg/detail
[2.280s] -- Up-to-date: /home/mtrn/ros2_ws/install/interface/include/interface/interface/msg/detail/marker_data__rosidl_typesupport_fastrtps_c.h
[2.280s] -- Up-to-date: /home/mtrn/ros2_ws/install/interface/lib/libinterface__rosidl_typesupport_fastrtps_c.so
[2.280s] -- Up-to-date: /home/mtrn/ros2_ws/install/interface/include/interface/interface
[2.280s] -- Up-to-date: /home/mtrn/ros2_ws/install/interface/include/interface/interface/msg
[2.280s] -- Up-to-date: /home/mtrn/ros2_ws/install/interface/include/interface/interface/msg/marker_data.hpp
[2.281s] -- Up-to-date: /home/mtrn/ros2_ws/install/interface/include/interface/interface/msg/detail
[2.281s] -- Up-to-date: /home/mtrn/ros2_ws/install/interface/include/interface/interface/msg/detail/marker_data__builder.hpp
[2.281s] -- Up-to-date: /home/mtrn/ros2_ws/install/interface/include/interface/interface/msg/detail/marker_data__traits.hpp
[2.281s] -- Up-to-date: /home/mtrn/ros2_ws/install/interface/include/interface/interface/msg/detail/marker_data__struct.hpp
[2.281s] -- Up-to-date: /home/mtrn/ros2_ws/install/interface/include/interface/interface
[2.281s] -- Up-to-date: /home/mtrn/ros2_ws/install/interface/include/interface/interface/msg
[2.281s] -- Up-to-date: /home/mtrn/ros2_ws/install/interface/include/interface/interface/msg/detail
[2.281s] -- Up-to-date: /home/mtrn/ros2_ws/install/interface/include/interface/interface/msg/detail/marker_data__rosidl_typesupport_fastrtps_cpp.hpp
[2.281s] -- Up-to-date: /home/mtrn/ros2_ws/install/interface/include/interface/interface/msg/detail/dds_fastrtps
[2.281s] -- Up-to-date: /home/mtrn/ros2_ws/install/interface/include/interface/interface/msg/rosidl_typesupport_fastrtps_cpp__visibility_control.h
[2.283s] -- Up-to-date: /home/mtrn/ros2_ws/install/interface/lib/libinterface__rosidl_typesupport_fastrtps_cpp.so
[2.283s] -- Up-to-date: /home/mtrn/ros2_ws/install/interface/include/interface/interface
[2.283s] -- Up-to-date: /home/mtrn/ros2_ws/install/interface/include/interface/interface/msg
[2.283s] -- Up-to-date: /home/mtrn/ros2_ws/install/interface/include/interface/interface/msg/rosidl_typesupport_introspection_c__visibility_control.h
[2.283s] -- Up-to-date: /home/mtrn/ros2_ws/install/interface/include/interface/interface/msg/detail
[2.283s] -- Up-to-date: /home/mtrn/ros2_ws/install/interface/include/interface/interface/msg/detail/marker_data__rosidl_typesupport_introspection_c.h
[2.283s] -- Up-to-date: /home/mtrn/ros2_ws/install/interface/include/interface/interface/msg/detail/marker_data__type_support.c
[2.284s] -- Up-to-date: /home/mtrn/ros2_ws/install/interface/lib/libinterface__rosidl_typesupport_introspection_c.so
[2.285s] -- Up-to-date: /home/mtrn/ros2_ws/install/interface/lib/libinterface__rosidl_typesupport_c.so
[2.285s] -- Up-to-date: /home/mtrn/ros2_ws/install/interface/include/interface/interface
[2.285s] -- Up-to-date: /home/mtrn/ros2_ws/install/interface/include/interface/interface/msg
[2.285s] -- Up-to-date: /home/mtrn/ros2_ws/install/interface/include/interface/interface/msg/detail
[2.286s] -- Up-to-date: /home/mtrn/ros2_ws/install/interface/include/interface/interface/msg/detail/marker_data__type_support.cpp
[2.286s] -- Up-to-date: /home/mtrn/ros2_ws/install/interface/include/interface/interface/msg/detail/marker_data__rosidl_typesupport_introspection_cpp.hpp
[2.287s] -- Up-to-date: /home/mtrn/ros2_ws/install/interface/lib/libinterface__rosidl_typesupport_introspection_cpp.so
[2.289s] -- Up-to-date: /home/mtrn/ros2_ws/install/interface/lib/libinterface__rosidl_typesupport_cpp.so
[2.289s] -- Up-to-date: /home/mtrn/ros2_ws/install/interface/share/interface/environment/pythonpath.sh
[2.289s] -- Installing: /home/mtrn/ros2_ws/install/interface/share/interface/environment/pythonpath.dsv
[2.289s] -- Up-to-date: /home/mtrn/ros2_ws/install/interface/local/lib/python3.10/dist-packages/interface-0.0.0-py3.10.egg-info
[2.289s] -- Installing: /home/mtrn/ros2_ws/install/interface/local/lib/python3.10/dist-packages/interface-0.0.0-py3.10.egg-info/top_level.txt
[2.290s] -- Installing: /home/mtrn/ros2_ws/install/interface/local/lib/python3.10/dist-packages/interface-0.0.0-py3.10.egg-info/SOURCES.txt
[2.290s] -- Installing: /home/mtrn/ros2_ws/install/interface/local/lib/python3.10/dist-packages/interface-0.0.0-py3.10.egg-info/PKG-INFO
[2.290s] -- Installing: /home/mtrn/ros2_ws/install/interface/local/lib/python3.10/dist-packages/interface-0.0.0-py3.10.egg-info/dependency_links.txt
[2.291s] -- Up-to-date: /home/mtrn/ros2_ws/install/interface/local/lib/python3.10/dist-packages/interface
[2.291s] -- Up-to-date: /home/mtrn/ros2_ws/install/interface/local/lib/python3.10/dist-packages/interface/interface_s__rosidl_typesupport_introspection_c.cpython-310-x86_64-linux-gnu.so
[2.291s] -- Up-to-date: /home/mtrn/ros2_ws/install/interface/local/lib/python3.10/dist-packages/interface/_interface_s.ep.rosidl_typesupport_introspection_c.c
[2.291s] -- Up-to-date: /home/mtrn/ros2_ws/install/interface/local/lib/python3.10/dist-packages/interface/interface_s__rosidl_typesupport_fastrtps_c.cpython-310-x86_64-linux-gnu.so
[2.291s] -- Up-to-date: /home/mtrn/ros2_ws/install/interface/local/lib/python3.10/dist-packages/interface/_interface_s.ep.rosidl_typesupport_c.c
[2.291s] -- Up-to-date: /home/mtrn/ros2_ws/install/interface/local/lib/python3.10/dist-packages/interface/_interface_s.ep.rosidl_typesupport_fastrtps_c.c
[2.291s] -- Up-to-date: /home/mtrn/ros2_ws/install/interface/local/lib/python3.10/dist-packages/interface/interface_s__rosidl_typesupport_c.cpython-310-x86_64-linux-gnu.so
[2.292s] -- Up-to-date: /home/mtrn/ros2_ws/install/interface/local/lib/python3.10/dist-packages/interface/libinterface__rosidl_generator_py.so
[2.292s] -- Up-to-date: /home/mtrn/ros2_ws/install/interface/local/lib/python3.10/dist-packages/interface/msg
[2.292s] -- Up-to-date: /home/mtrn/ros2_ws/install/interface/local/lib/python3.10/dist-packages/interface/msg/_marker_data_s.c
[2.292s] -- Up-to-date: /home/mtrn/ros2_ws/install/interface/local/lib/python3.10/dist-packages/interface/msg/__init__.py
[2.292s] -- Up-to-date: /home/mtrn/ros2_ws/install/interface/local/lib/python3.10/dist-packages/interface/msg/_marker_data.py
[2.293s] -- Installing: /home/mtrn/ros2_ws/install/interface/local/lib/python3.10/dist-packages/interface/__init__.py
[2.330s] Listing '/home/mtrn/ros2_ws/install/interface/local/lib/python3.10/dist-packages/interface'...
[2.330s] Compiling '/home/mtrn/ros2_ws/install/interface/local/lib/python3.10/dist-packages/interface/__init__.py'...
[2.330s] Listing '/home/mtrn/ros2_ws/install/interface/local/lib/python3.10/dist-packages/interface/msg'...
[2.335s] -- Up-to-date: /home/mtrn/ros2_ws/install/interface/local/lib/python3.10/dist-packages/interface/interface_s__rosidl_typesupport_fastrtps_c.cpython-310-x86_64-linux-gnu.so
[2.337s] -- Up-to-date: /home/mtrn/ros2_ws/install/interface/local/lib/python3.10/dist-packages/interface/interface_s__rosidl_typesupport_introspection_c.cpython-310-x86_64-linux-gnu.so
[2.337s] -- Up-to-date: /home/mtrn/ros2_ws/install/interface/local/lib/python3.10/dist-packages/interface/interface_s__rosidl_typesupport_c.cpython-310-x86_64-linux-gnu.so
[2.339s] -- Up-to-date: /home/mtrn/ros2_ws/install/interface/lib/libinterface__rosidl_generator_py.so
[2.339s] -- Up-to-date: /home/mtrn/ros2_ws/install/interface/share/interface/msg/MarkerData.idl
[2.339s] -- Up-to-date: /home/mtrn/ros2_ws/install/interface/share/interface/msg/MarkerData.msg
[2.339s] -- Up-to-date: /home/mtrn/ros2_ws/install/interface/share/ament_index/resource_index/package_run_dependencies/interface
[2.340s] -- Installing: /home/mtrn/ros2_ws/install/interface/share/ament_index/resource_index/parent_prefix_path/interface
[2.340s] -- Up-to-date: /home/mtrn/ros2_ws/install/interface/share/interface/environment/ament_prefix_path.sh
[2.340s] -- Installing: /home/mtrn/ros2_ws/install/interface/share/interface/environment/ament_prefix_path.dsv
[2.340s] -- Up-to-date: /home/mtrn/ros2_ws/install/interface/share/interface/environment/path.sh
[2.340s] -- Installing: /home/mtrn/ros2_ws/install/interface/share/interface/environment/path.dsv
[2.341s] -- Up-to-date: /home/mtrn/ros2_ws/install/interface/share/interface/local_setup.bash
[2.341s] -- Up-to-date: /home/mtrn/ros2_ws/install/interface/share/interface/local_setup.sh
[2.341s] -- Up-to-date: /home/mtrn/ros2_ws/install/interface/share/interface/local_setup.zsh
[2.341s] -- Installing: /home/mtrn/ros2_ws/install/interface/share/interface/local_setup.dsv
[2.341s] -- Installing: /home/mtrn/ros2_ws/install/interface/share/interface/package.dsv
[2.342s] -- Up-to-date: /home/mtrn/ros2_ws/install/interface/share/ament_index/resource_index/packages/interface
[2.342s] -- Up-to-date: /home/mtrn/ros2_ws/install/interface/share/interface/cmake/export_interface__rosidl_generator_cExport.cmake
[2.342s] -- Up-to-date: /home/mtrn/ros2_ws/install/interface/share/interface/cmake/export_interface__rosidl_generator_cExport-noconfig.cmake
[2.343s] -- Up-to-date: /home/mtrn/ros2_ws/install/interface/share/interface/cmake/export_interface__rosidl_typesupport_fastrtps_cExport.cmake
[2.343s] -- Up-to-date: /home/mtrn/ros2_ws/install/interface/share/interface/cmake/export_interface__rosidl_typesupport_fastrtps_cExport-noconfig.cmake
[2.343s] -- Up-to-date: /home/mtrn/ros2_ws/install/interface/share/interface/cmake/export_interface__rosidl_generator_cppExport.cmake
[2.344s] -- Up-to-date: /home/mtrn/ros2_ws/install/interface/share/interface/cmake/export_interface__rosidl_typesupport_fastrtps_cppExport.cmake
[2.344s] -- Up-to-date: /home/mtrn/ros2_ws/install/interface/share/interface/cmake/export_interface__rosidl_typesupport_fastrtps_cppExport-noconfig.cmake
[2.345s] -- Up-to-date: /home/mtrn/ros2_ws/install/interface/share/interface/cmake/interface__rosidl_typesupport_introspection_cExport.cmake
[2.345s] -- Up-to-date: /home/mtrn/ros2_ws/install/interface/share/interface/cmake/interface__rosidl_typesupport_introspection_cExport-noconfig.cmake
[2.345s] -- Up-to-date: /home/mtrn/ros2_ws/install/interface/share/interface/cmake/interface__rosidl_typesupport_cExport.cmake
[2.345s] -- Up-to-date: /home/mtrn/ros2_ws/install/interface/share/interface/cmake/interface__rosidl_typesupport_cExport-noconfig.cmake
[2.346s] -- Up-to-date: /home/mtrn/ros2_ws/install/interface/share/interface/cmake/interface__rosidl_typesupport_introspection_cppExport.cmake
[2.347s] -- Up-to-date: /home/mtrn/ros2_ws/install/interface/share/interface/cmake/interface__rosidl_typesupport_introspection_cppExport-noconfig.cmake
[2.347s] -- Up-to-date: /home/mtrn/ros2_ws/install/interface/share/interface/cmake/interface__rosidl_typesupport_cppExport.cmake
[2.347s] -- Up-to-date: /home/mtrn/ros2_ws/install/interface/share/interface/cmake/interface__rosidl_typesupport_cppExport-noconfig.cmake
[2.348s] -- Up-to-date: /home/mtrn/ros2_ws/install/interface/share/interface/cmake/export_interface__rosidl_generator_pyExport.cmake
[2.348s] -- Up-to-date: /home/mtrn/ros2_ws/install/interface/share/interface/cmake/export_interface__rosidl_generator_pyExport-noconfig.cmake
[2.348s] -- Up-to-date: /home/mtrn/ros2_ws/install/interface/share/interface/cmake/rosidl_cmake-extras.cmake
[2.349s] -- Up-to-date: /home/mtrn/ros2_ws/install/interface/share/interface/cmake/ament_cmake_export_dependencies-extras.cmake
[2.349s] -- Up-to-date: /home/mtrn/ros2_ws/install/interface/share/interface/cmake/ament_cmake_export_include_directories-extras.cmake
[2.349s] -- Up-to-date: /home/mtrn/ros2_ws/install/interface/share/interface/cmake/ament_cmake_export_libraries-extras.cmake
[2.349s] -- Up-to-date: /home/mtrn/ros2_ws/install/interface/share/interface/cmake/ament_cmake_export_targets-extras.cmake
[2.351s] -- Up-to-date: /home/mtrn/ros2_ws/install/interface/share/interface/cmake/rosidl_cmake_export_typesupport_targets-extras.cmake
[2.351s] -- Up-to-date: /home/mtrn/ros2_ws/install/interface/share/interface/cmake/rosidl_cmake_export_typesupport_libraries-extras.cmake
[2.351s] -- Up-to-date: /home/mtrn/ros2_ws/install/interface/share/interface/cmake/interfaceConfig.cmake
[2.351s] -- Up-to-date: /home/mtrn/ros2_ws/install/interface/share/interface/cmake/interfaceConfig-version.cmake
[2.351s] -- Up-to-date: /home/mtrn/ros2_ws/install/interface/share/interface/package.xml
[2.352s] Invoked command in '/home/mtrn/ros2_ws/build/interface' returned '0': CMAKE_PREFIX_PATH=${CMAKE_PREFIX_PATH}:/home/mtrn/4231/ws_moveit2/install/moveit_configs_utils:/home/mtrn/4231/ws_moveit2/install/launch_param_builder:/opt/ros/humble /usr/bin/cmake --install /home/mtrn/ros2_ws/build/interface
