/home/mtrn/ros2_ws/install/blue_detector/lib/python3.10/site-packages/blue_detector/testing.py
/home/mtrn/ros2_ws/install/blue_detector/lib/python3.10/site-packages/blue_detector/tf_utils.py
/home/mtrn/ros2_ws/install/blue_detector/lib/python3.10/site-packages/blue_detector/testnode.py
/home/mtrn/ros2_ws/install/blue_detector/lib/python3.10/site-packages/blue_detector/ros2commands.py
/home/mtrn/ros2_ws/install/blue_detector/lib/python3.10/site-packages/blue_detector/ros2node.py
/home/mtrn/ros2_ws/install/blue_detector/lib/python3.10/site-packages/blue_detector/PublishFinal.py
/home/mtrn/ros2_ws/install/blue_detector/lib/python3.10/site-packages/blue_detector/__pycache__/testing.cpython-310.pyc
/home/mtrn/ros2_ws/install/blue_detector/lib/python3.10/site-packages/blue_detector/__pycache__/tf_utils.cpython-310.pyc
/home/mtrn/ros2_ws/install/blue_detector/lib/python3.10/site-packages/blue_detector/__pycache__/testnode.cpython-310.pyc
/home/mtrn/ros2_ws/install/blue_detector/lib/python3.10/site-packages/blue_detector/__pycache__/ros2commands.cpython-310.pyc
/home/mtrn/ros2_ws/install/blue_detector/lib/python3.10/site-packages/blue_detector/__pycache__/ros2node.cpython-310.pyc
/home/mtrn/ros2_ws/install/blue_detector/lib/python3.10/site-packages/blue_detector/__pycache__/PublishFinal.cpython-310.pyc
/home/mtrn/ros2_ws/install/blue_detector/share/ament_index/resource_index/packages/blue_detector
/home/mtrn/ros2_ws/install/blue_detector/share/blue_detector/package.xml
/home/mtrn/ros2_ws/install/blue_detector/lib/python3.10/site-packages/blue_detector-0.0.0-py3.10.egg-info/zip-safe
/home/mtrn/ros2_ws/install/blue_detector/lib/python3.10/site-packages/blue_detector-0.0.0-py3.10.egg-info/requires.txt
/home/mtrn/ros2_ws/install/blue_detector/lib/python3.10/site-packages/blue_detector-0.0.0-py3.10.egg-info/entry_points.txt
/home/mtrn/ros2_ws/install/blue_detector/lib/python3.10/site-packages/blue_detector-0.0.0-py3.10.egg-info/top_level.txt
/home/mtrn/ros2_ws/install/blue_detector/lib/python3.10/site-packages/blue_detector-0.0.0-py3.10.egg-info/SOURCES.txt
/home/mtrn/ros2_ws/install/blue_detector/lib/python3.10/site-packages/blue_detector-0.0.0-py3.10.egg-info/PKG-INFO
/home/mtrn/ros2_ws/install/blue_detector/lib/python3.10/site-packages/blue_detector-0.0.0-py3.10.egg-info/dependency_links.txt
/home/mtrn/ros2_ws/install/blue_detector/lib/blue_detector/blue_detection_node
/home/mtrn/ros2_ws/install/blue_detector/lib/blue_detector/final_detect_node
/home/mtrn/ros2_ws/install/blue_detector/lib/blue_detector/image_convert
