[1.105s] Invoking command in '/home/mtrn/lab4-main/lab4-main/src/vision': PYTHONPATH=/home/mtrn/lab4-main/lab4-main/build/vision/prefix_override:/home/mtrn/lab4-main/lab4-main/install/vision/lib/python3.10/site-packages:${PYTHONPATH} /usr/bin/python3 setup.py egg_info --egg-base ../../build/vision build --build-base /home/mtrn/lab4-main/lab4-main/build/vision/build install --record /home/mtrn/lab4-main/lab4-main/build/vision/install.log --single-version-externally-managed
[1.389s] running egg_info
[1.390s] writing ../../build/vision/vision.egg-info/PKG-INFO
[1.390s] writing dependency_links to ../../build/vision/vision.egg-info/dependency_links.txt
[1.391s] writing entry points to ../../build/vision/vision.egg-info/entry_points.txt
[1.391s] writing requirements to ../../build/vision/vision.egg-info/requires.txt
[1.391s] writing top-level names to ../../build/vision/vision.egg-info/top_level.txt
[1.396s] reading manifest file '../../build/vision/vision.egg-info/SOURCES.txt'
[1.396s] adding license file 'LICENSE'
[1.396s] writing manifest file '../../build/vision/vision.egg-info/SOURCES.txt'
[1.396s] running build
[1.396s] running build_py
[1.398s] running install
[1.398s] /usr/lib/python3/dist-packages/setuptools/command/install.py:34: SetuptoolsDeprecationWarning: setup.py install is deprecated. Use build and pip and other standards-based tools.
[1.398s]   warnings.warn(
[1.399s] running install_lib
[1.400s] running install_data
[1.401s] running install_egg_info
[1.419s] removing '/home/mtrn/lab4-main/lab4-main/install/vision/lib/python3.10/site-packages/vision-0.0.0-py3.10.egg-info' (and everything under it)
[1.420s] Copying ../../build/vision/vision.egg-info to /home/mtrn/lab4-main/lab4-main/install/vision/lib/python3.10/site-packages/vision-0.0.0-py3.10.egg-info
[1.422s] running install_scripts
[1.455s] Installing perception_example script to /home/mtrn/lab4-main/lab4-main/install/vision/lib/vision
[1.455s] Installing testing script to /home/mtrn/lab4-main/lab4-main/install/vision/lib/vision
[1.455s] writing list of installed files to '/home/mtrn/lab4-main/lab4-main/build/vision/install.log'
[1.516s] Invoked command in '/home/mtrn/lab4-main/lab4-main/src/vision' returned '0': PYTHONPATH=/home/mtrn/lab4-main/lab4-main/build/vision/prefix_override:/home/mtrn/lab4-main/lab4-main/install/vision/lib/python3.10/site-packages:${PYTHONPATH} /usr/bin/python3 setup.py egg_info --egg-base ../../build/vision build --build-base /home/mtrn/lab4-main/lab4-main/build/vision/build install --record /home/mtrn/lab4-main/lab4-main/build/vision/install.log --single-version-externally-managed
