[0.399s] DEBUG:colcon:Command line arguments: ['/usr/bin/colcon', 'build']
[0.399s] DEBUG:colcon:Parsed command line arguments: Namespace(log_base=None, log_level=None, verb_name='build', build_base='build', install_base='install', merge_install=False, symlink_install=False, test_result_base=None, continue_on_error=False, executor='parallel', parallel_workers=4, event_handlers=None, ignore_user_meta=False, metas=['./colcon.meta'], base_paths=['.'], packages_ignore=None, packages_ignore_regex=None, paths=None, packages_up_to=None, packages_up_to_regex=None, packages_above=None, packages_above_and_dependencies=None, packages_above_depth=None, packages_select_by_dep=None, packages_skip_by_dep=None, packages_skip_up_to=None, packages_select_build_failed=False, packages_skip_build_finished=False, packages_select_test_failures=False, packages_skip_test_passed=False, packages_select=None, packages_skip=None, packages_select_regex=None, packages_skip_regex=None, packages_start=None, packages_end=None, allow_overriding=[], cmake_args=None, cmake_target=None, cmake_target_skip_unavailable=False, cmake_clean_cache=False, cmake_clean_first=False, cmake_force_configure=False, ament_cmake_args=None, catkin_cmake_args=None, catkin_skip_building_tests=False, mixin_files=None, mixin=None, verb_parser=<colcon_mixin.mixin.mixin_argument.MixinArgumentDecorator object at 0x7de22106f100>, verb_extension=<colcon_core.verb.build.BuildVerb object at 0x7de22105ca90>, main=<bound method BuildVerb.main of <colcon_core.verb.build.BuildVerb object at 0x7de22105ca90>>, mixin_verb=('build',))
[0.429s] Level 1:colcon.colcon_core.package_discovery:discover_packages(colcon_meta) check parameters
[0.429s] Level 1:colcon.colcon_core.package_discovery:discover_packages(recursive) check parameters
[0.429s] Level 1:colcon.colcon_core.package_discovery:discover_packages(ignore) check parameters
[0.429s] Level 1:colcon.colcon_core.package_discovery:discover_packages(path) check parameters
[0.429s] Level 1:colcon.colcon_core.package_discovery:discover_packages(colcon_meta) discover
[0.429s] Level 1:colcon.colcon_core.package_discovery:discover_packages(recursive) discover
[0.429s] INFO:colcon.colcon_core.package_discovery:Crawling recursively for packages in '/home/mtrn/ros2_ws/src/interface'
[0.429s] Level 1:colcon.colcon_core.package_identification:_identify(.) by extensions ['ignore', 'ignore_ament_install']
[0.430s] Level 1:colcon.colcon_core.package_identification:_identify(.) by extension 'ignore'
[0.430s] Level 1:colcon.colcon_core.package_identification:_identify(.) by extension 'ignore_ament_install'
[0.430s] Level 1:colcon.colcon_core.package_identification:_identify(.) by extensions ['colcon_pkg']
[0.430s] Level 1:colcon.colcon_core.package_identification:_identify(.) by extension 'colcon_pkg'
[0.430s] Level 1:colcon.colcon_core.package_identification:_identify(.) by extensions ['colcon_meta']
[0.430s] Level 1:colcon.colcon_core.package_identification:_identify(.) by extension 'colcon_meta'
[0.430s] Level 1:colcon.colcon_core.package_identification:_identify(.) by extensions ['ros']
[0.430s] Level 1:colcon.colcon_core.package_identification:_identify(.) by extension 'ros'
[0.445s] DEBUG:colcon.colcon_core.package_identification:Package '.' with type 'ros.ament_cmake' and name 'interface'
[0.445s] Level 1:colcon.colcon_core.package_discovery:discover_packages(recursive) using defaults
[0.445s] Level 1:colcon.colcon_core.package_discovery:discover_packages(ignore) discover
[0.445s] Level 1:colcon.colcon_core.package_discovery:discover_packages(ignore) using defaults
[0.445s] Level 1:colcon.colcon_core.package_discovery:discover_packages(path) discover
[0.445s] Level 1:colcon.colcon_core.package_discovery:discover_packages(path) using defaults
[0.500s] Level 1:colcon.colcon_core.package_discovery:discover_packages(prefix_path) check parameters
[0.500s] Level 1:colcon.colcon_core.package_discovery:discover_packages(prefix_path) discover
[0.505s] DEBUG:colcon.colcon_installed_package_information.package_discovery:Found 7 installed packages in /home/mtrn/4231/ros_ur_driver/install
[0.508s] DEBUG:colcon.colcon_installed_package_information.package_discovery:Found 55 installed packages in /home/mtrn/4231/ws_moveit2/install
[0.510s] DEBUG:colcon.colcon_installed_package_information.package_discovery:Found 345 installed packages in /opt/ros/humble
[0.512s] Level 1:colcon.colcon_core.package_discovery:discover_packages(prefix_path) using defaults
[0.581s] Level 5:colcon.colcon_core.verb:set package 'interface' build argument 'cmake_args' from command line to 'None'
[0.581s] Level 5:colcon.colcon_core.verb:set package 'interface' build argument 'cmake_target' from command line to 'None'
[0.581s] Level 5:colcon.colcon_core.verb:set package 'interface' build argument 'cmake_target_skip_unavailable' from command line to 'False'
[0.581s] Level 5:colcon.colcon_core.verb:set package 'interface' build argument 'cmake_clean_cache' from command line to 'False'
[0.581s] Level 5:colcon.colcon_core.verb:set package 'interface' build argument 'cmake_clean_first' from command line to 'False'
[0.581s] Level 5:colcon.colcon_core.verb:set package 'interface' build argument 'cmake_force_configure' from command line to 'False'
[0.581s] Level 5:colcon.colcon_core.verb:set package 'interface' build argument 'ament_cmake_args' from command line to 'None'
[0.581s] Level 5:colcon.colcon_core.verb:set package 'interface' build argument 'catkin_cmake_args' from command line to 'None'
[0.581s] Level 5:colcon.colcon_core.verb:set package 'interface' build argument 'catkin_skip_building_tests' from command line to 'False'
[0.581s] DEBUG:colcon.colcon_core.verb:Building package 'interface' with the following arguments: {'ament_cmake_args': None, 'build_base': '/home/mtrn/ros2_ws/src/interface/build/interface', 'catkin_cmake_args': None, 'catkin_skip_building_tests': False, 'cmake_args': None, 'cmake_clean_cache': False, 'cmake_clean_first': False, 'cmake_force_configure': False, 'cmake_target': None, 'cmake_target_skip_unavailable': False, 'install_base': '/home/mtrn/ros2_ws/src/interface/install/interface', 'merge_install': False, 'path': '/home/mtrn/ros2_ws/src/interface', 'symlink_install': False, 'test_result_base': None}
[0.583s] INFO:colcon.colcon_core.executor:Executing jobs using 'parallel' executor
[0.589s] DEBUG:colcon.colcon_parallel_executor.executor.parallel:run_until_complete
[0.589s] INFO:colcon.colcon_ros.task.ament_cmake.build:Building ROS package in '/home/mtrn/ros2_ws/src/interface' with build type 'ament_cmake'
[0.589s] INFO:colcon.colcon_cmake.task.cmake.build:Building CMake package in '/home/mtrn/ros2_ws/src/interface'
[0.595s] INFO:colcon.colcon_core.plugin_system:Skipping extension 'colcon_core.shell.bat': Not used on non-Windows systems
[0.595s] INFO:colcon.colcon_core.shell:Skip shell extension 'powershell' for command environment: Not usable outside of PowerShell
[0.595s] DEBUG:colcon.colcon_core.shell:Skip shell extension 'dsv' for command environment
[0.617s] DEBUG:colcon.colcon_core.event_handler.log_command:Invoking command in '/home/mtrn/ros2_ws/src/interface/build/interface': CMAKE_PREFIX_PATH=${CMAKE_PREFIX_PATH}:/home/mtrn/4231/ws_moveit2/install/moveit_configs_utils:/home/mtrn/4231/ws_moveit2/install/launch_param_builder:/opt/ros/humble /usr/bin/cmake --build /home/mtrn/ros2_ws/src/interface/build/interface -- -j4 -l4
[0.650s] DEBUG:colcon.colcon_core.event_handler.log_command:Invoked command in '/home/mtrn/ros2_ws/src/interface/build/interface' returned '2': CMAKE_PREFIX_PATH=${CMAKE_PREFIX_PATH}:/home/mtrn/4231/ws_moveit2/install/moveit_configs_utils:/home/mtrn/4231/ws_moveit2/install/launch_param_builder:/opt/ros/humble /usr/bin/cmake --build /home/mtrn/ros2_ws/src/interface/build/interface -- -j4 -l4
[0.759s] Level 1:colcon.colcon_core.environment:create_environment_scripts_only(interface)
[0.765s] Level 1:colcon.colcon_core.environment:checking '/home/mtrn/ros2_ws/src/interface/install/interface' for CMake module files
[0.766s] Level 1:colcon.colcon_core.environment:checking '/home/mtrn/ros2_ws/src/interface/install/interface' for CMake config files
[0.766s] Level 1:colcon.colcon_core.shell:create_environment_hook('interface', 'cmake_prefix_path')
[0.769s] INFO:colcon.colcon_core.shell:Creating environment hook '/home/mtrn/ros2_ws/src/interface/install/interface/share/interface/hook/cmake_prefix_path.ps1'
[0.770s] INFO:colcon.colcon_core.shell:Creating environment descriptor '/home/mtrn/ros2_ws/src/interface/install/interface/share/interface/hook/cmake_prefix_path.dsv'
[0.770s] INFO:colcon.colcon_core.shell:Creating environment hook '/home/mtrn/ros2_ws/src/interface/install/interface/share/interface/hook/cmake_prefix_path.sh'
[0.771s] Level 1:colcon.colcon_core.environment:checking '/home/mtrn/ros2_ws/src/interface/install/interface/lib'
[0.771s] Level 1:colcon.colcon_core.shell:create_environment_hook('interface', 'ld_library_path_lib')
[0.774s] INFO:colcon.colcon_core.shell:Creating environment hook '/home/mtrn/ros2_ws/src/interface/install/interface/share/interface/hook/ld_library_path_lib.ps1'
[0.774s] INFO:colcon.colcon_core.shell:Creating environment descriptor '/home/mtrn/ros2_ws/src/interface/install/interface/share/interface/hook/ld_library_path_lib.dsv'
[0.775s] INFO:colcon.colcon_core.shell:Creating environment hook '/home/mtrn/ros2_ws/src/interface/install/interface/share/interface/hook/ld_library_path_lib.sh'
[0.775s] Level 1:colcon.colcon_core.environment:checking '/home/mtrn/ros2_ws/src/interface/install/interface/bin'
[0.775s] Level 1:colcon.colcon_core.environment:checking '/home/mtrn/ros2_ws/src/interface/install/interface/lib/pkgconfig/interface.pc'
[0.775s] Level 1:colcon.colcon_core.environment:checking '/home/mtrn/ros2_ws/src/interface/install/interface/lib/python3.10/site-packages'
[0.775s] Level 1:colcon.colcon_core.environment:checking '/home/mtrn/ros2_ws/src/interface/install/interface/bin'
[0.778s] INFO:colcon.colcon_core.shell:Creating package script '/home/mtrn/ros2_ws/src/interface/install/interface/share/interface/package.ps1'
[0.779s] INFO:colcon.colcon_core.shell:Creating package descriptor '/home/mtrn/ros2_ws/src/interface/install/interface/share/interface/package.dsv'
[0.779s] INFO:colcon.colcon_core.shell:Creating package script '/home/mtrn/ros2_ws/src/interface/install/interface/share/interface/package.sh'
[0.780s] INFO:colcon.colcon_core.shell:Creating package script '/home/mtrn/ros2_ws/src/interface/install/interface/share/interface/package.bash'
[0.781s] INFO:colcon.colcon_core.shell:Creating package script '/home/mtrn/ros2_ws/src/interface/install/interface/share/interface/package.zsh'
[0.781s] Level 1:colcon.colcon_core.environment:create_file_with_runtime_dependencies(/home/mtrn/ros2_ws/src/interface/install/interface/share/colcon-core/packages/interface)
[0.794s] DEBUG:colcon.colcon_parallel_executor.executor.parallel:closing loop
[0.794s] DEBUG:colcon.colcon_parallel_executor.executor.parallel:loop closed
[0.794s] DEBUG:colcon.colcon_parallel_executor.executor.parallel:run_until_complete finished with '2'
[0.794s] DEBUG:colcon.colcon_core.event_reactor:joining thread
[0.803s] INFO:colcon.colcon_core.plugin_system:Skipping extension 'colcon_notification.desktop_notification.terminal_notifier': Not used on non-Darwin systems
[0.803s] INFO:colcon.colcon_core.plugin_system:Skipping extension 'colcon_notification.desktop_notification.win32': Not used on non-Windows systems
[0.803s] INFO:colcon.colcon_notification.desktop_notification:Sending desktop notification using 'notify2'
[0.816s] DEBUG:colcon.colcon_core.event_reactor:joined thread
[0.819s] INFO:colcon.colcon_core.shell:Creating prefix script '/home/mtrn/ros2_ws/src/interface/install/local_setup.ps1'
[0.820s] INFO:colcon.colcon_core.shell:Creating prefix util module '/home/mtrn/ros2_ws/src/interface/install/_local_setup_util_ps1.py'
[0.822s] INFO:colcon.colcon_core.shell:Creating prefix chain script '/home/mtrn/ros2_ws/src/interface/install/setup.ps1'
[0.827s] INFO:colcon.colcon_core.shell:Creating prefix script '/home/mtrn/ros2_ws/src/interface/install/local_setup.sh'
[0.828s] INFO:colcon.colcon_core.shell:Creating prefix util module '/home/mtrn/ros2_ws/src/interface/install/_local_setup_util_sh.py'
[0.829s] INFO:colcon.colcon_core.shell:Creating prefix chain script '/home/mtrn/ros2_ws/src/interface/install/setup.sh'
[0.834s] INFO:colcon.colcon_core.shell:Creating prefix script '/home/mtrn/ros2_ws/src/interface/install/local_setup.bash'
[0.835s] INFO:colcon.colcon_core.shell:Creating prefix chain script '/home/mtrn/ros2_ws/src/interface/install/setup.bash'
[0.839s] INFO:colcon.colcon_core.shell:Creating prefix script '/home/mtrn/ros2_ws/src/interface/install/local_setup.zsh'
[0.839s] INFO:colcon.colcon_core.shell:Creating prefix chain script '/home/mtrn/ros2_ws/src/interface/install/setup.zsh'
