running egg_info
writing ../build/blue_detector/blue_detector.egg-info/PKG-INFO
writing dependency_links to ../build/blue_detector/blue_detector.egg-info/dependency_links.txt
writing entry points to ../build/blue_detector/blue_detector.egg-info/entry_points.txt
writing requirements to ../build/blue_detector/blue_detector.egg-info/requires.txt
writing top-level names to ../build/blue_detector/blue_detector.egg-info/top_level.txt
reading manifest file '../build/blue_detector/blue_detector.egg-info/SOURCES.txt'
writing manifest file '../build/blue_detector/blue_detector.egg-info/SOURCES.txt'
running build
running build_py
copying blue_detector/testing.py -> /home/mtrn/ros2_ws/src/build/blue_detector/build/lib/blue_detector
copying blue_detector/tf_utils.py -> /home/mtrn/ros2_ws/src/build/blue_detector/build/lib/blue_detector
copying blue_detector/testnode.py -> /home/mtrn/ros2_ws/src/build/blue_detector/build/lib/blue_detector
copying blue_detector/PublishFinal.py -> /home/mtrn/ros2_ws/src/build/blue_detector/build/lib/blue_detector
running install
running install_lib
copying /home/mtrn/ros2_ws/src/build/blue_detector/build/lib/blue_detector/testing.py -> /home/mtrn/ros2_ws/src/install/blue_detector/lib/python3.10/site-packages/blue_detector
copying /home/mtrn/ros2_ws/src/build/blue_detector/build/lib/blue_detector/tf_utils.py -> /home/mtrn/ros2_ws/src/install/blue_detector/lib/python3.10/site-packages/blue_detector
copying /home/mtrn/ros2_ws/src/build/blue_detector/build/lib/blue_detector/testnode.py -> /home/mtrn/ros2_ws/src/install/blue_detector/lib/python3.10/site-packages/blue_detector
copying /home/mtrn/ros2_ws/src/build/blue_detector/build/lib/blue_detector/PublishFinal.py -> /home/mtrn/ros2_ws/src/install/blue_detector/lib/python3.10/site-packages/blue_detector
byte-compiling /home/mtrn/ros2_ws/src/install/blue_detector/lib/python3.10/site-packages/blue_detector/testing.py to testing.cpython-310.pyc
byte-compiling /home/mtrn/ros2_ws/src/install/blue_detector/lib/python3.10/site-packages/blue_detector/tf_utils.py to tf_utils.cpython-310.pyc
byte-compiling /home/mtrn/ros2_ws/src/install/blue_detector/lib/python3.10/site-packages/blue_detector/testnode.py to testnode.cpython-310.pyc
byte-compiling /home/mtrn/ros2_ws/src/install/blue_detector/lib/python3.10/site-packages/blue_detector/PublishFinal.py to PublishFinal.cpython-310.pyc
running install_data
copying package.xml -> /home/mtrn/ros2_ws/src/install/blue_detector/share/blue_detector
running install_egg_info
removing '/home/mtrn/ros2_ws/src/install/blue_detector/lib/python3.10/site-packages/blue_detector-0.0.0-py3.10.egg-info' (and everything under it)
Copying ../build/blue_detector/blue_detector.egg-info to /home/mtrn/ros2_ws/src/install/blue_detector/lib/python3.10/site-packages/blue_detector-0.0.0-py3.10.egg-info
running install_scripts
Installing blue_detection_node script to /home/mtrn/ros2_ws/src/install/blue_detector/lib/blue_detector
Installing final_detect_node script to /home/mtrn/ros2_ws/src/install/blue_detector/lib/blue_detector
Installing image_convert script to /home/mtrn/ros2_ws/src/install/blue_detector/lib/blue_detector
writing list of installed files to '/home/mtrn/ros2_ws/src/build/blue_detector/install.log'
