[0.697s] Invoking command in '/home/mtrn/ros2_ws/src/blue_detector': AMENT_PREFIX_PATH=/home/mtrn/ros2_ws/src/install/interface:${AMENT_PREFIX_PATH} CMAKE_PREFIX_PATH=/home/mtrn/ros2_ws/src/install/interface:${CMAKE_PREFIX_PATH} LD_LIBRARY_PATH=/home/mtrn/ros2_ws/src/install/interface/lib:${LD_LIBRARY_PATH} PYTHONPATH=/home/mtrn/ros2_ws/src/build/blue_detector/prefix_override:/home/mtrn/ros2_ws/src/install/blue_detector/lib/python3.10/site-packages:/home/mtrn/ros2_ws/src/install/interface/local/lib/python3.10/dist-packages:${PYTHONPATH} /usr/bin/python3 setup.py egg_info --egg-base ../build/blue_detector build --build-base /home/mtrn/ros2_ws/src/build/blue_detector/build install --record /home/mtrn/ros2_ws/src/build/blue_detector/install.log --single-version-externally-managed
[0.955s] running egg_info
[0.956s] writing ../build/blue_detector/blue_detector.egg-info/PKG-INFO
[0.956s] writing dependency_links to ../build/blue_detector/blue_detector.egg-info/dependency_links.txt
[0.956s] writing entry points to ../build/blue_detector/blue_detector.egg-info/entry_points.txt
[0.957s] writing requirements to ../build/blue_detector/blue_detector.egg-info/requires.txt
[0.957s] writing top-level names to ../build/blue_detector/blue_detector.egg-info/top_level.txt
[0.958s] package init file 'blue_detector/__init__.py' not found (or not a regular file)
[0.958s] reading manifest file '../build/blue_detector/blue_detector.egg-info/SOURCES.txt'
[0.959s] writing manifest file '../build/blue_detector/blue_detector.egg-info/SOURCES.txt'
[0.960s] running build
[0.960s] running build_py
[0.960s] copying blue_detector/testing.py -> /home/mtrn/ros2_ws/src/build/blue_detector/build/lib/blue_detector
[0.960s] copying blue_detector/tf_utils.py -> /home/mtrn/ros2_ws/src/build/blue_detector/build/lib/blue_detector
[0.960s] copying blue_detector/testnode.py -> /home/mtrn/ros2_ws/src/build/blue_detector/build/lib/blue_detector
[0.961s] copying blue_detector/PublishFinal.py -> /home/mtrn/ros2_ws/src/build/blue_detector/build/lib/blue_detector
[0.963s] running install
[0.963s] /usr/lib/python3/dist-packages/setuptools/command/install.py:34: SetuptoolsDeprecationWarning: setup.py install is deprecated. Use build and pip and other standards-based tools.
[0.963s]   warnings.warn(
[0.963s] running install_lib
[0.963s] copying /home/mtrn/ros2_ws/src/build/blue_detector/build/lib/blue_detector/testing.py -> /home/mtrn/ros2_ws/src/install/blue_detector/lib/python3.10/site-packages/blue_detector
[0.963s] copying /home/mtrn/ros2_ws/src/build/blue_detector/build/lib/blue_detector/tf_utils.py -> /home/mtrn/ros2_ws/src/install/blue_detector/lib/python3.10/site-packages/blue_detector
[0.963s] copying /home/mtrn/ros2_ws/src/build/blue_detector/build/lib/blue_detector/testnode.py -> /home/mtrn/ros2_ws/src/install/blue_detector/lib/python3.10/site-packages/blue_detector
[0.963s] copying /home/mtrn/ros2_ws/src/build/blue_detector/build/lib/blue_detector/PublishFinal.py -> /home/mtrn/ros2_ws/src/install/blue_detector/lib/python3.10/site-packages/blue_detector
[0.963s] byte-compiling /home/mtrn/ros2_ws/src/install/blue_detector/lib/python3.10/site-packages/blue_detector/testing.py to testing.cpython-310.pyc
[0.965s] byte-compiling /home/mtrn/ros2_ws/src/install/blue_detector/lib/python3.10/site-packages/blue_detector/tf_utils.py to tf_utils.cpython-310.pyc
[0.966s] byte-compiling /home/mtrn/ros2_ws/src/install/blue_detector/lib/python3.10/site-packages/blue_detector/testnode.py to testnode.cpython-310.pyc
[0.966s] byte-compiling /home/mtrn/ros2_ws/src/install/blue_detector/lib/python3.10/site-packages/blue_detector/PublishFinal.py to PublishFinal.cpython-310.pyc
[0.967s] running install_data
[0.968s] copying package.xml -> /home/mtrn/ros2_ws/src/install/blue_detector/share/blue_detector
[0.968s] running install_egg_info
[0.984s] removing '/home/mtrn/ros2_ws/src/install/blue_detector/lib/python3.10/site-packages/blue_detector-0.0.0-py3.10.egg-info' (and everything under it)
[0.985s] Copying ../build/blue_detector/blue_detector.egg-info to /home/mtrn/ros2_ws/src/install/blue_detector/lib/python3.10/site-packages/blue_detector-0.0.0-py3.10.egg-info
[0.986s] running install_scripts
[1.011s] Installing blue_detection_node script to /home/mtrn/ros2_ws/src/install/blue_detector/lib/blue_detector
[1.012s] Installing final_detect_node script to /home/mtrn/ros2_ws/src/install/blue_detector/lib/blue_detector
[1.012s] Installing image_convert script to /home/mtrn/ros2_ws/src/install/blue_detector/lib/blue_detector
[1.012s] writing list of installed files to '/home/mtrn/ros2_ws/src/build/blue_detector/install.log'
[1.042s] Invoked command in '/home/mtrn/ros2_ws/src/blue_detector' returned '0': AMENT_PREFIX_PATH=/home/mtrn/ros2_ws/src/install/interface:${AMENT_PREFIX_PATH} CMAKE_PREFIX_PATH=/home/mtrn/ros2_ws/src/install/interface:${CMAKE_PREFIX_PATH} LD_LIBRARY_PATH=/home/mtrn/ros2_ws/src/install/interface/lib:${LD_LIBRARY_PATH} PYTHONPATH=/home/mtrn/ros2_ws/src/build/blue_detector/prefix_override:/home/mtrn/ros2_ws/src/install/blue_detector/lib/python3.10/site-packages:/home/mtrn/ros2_ws/src/install/interface/local/lib/python3.10/dist-packages:${PYTHONPATH} /usr/bin/python3 setup.py egg_info --egg-base ../build/blue_detector build --build-base /home/mtrn/ros2_ws/src/build/blue_detector/build install --record /home/mtrn/ros2_ws/src/build/blue_detector/install.log --single-version-externally-managed
