running egg_info
writing ../../build/transformation/transformation.egg-info/PKG-INFO
writing dependency_links to ../../build/transformation/transformation.egg-info/dependency_links.txt
writing entry points to ../../build/transformation/transformation.egg-info/entry_points.txt
writing requirements to ../../build/transformation/transformation.egg-info/requires.txt
writing top-level names to ../../build/transformation/transformation.egg-info/top_level.txt
reading manifest file '../../build/transformation/transformation.egg-info/SOURCES.txt'
writing manifest file '../../build/transformation/transformation.egg-info/SOURCES.txt'
running build
running build_py
copying transformation/tf_main.py -> /home/mtrn/lab4-main/lab4-main/build/transformation/build/lib/transformation
running install
/usr/lib/python3/dist-packages/setuptools/command/install.py:34: SetuptoolsDeprecationWarning: setup.py install is deprecated. Use build and pip and other standards-based tools.
  warnings.warn(
running install_lib
copying /home/mtrn/lab4-main/lab4-main/build/transformation/build/lib/transformation/tf_main.py -> /home/mtrn/lab4-main/lab4-main/install/transformation/lib/python3.10/site-packages/transformation
byte-compiling /home/mtrn/lab4-main/lab4-main/install/transformation/lib/python3.10/site-packages/transformation/tf_main.py to tf_main.cpython-310.pyc
running install_data
running install_egg_info
removing '/home/mtrn/lab4-main/lab4-main/install/transformation/lib/python3.10/site-packages/transformation-0.0.0-py3.10.egg-info' (and everything under it)
Copying ../../build/transformation/transformation.egg-info to /home/mtrn/lab4-main/lab4-main/install/transformation/lib/python3.10/site-packages/transformation-0.0.0-py3.10.egg-info
running install_scripts
Installing main script to /home/mtrn/lab4-main/lab4-main/install/transformation/lib/transformation
writing list of installed files to '/home/mtrn/lab4-main/lab4-main/build/transformation/install.log'
