[0.779s] DEBUG:colcon:Command line arguments: ['/usr/bin/colcon', 'build']
[0.779s] DEBUG:colcon:Parsed command line arguments: Namespace(log_base=None, log_level=None, verb_name='build', build_base='build', install_base='install', merge_install=False, symlink_install=False, test_result_base=None, continue_on_error=False, executor='parallel', parallel_workers=4, event_handlers=None, ignore_user_meta=False, metas=['./colcon.meta'], base_paths=['.'], packages_ignore=None, packages_ignore_regex=None, paths=None, packages_up_to=None, packages_up_to_regex=None, packages_above=None, packages_above_and_dependencies=None, packages_above_depth=None, packages_select_by_dep=None, packages_skip_by_dep=None, packages_skip_up_to=None, packages_select_build_failed=False, packages_skip_build_finished=False, packages_select_test_failures=False, packages_skip_test_passed=False, packages_select=None, packages_skip=None, packages_select_regex=None, packages_skip_regex=None, packages_start=None, packages_end=None, allow_overriding=[], cmake_args=None, cmake_target=None, cmake_target_skip_unavailable=False, cmake_clean_cache=False, cmake_clean_first=False, cmake_force_configure=False, ament_cmake_args=None, catkin_cmake_args=None, catkin_skip_building_tests=False, mixin_files=None, mixin=None, verb_parser=<colcon_mixin.mixin.mixin_argument.MixinArgumentDecorator object at 0x709564defc40>, verb_extension=<colcon_core.verb.build.BuildVerb object at 0x709564ddf490>, main=<bound method BuildVerb.main of <colcon_core.verb.build.BuildVerb object at 0x709564ddf490>>, mixin_verb=('build',))
[0.842s] Level 1:colcon.colcon_core.package_discovery:discover_packages(colcon_meta) check parameters
[0.842s] Level 1:colcon.colcon_core.package_discovery:discover_packages(recursive) check parameters
[0.842s] Level 1:colcon.colcon_core.package_discovery:discover_packages(ignore) check parameters
[0.842s] Level 1:colcon.colcon_core.package_discovery:discover_packages(path) check parameters
[0.842s] Level 1:colcon.colcon_core.package_discovery:discover_packages(colcon_meta) discover
[0.843s] Level 1:colcon.colcon_core.package_discovery:discover_packages(recursive) discover
[0.843s] INFO:colcon.colcon_core.package_discovery:Crawling recursively for packages in '/home/mtrn/lab4-main/lab4-main'
[0.843s] Level 1:colcon.colcon_core.package_identification:_identify(.) by extensions ['ignore', 'ignore_ament_install']
[0.843s] Level 1:colcon.colcon_core.package_identification:_identify(.) by extension 'ignore'
[0.843s] Level 1:colcon.colcon_core.package_identification:_identify(.) by extension 'ignore_ament_install'
[0.843s] Level 1:colcon.colcon_core.package_identification:_identify(.) by extensions ['colcon_pkg']
[0.843s] Level 1:colcon.colcon_core.package_identification:_identify(.) by extension 'colcon_pkg'
[0.843s] Level 1:colcon.colcon_core.package_identification:_identify(.) by extensions ['colcon_meta']
[0.843s] Level 1:colcon.colcon_core.package_identification:_identify(.) by extension 'colcon_meta'
[0.843s] Level 1:colcon.colcon_core.package_identification:_identify(.) by extensions ['ros']
[0.843s] Level 1:colcon.colcon_core.package_identification:_identify(.) by extension 'ros'
[0.881s] Level 1:colcon.colcon_core.package_identification:_identify(.) by extensions ['cmake', 'python']
[0.881s] Level 1:colcon.colcon_core.package_identification:_identify(.) by extension 'cmake'
[0.881s] Level 1:colcon.colcon_core.package_identification:_identify(.) by extension 'python'
[0.881s] Level 1:colcon.colcon_core.package_identification:_identify(.) by extensions ['python_setup_py']
[0.881s] Level 1:colcon.colcon_core.package_identification:_identify(.) by extension 'python_setup_py'
[0.881s] Level 1:colcon.colcon_core.package_identification:_identify(build) by extensions ['ignore', 'ignore_ament_install']
[0.881s] Level 1:colcon.colcon_core.package_identification:_identify(build) by extension 'ignore'
[0.882s] Level 1:colcon.colcon_core.package_identification:_identify(build) ignored
[0.882s] Level 1:colcon.colcon_core.package_identification:_identify(install) by extensions ['ignore', 'ignore_ament_install']
[0.882s] Level 1:colcon.colcon_core.package_identification:_identify(install) by extension 'ignore'
[0.882s] Level 1:colcon.colcon_core.package_identification:_identify(install) ignored
[0.882s] Level 1:colcon.colcon_core.package_identification:_identify(log) by extensions ['ignore', 'ignore_ament_install']
[0.882s] Level 1:colcon.colcon_core.package_identification:_identify(log) by extension 'ignore'
[0.882s] Level 1:colcon.colcon_core.package_identification:_identify(log) ignored
[0.882s] Level 1:colcon.colcon_core.package_identification:_identify(my_dataset) by extensions ['ignore', 'ignore_ament_install']
[0.882s] Level 1:colcon.colcon_core.package_identification:_identify(my_dataset) by extension 'ignore'
[0.882s] Level 1:colcon.colcon_core.package_identification:_identify(my_dataset) by extension 'ignore_ament_install'
[0.882s] Level 1:colcon.colcon_core.package_identification:_identify(my_dataset) by extensions ['colcon_pkg']
[0.882s] Level 1:colcon.colcon_core.package_identification:_identify(my_dataset) by extension 'colcon_pkg'
[0.882s] Level 1:colcon.colcon_core.package_identification:_identify(my_dataset) by extensions ['colcon_meta']
[0.882s] Level 1:colcon.colcon_core.package_identification:_identify(my_dataset) by extension 'colcon_meta'
[0.883s] Level 1:colcon.colcon_core.package_identification:_identify(my_dataset) by extensions ['ros']
[0.883s] Level 1:colcon.colcon_core.package_identification:_identify(my_dataset) by extension 'ros'
[0.883s] Level 1:colcon.colcon_core.package_identification:_identify(my_dataset) by extensions ['cmake', 'python']
[0.883s] Level 1:colcon.colcon_core.package_identification:_identify(my_dataset) by extension 'cmake'
[0.883s] Level 1:colcon.colcon_core.package_identification:_identify(my_dataset) by extension 'python'
[0.883s] Level 1:colcon.colcon_core.package_identification:_identify(my_dataset) by extensions ['python_setup_py']
[0.883s] Level 1:colcon.colcon_core.package_identification:_identify(my_dataset) by extension 'python_setup_py'
[0.883s] Level 1:colcon.colcon_core.package_identification:_identify(my_dataset/train) by extensions ['ignore', 'ignore_ament_install']
[0.883s] Level 1:colcon.colcon_core.package_identification:_identify(my_dataset/train) by extension 'ignore'
[0.883s] Level 1:colcon.colcon_core.package_identification:_identify(my_dataset/train) by extension 'ignore_ament_install'
[0.883s] Level 1:colcon.colcon_core.package_identification:_identify(my_dataset/train) by extensions ['colcon_pkg']
[0.883s] Level 1:colcon.colcon_core.package_identification:_identify(my_dataset/train) by extension 'colcon_pkg'
[0.883s] Level 1:colcon.colcon_core.package_identification:_identify(my_dataset/train) by extensions ['colcon_meta']
[0.883s] Level 1:colcon.colcon_core.package_identification:_identify(my_dataset/train) by extension 'colcon_meta'
[0.883s] Level 1:colcon.colcon_core.package_identification:_identify(my_dataset/train) by extensions ['ros']
[0.883s] Level 1:colcon.colcon_core.package_identification:_identify(my_dataset/train) by extension 'ros'
[0.883s] Level 1:colcon.colcon_core.package_identification:_identify(my_dataset/train) by extensions ['cmake', 'python']
[0.883s] Level 1:colcon.colcon_core.package_identification:_identify(my_dataset/train) by extension 'cmake'
[0.884s] Level 1:colcon.colcon_core.package_identification:_identify(my_dataset/train) by extension 'python'
[0.884s] Level 1:colcon.colcon_core.package_identification:_identify(my_dataset/train) by extensions ['python_setup_py']
[0.884s] Level 1:colcon.colcon_core.package_identification:_identify(my_dataset/train) by extension 'python_setup_py'
[0.884s] Level 1:colcon.colcon_core.package_identification:_identify(my_dataset/train/images) by extensions ['ignore', 'ignore_ament_install']
[0.884s] Level 1:colcon.colcon_core.package_identification:_identify(my_dataset/train/images) by extension 'ignore'
[0.884s] Level 1:colcon.colcon_core.package_identification:_identify(my_dataset/train/images) by extension 'ignore_ament_install'
[0.884s] Level 1:colcon.colcon_core.package_identification:_identify(my_dataset/train/images) by extensions ['colcon_pkg']
[0.884s] Level 1:colcon.colcon_core.package_identification:_identify(my_dataset/train/images) by extension 'colcon_pkg'
[0.884s] Level 1:colcon.colcon_core.package_identification:_identify(my_dataset/train/images) by extensions ['colcon_meta']
[0.884s] Level 1:colcon.colcon_core.package_identification:_identify(my_dataset/train/images) by extension 'colcon_meta'
[0.884s] Level 1:colcon.colcon_core.package_identification:_identify(my_dataset/train/images) by extensions ['ros']
[0.884s] Level 1:colcon.colcon_core.package_identification:_identify(my_dataset/train/images) by extension 'ros'
[0.884s] Level 1:colcon.colcon_core.package_identification:_identify(my_dataset/train/images) by extensions ['cmake', 'python']
[0.884s] Level 1:colcon.colcon_core.package_identification:_identify(my_dataset/train/images) by extension 'cmake'
[0.884s] Level 1:colcon.colcon_core.package_identification:_identify(my_dataset/train/images) by extension 'python'
[0.884s] Level 1:colcon.colcon_core.package_identification:_identify(my_dataset/train/images) by extensions ['python_setup_py']
[0.884s] Level 1:colcon.colcon_core.package_identification:_identify(my_dataset/train/images) by extension 'python_setup_py'
[0.885s] Level 1:colcon.colcon_core.package_identification:_identify(my_dataset/train/labels) by extensions ['ignore', 'ignore_ament_install']
[0.885s] Level 1:colcon.colcon_core.package_identification:_identify(my_dataset/train/labels) by extension 'ignore'
[0.885s] Level 1:colcon.colcon_core.package_identification:_identify(my_dataset/train/labels) by extension 'ignore_ament_install'
[0.885s] Level 1:colcon.colcon_core.package_identification:_identify(my_dataset/train/labels) by extensions ['colcon_pkg']
[0.885s] Level 1:colcon.colcon_core.package_identification:_identify(my_dataset/train/labels) by extension 'colcon_pkg'
[0.885s] Level 1:colcon.colcon_core.package_identification:_identify(my_dataset/train/labels) by extensions ['colcon_meta']
[0.885s] Level 1:colcon.colcon_core.package_identification:_identify(my_dataset/train/labels) by extension 'colcon_meta'
[0.885s] Level 1:colcon.colcon_core.package_identification:_identify(my_dataset/train/labels) by extensions ['ros']
[0.885s] Level 1:colcon.colcon_core.package_identification:_identify(my_dataset/train/labels) by extension 'ros'
[0.885s] Level 1:colcon.colcon_core.package_identification:_identify(my_dataset/train/labels) by extensions ['cmake', 'python']
[0.886s] Level 1:colcon.colcon_core.package_identification:_identify(my_dataset/train/labels) by extension 'cmake'
[0.886s] Level 1:colcon.colcon_core.package_identification:_identify(my_dataset/train/labels) by extension 'python'
[0.886s] Level 1:colcon.colcon_core.package_identification:_identify(my_dataset/train/labels) by extensions ['python_setup_py']
[0.886s] Level 1:colcon.colcon_core.package_identification:_identify(my_dataset/train/labels) by extension 'python_setup_py'
[0.886s] Level 1:colcon.colcon_core.package_identification:_identify(my_dataset/val) by extensions ['ignore', 'ignore_ament_install']
[0.886s] Level 1:colcon.colcon_core.package_identification:_identify(my_dataset/val) by extension 'ignore'
[0.886s] Level 1:colcon.colcon_core.package_identification:_identify(my_dataset/val) by extension 'ignore_ament_install'
[0.887s] Level 1:colcon.colcon_core.package_identification:_identify(my_dataset/val) by extensions ['colcon_pkg']
[0.887s] Level 1:colcon.colcon_core.package_identification:_identify(my_dataset/val) by extension 'colcon_pkg'
[0.887s] Level 1:colcon.colcon_core.package_identification:_identify(my_dataset/val) by extensions ['colcon_meta']
[0.887s] Level 1:colcon.colcon_core.package_identification:_identify(my_dataset/val) by extension 'colcon_meta'
[0.887s] Level 1:colcon.colcon_core.package_identification:_identify(my_dataset/val) by extensions ['ros']
[0.887s] Level 1:colcon.colcon_core.package_identification:_identify(my_dataset/val) by extension 'ros'
[0.887s] Level 1:colcon.colcon_core.package_identification:_identify(my_dataset/val) by extensions ['cmake', 'python']
[0.887s] Level 1:colcon.colcon_core.package_identification:_identify(my_dataset/val) by extension 'cmake'
[0.887s] Level 1:colcon.colcon_core.package_identification:_identify(my_dataset/val) by extension 'python'
[0.887s] Level 1:colcon.colcon_core.package_identification:_identify(my_dataset/val) by extensions ['python_setup_py']
[0.887s] Level 1:colcon.colcon_core.package_identification:_identify(my_dataset/val) by extension 'python_setup_py'
[0.888s] Level 1:colcon.colcon_core.package_identification:_identify(my_dataset/val/images) by extensions ['ignore', 'ignore_ament_install']
[0.888s] Level 1:colcon.colcon_core.package_identification:_identify(my_dataset/val/images) by extension 'ignore'
[0.888s] Level 1:colcon.colcon_core.package_identification:_identify(my_dataset/val/images) by extension 'ignore_ament_install'
[0.888s] Level 1:colcon.colcon_core.package_identification:_identify(my_dataset/val/images) by extensions ['colcon_pkg']
[0.888s] Level 1:colcon.colcon_core.package_identification:_identify(my_dataset/val/images) by extension 'colcon_pkg'
[0.888s] Level 1:colcon.colcon_core.package_identification:_identify(my_dataset/val/images) by extensions ['colcon_meta']
[0.888s] Level 1:colcon.colcon_core.package_identification:_identify(my_dataset/val/images) by extension 'colcon_meta'
[0.888s] Level 1:colcon.colcon_core.package_identification:_identify(my_dataset/val/images) by extensions ['ros']
[0.888s] Level 1:colcon.colcon_core.package_identification:_identify(my_dataset/val/images) by extension 'ros'
[0.889s] Level 1:colcon.colcon_core.package_identification:_identify(my_dataset/val/images) by extensions ['cmake', 'python']
[0.889s] Level 1:colcon.colcon_core.package_identification:_identify(my_dataset/val/images) by extension 'cmake'
[0.889s] Level 1:colcon.colcon_core.package_identification:_identify(my_dataset/val/images) by extension 'python'
[0.889s] Level 1:colcon.colcon_core.package_identification:_identify(my_dataset/val/images) by extensions ['python_setup_py']
[0.889s] Level 1:colcon.colcon_core.package_identification:_identify(my_dataset/val/images) by extension 'python_setup_py'
[0.890s] Level 1:colcon.colcon_core.package_identification:_identify(my_dataset/val/labels) by extensions ['ignore', 'ignore_ament_install']
[0.890s] Level 1:colcon.colcon_core.package_identification:_identify(my_dataset/val/labels) by extension 'ignore'
[0.890s] Level 1:colcon.colcon_core.package_identification:_identify(my_dataset/val/labels) by extension 'ignore_ament_install'
[0.890s] Level 1:colcon.colcon_core.package_identification:_identify(my_dataset/val/labels) by extensions ['colcon_pkg']
[0.890s] Level 1:colcon.colcon_core.package_identification:_identify(my_dataset/val/labels) by extension 'colcon_pkg'
[0.890s] Level 1:colcon.colcon_core.package_identification:_identify(my_dataset/val/labels) by extensions ['colcon_meta']
[0.890s] Level 1:colcon.colcon_core.package_identification:_identify(my_dataset/val/labels) by extension 'colcon_meta'
[0.890s] Level 1:colcon.colcon_core.package_identification:_identify(my_dataset/val/labels) by extensions ['ros']
[0.890s] Level 1:colcon.colcon_core.package_identification:_identify(my_dataset/val/labels) by extension 'ros'
[0.890s] Level 1:colcon.colcon_core.package_identification:_identify(my_dataset/val/labels) by extensions ['cmake', 'python']
[0.890s] Level 1:colcon.colcon_core.package_identification:_identify(my_dataset/val/labels) by extension 'cmake'
[0.890s] Level 1:colcon.colcon_core.package_identification:_identify(my_dataset/val/labels) by extension 'python'
[0.890s] Level 1:colcon.colcon_core.package_identification:_identify(my_dataset/val/labels) by extensions ['python_setup_py']
[0.890s] Level 1:colcon.colcon_core.package_identification:_identify(my_dataset/val/labels) by extension 'python_setup_py'
[0.891s] Level 1:colcon.colcon_core.package_identification:_identify(src) by extensions ['ignore', 'ignore_ament_install']
[0.891s] Level 1:colcon.colcon_core.package_identification:_identify(src) by extension 'ignore'
[0.891s] Level 1:colcon.colcon_core.package_identification:_identify(src) by extension 'ignore_ament_install'
[0.891s] Level 1:colcon.colcon_core.package_identification:_identify(src) by extensions ['colcon_pkg']
[0.891s] Level 1:colcon.colcon_core.package_identification:_identify(src) by extension 'colcon_pkg'
[0.891s] Level 1:colcon.colcon_core.package_identification:_identify(src) by extensions ['colcon_meta']
[0.891s] Level 1:colcon.colcon_core.package_identification:_identify(src) by extension 'colcon_meta'
[0.891s] Level 1:colcon.colcon_core.package_identification:_identify(src) by extensions ['ros']
[0.891s] Level 1:colcon.colcon_core.package_identification:_identify(src) by extension 'ros'
[0.891s] Level 1:colcon.colcon_core.package_identification:_identify(src) by extensions ['cmake', 'python']
[0.891s] Level 1:colcon.colcon_core.package_identification:_identify(src) by extension 'cmake'
[0.891s] Level 1:colcon.colcon_core.package_identification:_identify(src) by extension 'python'
[0.891s] Level 1:colcon.colcon_core.package_identification:_identify(src) by extensions ['python_setup_py']
[0.891s] Level 1:colcon.colcon_core.package_identification:_identify(src) by extension 'python_setup_py'
[0.892s] Level 1:colcon.colcon_core.package_identification:_identify(src/interface) by extensions ['ignore', 'ignore_ament_install']
[0.892s] Level 1:colcon.colcon_core.package_identification:_identify(src/interface) by extension 'ignore'
[0.892s] Level 1:colcon.colcon_core.package_identification:_identify(src/interface) by extension 'ignore_ament_install'
[0.892s] Level 1:colcon.colcon_core.package_identification:_identify(src/interface) by extensions ['colcon_pkg']
[0.892s] Level 1:colcon.colcon_core.package_identification:_identify(src/interface) by extension 'colcon_pkg'
[0.892s] Level 1:colcon.colcon_core.package_identification:_identify(src/interface) by extensions ['colcon_meta']
[0.892s] Level 1:colcon.colcon_core.package_identification:_identify(src/interface) by extension 'colcon_meta'
[0.892s] Level 1:colcon.colcon_core.package_identification:_identify(src/interface) by extensions ['ros']
[0.892s] Level 1:colcon.colcon_core.package_identification:_identify(src/interface) by extension 'ros'
[0.901s] DEBUG:colcon.colcon_core.package_identification:Package 'src/interface' with type 'ros.ament_cmake' and name 'interface'
[0.901s] Level 1:colcon.colcon_core.package_identification:_identify(src/transformation) by extensions ['ignore', 'ignore_ament_install']
[0.902s] Level 1:colcon.colcon_core.package_identification:_identify(src/transformation) by extension 'ignore'
[0.902s] Level 1:colcon.colcon_core.package_identification:_identify(src/transformation) by extension 'ignore_ament_install'
[0.902s] Level 1:colcon.colcon_core.package_identification:_identify(src/transformation) by extensions ['colcon_pkg']
[0.902s] Level 1:colcon.colcon_core.package_identification:_identify(src/transformation) by extension 'colcon_pkg'
[0.902s] Level 1:colcon.colcon_core.package_identification:_identify(src/transformation) by extensions ['colcon_meta']
[0.902s] Level 1:colcon.colcon_core.package_identification:_identify(src/transformation) by extension 'colcon_meta'
[0.902s] Level 1:colcon.colcon_core.package_identification:_identify(src/transformation) by extensions ['ros']
[0.902s] Level 1:colcon.colcon_core.package_identification:_identify(src/transformation) by extension 'ros'
[0.904s] DEBUG:colcon.colcon_core.package_identification:Package 'src/transformation' with type 'ros.ament_python' and name 'transformation'
[0.904s] Level 1:colcon.colcon_core.package_identification:_identify(src/vision) by extensions ['ignore', 'ignore_ament_install']
[0.904s] Level 1:colcon.colcon_core.package_identification:_identify(src/vision) by extension 'ignore'
[0.904s] Level 1:colcon.colcon_core.package_identification:_identify(src/vision) by extension 'ignore_ament_install'
[0.904s] Level 1:colcon.colcon_core.package_identification:_identify(src/vision) by extensions ['colcon_pkg']
[0.904s] Level 1:colcon.colcon_core.package_identification:_identify(src/vision) by extension 'colcon_pkg'
[0.904s] Level 1:colcon.colcon_core.package_identification:_identify(src/vision) by extensions ['colcon_meta']
[0.904s] Level 1:colcon.colcon_core.package_identification:_identify(src/vision) by extension 'colcon_meta'
[0.904s] Level 1:colcon.colcon_core.package_identification:_identify(src/vision) by extensions ['ros']
[0.904s] Level 1:colcon.colcon_core.package_identification:_identify(src/vision) by extension 'ros'
[0.905s] DEBUG:colcon.colcon_core.package_identification:Package 'src/vision' with type 'ros.ament_python' and name 'vision'
[0.905s] Level 1:colcon.colcon_core.package_discovery:discover_packages(recursive) using defaults
[0.905s] Level 1:colcon.colcon_core.package_discovery:discover_packages(ignore) discover
[0.905s] Level 1:colcon.colcon_core.package_discovery:discover_packages(ignore) using defaults
[0.905s] Level 1:colcon.colcon_core.package_discovery:discover_packages(path) discover
[0.905s] Level 1:colcon.colcon_core.package_discovery:discover_packages(path) using defaults
[0.972s] Level 1:colcon.colcon_core.package_discovery:discover_packages(prefix_path) check parameters
[0.972s] Level 1:colcon.colcon_core.package_discovery:discover_packages(prefix_path) discover
[0.984s] DEBUG:colcon.colcon_installed_package_information.package_discovery:Found 3 installed packages in /home/mtrn/lab4-main/lab4-main/install
[0.988s] DEBUG:colcon.colcon_installed_package_information.package_discovery:Found 322 installed packages in /opt/ros/humble
[0.990s] Level 1:colcon.colcon_core.package_discovery:discover_packages(prefix_path) using defaults
[1.159s] Level 5:colcon.colcon_core.verb:set package 'interface' build argument 'cmake_args' from command line to 'None'
[1.159s] Level 5:colcon.colcon_core.verb:set package 'interface' build argument 'cmake_target' from command line to 'None'
[1.159s] Level 5:colcon.colcon_core.verb:set package 'interface' build argument 'cmake_target_skip_unavailable' from command line to 'False'
[1.159s] Level 5:colcon.colcon_core.verb:set package 'interface' build argument 'cmake_clean_cache' from command line to 'False'
[1.159s] Level 5:colcon.colcon_core.verb:set package 'interface' build argument 'cmake_clean_first' from command line to 'False'
[1.159s] Level 5:colcon.colcon_core.verb:set package 'interface' build argument 'cmake_force_configure' from command line to 'False'
[1.159s] Level 5:colcon.colcon_core.verb:set package 'interface' build argument 'ament_cmake_args' from command line to 'None'
[1.159s] Level 5:colcon.colcon_core.verb:set package 'interface' build argument 'catkin_cmake_args' from command line to 'None'
[1.159s] Level 5:colcon.colcon_core.verb:set package 'interface' build argument 'catkin_skip_building_tests' from command line to 'False'
[1.159s] DEBUG:colcon.colcon_core.verb:Building package 'interface' with the following arguments: {'ament_cmake_args': None, 'build_base': '/home/mtrn/lab4-main/lab4-main/build/interface', 'catkin_cmake_args': None, 'catkin_skip_building_tests': False, 'cmake_args': None, 'cmake_clean_cache': False, 'cmake_clean_first': False, 'cmake_force_configure': False, 'cmake_target': None, 'cmake_target_skip_unavailable': False, 'install_base': '/home/mtrn/lab4-main/lab4-main/install/interface', 'merge_install': False, 'path': '/home/mtrn/lab4-main/lab4-main/src/interface', 'symlink_install': False, 'test_result_base': None}
[1.161s] Level 5:colcon.colcon_core.verb:set package 'transformation' build argument 'cmake_args' from command line to 'None'
[1.161s] Level 5:colcon.colcon_core.verb:set package 'transformation' build argument 'cmake_target' from command line to 'None'
[1.161s] Level 5:colcon.colcon_core.verb:set package 'transformation' build argument 'cmake_target_skip_unavailable' from command line to 'False'
[1.161s] Level 5:colcon.colcon_core.verb:set package 'transformation' build argument 'cmake_clean_cache' from command line to 'False'
[1.161s] Level 5:colcon.colcon_core.verb:set package 'transformation' build argument 'cmake_clean_first' from command line to 'False'
[1.161s] Level 5:colcon.colcon_core.verb:set package 'transformation' build argument 'cmake_force_configure' from command line to 'False'
[1.161s] Level 5:colcon.colcon_core.verb:set package 'transformation' build argument 'ament_cmake_args' from command line to 'None'
[1.161s] Level 5:colcon.colcon_core.verb:set package 'transformation' build argument 'catkin_cmake_args' from command line to 'None'
[1.161s] Level 5:colcon.colcon_core.verb:set package 'transformation' build argument 'catkin_skip_building_tests' from command line to 'False'
[1.161s] DEBUG:colcon.colcon_core.verb:Building package 'transformation' with the following arguments: {'ament_cmake_args': None, 'build_base': '/home/mtrn/lab4-main/lab4-main/build/transformation', 'catkin_cmake_args': None, 'catkin_skip_building_tests': False, 'cmake_args': None, 'cmake_clean_cache': False, 'cmake_clean_first': False, 'cmake_force_configure': False, 'cmake_target': None, 'cmake_target_skip_unavailable': False, 'install_base': '/home/mtrn/lab4-main/lab4-main/install/transformation', 'merge_install': False, 'path': '/home/mtrn/lab4-main/lab4-main/src/transformation', 'symlink_install': False, 'test_result_base': None}
[1.163s] Level 5:colcon.colcon_core.verb:set package 'vision' build argument 'cmake_args' from command line to 'None'
[1.163s] Level 5:colcon.colcon_core.verb:set package 'vision' build argument 'cmake_target' from command line to 'None'
[1.163s] Level 5:colcon.colcon_core.verb:set package 'vision' build argument 'cmake_target_skip_unavailable' from command line to 'False'
[1.163s] Level 5:colcon.colcon_core.verb:set package 'vision' build argument 'cmake_clean_cache' from command line to 'False'
[1.163s] Level 5:colcon.colcon_core.verb:set package 'vision' build argument 'cmake_clean_first' from command line to 'False'
[1.163s] Level 5:colcon.colcon_core.verb:set package 'vision' build argument 'cmake_force_configure' from command line to 'False'
[1.163s] Level 5:colcon.colcon_core.verb:set package 'vision' build argument 'ament_cmake_args' from command line to 'None'
[1.163s] Level 5:colcon.colcon_core.verb:set package 'vision' build argument 'catkin_cmake_args' from command line to 'None'
[1.163s] Level 5:colcon.colcon_core.verb:set package 'vision' build argument 'catkin_skip_building_tests' from command line to 'False'
[1.163s] DEBUG:colcon.colcon_core.verb:Building package 'vision' with the following arguments: {'ament_cmake_args': None, 'build_base': '/home/mtrn/lab4-main/lab4-main/build/vision', 'catkin_cmake_args': None, 'catkin_skip_building_tests': False, 'cmake_args': None, 'cmake_clean_cache': False, 'cmake_clean_first': False, 'cmake_force_configure': False, 'cmake_target': None, 'cmake_target_skip_unavailable': False, 'install_base': '/home/mtrn/lab4-main/lab4-main/install/vision', 'merge_install': False, 'path': '/home/mtrn/lab4-main/lab4-main/src/vision', 'symlink_install': False, 'test_result_base': None}
[1.164s] INFO:colcon.colcon_core.executor:Executing jobs using 'parallel' executor
[1.172s] DEBUG:colcon.colcon_parallel_executor.executor.parallel:run_until_complete
[1.172s] INFO:colcon.colcon_ros.task.ament_cmake.build:Building ROS package in '/home/mtrn/lab4-main/lab4-main/src/interface' with build type 'ament_cmake'
[1.172s] INFO:colcon.colcon_cmake.task.cmake.build:Building CMake package in '/home/mtrn/lab4-main/lab4-main/src/interface'
[1.185s] INFO:colcon.colcon_core.plugin_system:Skipping extension 'colcon_core.shell.bat': Not used on non-Windows systems
[1.186s] INFO:colcon.colcon_core.shell:Skip shell extension 'powershell' for command environment: Not usable outside of PowerShell
[1.186s] DEBUG:colcon.colcon_core.shell:Skip shell extension 'dsv' for command environment
[1.200s] DEBUG:colcon.colcon_core.event_handler.log_command:Invoking command in '/home/mtrn/lab4-main/lab4-main/build/interface': CMAKE_PREFIX_PATH=${CMAKE_PREFIX_PATH}:/home/mtrn/lab4-main/lab4-main/install/vision:/home/mtrn/lab4-main/lab4-main/install/transformation:/opt/ros/humble /usr/bin/cmake --build /home/mtrn/lab4-main/lab4-main/build/interface -- -j4 -l4
[1.871s] DEBUG:colcon.colcon_core.event_handler.log_command:Invoked command in '/home/mtrn/lab4-main/lab4-main/build/interface' returned '0': CMAKE_PREFIX_PATH=${CMAKE_PREFIX_PATH}:/home/mtrn/lab4-main/lab4-main/install/vision:/home/mtrn/lab4-main/lab4-main/install/transformation:/opt/ros/humble /usr/bin/cmake --build /home/mtrn/lab4-main/lab4-main/build/interface -- -j4 -l4
[1.936s] DEBUG:colcon.colcon_core.event_handler.log_command:Invoking command in '/home/mtrn/lab4-main/lab4-main/build/interface': CMAKE_PREFIX_PATH=${CMAKE_PREFIX_PATH}:/home/mtrn/lab4-main/lab4-main/install/vision:/home/mtrn/lab4-main/lab4-main/install/transformation:/opt/ros/humble /usr/bin/cmake --install /home/mtrn/lab4-main/lab4-main/build/interface
[2.018s] Level 1:colcon.colcon_core.environment:create_environment_scripts_only(interface)
[2.019s] DEBUG:colcon.colcon_core.event_handler.log_command:Invoked command in '/home/mtrn/lab4-main/lab4-main/build/interface' returned '0': CMAKE_PREFIX_PATH=${CMAKE_PREFIX_PATH}:/home/mtrn/lab4-main/lab4-main/install/vision:/home/mtrn/lab4-main/lab4-main/install/transformation:/opt/ros/humble /usr/bin/cmake --install /home/mtrn/lab4-main/lab4-main/build/interface
[2.032s] Level 1:colcon.colcon_core.environment:checking '/home/mtrn/lab4-main/lab4-main/install/interface' for CMake module files
[2.033s] Level 1:colcon.colcon_core.environment:checking '/home/mtrn/lab4-main/lab4-main/install/interface' for CMake config files
[2.033s] Level 1:colcon.colcon_core.shell:create_environment_hook('interface', 'cmake_prefix_path')
[2.037s] INFO:colcon.colcon_core.shell:Creating environment hook '/home/mtrn/lab4-main/lab4-main/install/interface/share/interface/hook/cmake_prefix_path.ps1'
[2.039s] INFO:colcon.colcon_core.shell:Creating environment descriptor '/home/mtrn/lab4-main/lab4-main/install/interface/share/interface/hook/cmake_prefix_path.dsv'
[2.040s] INFO:colcon.colcon_core.shell:Creating environment hook '/home/mtrn/lab4-main/lab4-main/install/interface/share/interface/hook/cmake_prefix_path.sh'
[2.041s] Level 1:colcon.colcon_core.environment:checking '/home/mtrn/lab4-main/lab4-main/install/interface/lib'
[2.041s] Level 1:colcon.colcon_core.shell:create_environment_hook('interface', 'ld_library_path_lib')
[2.044s] INFO:colcon.colcon_core.shell:Creating environment hook '/home/mtrn/lab4-main/lab4-main/install/interface/share/interface/hook/ld_library_path_lib.ps1'
[2.045s] INFO:colcon.colcon_core.shell:Creating environment descriptor '/home/mtrn/lab4-main/lab4-main/install/interface/share/interface/hook/ld_library_path_lib.dsv'
[2.045s] INFO:colcon.colcon_core.shell:Creating environment hook '/home/mtrn/lab4-main/lab4-main/install/interface/share/interface/hook/ld_library_path_lib.sh'
[2.045s] Level 1:colcon.colcon_core.environment:checking '/home/mtrn/lab4-main/lab4-main/install/interface/bin'
[2.045s] Level 1:colcon.colcon_core.environment:checking '/home/mtrn/lab4-main/lab4-main/install/interface/lib/pkgconfig/interface.pc'
[2.046s] Level 1:colcon.colcon_core.environment:checking '/home/mtrn/lab4-main/lab4-main/install/interface/lib/python3.10/site-packages'
[2.046s] Level 1:colcon.colcon_core.environment:checking '/home/mtrn/lab4-main/lab4-main/install/interface/bin'
[2.049s] INFO:colcon.colcon_core.shell:Creating package script '/home/mtrn/lab4-main/lab4-main/install/interface/share/interface/package.ps1'
[2.051s] INFO:colcon.colcon_core.shell:Creating package descriptor '/home/mtrn/lab4-main/lab4-main/install/interface/share/interface/package.dsv'
[2.052s] INFO:colcon.colcon_core.shell:Creating package script '/home/mtrn/lab4-main/lab4-main/install/interface/share/interface/package.sh'
[2.052s] INFO:colcon.colcon_core.shell:Creating package script '/home/mtrn/lab4-main/lab4-main/install/interface/share/interface/package.bash'
[2.054s] INFO:colcon.colcon_core.shell:Creating package script '/home/mtrn/lab4-main/lab4-main/install/interface/share/interface/package.zsh'
[2.055s] Level 1:colcon.colcon_core.environment:create_file_with_runtime_dependencies(/home/mtrn/lab4-main/lab4-main/install/interface/share/colcon-core/packages/interface)
[2.112s] Level 1:colcon.colcon_core.environment:create_environment_scripts_only(interface)
[2.116s] Level 1:colcon.colcon_core.environment:checking '/home/mtrn/lab4-main/lab4-main/install/interface' for CMake module files
[2.116s] Level 1:colcon.colcon_core.environment:checking '/home/mtrn/lab4-main/lab4-main/install/interface' for CMake config files
[2.116s] Level 1:colcon.colcon_core.shell:create_environment_hook('interface', 'cmake_prefix_path')
[2.119s] INFO:colcon.colcon_core.shell:Creating environment hook '/home/mtrn/lab4-main/lab4-main/install/interface/share/interface/hook/cmake_prefix_path.ps1'
[2.120s] INFO:colcon.colcon_core.shell:Creating environment descriptor '/home/mtrn/lab4-main/lab4-main/install/interface/share/interface/hook/cmake_prefix_path.dsv'
[2.120s] INFO:colcon.colcon_core.shell:Creating environment hook '/home/mtrn/lab4-main/lab4-main/install/interface/share/interface/hook/cmake_prefix_path.sh'
[2.121s] Level 1:colcon.colcon_core.environment:checking '/home/mtrn/lab4-main/lab4-main/install/interface/lib'
[2.121s] Level 1:colcon.colcon_core.shell:create_environment_hook('interface', 'ld_library_path_lib')
[2.124s] INFO:colcon.colcon_core.shell:Creating environment hook '/home/mtrn/lab4-main/lab4-main/install/interface/share/interface/hook/ld_library_path_lib.ps1'
[2.124s] INFO:colcon.colcon_core.shell:Creating environment descriptor '/home/mtrn/lab4-main/lab4-main/install/interface/share/interface/hook/ld_library_path_lib.dsv'
[2.124s] INFO:colcon.colcon_core.shell:Creating environment hook '/home/mtrn/lab4-main/lab4-main/install/interface/share/interface/hook/ld_library_path_lib.sh'
[2.125s] Level 1:colcon.colcon_core.environment:checking '/home/mtrn/lab4-main/lab4-main/install/interface/bin'
[2.125s] Level 1:colcon.colcon_core.environment:checking '/home/mtrn/lab4-main/lab4-main/install/interface/lib/pkgconfig/interface.pc'
[2.125s] Level 1:colcon.colcon_core.environment:checking '/home/mtrn/lab4-main/lab4-main/install/interface/lib/python3.10/site-packages'
[2.125s] Level 1:colcon.colcon_core.environment:checking '/home/mtrn/lab4-main/lab4-main/install/interface/bin'
[2.128s] INFO:colcon.colcon_core.shell:Creating package script '/home/mtrn/lab4-main/lab4-main/install/interface/share/interface/package.ps1'
[2.129s] INFO:colcon.colcon_core.shell:Creating package descriptor '/home/mtrn/lab4-main/lab4-main/install/interface/share/interface/package.dsv'
[2.130s] INFO:colcon.colcon_core.shell:Creating package script '/home/mtrn/lab4-main/lab4-main/install/interface/share/interface/package.sh'
[2.130s] INFO:colcon.colcon_core.shell:Creating package script '/home/mtrn/lab4-main/lab4-main/install/interface/share/interface/package.bash'
[2.131s] INFO:colcon.colcon_core.shell:Creating package script '/home/mtrn/lab4-main/lab4-main/install/interface/share/interface/package.zsh'
[2.131s] Level 1:colcon.colcon_core.environment:create_file_with_runtime_dependencies(/home/mtrn/lab4-main/lab4-main/install/interface/share/colcon-core/packages/interface)
[2.132s] INFO:colcon.colcon_ros.task.ament_python.build:Building ROS package in '/home/mtrn/lab4-main/lab4-main/src/transformation' with build type 'ament_python'
[2.132s] Level 1:colcon.colcon_core.shell:create_environment_hook('transformation', 'ament_prefix_path')
[2.134s] INFO:colcon.colcon_core.shell:Creating environment hook '/home/mtrn/lab4-main/lab4-main/install/transformation/share/transformation/hook/ament_prefix_path.ps1'
[2.136s] INFO:colcon.colcon_core.shell:Creating environment descriptor '/home/mtrn/lab4-main/lab4-main/install/transformation/share/transformation/hook/ament_prefix_path.dsv'
[2.136s] INFO:colcon.colcon_core.shell:Creating environment hook '/home/mtrn/lab4-main/lab4-main/install/transformation/share/transformation/hook/ament_prefix_path.sh'
[2.139s] INFO:colcon.colcon_core.shell:Skip shell extension 'powershell' for command environment: Not usable outside of PowerShell
[2.139s] DEBUG:colcon.colcon_core.shell:Skip shell extension 'dsv' for command environment
[2.149s] INFO:colcon.colcon_ros.task.ament_python.build:Building ROS package in '/home/mtrn/lab4-main/lab4-main/src/vision' with build type 'ament_python'
[2.149s] Level 1:colcon.colcon_core.shell:create_environment_hook('vision', 'ament_prefix_path')
[2.152s] INFO:colcon.colcon_core.shell:Creating environment hook '/home/mtrn/lab4-main/lab4-main/install/vision/share/vision/hook/ament_prefix_path.ps1'
[2.153s] INFO:colcon.colcon_core.shell:Creating environment descriptor '/home/mtrn/lab4-main/lab4-main/install/vision/share/vision/hook/ament_prefix_path.dsv'
[2.154s] INFO:colcon.colcon_core.shell:Creating environment hook '/home/mtrn/lab4-main/lab4-main/install/vision/share/vision/hook/ament_prefix_path.sh'
[2.157s] INFO:colcon.colcon_core.shell:Skip shell extension 'powershell' for command environment: Not usable outside of PowerShell
[2.158s] DEBUG:colcon.colcon_core.shell:Skip shell extension 'dsv' for command environment
[2.474s] INFO:colcon.colcon_core.task.python.build:Building Python package in '/home/mtrn/lab4-main/lab4-main/src/transformation'
[2.478s] INFO:colcon.colcon_core.shell:Skip shell extension 'powershell' for command environment: Not usable outside of PowerShell
[2.478s] DEBUG:colcon.colcon_core.shell:Skip shell extension 'dsv' for command environment
[2.791s] INFO:colcon.colcon_core.task.python.build:Building Python package in '/home/mtrn/lab4-main/lab4-main/src/vision'
[2.794s] INFO:colcon.colcon_core.shell:Skip shell extension 'powershell' for command environment: Not usable outside of PowerShell
[2.794s] DEBUG:colcon.colcon_core.shell:Skip shell extension 'dsv' for command environment
[3.398s] DEBUG:colcon.colcon_core.event_handler.log_command:Invoking command in '/home/mtrn/lab4-main/lab4-main/src/vision': PYTHONPATH=/home/mtrn/lab4-main/lab4-main/build/vision/prefix_override:/home/mtrn/lab4-main/lab4-main/install/vision/lib/python3.10/site-packages:${PYTHONPATH} /usr/bin/python3 setup.py egg_info --egg-base ../../build/vision build --build-base /home/mtrn/lab4-main/lab4-main/build/vision/build install --record /home/mtrn/lab4-main/lab4-main/build/vision/install.log --single-version-externally-managed
[3.399s] DEBUG:colcon.colcon_core.event_handler.log_command:Invoking command in '/home/mtrn/lab4-main/lab4-main/src/transformation': PYTHONPATH=/home/mtrn/lab4-main/lab4-main/build/transformation/prefix_override:/home/mtrn/lab4-main/lab4-main/install/transformation/lib/python3.10/site-packages:${PYTHONPATH} /usr/bin/python3 setup.py egg_info --egg-base ../../build/transformation build --build-base /home/mtrn/lab4-main/lab4-main/build/transformation/build install --record /home/mtrn/lab4-main/lab4-main/build/transformation/install.log --single-version-externally-managed
[3.813s] Level 1:colcon.colcon_core.environment:checking '/home/mtrn/lab4-main/lab4-main/install/vision' for CMake module files
[3.814s] DEBUG:colcon.colcon_core.event_handler.log_command:Invoked command in '/home/mtrn/lab4-main/lab4-main/src/vision' returned '0': PYTHONPATH=/home/mtrn/lab4-main/lab4-main/build/vision/prefix_override:/home/mtrn/lab4-main/lab4-main/install/vision/lib/python3.10/site-packages:${PYTHONPATH} /usr/bin/python3 setup.py egg_info --egg-base ../../build/vision build --build-base /home/mtrn/lab4-main/lab4-main/build/vision/build install --record /home/mtrn/lab4-main/lab4-main/build/vision/install.log --single-version-externally-managed
[3.815s] Level 1:colcon.colcon_core.environment:checking '/home/mtrn/lab4-main/lab4-main/install/vision' for CMake config files
[3.817s] Level 1:colcon.colcon_core.environment:checking '/home/mtrn/lab4-main/lab4-main/install/vision/lib'
[3.817s] Level 1:colcon.colcon_core.environment:checking '/home/mtrn/lab4-main/lab4-main/install/vision/bin'
[3.817s] Level 1:colcon.colcon_core.environment:checking '/home/mtrn/lab4-main/lab4-main/install/vision/lib/pkgconfig/vision.pc'
[3.817s] Level 1:colcon.colcon_core.environment:checking '/home/mtrn/lab4-main/lab4-main/install/vision/lib/python3.10/site-packages'
[3.817s] Level 1:colcon.colcon_core.shell:create_environment_hook('vision', 'pythonpath')
[3.821s] INFO:colcon.colcon_core.shell:Creating environment hook '/home/mtrn/lab4-main/lab4-main/install/vision/share/vision/hook/pythonpath.ps1'
[3.822s] INFO:colcon.colcon_core.shell:Creating environment descriptor '/home/mtrn/lab4-main/lab4-main/install/vision/share/vision/hook/pythonpath.dsv'
[3.823s] INFO:colcon.colcon_core.shell:Creating environment hook '/home/mtrn/lab4-main/lab4-main/install/vision/share/vision/hook/pythonpath.sh'
[3.824s] Level 1:colcon.colcon_core.environment:checking '/home/mtrn/lab4-main/lab4-main/install/vision/bin'
[3.824s] Level 1:colcon.colcon_core.environment:create_environment_scripts_only(vision)
[3.827s] INFO:colcon.colcon_core.shell:Creating package script '/home/mtrn/lab4-main/lab4-main/install/vision/share/vision/package.ps1'
[3.828s] INFO:colcon.colcon_core.shell:Creating package descriptor '/home/mtrn/lab4-main/lab4-main/install/vision/share/vision/package.dsv'
[3.828s] INFO:colcon.colcon_core.shell:Creating package script '/home/mtrn/lab4-main/lab4-main/install/vision/share/vision/package.sh'
[3.829s] INFO:colcon.colcon_core.shell:Creating package script '/home/mtrn/lab4-main/lab4-main/install/vision/share/vision/package.bash'
[3.829s] INFO:colcon.colcon_core.shell:Creating package script '/home/mtrn/lab4-main/lab4-main/install/vision/share/vision/package.zsh'
[3.829s] Level 1:colcon.colcon_core.environment:create_file_with_runtime_dependencies(/home/mtrn/lab4-main/lab4-main/install/vision/share/colcon-core/packages/vision)
[3.834s] Level 1:colcon.colcon_core.environment:checking '/home/mtrn/lab4-main/lab4-main/install/transformation' for CMake module files
[3.835s] DEBUG:colcon.colcon_core.event_handler.log_command:Invoked command in '/home/mtrn/lab4-main/lab4-main/src/transformation' returned '0': PYTHONPATH=/home/mtrn/lab4-main/lab4-main/build/transformation/prefix_override:/home/mtrn/lab4-main/lab4-main/install/transformation/lib/python3.10/site-packages:${PYTHONPATH} /usr/bin/python3 setup.py egg_info --egg-base ../../build/transformation build --build-base /home/mtrn/lab4-main/lab4-main/build/transformation/build install --record /home/mtrn/lab4-main/lab4-main/build/transformation/install.log --single-version-externally-managed
[3.836s] Level 1:colcon.colcon_core.environment:checking '/home/mtrn/lab4-main/lab4-main/install/transformation' for CMake config files
[3.838s] Level 1:colcon.colcon_core.environment:checking '/home/mtrn/lab4-main/lab4-main/install/transformation/lib'
[3.838s] Level 1:colcon.colcon_core.environment:checking '/home/mtrn/lab4-main/lab4-main/install/transformation/bin'
[3.838s] Level 1:colcon.colcon_core.environment:checking '/home/mtrn/lab4-main/lab4-main/install/transformation/lib/pkgconfig/transformation.pc'
[3.838s] Level 1:colcon.colcon_core.environment:checking '/home/mtrn/lab4-main/lab4-main/install/transformation/lib/python3.10/site-packages'
[3.838s] Level 1:colcon.colcon_core.shell:create_environment_hook('transformation', 'pythonpath')
[3.841s] INFO:colcon.colcon_core.shell:Creating environment hook '/home/mtrn/lab4-main/lab4-main/install/transformation/share/transformation/hook/pythonpath.ps1'
[3.841s] INFO:colcon.colcon_core.shell:Creating environment descriptor '/home/mtrn/lab4-main/lab4-main/install/transformation/share/transformation/hook/pythonpath.dsv'
[3.842s] INFO:colcon.colcon_core.shell:Creating environment hook '/home/mtrn/lab4-main/lab4-main/install/transformation/share/transformation/hook/pythonpath.sh'
[3.842s] Level 1:colcon.colcon_core.environment:checking '/home/mtrn/lab4-main/lab4-main/install/transformation/bin'
[3.842s] Level 1:colcon.colcon_core.environment:create_environment_scripts_only(transformation)
[3.845s] INFO:colcon.colcon_core.shell:Creating package script '/home/mtrn/lab4-main/lab4-main/install/transformation/share/transformation/package.ps1'
[3.846s] INFO:colcon.colcon_core.shell:Creating package descriptor '/home/mtrn/lab4-main/lab4-main/install/transformation/share/transformation/package.dsv'
[3.847s] INFO:colcon.colcon_core.shell:Creating package script '/home/mtrn/lab4-main/lab4-main/install/transformation/share/transformation/package.sh'
[3.847s] INFO:colcon.colcon_core.shell:Creating package script '/home/mtrn/lab4-main/lab4-main/install/transformation/share/transformation/package.bash'
[3.848s] INFO:colcon.colcon_core.shell:Creating package script '/home/mtrn/lab4-main/lab4-main/install/transformation/share/transformation/package.zsh'
[3.848s] Level 1:colcon.colcon_core.environment:create_file_with_runtime_dependencies(/home/mtrn/lab4-main/lab4-main/install/transformation/share/colcon-core/packages/transformation)
[3.849s] DEBUG:colcon.colcon_parallel_executor.executor.parallel:closing loop
[3.849s] DEBUG:colcon.colcon_parallel_executor.executor.parallel:loop closed
[3.849s] DEBUG:colcon.colcon_parallel_executor.executor.parallel:run_until_complete finished with '0'
[3.849s] DEBUG:colcon.colcon_core.event_reactor:joining thread
[3.869s] INFO:colcon.colcon_core.plugin_system:Skipping extension 'colcon_notification.desktop_notification.terminal_notifier': Not used on non-Darwin systems
[3.869s] INFO:colcon.colcon_core.plugin_system:Skipping extension 'colcon_notification.desktop_notification.win32': Not used on non-Windows systems
[3.869s] INFO:colcon.colcon_notification.desktop_notification:Sending desktop notification using 'notify2'
[3.882s] DEBUG:colcon.colcon_core.event_reactor:joined thread
[3.885s] INFO:colcon.colcon_core.shell:Creating prefix script '/home/mtrn/lab4-main/lab4-main/install/local_setup.ps1'
[3.886s] INFO:colcon.colcon_core.shell:Creating prefix util module '/home/mtrn/lab4-main/lab4-main/install/_local_setup_util_ps1.py'
[3.887s] INFO:colcon.colcon_core.shell:Creating prefix chain script '/home/mtrn/lab4-main/lab4-main/install/setup.ps1'
[3.890s] INFO:colcon.colcon_core.shell:Creating prefix script '/home/mtrn/lab4-main/lab4-main/install/local_setup.sh'
[3.891s] INFO:colcon.colcon_core.shell:Creating prefix util module '/home/mtrn/lab4-main/lab4-main/install/_local_setup_util_sh.py'
[3.892s] INFO:colcon.colcon_core.shell:Creating prefix chain script '/home/mtrn/lab4-main/lab4-main/install/setup.sh'
[3.894s] INFO:colcon.colcon_core.shell:Creating prefix script '/home/mtrn/lab4-main/lab4-main/install/local_setup.bash'
[3.894s] INFO:colcon.colcon_core.shell:Creating prefix chain script '/home/mtrn/lab4-main/lab4-main/install/setup.bash'
[3.896s] INFO:colcon.colcon_core.shell:Creating prefix script '/home/mtrn/lab4-main/lab4-main/install/local_setup.zsh'
[3.897s] INFO:colcon.colcon_core.shell:Creating prefix chain script '/home/mtrn/lab4-main/lab4-main/install/setup.zsh'
