[0.022s] Invoking command in '/home/mtrn/ros2_ws/src/build/blue_detector_msgs': /usr/bin/cmake /home/mtrn/ros2_ws/src/blue_detector_msgs -DCATKIN_INSTALL_INTO_PREFIX_ROOT=0 -DCMAKE_INSTALL_PREFIX=/home/mtrn/ros2_ws/src/install/blue_detector_msgs
[0.076s] -- The C compiler identification is GNU 11.4.0
[0.126s] -- The CXX compiler identification is GNU 11.4.0
[0.133s] -- Detecting C compiler ABI info
[0.203s] -- Detecting C compiler ABI info - done
[0.209s] -- Check for working C compiler: /usr/bin/cc - skipped
[0.210s] -- Detecting C compile features
[0.210s] -- Detecting C compile features - done
[0.213s] -- Detecting CXX compiler ABI info
[0.294s] -- Detecting CXX compiler ABI info - done
[0.300s] -- Check for working CXX compiler: /usr/bin/c++ - skipped
[0.300s] -- Detecting CXX compile features
[0.301s] -- Detecting CXX compile features - done
[0.307s] -- Found ament_cmake: 1.3.5 (/opt/ros/humble/share/ament_cmake/cmake)
[0.502s] -- Found Python3: /usr/bin/python3.10 (found version "3.10.12") found components: Interpreter 
[0.643s] -- Found builtin_interfaces: 1.2.1 (/opt/ros/humble/share/builtin_interfaces/cmake)
[0.704s] -- Found rosidl_generator_c: 3.1.5 (/opt/ros/humble/share/rosidl_generator_c/cmake)
[0.716s] -- Found rosidl_adapter: 3.1.5 (/opt/ros/humble/share/rosidl_adapter/cmake)
[0.732s] -- Found rosidl_generator_cpp: 3.1.5 (/opt/ros/humble/share/rosidl_generator_cpp/cmake)
[0.754s] -- Using all available rosidl_typesupport_c: rosidl_typesupport_fastrtps_c;rosidl_typesupport_introspection_c
[0.786s] -- Using all available rosidl_typesupport_cpp: rosidl_typesupport_fastrtps_cpp;rosidl_typesupport_introspection_cpp
[0.816s] -- Found rosidl_default_generators: 1.2.0 (/opt/ros/humble/share/rosidl_default_generators/cmake)
[1.064s] -- Found ament_cmake_ros: 0.10.0 (/opt/ros/humble/share/ament_cmake_ros/cmake)
[1.353s] -- Using all available rosidl_typesupport_c: rosidl_typesupport_fastrtps_c;rosidl_typesupport_introspection_c
[1.461s] -- Using all available rosidl_typesupport_cpp: rosidl_typesupport_fastrtps_cpp;rosidl_typesupport_introspection_cpp
[1.484s] -- Found PythonInterp: /usr/bin/python3 (found suitable version "3.10.12", minimum required is "3.6") 
[1.489s] -- Found python_cmake_module: 0.10.0 (/opt/ros/humble/share/python_cmake_module/cmake)
[1.514s] -- Found PythonLibs: /usr/lib/x86_64-linux-gnu/libpython3.10.so (found suitable version "3.10.12", minimum required is "3.5") 
[1.514s] -- Using PYTHON_EXECUTABLE: /usr/bin/python3
[1.514s] -- Using PYTHON_INCLUDE_DIRS: /usr/include/python3.10
[1.515s] -- Using PYTHON_LIBRARIES: /usr/lib/x86_64-linux-gnu/libpython3.10.so
[1.537s] -- Found PythonExtra: .so  
[1.606s] -- Found ament_lint_auto: 0.12.7 (/opt/ros/humble/share/ament_lint_auto/cmake)
[1.667s] -- Added test 'cppcheck' to perform static code analysis on C / C++ code
[1.668s] -- Configured cppcheck include dirs: 
[1.668s] -- Configured cppcheck exclude dirs and/or files: 
[1.671s] -- Added test 'flake8' to check Python code syntax and style conventions
[1.678s] -- Added test 'lint_cmake' to check CMake code style
[1.683s] -- Added test 'pep257' to check Python code against some of the docstring style conventions in PEP 257
[1.704s] -- Added test 'uncrustify' to check C / C++ code style
[1.704s] -- Configured uncrustify additional arguments: 
[1.708s] -- Added test 'xmllint' to check XML markup files
[1.710s] -- Configuring done
[1.734s] -- Generating done
[1.738s] [33mCMake Warning:
[1.738s]   Manually-specified variables were not used by the project:
[1.738s] 
[1.738s]     CATKIN_INSTALL_INTO_PREFIX_ROOT
[1.738s] 
[1.738s] [0m
[1.739s] -- Build files have been written to: /home/mtrn/ros2_ws/src/build/blue_detector_msgs
[1.742s] Invoked command in '/home/mtrn/ros2_ws/src/build/blue_detector_msgs' returned '0': /usr/bin/cmake /home/mtrn/ros2_ws/src/blue_detector_msgs -DCATKIN_INSTALL_INTO_PREFIX_ROOT=0 -DCMAKE_INSTALL_PREFIX=/home/mtrn/ros2_ws/src/install/blue_detector_msgs
[1.744s] Invoking command in '/home/mtrn/ros2_ws/src/build/blue_detector_msgs': /usr/bin/cmake --build /home/mtrn/ros2_ws/src/build/blue_detector_msgs -- -j4 -l4
[1.788s] [  3%] [34m[1mGenerating C code for ROS interfaces[0m
[1.801s] [  6%] [34m[1mGenerating C++ code for ROS interfaces[0m
[1.810s] [  6%] Built target ament_cmake_python_copy_blue_detector_msgs
[2.070s] running egg_info
[2.070s] creating blue_detector_msgs.egg-info
[2.070s] writing blue_detector_msgs.egg-info/PKG-INFO
[2.070s] writing dependency_links to blue_detector_msgs.egg-info/dependency_links.txt
[2.070s] writing top-level names to blue_detector_msgs.egg-info/top_level.txt
[2.070s] writing manifest file 'blue_detector_msgs.egg-info/SOURCES.txt'
[2.072s] reading manifest file 'blue_detector_msgs.egg-info/SOURCES.txt'
[2.072s] writing manifest file 'blue_detector_msgs.egg-info/SOURCES.txt'
[2.114s] [  6%] Built target blue_detector_msgs__cpp
[2.124s] [  6%] Built target ament_cmake_python_build_blue_detector_msgs_egg
[2.127s] [  9%] [32mBuilding C object CMakeFiles/blue_detector_msgs__rosidl_generator_c.dir/rosidl_generator_c/blue_detector_msgs/msg/detail/marker_data__functions.c.o[0m
[2.135s] [ 12%] [34m[1mGenerating C++ type support dispatch for ROS interfaces[0m
[2.137s] [ 16%] [34m[1mGenerating C++ introspection for ROS interfaces[0m
[2.138s] [ 19%] [34m[1mGenerating C++ type support for eProsima Fast-RTPS[0m
[2.177s] [ 22%] [32m[1mLinking C shared library libblue_detector_msgs__rosidl_generator_c.so[0m
[2.228s] [ 22%] Built target blue_detector_msgs__rosidl_generator_c
[2.240s] [ 25%] [34m[1mGenerating C type support for eProsima Fast-RTPS[0m
[2.415s] [ 29%] [32mBuilding CXX object CMakeFiles/blue_detector_msgs__rosidl_typesupport_fastrtps_cpp.dir/rosidl_typesupport_fastrtps_cpp/blue_detector_msgs/msg/detail/dds_fastrtps/marker_data__type_support.cpp.o[0m
[2.416s] [ 32%] [32mBuilding CXX object CMakeFiles/blue_detector_msgs__rosidl_typesupport_introspection_cpp.dir/rosidl_typesupport_introspection_cpp/blue_detector_msgs/msg/detail/marker_data__type_support.cpp.o[0m
[2.425s] [ 35%] [32mBuilding CXX object CMakeFiles/blue_detector_msgs__rosidl_typesupport_cpp.dir/rosidl_typesupport_cpp/blue_detector_msgs/msg/marker_data__type_support.cpp.o[0m
[2.550s] [ 38%] [32mBuilding CXX object CMakeFiles/blue_detector_msgs__rosidl_typesupport_fastrtps_c.dir/rosidl_typesupport_fastrtps_c/blue_detector_msgs/msg/detail/marker_data__type_support_c.cpp.o[0m
[2.681s] [ 41%] [32m[1mLinking CXX shared library libblue_detector_msgs__rosidl_typesupport_cpp.so[0m
[2.726s] [ 41%] Built target blue_detector_msgs__rosidl_typesupport_cpp
[2.740s] [ 45%] [34m[1mGenerating C introspection for ROS interfaces[0m
[2.810s] [ 48%] [32m[1mLinking CXX shared library libblue_detector_msgs__rosidl_typesupport_introspection_cpp.so[0m
[2.842s] [ 51%] [32m[1mLinking CXX shared library libblue_detector_msgs__rosidl_typesupport_fastrtps_cpp.so[0m
[2.866s] [ 54%] [32m[1mLinking CXX shared library libblue_detector_msgs__rosidl_typesupport_fastrtps_c.so[0m
[2.896s] [ 54%] Built target blue_detector_msgs__rosidl_typesupport_introspection_cpp
[2.912s] [ 58%] [34m[1mGenerating C type support dispatch for ROS interfaces[0m
[2.937s] [ 58%] Built target blue_detector_msgs__rosidl_typesupport_fastrtps_cpp
[2.957s] [ 58%] Built target blue_detector_msgs__rosidl_typesupport_fastrtps_c
[3.008s] [ 61%] [32mBuilding C object CMakeFiles/blue_detector_msgs__rosidl_typesupport_introspection_c.dir/rosidl_typesupport_introspection_c/blue_detector_msgs/msg/detail/marker_data__type_support.c.o[0m
[3.044s] [ 64%] [32m[1mLinking C shared library libblue_detector_msgs__rosidl_typesupport_introspection_c.so[0m
[3.080s] [ 64%] Built target blue_detector_msgs__rosidl_typesupport_introspection_c
[3.145s] [ 67%] [32mBuilding CXX object CMakeFiles/blue_detector_msgs__rosidl_typesupport_c.dir/rosidl_typesupport_c/blue_detector_msgs/msg/marker_data__type_support.cpp.o[0m
[3.175s] [ 70%] [32m[1mLinking CXX shared library libblue_detector_msgs__rosidl_typesupport_c.so[0m
[3.218s] [ 70%] Built target blue_detector_msgs__rosidl_typesupport_c
[3.242s] [ 70%] Built target blue_detector_msgs
[3.267s] [ 74%] [34m[1mGenerating Python code for ROS interfaces[0m
[3.570s] [ 74%] Built target blue_detector_msgs__py
[3.595s] [ 77%] [32mBuilding C object CMakeFiles/blue_detector_msgs__rosidl_generator_py.dir/rosidl_generator_py/blue_detector_msgs/msg/_marker_data_s.c.o[0m
[3.685s] [ 80%] [32m[1mLinking C shared library rosidl_generator_py/blue_detector_msgs/libblue_detector_msgs__rosidl_generator_py.so[0m
[3.725s] [ 80%] Built target blue_detector_msgs__rosidl_generator_py
[3.750s] [ 87%] [32mBuilding C object CMakeFiles/blue_detector_msgs__rosidl_typesupport_c__pyext.dir/rosidl_generator_py/blue_detector_msgs/_blue_detector_msgs_s.ep.rosidl_typesupport_c.c.o[0m
[3.750s] [ 87%] [32mBuilding C object CMakeFiles/blue_detector_msgs__rosidl_typesupport_introspection_c__pyext.dir/rosidl_generator_py/blue_detector_msgs/_blue_detector_msgs_s.ep.rosidl_typesupport_introspection_c.c.o[0m
[3.750s] [ 90%] [32mBuilding C object CMakeFiles/blue_detector_msgs__rosidl_typesupport_fastrtps_c__pyext.dir/rosidl_generator_py/blue_detector_msgs/_blue_detector_msgs_s.ep.rosidl_typesupport_fastrtps_c.c.o[0m
[3.838s] [ 93%] [32m[1mLinking C shared library rosidl_generator_py/blue_detector_msgs/blue_detector_msgs_s__rosidl_typesupport_introspection_c.cpython-310-x86_64-linux-gnu.so[0m
[3.840s] [ 96%] [32m[1mLinking C shared library rosidl_generator_py/blue_detector_msgs/blue_detector_msgs_s__rosidl_typesupport_fastrtps_c.cpython-310-x86_64-linux-gnu.so[0m
[3.840s] [100%] [32m[1mLinking C shared library rosidl_generator_py/blue_detector_msgs/blue_detector_msgs_s__rosidl_typesupport_c.cpython-310-x86_64-linux-gnu.so[0m
[3.879s] [100%] Built target blue_detector_msgs__rosidl_typesupport_introspection_c__pyext
[3.879s] [100%] Built target blue_detector_msgs__rosidl_typesupport_c__pyext
[3.884s] [100%] Built target blue_detector_msgs__rosidl_typesupport_fastrtps_c__pyext
[3.898s] Invoked command in '/home/mtrn/ros2_ws/src/build/blue_detector_msgs' returned '0': /usr/bin/cmake --build /home/mtrn/ros2_ws/src/build/blue_detector_msgs -- -j4 -l4
[4.093s] Invoking command in '/home/mtrn/ros2_ws/src/build/blue_detector_msgs': /usr/bin/cmake --install /home/mtrn/ros2_ws/src/build/blue_detector_msgs
[4.102s] -- Install configuration: ""
[4.102s] -- Installing: /home/mtrn/ros2_ws/src/install/blue_detector_msgs/share/ament_index/resource_index/rosidl_interfaces/blue_detector_msgs
[4.102s] -- Installing: /home/mtrn/ros2_ws/src/install/blue_detector_msgs/include/blue_detector_msgs/blue_detector_msgs
[4.102s] -- Installing: /home/mtrn/ros2_ws/src/install/blue_detector_msgs/include/blue_detector_msgs/blue_detector_msgs/msg
[4.102s] -- Installing: /home/mtrn/ros2_ws/src/install/blue_detector_msgs/include/blue_detector_msgs/blue_detector_msgs/msg/rosidl_generator_c__visibility_control.h
[4.102s] -- Installing: /home/mtrn/ros2_ws/src/install/blue_detector_msgs/include/blue_detector_msgs/blue_detector_msgs/msg/detail
[4.102s] -- Installing: /home/mtrn/ros2_ws/src/install/blue_detector_msgs/include/blue_detector_msgs/blue_detector_msgs/msg/detail/marker_data__functions.c
[4.102s] -- Installing: /home/mtrn/ros2_ws/src/install/blue_detector_msgs/include/blue_detector_msgs/blue_detector_msgs/msg/detail/marker_data__struct.h
[4.102s] -- Installing: /home/mtrn/ros2_ws/src/install/blue_detector_msgs/include/blue_detector_msgs/blue_detector_msgs/msg/detail/marker_data__functions.h
[4.103s] -- Installing: /home/mtrn/ros2_ws/src/install/blue_detector_msgs/include/blue_detector_msgs/blue_detector_msgs/msg/detail/marker_data__type_support.h
[4.103s] -- Installing: /home/mtrn/ros2_ws/src/install/blue_detector_msgs/include/blue_detector_msgs/blue_detector_msgs/msg/marker_data.h
[4.103s] -- Installing: /home/mtrn/ros2_ws/src/install/blue_detector_msgs/share/blue_detector_msgs/environment/library_path.sh
[4.103s] -- Installing: /home/mtrn/ros2_ws/src/install/blue_detector_msgs/share/blue_detector_msgs/environment/library_path.dsv
[4.103s] -- Installing: /home/mtrn/ros2_ws/src/install/blue_detector_msgs/lib/libblue_detector_msgs__rosidl_generator_c.so
[4.103s] -- Set runtime path of "/home/mtrn/ros2_ws/src/install/blue_detector_msgs/lib/libblue_detector_msgs__rosidl_generator_c.so" to ""
[4.103s] -- Up-to-date: /home/mtrn/ros2_ws/src/install/blue_detector_msgs/include/blue_detector_msgs/blue_detector_msgs
[4.103s] -- Up-to-date: /home/mtrn/ros2_ws/src/install/blue_detector_msgs/include/blue_detector_msgs/blue_detector_msgs/msg
[4.103s] -- Installing: /home/mtrn/ros2_ws/src/install/blue_detector_msgs/include/blue_detector_msgs/blue_detector_msgs/msg/rosidl_typesupport_fastrtps_c__visibility_control.h
[4.103s] -- Up-to-date: /home/mtrn/ros2_ws/src/install/blue_detector_msgs/include/blue_detector_msgs/blue_detector_msgs/msg/detail
[4.104s] -- Installing: /home/mtrn/ros2_ws/src/install/blue_detector_msgs/include/blue_detector_msgs/blue_detector_msgs/msg/detail/marker_data__rosidl_typesupport_fastrtps_c.h
[4.104s] -- Installing: /home/mtrn/ros2_ws/src/install/blue_detector_msgs/lib/libblue_detector_msgs__rosidl_typesupport_fastrtps_c.so
[4.104s] -- Set runtime path of "/home/mtrn/ros2_ws/src/install/blue_detector_msgs/lib/libblue_detector_msgs__rosidl_typesupport_fastrtps_c.so" to ""
[4.104s] -- Up-to-date: /home/mtrn/ros2_ws/src/install/blue_detector_msgs/include/blue_detector_msgs/blue_detector_msgs
[4.104s] -- Up-to-date: /home/mtrn/ros2_ws/src/install/blue_detector_msgs/include/blue_detector_msgs/blue_detector_msgs/msg
[4.104s] -- Installing: /home/mtrn/ros2_ws/src/install/blue_detector_msgs/include/blue_detector_msgs/blue_detector_msgs/msg/marker_data.hpp
[4.104s] -- Up-to-date: /home/mtrn/ros2_ws/src/install/blue_detector_msgs/include/blue_detector_msgs/blue_detector_msgs/msg/detail
[4.104s] -- Installing: /home/mtrn/ros2_ws/src/install/blue_detector_msgs/include/blue_detector_msgs/blue_detector_msgs/msg/detail/marker_data__builder.hpp
[4.104s] -- Installing: /home/mtrn/ros2_ws/src/install/blue_detector_msgs/include/blue_detector_msgs/blue_detector_msgs/msg/detail/marker_data__traits.hpp
[4.104s] -- Installing: /home/mtrn/ros2_ws/src/install/blue_detector_msgs/include/blue_detector_msgs/blue_detector_msgs/msg/detail/marker_data__struct.hpp
[4.104s] -- Up-to-date: /home/mtrn/ros2_ws/src/install/blue_detector_msgs/include/blue_detector_msgs/blue_detector_msgs
[4.104s] -- Up-to-date: /home/mtrn/ros2_ws/src/install/blue_detector_msgs/include/blue_detector_msgs/blue_detector_msgs/msg
[4.105s] -- Up-to-date: /home/mtrn/ros2_ws/src/install/blue_detector_msgs/include/blue_detector_msgs/blue_detector_msgs/msg/detail
[4.105s] -- Installing: /home/mtrn/ros2_ws/src/install/blue_detector_msgs/include/blue_detector_msgs/blue_detector_msgs/msg/detail/marker_data__rosidl_typesupport_fastrtps_cpp.hpp
[4.105s] -- Installing: /home/mtrn/ros2_ws/src/install/blue_detector_msgs/include/blue_detector_msgs/blue_detector_msgs/msg/detail/dds_fastrtps
[4.105s] -- Installing: /home/mtrn/ros2_ws/src/install/blue_detector_msgs/include/blue_detector_msgs/blue_detector_msgs/msg/rosidl_typesupport_fastrtps_cpp__visibility_control.h
[4.105s] -- Installing: /home/mtrn/ros2_ws/src/install/blue_detector_msgs/lib/libblue_detector_msgs__rosidl_typesupport_fastrtps_cpp.so
[4.105s] -- Set runtime path of "/home/mtrn/ros2_ws/src/install/blue_detector_msgs/lib/libblue_detector_msgs__rosidl_typesupport_fastrtps_cpp.so" to ""
[4.105s] -- Up-to-date: /home/mtrn/ros2_ws/src/install/blue_detector_msgs/include/blue_detector_msgs/blue_detector_msgs
[4.105s] -- Up-to-date: /home/mtrn/ros2_ws/src/install/blue_detector_msgs/include/blue_detector_msgs/blue_detector_msgs/msg
[4.105s] -- Installing: /home/mtrn/ros2_ws/src/install/blue_detector_msgs/include/blue_detector_msgs/blue_detector_msgs/msg/rosidl_typesupport_introspection_c__visibility_control.h
[4.105s] -- Up-to-date: /home/mtrn/ros2_ws/src/install/blue_detector_msgs/include/blue_detector_msgs/blue_detector_msgs/msg/detail
[4.105s] -- Installing: /home/mtrn/ros2_ws/src/install/blue_detector_msgs/include/blue_detector_msgs/blue_detector_msgs/msg/detail/marker_data__rosidl_typesupport_introspection_c.h
[4.105s] -- Installing: /home/mtrn/ros2_ws/src/install/blue_detector_msgs/include/blue_detector_msgs/blue_detector_msgs/msg/detail/marker_data__type_support.c
[4.106s] -- Installing: /home/mtrn/ros2_ws/src/install/blue_detector_msgs/lib/libblue_detector_msgs__rosidl_typesupport_introspection_c.so
[4.106s] -- Set runtime path of "/home/mtrn/ros2_ws/src/install/blue_detector_msgs/lib/libblue_detector_msgs__rosidl_typesupport_introspection_c.so" to ""
[4.106s] -- Installing: /home/mtrn/ros2_ws/src/install/blue_detector_msgs/lib/libblue_detector_msgs__rosidl_typesupport_c.so
[4.106s] -- Set runtime path of "/home/mtrn/ros2_ws/src/install/blue_detector_msgs/lib/libblue_detector_msgs__rosidl_typesupport_c.so" to ""
[4.106s] -- Up-to-date: /home/mtrn/ros2_ws/src/install/blue_detector_msgs/include/blue_detector_msgs/blue_detector_msgs
[4.106s] -- Up-to-date: /home/mtrn/ros2_ws/src/install/blue_detector_msgs/include/blue_detector_msgs/blue_detector_msgs/msg
[4.106s] -- Up-to-date: /home/mtrn/ros2_ws/src/install/blue_detector_msgs/include/blue_detector_msgs/blue_detector_msgs/msg/detail
[4.106s] -- Installing: /home/mtrn/ros2_ws/src/install/blue_detector_msgs/include/blue_detector_msgs/blue_detector_msgs/msg/detail/marker_data__type_support.cpp
[4.106s] -- Installing: /home/mtrn/ros2_ws/src/install/blue_detector_msgs/include/blue_detector_msgs/blue_detector_msgs/msg/detail/marker_data__rosidl_typesupport_introspection_cpp.hpp
[4.106s] -- Installing: /home/mtrn/ros2_ws/src/install/blue_detector_msgs/lib/libblue_detector_msgs__rosidl_typesupport_introspection_cpp.so
[4.106s] -- Set runtime path of "/home/mtrn/ros2_ws/src/install/blue_detector_msgs/lib/libblue_detector_msgs__rosidl_typesupport_introspection_cpp.so" to ""
[4.107s] -- Installing: /home/mtrn/ros2_ws/src/install/blue_detector_msgs/lib/libblue_detector_msgs__rosidl_typesupport_cpp.so
[4.107s] -- Set runtime path of "/home/mtrn/ros2_ws/src/install/blue_detector_msgs/lib/libblue_detector_msgs__rosidl_typesupport_cpp.so" to ""
[4.107s] -- Installing: /home/mtrn/ros2_ws/src/install/blue_detector_msgs/share/blue_detector_msgs/environment/pythonpath.sh
[4.107s] -- Installing: /home/mtrn/ros2_ws/src/install/blue_detector_msgs/share/blue_detector_msgs/environment/pythonpath.dsv
[4.107s] -- Installing: /home/mtrn/ros2_ws/src/install/blue_detector_msgs/local/lib/python3.10/dist-packages/blue_detector_msgs-0.0.0-py3.10.egg-info
[4.108s] -- Installing: /home/mtrn/ros2_ws/src/install/blue_detector_msgs/local/lib/python3.10/dist-packages/blue_detector_msgs-0.0.0-py3.10.egg-info/top_level.txt
[4.108s] -- Installing: /home/mtrn/ros2_ws/src/install/blue_detector_msgs/local/lib/python3.10/dist-packages/blue_detector_msgs-0.0.0-py3.10.egg-info/SOURCES.txt
[4.108s] -- Installing: /home/mtrn/ros2_ws/src/install/blue_detector_msgs/local/lib/python3.10/dist-packages/blue_detector_msgs-0.0.0-py3.10.egg-info/PKG-INFO
[4.108s] -- Installing: /home/mtrn/ros2_ws/src/install/blue_detector_msgs/local/lib/python3.10/dist-packages/blue_detector_msgs-0.0.0-py3.10.egg-info/dependency_links.txt
[4.108s] -- Installing: /home/mtrn/ros2_ws/src/install/blue_detector_msgs/local/lib/python3.10/dist-packages/blue_detector_msgs
[4.108s] -- Installing: /home/mtrn/ros2_ws/src/install/blue_detector_msgs/local/lib/python3.10/dist-packages/blue_detector_msgs/blue_detector_msgs_s__rosidl_typesupport_c.cpython-310-x86_64-linux-gnu.so
[4.108s] -- Installing: /home/mtrn/ros2_ws/src/install/blue_detector_msgs/local/lib/python3.10/dist-packages/blue_detector_msgs/blue_detector_msgs_s__rosidl_typesupport_introspection_c.cpython-310-x86_64-linux-gnu.so
[4.108s] -- Installing: /home/mtrn/ros2_ws/src/install/blue_detector_msgs/local/lib/python3.10/dist-packages/blue_detector_msgs/libblue_detector_msgs__rosidl_generator_py.so
[4.108s] -- Installing: /home/mtrn/ros2_ws/src/install/blue_detector_msgs/local/lib/python3.10/dist-packages/blue_detector_msgs/_blue_detector_msgs_s.ep.rosidl_typesupport_introspection_c.c
[4.108s] -- Installing: /home/mtrn/ros2_ws/src/install/blue_detector_msgs/local/lib/python3.10/dist-packages/blue_detector_msgs/_blue_detector_msgs_s.ep.rosidl_typesupport_c.c
[4.108s] -- Installing: /home/mtrn/ros2_ws/src/install/blue_detector_msgs/local/lib/python3.10/dist-packages/blue_detector_msgs/blue_detector_msgs_s__rosidl_typesupport_fastrtps_c.cpython-310-x86_64-linux-gnu.so
[4.108s] -- Installing: /home/mtrn/ros2_ws/src/install/blue_detector_msgs/local/lib/python3.10/dist-packages/blue_detector_msgs/_blue_detector_msgs_s.ep.rosidl_typesupport_fastrtps_c.c
[4.108s] -- Installing: /home/mtrn/ros2_ws/src/install/blue_detector_msgs/local/lib/python3.10/dist-packages/blue_detector_msgs/msg
[4.109s] -- Installing: /home/mtrn/ros2_ws/src/install/blue_detector_msgs/local/lib/python3.10/dist-packages/blue_detector_msgs/msg/_marker_data_s.c
[4.109s] -- Installing: /home/mtrn/ros2_ws/src/install/blue_detector_msgs/local/lib/python3.10/dist-packages/blue_detector_msgs/msg/__init__.py
[4.109s] -- Installing: /home/mtrn/ros2_ws/src/install/blue_detector_msgs/local/lib/python3.10/dist-packages/blue_detector_msgs/msg/_marker_data.py
[4.109s] -- Installing: /home/mtrn/ros2_ws/src/install/blue_detector_msgs/local/lib/python3.10/dist-packages/blue_detector_msgs/__init__.py
[4.144s] Listing '/home/mtrn/ros2_ws/src/install/blue_detector_msgs/local/lib/python3.10/dist-packages/blue_detector_msgs'...
[4.144s] Compiling '/home/mtrn/ros2_ws/src/install/blue_detector_msgs/local/lib/python3.10/dist-packages/blue_detector_msgs/__init__.py'...
[4.144s] Listing '/home/mtrn/ros2_ws/src/install/blue_detector_msgs/local/lib/python3.10/dist-packages/blue_detector_msgs/msg'...
[4.144s] Compiling '/home/mtrn/ros2_ws/src/install/blue_detector_msgs/local/lib/python3.10/dist-packages/blue_detector_msgs/msg/__init__.py'...
[4.144s] Compiling '/home/mtrn/ros2_ws/src/install/blue_detector_msgs/local/lib/python3.10/dist-packages/blue_detector_msgs/msg/_marker_data.py'...
[4.148s] -- Installing: /home/mtrn/ros2_ws/src/install/blue_detector_msgs/local/lib/python3.10/dist-packages/blue_detector_msgs/blue_detector_msgs_s__rosidl_typesupport_fastrtps_c.cpython-310-x86_64-linux-gnu.so
[4.148s] -- Set runtime path of "/home/mtrn/ros2_ws/src/install/blue_detector_msgs/local/lib/python3.10/dist-packages/blue_detector_msgs/blue_detector_msgs_s__rosidl_typesupport_fastrtps_c.cpython-310-x86_64-linux-gnu.so" to ""
[4.148s] -- Installing: /home/mtrn/ros2_ws/src/install/blue_detector_msgs/local/lib/python3.10/dist-packages/blue_detector_msgs/blue_detector_msgs_s__rosidl_typesupport_introspection_c.cpython-310-x86_64-linux-gnu.so
[4.149s] -- Set runtime path of "/home/mtrn/ros2_ws/src/install/blue_detector_msgs/local/lib/python3.10/dist-packages/blue_detector_msgs/blue_detector_msgs_s__rosidl_typesupport_introspection_c.cpython-310-x86_64-linux-gnu.so" to ""
[4.149s] -- Installing: /home/mtrn/ros2_ws/src/install/blue_detector_msgs/local/lib/python3.10/dist-packages/blue_detector_msgs/blue_detector_msgs_s__rosidl_typesupport_c.cpython-310-x86_64-linux-gnu.so
[4.149s] -- Set runtime path of "/home/mtrn/ros2_ws/src/install/blue_detector_msgs/local/lib/python3.10/dist-packages/blue_detector_msgs/blue_detector_msgs_s__rosidl_typesupport_c.cpython-310-x86_64-linux-gnu.so" to ""
[4.150s] -- Installing: /home/mtrn/ros2_ws/src/install/blue_detector_msgs/lib/libblue_detector_msgs__rosidl_generator_py.so
[4.150s] -- Set runtime path of "/home/mtrn/ros2_ws/src/install/blue_detector_msgs/lib/libblue_detector_msgs__rosidl_generator_py.so" to ""
[4.150s] -- Installing: /home/mtrn/ros2_ws/src/install/blue_detector_msgs/share/blue_detector_msgs/msg/MarkerData.idl
[4.150s] -- Installing: /home/mtrn/ros2_ws/src/install/blue_detector_msgs/share/blue_detector_msgs/msg/MarkerData.msg
[4.150s] -- Installing: /home/mtrn/ros2_ws/src/install/blue_detector_msgs/share/ament_index/resource_index/package_run_dependencies/blue_detector_msgs
[4.150s] -- Installing: /home/mtrn/ros2_ws/src/install/blue_detector_msgs/share/ament_index/resource_index/parent_prefix_path/blue_detector_msgs
[4.151s] -- Installing: /home/mtrn/ros2_ws/src/install/blue_detector_msgs/share/blue_detector_msgs/environment/ament_prefix_path.sh
[4.151s] -- Installing: /home/mtrn/ros2_ws/src/install/blue_detector_msgs/share/blue_detector_msgs/environment/ament_prefix_path.dsv
[4.151s] -- Installing: /home/mtrn/ros2_ws/src/install/blue_detector_msgs/share/blue_detector_msgs/environment/path.sh
[4.151s] -- Installing: /home/mtrn/ros2_ws/src/install/blue_detector_msgs/share/blue_detector_msgs/environment/path.dsv
[4.151s] -- Installing: /home/mtrn/ros2_ws/src/install/blue_detector_msgs/share/blue_detector_msgs/local_setup.bash
[4.151s] -- Installing: /home/mtrn/ros2_ws/src/install/blue_detector_msgs/share/blue_detector_msgs/local_setup.sh
[4.151s] -- Installing: /home/mtrn/ros2_ws/src/install/blue_detector_msgs/share/blue_detector_msgs/local_setup.zsh
[4.152s] -- Installing: /home/mtrn/ros2_ws/src/install/blue_detector_msgs/share/blue_detector_msgs/local_setup.dsv
[4.152s] -- Installing: /home/mtrn/ros2_ws/src/install/blue_detector_msgs/share/blue_detector_msgs/package.dsv
[4.152s] -- Installing: /home/mtrn/ros2_ws/src/install/blue_detector_msgs/share/ament_index/resource_index/packages/blue_detector_msgs
[4.152s] -- Installing: /home/mtrn/ros2_ws/src/install/blue_detector_msgs/share/blue_detector_msgs/cmake/export_blue_detector_msgs__rosidl_generator_cExport.cmake
[4.153s] -- Installing: /home/mtrn/ros2_ws/src/install/blue_detector_msgs/share/blue_detector_msgs/cmake/export_blue_detector_msgs__rosidl_generator_cExport-noconfig.cmake
[4.153s] -- Installing: /home/mtrn/ros2_ws/src/install/blue_detector_msgs/share/blue_detector_msgs/cmake/export_blue_detector_msgs__rosidl_typesupport_fastrtps_cExport.cmake
[4.153s] -- Installing: /home/mtrn/ros2_ws/src/install/blue_detector_msgs/share/blue_detector_msgs/cmake/export_blue_detector_msgs__rosidl_typesupport_fastrtps_cExport-noconfig.cmake
[4.153s] -- Installing: /home/mtrn/ros2_ws/src/install/blue_detector_msgs/share/blue_detector_msgs/cmake/export_blue_detector_msgs__rosidl_generator_cppExport.cmake
[4.153s] -- Installing: /home/mtrn/ros2_ws/src/install/blue_detector_msgs/share/blue_detector_msgs/cmake/export_blue_detector_msgs__rosidl_typesupport_fastrtps_cppExport.cmake
[4.153s] -- Installing: /home/mtrn/ros2_ws/src/install/blue_detector_msgs/share/blue_detector_msgs/cmake/export_blue_detector_msgs__rosidl_typesupport_fastrtps_cppExport-noconfig.cmake
[4.153s] -- Installing: /home/mtrn/ros2_ws/src/install/blue_detector_msgs/share/blue_detector_msgs/cmake/blue_detector_msgs__rosidl_typesupport_introspection_cExport.cmake
[4.154s] -- Installing: /home/mtrn/ros2_ws/src/install/blue_detector_msgs/share/blue_detector_msgs/cmake/blue_detector_msgs__rosidl_typesupport_introspection_cExport-noconfig.cmake
[4.154s] -- Installing: /home/mtrn/ros2_ws/src/install/blue_detector_msgs/share/blue_detector_msgs/cmake/blue_detector_msgs__rosidl_typesupport_cExport.cmake
[4.154s] -- Installing: /home/mtrn/ros2_ws/src/install/blue_detector_msgs/share/blue_detector_msgs/cmake/blue_detector_msgs__rosidl_typesupport_cExport-noconfig.cmake
[4.154s] -- Installing: /home/mtrn/ros2_ws/src/install/blue_detector_msgs/share/blue_detector_msgs/cmake/blue_detector_msgs__rosidl_typesupport_introspection_cppExport.cmake
[4.154s] -- Installing: /home/mtrn/ros2_ws/src/install/blue_detector_msgs/share/blue_detector_msgs/cmake/blue_detector_msgs__rosidl_typesupport_introspection_cppExport-noconfig.cmake
[4.154s] -- Installing: /home/mtrn/ros2_ws/src/install/blue_detector_msgs/share/blue_detector_msgs/cmake/blue_detector_msgs__rosidl_typesupport_cppExport.cmake
[4.154s] -- Installing: /home/mtrn/ros2_ws/src/install/blue_detector_msgs/share/blue_detector_msgs/cmake/blue_detector_msgs__rosidl_typesupport_cppExport-noconfig.cmake
[4.154s] -- Installing: /home/mtrn/ros2_ws/src/install/blue_detector_msgs/share/blue_detector_msgs/cmake/export_blue_detector_msgs__rosidl_generator_pyExport.cmake
[4.155s] -- Installing: /home/mtrn/ros2_ws/src/install/blue_detector_msgs/share/blue_detector_msgs/cmake/export_blue_detector_msgs__rosidl_generator_pyExport-noconfig.cmake
[4.155s] -- Installing: /home/mtrn/ros2_ws/src/install/blue_detector_msgs/share/blue_detector_msgs/cmake/rosidl_cmake-extras.cmake
[4.155s] -- Installing: /home/mtrn/ros2_ws/src/install/blue_detector_msgs/share/blue_detector_msgs/cmake/ament_cmake_export_dependencies-extras.cmake
[4.156s] -- Installing: /home/mtrn/ros2_ws/src/install/blue_detector_msgs/share/blue_detector_msgs/cmake/ament_cmake_export_include_directories-extras.cmake
[4.156s] -- Installing: /home/mtrn/ros2_ws/src/install/blue_detector_msgs/share/blue_detector_msgs/cmake/ament_cmake_export_libraries-extras.cmake
[4.156s] -- Installing: /home/mtrn/ros2_ws/src/install/blue_detector_msgs/share/blue_detector_msgs/cmake/ament_cmake_export_targets-extras.cmake
[4.156s] -- Installing: /home/mtrn/ros2_ws/src/install/blue_detector_msgs/share/blue_detector_msgs/cmake/rosidl_cmake_export_typesupport_targets-extras.cmake
[4.156s] -- Installing: /home/mtrn/ros2_ws/src/install/blue_detector_msgs/share/blue_detector_msgs/cmake/rosidl_cmake_export_typesupport_libraries-extras.cmake
[4.157s] -- Installing: /home/mtrn/ros2_ws/src/install/blue_detector_msgs/share/blue_detector_msgs/cmake/blue_detector_msgsConfig.cmake
[4.157s] -- Installing: /home/mtrn/ros2_ws/src/install/blue_detector_msgs/share/blue_detector_msgs/cmake/blue_detector_msgsConfig-version.cmake
[4.157s] -- Installing: /home/mtrn/ros2_ws/src/install/blue_detector_msgs/share/blue_detector_msgs/package.xml
[4.159s] Invoked command in '/home/mtrn/ros2_ws/src/build/blue_detector_msgs' returned '0': /usr/bin/cmake --install /home/mtrn/ros2_ws/src/build/blue_detector_msgs
