[0.705s] Invoking command in '/home/mtrn/ros2_ws/src/blue_detector': PYTHONPATH=/home/mtrn/ros2_ws/build/blue_detector/prefix_override:/home/mtrn/ros2_ws/install/blue_detector/lib/python3.10/site-packages:${PYTHONPATH} /usr/bin/python3 setup.py egg_info --egg-base ../../build/blue_detector build --build-base /home/mtrn/ros2_ws/build/blue_detector/build install --record /home/mtrn/ros2_ws/build/blue_detector/install.log --single-version-externally-managed
[0.955s] running egg_info
[0.957s] writing ../../build/blue_detector/blue_detector.egg-info/PKG-INFO
[0.957s] writing dependency_links to ../../build/blue_detector/blue_detector.egg-info/dependency_links.txt
[0.957s] writing entry points to ../../build/blue_detector/blue_detector.egg-info/entry_points.txt
[0.957s] writing requirements to ../../build/blue_detector/blue_detector.egg-info/requires.txt
[0.958s] writing top-level names to ../../build/blue_detector/blue_detector.egg-info/top_level.txt
[0.958s] reading manifest file '../../build/blue_detector/blue_detector.egg-info/SOURCES.txt'
[0.959s] writing manifest file '../../build/blue_detector/blue_detector.egg-info/SOURCES.txt'
[0.959s] running build
[0.959s] running build_py
[0.960s] running install
[0.960s] /usr/lib/python3/dist-packages/setuptools/command/install.py:34: SetuptoolsDeprecationWarning: setup.py install is deprecated. Use build and pip and other standards-based tools.
[0.960s]   warnings.warn(
[0.960s] running install_lib
[0.961s] running install_data
[0.962s] running install_egg_info
[0.976s] removing '/home/mtrn/ros2_ws/install/blue_detector/lib/python3.10/site-packages/blue_detector-0.0.0-py3.10.egg-info' (and everything under it)
[0.978s] Copying ../../build/blue_detector/blue_detector.egg-info to /home/mtrn/ros2_ws/install/blue_detector/lib/python3.10/site-packages/blue_detector-0.0.0-py3.10.egg-info
[0.978s] running install_scripts
[1.002s] Installing blue_detector_node script to /home/mtrn/ros2_ws/install/blue_detector/lib/blue_detector
[1.003s] Installing image_publisher_node script to /home/mtrn/ros2_ws/install/blue_detector/lib/blue_detector
[1.003s] writing list of installed files to '/home/mtrn/ros2_ws/build/blue_detector/install.log'
[1.023s] Invoked command in '/home/mtrn/ros2_ws/src/blue_detector' returned '0': PYTHONPATH=/home/mtrn/ros2_ws/build/blue_detector/prefix_override:/home/mtrn/ros2_ws/install/blue_detector/lib/python3.10/site-packages:${PYTHONPATH} /usr/bin/python3 setup.py egg_info --egg-base ../../build/blue_detector build --build-base /home/mtrn/ros2_ws/build/blue_detector/build install --record /home/mtrn/ros2_ws/build/blue_detector/install.log --single-version-externally-managed
