[0.420s] DEBUG:colcon:Command line arguments: ['/usr/bin/colcon', 'build']
[0.420s] DEBUG:colcon:Parsed command line arguments: Namespace(log_base=None, log_level=None, verb_name='build', build_base='build', install_base='install', merge_install=False, symlink_install=False, test_result_base=None, continue_on_error=False, executor='parallel', parallel_workers=4, event_handlers=None, ignore_user_meta=False, metas=['./colcon.meta'], base_paths=['.'], packages_ignore=None, packages_ignore_regex=None, paths=None, packages_up_to=None, packages_up_to_regex=None, packages_above=None, packages_above_and_dependencies=None, packages_above_depth=None, packages_select_by_dep=None, packages_skip_by_dep=None, packages_skip_up_to=None, packages_select_build_failed=False, packages_skip_build_finished=False, packages_select_test_failures=False, packages_skip_test_passed=False, packages_select=None, packages_skip=None, packages_select_regex=None, packages_skip_regex=None, packages_start=None, packages_end=None, allow_overriding=[], cmake_args=None, cmake_target=None, cmake_target_skip_unavailable=False, cmake_clean_cache=False, cmake_clean_first=False, cmake_force_configure=False, ament_cmake_args=None, catkin_cmake_args=None, catkin_skip_building_tests=False, mixin_files=None, mixin=None, verb_parser=<colcon_mixin.mixin.mixin_argument.MixinArgumentDecorator object at 0x7292bc666e00>, verb_extension=<colcon_core.verb.build.BuildVerb object at 0x7292bc343100>, main=<bound method BuildVerb.main of <colcon_core.verb.build.BuildVerb object at 0x7292bc343100>>, mixin_verb=('build',))
[0.451s] Level 1:colcon.colcon_core.package_discovery:discover_packages(colcon_meta) check parameters
[0.451s] Level 1:colcon.colcon_core.package_discovery:discover_packages(recursive) check parameters
[0.451s] Level 1:colcon.colcon_core.package_discovery:discover_packages(ignore) check parameters
[0.451s] Level 1:colcon.colcon_core.package_discovery:discover_packages(path) check parameters
[0.451s] Level 1:colcon.colcon_core.package_discovery:discover_packages(colcon_meta) discover
[0.451s] Level 1:colcon.colcon_core.package_discovery:discover_packages(recursive) discover
[0.451s] INFO:colcon.colcon_core.package_discovery:Crawling recursively for packages in '/home/mtrn/lab4-main/lab4-main'
[0.451s] Level 1:colcon.colcon_core.package_identification:_identify(.) by extensions ['ignore', 'ignore_ament_install']
[0.451s] Level 1:colcon.colcon_core.package_identification:_identify(.) by extension 'ignore'
[0.451s] Level 1:colcon.colcon_core.package_identification:_identify(.) by extension 'ignore_ament_install'
[0.451s] Level 1:colcon.colcon_core.package_identification:_identify(.) by extensions ['colcon_pkg']
[0.451s] Level 1:colcon.colcon_core.package_identification:_identify(.) by extension 'colcon_pkg'
[0.451s] Level 1:colcon.colcon_core.package_identification:_identify(.) by extensions ['colcon_meta']
[0.451s] Level 1:colcon.colcon_core.package_identification:_identify(.) by extension 'colcon_meta'
[0.451s] Level 1:colcon.colcon_core.package_identification:_identify(.) by extensions ['ros']
[0.451s] Level 1:colcon.colcon_core.package_identification:_identify(.) by extension 'ros'
[0.481s] Level 1:colcon.colcon_core.package_identification:_identify(.) by extensions ['cmake', 'python']
[0.481s] Level 1:colcon.colcon_core.package_identification:_identify(.) by extension 'cmake'
[0.481s] Level 1:colcon.colcon_core.package_identification:_identify(.) by extension 'python'
[0.481s] Level 1:colcon.colcon_core.package_identification:_identify(.) by extensions ['python_setup_py']
[0.481s] Level 1:colcon.colcon_core.package_identification:_identify(.) by extension 'python_setup_py'
[0.482s] Level 1:colcon.colcon_core.package_identification:_identify(build) by extensions ['ignore', 'ignore_ament_install']
[0.482s] Level 1:colcon.colcon_core.package_identification:_identify(build) by extension 'ignore'
[0.482s] Level 1:colcon.colcon_core.package_identification:_identify(build) ignored
[0.482s] Level 1:colcon.colcon_core.package_identification:_identify(install) by extensions ['ignore', 'ignore_ament_install']
[0.482s] Level 1:colcon.colcon_core.package_identification:_identify(install) by extension 'ignore'
[0.482s] Level 1:colcon.colcon_core.package_identification:_identify(install) ignored
[0.482s] Level 1:colcon.colcon_core.package_identification:_identify(log) by extensions ['ignore', 'ignore_ament_install']
[0.482s] Level 1:colcon.colcon_core.package_identification:_identify(log) by extension 'ignore'
[0.482s] Level 1:colcon.colcon_core.package_identification:_identify(log) ignored
[0.483s] Level 1:colcon.colcon_core.package_identification:_identify(my_dataset) by extensions ['ignore', 'ignore_ament_install']
[0.483s] Level 1:colcon.colcon_core.package_identification:_identify(my_dataset) by extension 'ignore'
[0.483s] Level 1:colcon.colcon_core.package_identification:_identify(my_dataset) by extension 'ignore_ament_install'
[0.483s] Level 1:colcon.colcon_core.package_identification:_identify(my_dataset) by extensions ['colcon_pkg']
[0.483s] Level 1:colcon.colcon_core.package_identification:_identify(my_dataset) by extension 'colcon_pkg'
[0.483s] Level 1:colcon.colcon_core.package_identification:_identify(my_dataset) by extensions ['colcon_meta']
[0.483s] Level 1:colcon.colcon_core.package_identification:_identify(my_dataset) by extension 'colcon_meta'
[0.483s] Level 1:colcon.colcon_core.package_identification:_identify(my_dataset) by extensions ['ros']
[0.483s] Level 1:colcon.colcon_core.package_identification:_identify(my_dataset) by extension 'ros'
[0.483s] Level 1:colcon.colcon_core.package_identification:_identify(my_dataset) by extensions ['cmake', 'python']
[0.483s] Level 1:colcon.colcon_core.package_identification:_identify(my_dataset) by extension 'cmake'
[0.483s] Level 1:colcon.colcon_core.package_identification:_identify(my_dataset) by extension 'python'
[0.483s] Level 1:colcon.colcon_core.package_identification:_identify(my_dataset) by extensions ['python_setup_py']
[0.483s] Level 1:colcon.colcon_core.package_identification:_identify(my_dataset) by extension 'python_setup_py'
[0.483s] Level 1:colcon.colcon_core.package_identification:_identify(my_dataset/train) by extensions ['ignore', 'ignore_ament_install']
[0.483s] Level 1:colcon.colcon_core.package_identification:_identify(my_dataset/train) by extension 'ignore'
[0.483s] Level 1:colcon.colcon_core.package_identification:_identify(my_dataset/train) by extension 'ignore_ament_install'
[0.483s] Level 1:colcon.colcon_core.package_identification:_identify(my_dataset/train) by extensions ['colcon_pkg']
[0.483s] Level 1:colcon.colcon_core.package_identification:_identify(my_dataset/train) by extension 'colcon_pkg'
[0.483s] Level 1:colcon.colcon_core.package_identification:_identify(my_dataset/train) by extensions ['colcon_meta']
[0.483s] Level 1:colcon.colcon_core.package_identification:_identify(my_dataset/train) by extension 'colcon_meta'
[0.483s] Level 1:colcon.colcon_core.package_identification:_identify(my_dataset/train) by extensions ['ros']
[0.483s] Level 1:colcon.colcon_core.package_identification:_identify(my_dataset/train) by extension 'ros'
[0.484s] Level 1:colcon.colcon_core.package_identification:_identify(my_dataset/train) by extensions ['cmake', 'python']
[0.484s] Level 1:colcon.colcon_core.package_identification:_identify(my_dataset/train) by extension 'cmake'
[0.484s] Level 1:colcon.colcon_core.package_identification:_identify(my_dataset/train) by extension 'python'
[0.484s] Level 1:colcon.colcon_core.package_identification:_identify(my_dataset/train) by extensions ['python_setup_py']
[0.484s] Level 1:colcon.colcon_core.package_identification:_identify(my_dataset/train) by extension 'python_setup_py'
[0.484s] Level 1:colcon.colcon_core.package_identification:_identify(my_dataset/train/images) by extensions ['ignore', 'ignore_ament_install']
[0.484s] Level 1:colcon.colcon_core.package_identification:_identify(my_dataset/train/images) by extension 'ignore'
[0.484s] Level 1:colcon.colcon_core.package_identification:_identify(my_dataset/train/images) by extension 'ignore_ament_install'
[0.484s] Level 1:colcon.colcon_core.package_identification:_identify(my_dataset/train/images) by extensions ['colcon_pkg']
[0.484s] Level 1:colcon.colcon_core.package_identification:_identify(my_dataset/train/images) by extension 'colcon_pkg'
[0.484s] Level 1:colcon.colcon_core.package_identification:_identify(my_dataset/train/images) by extensions ['colcon_meta']
[0.484s] Level 1:colcon.colcon_core.package_identification:_identify(my_dataset/train/images) by extension 'colcon_meta'
[0.484s] Level 1:colcon.colcon_core.package_identification:_identify(my_dataset/train/images) by extensions ['ros']
[0.484s] Level 1:colcon.colcon_core.package_identification:_identify(my_dataset/train/images) by extension 'ros'
[0.484s] Level 1:colcon.colcon_core.package_identification:_identify(my_dataset/train/images) by extensions ['cmake', 'python']
[0.484s] Level 1:colcon.colcon_core.package_identification:_identify(my_dataset/train/images) by extension 'cmake'
[0.484s] Level 1:colcon.colcon_core.package_identification:_identify(my_dataset/train/images) by extension 'python'
[0.484s] Level 1:colcon.colcon_core.package_identification:_identify(my_dataset/train/images) by extensions ['python_setup_py']
[0.484s] Level 1:colcon.colcon_core.package_identification:_identify(my_dataset/train/images) by extension 'python_setup_py'
[0.485s] Level 1:colcon.colcon_core.package_identification:_identify(my_dataset/train/labels) by extensions ['ignore', 'ignore_ament_install']
[0.485s] Level 1:colcon.colcon_core.package_identification:_identify(my_dataset/train/labels) by extension 'ignore'
[0.485s] Level 1:colcon.colcon_core.package_identification:_identify(my_dataset/train/labels) by extension 'ignore_ament_install'
[0.485s] Level 1:colcon.colcon_core.package_identification:_identify(my_dataset/train/labels) by extensions ['colcon_pkg']
[0.485s] Level 1:colcon.colcon_core.package_identification:_identify(my_dataset/train/labels) by extension 'colcon_pkg'
[0.485s] Level 1:colcon.colcon_core.package_identification:_identify(my_dataset/train/labels) by extensions ['colcon_meta']
[0.485s] Level 1:colcon.colcon_core.package_identification:_identify(my_dataset/train/labels) by extension 'colcon_meta'
[0.485s] Level 1:colcon.colcon_core.package_identification:_identify(my_dataset/train/labels) by extensions ['ros']
[0.485s] Level 1:colcon.colcon_core.package_identification:_identify(my_dataset/train/labels) by extension 'ros'
[0.485s] Level 1:colcon.colcon_core.package_identification:_identify(my_dataset/train/labels) by extensions ['cmake', 'python']
[0.485s] Level 1:colcon.colcon_core.package_identification:_identify(my_dataset/train/labels) by extension 'cmake'
[0.485s] Level 1:colcon.colcon_core.package_identification:_identify(my_dataset/train/labels) by extension 'python'
[0.485s] Level 1:colcon.colcon_core.package_identification:_identify(my_dataset/train/labels) by extensions ['python_setup_py']
[0.485s] Level 1:colcon.colcon_core.package_identification:_identify(my_dataset/train/labels) by extension 'python_setup_py'
[0.485s] Level 1:colcon.colcon_core.package_identification:_identify(my_dataset/val) by extensions ['ignore', 'ignore_ament_install']
[0.485s] Level 1:colcon.colcon_core.package_identification:_identify(my_dataset/val) by extension 'ignore'
[0.485s] Level 1:colcon.colcon_core.package_identification:_identify(my_dataset/val) by extension 'ignore_ament_install'
[0.485s] Level 1:colcon.colcon_core.package_identification:_identify(my_dataset/val) by extensions ['colcon_pkg']
[0.485s] Level 1:colcon.colcon_core.package_identification:_identify(my_dataset/val) by extension 'colcon_pkg'
[0.485s] Level 1:colcon.colcon_core.package_identification:_identify(my_dataset/val) by extensions ['colcon_meta']
[0.485s] Level 1:colcon.colcon_core.package_identification:_identify(my_dataset/val) by extension 'colcon_meta'
[0.485s] Level 1:colcon.colcon_core.package_identification:_identify(my_dataset/val) by extensions ['ros']
[0.485s] Level 1:colcon.colcon_core.package_identification:_identify(my_dataset/val) by extension 'ros'
[0.486s] Level 1:colcon.colcon_core.package_identification:_identify(my_dataset/val) by extensions ['cmake', 'python']
[0.486s] Level 1:colcon.colcon_core.package_identification:_identify(my_dataset/val) by extension 'cmake'
[0.486s] Level 1:colcon.colcon_core.package_identification:_identify(my_dataset/val) by extension 'python'
[0.486s] Level 1:colcon.colcon_core.package_identification:_identify(my_dataset/val) by extensions ['python_setup_py']
[0.486s] Level 1:colcon.colcon_core.package_identification:_identify(my_dataset/val) by extension 'python_setup_py'
[0.486s] Level 1:colcon.colcon_core.package_identification:_identify(my_dataset/val/images) by extensions ['ignore', 'ignore_ament_install']
[0.486s] Level 1:colcon.colcon_core.package_identification:_identify(my_dataset/val/images) by extension 'ignore'
[0.486s] Level 1:colcon.colcon_core.package_identification:_identify(my_dataset/val/images) by extension 'ignore_ament_install'
[0.486s] Level 1:colcon.colcon_core.package_identification:_identify(my_dataset/val/images) by extensions ['colcon_pkg']
[0.486s] Level 1:colcon.colcon_core.package_identification:_identify(my_dataset/val/images) by extension 'colcon_pkg'
[0.486s] Level 1:colcon.colcon_core.package_identification:_identify(my_dataset/val/images) by extensions ['colcon_meta']
[0.486s] Level 1:colcon.colcon_core.package_identification:_identify(my_dataset/val/images) by extension 'colcon_meta'
[0.486s] Level 1:colcon.colcon_core.package_identification:_identify(my_dataset/val/images) by extensions ['ros']
[0.486s] Level 1:colcon.colcon_core.package_identification:_identify(my_dataset/val/images) by extension 'ros'
[0.486s] Level 1:colcon.colcon_core.package_identification:_identify(my_dataset/val/images) by extensions ['cmake', 'python']
[0.486s] Level 1:colcon.colcon_core.package_identification:_identify(my_dataset/val/images) by extension 'cmake'
[0.486s] Level 1:colcon.colcon_core.package_identification:_identify(my_dataset/val/images) by extension 'python'
[0.486s] Level 1:colcon.colcon_core.package_identification:_identify(my_dataset/val/images) by extensions ['python_setup_py']
[0.486s] Level 1:colcon.colcon_core.package_identification:_identify(my_dataset/val/images) by extension 'python_setup_py'
[0.486s] Level 1:colcon.colcon_core.package_identification:_identify(my_dataset/val/labels) by extensions ['ignore', 'ignore_ament_install']
[0.487s] Level 1:colcon.colcon_core.package_identification:_identify(my_dataset/val/labels) by extension 'ignore'
[0.487s] Level 1:colcon.colcon_core.package_identification:_identify(my_dataset/val/labels) by extension 'ignore_ament_install'
[0.487s] Level 1:colcon.colcon_core.package_identification:_identify(my_dataset/val/labels) by extensions ['colcon_pkg']
[0.487s] Level 1:colcon.colcon_core.package_identification:_identify(my_dataset/val/labels) by extension 'colcon_pkg'
[0.487s] Level 1:colcon.colcon_core.package_identification:_identify(my_dataset/val/labels) by extensions ['colcon_meta']
[0.487s] Level 1:colcon.colcon_core.package_identification:_identify(my_dataset/val/labels) by extension 'colcon_meta'
[0.487s] Level 1:colcon.colcon_core.package_identification:_identify(my_dataset/val/labels) by extensions ['ros']
[0.487s] Level 1:colcon.colcon_core.package_identification:_identify(my_dataset/val/labels) by extension 'ros'
[0.487s] Level 1:colcon.colcon_core.package_identification:_identify(my_dataset/val/labels) by extensions ['cmake', 'python']
[0.487s] Level 1:colcon.colcon_core.package_identification:_identify(my_dataset/val/labels) by extension 'cmake'
[0.487s] Level 1:colcon.colcon_core.package_identification:_identify(my_dataset/val/labels) by extension 'python'
[0.487s] Level 1:colcon.colcon_core.package_identification:_identify(my_dataset/val/labels) by extensions ['python_setup_py']
[0.487s] Level 1:colcon.colcon_core.package_identification:_identify(my_dataset/val/labels) by extension 'python_setup_py'
[0.487s] Level 1:colcon.colcon_core.package_identification:_identify(src) by extensions ['ignore', 'ignore_ament_install']
[0.487s] Level 1:colcon.colcon_core.package_identification:_identify(src) by extension 'ignore'
[0.487s] Level 1:colcon.colcon_core.package_identification:_identify(src) by extension 'ignore_ament_install'
[0.487s] Level 1:colcon.colcon_core.package_identification:_identify(src) by extensions ['colcon_pkg']
[0.487s] Level 1:colcon.colcon_core.package_identification:_identify(src) by extension 'colcon_pkg'
[0.487s] Level 1:colcon.colcon_core.package_identification:_identify(src) by extensions ['colcon_meta']
[0.487s] Level 1:colcon.colcon_core.package_identification:_identify(src) by extension 'colcon_meta'
[0.487s] Level 1:colcon.colcon_core.package_identification:_identify(src) by extensions ['ros']
[0.487s] Level 1:colcon.colcon_core.package_identification:_identify(src) by extension 'ros'
[0.487s] Level 1:colcon.colcon_core.package_identification:_identify(src) by extensions ['cmake', 'python']
[0.488s] Level 1:colcon.colcon_core.package_identification:_identify(src) by extension 'cmake'
[0.488s] Level 1:colcon.colcon_core.package_identification:_identify(src) by extension 'python'
[0.488s] Level 1:colcon.colcon_core.package_identification:_identify(src) by extensions ['python_setup_py']
[0.488s] Level 1:colcon.colcon_core.package_identification:_identify(src) by extension 'python_setup_py'
[0.488s] Level 1:colcon.colcon_core.package_identification:_identify(src/interface) by extensions ['ignore', 'ignore_ament_install']
[0.488s] Level 1:colcon.colcon_core.package_identification:_identify(src/interface) by extension 'ignore'
[0.488s] Level 1:colcon.colcon_core.package_identification:_identify(src/interface) by extension 'ignore_ament_install'
[0.488s] Level 1:colcon.colcon_core.package_identification:_identify(src/interface) by extensions ['colcon_pkg']
[0.488s] Level 1:colcon.colcon_core.package_identification:_identify(src/interface) by extension 'colcon_pkg'
[0.488s] Level 1:colcon.colcon_core.package_identification:_identify(src/interface) by extensions ['colcon_meta']
[0.488s] Level 1:colcon.colcon_core.package_identification:_identify(src/interface) by extension 'colcon_meta'
[0.488s] Level 1:colcon.colcon_core.package_identification:_identify(src/interface) by extensions ['ros']
[0.488s] Level 1:colcon.colcon_core.package_identification:_identify(src/interface) by extension 'ros'
[0.494s] DEBUG:colcon.colcon_core.package_identification:Package 'src/interface' with type 'ros.ament_cmake' and name 'interface'
[0.494s] Level 1:colcon.colcon_core.package_identification:_identify(src/transformation) by extensions ['ignore', 'ignore_ament_install']
[0.494s] Level 1:colcon.colcon_core.package_identification:_identify(src/transformation) by extension 'ignore'
[0.495s] Level 1:colcon.colcon_core.package_identification:_identify(src/transformation) by extension 'ignore_ament_install'
[0.495s] Level 1:colcon.colcon_core.package_identification:_identify(src/transformation) by extensions ['colcon_pkg']
[0.495s] Level 1:colcon.colcon_core.package_identification:_identify(src/transformation) by extension 'colcon_pkg'
[0.495s] Level 1:colcon.colcon_core.package_identification:_identify(src/transformation) by extensions ['colcon_meta']
[0.495s] Level 1:colcon.colcon_core.package_identification:_identify(src/transformation) by extension 'colcon_meta'
[0.495s] Level 1:colcon.colcon_core.package_identification:_identify(src/transformation) by extensions ['ros']
[0.495s] Level 1:colcon.colcon_core.package_identification:_identify(src/transformation) by extension 'ros'
[0.496s] DEBUG:colcon.colcon_core.package_identification:Package 'src/transformation' with type 'ros.ament_python' and name 'transformation'
[0.496s] Level 1:colcon.colcon_core.package_identification:_identify(src/vision) by extensions ['ignore', 'ignore_ament_install']
[0.497s] Level 1:colcon.colcon_core.package_identification:_identify(src/vision) by extension 'ignore'
[0.497s] Level 1:colcon.colcon_core.package_identification:_identify(src/vision) by extension 'ignore_ament_install'
[0.497s] Level 1:colcon.colcon_core.package_identification:_identify(src/vision) by extensions ['colcon_pkg']
[0.497s] Level 1:colcon.colcon_core.package_identification:_identify(src/vision) by extension 'colcon_pkg'
[0.497s] Level 1:colcon.colcon_core.package_identification:_identify(src/vision) by extensions ['colcon_meta']
[0.497s] Level 1:colcon.colcon_core.package_identification:_identify(src/vision) by extension 'colcon_meta'
[0.497s] Level 1:colcon.colcon_core.package_identification:_identify(src/vision) by extensions ['ros']
[0.497s] Level 1:colcon.colcon_core.package_identification:_identify(src/vision) by extension 'ros'
[0.498s] DEBUG:colcon.colcon_core.package_identification:Package 'src/vision' with type 'ros.ament_python' and name 'vision'
[0.498s] Level 1:colcon.colcon_core.package_discovery:discover_packages(recursive) using defaults
[0.498s] Level 1:colcon.colcon_core.package_discovery:discover_packages(ignore) discover
[0.498s] Level 1:colcon.colcon_core.package_discovery:discover_packages(ignore) using defaults
[0.498s] Level 1:colcon.colcon_core.package_discovery:discover_packages(path) discover
[0.498s] Level 1:colcon.colcon_core.package_discovery:discover_packages(path) using defaults
[0.545s] Level 1:colcon.colcon_core.package_discovery:discover_packages(prefix_path) check parameters
[0.545s] Level 1:colcon.colcon_core.package_discovery:discover_packages(prefix_path) discover
[0.552s] DEBUG:colcon.colcon_installed_package_information.package_discovery:Found 322 installed packages in /opt/ros/humble
[0.553s] Level 1:colcon.colcon_core.package_discovery:discover_packages(prefix_path) using defaults
[0.618s] Level 5:colcon.colcon_core.verb:set package 'interface' build argument 'cmake_args' from command line to 'None'
[0.618s] Level 5:colcon.colcon_core.verb:set package 'interface' build argument 'cmake_target' from command line to 'None'
[0.618s] Level 5:colcon.colcon_core.verb:set package 'interface' build argument 'cmake_target_skip_unavailable' from command line to 'False'
[0.618s] Level 5:colcon.colcon_core.verb:set package 'interface' build argument 'cmake_clean_cache' from command line to 'False'
[0.618s] Level 5:colcon.colcon_core.verb:set package 'interface' build argument 'cmake_clean_first' from command line to 'False'
[0.618s] Level 5:colcon.colcon_core.verb:set package 'interface' build argument 'cmake_force_configure' from command line to 'False'
[0.618s] Level 5:colcon.colcon_core.verb:set package 'interface' build argument 'ament_cmake_args' from command line to 'None'
[0.618s] Level 5:colcon.colcon_core.verb:set package 'interface' build argument 'catkin_cmake_args' from command line to 'None'
[0.618s] Level 5:colcon.colcon_core.verb:set package 'interface' build argument 'catkin_skip_building_tests' from command line to 'False'
[0.618s] DEBUG:colcon.colcon_core.verb:Building package 'interface' with the following arguments: {'ament_cmake_args': None, 'build_base': '/home/mtrn/lab4-main/lab4-main/build/interface', 'catkin_cmake_args': None, 'catkin_skip_building_tests': False, 'cmake_args': None, 'cmake_clean_cache': False, 'cmake_clean_first': False, 'cmake_force_configure': False, 'cmake_target': None, 'cmake_target_skip_unavailable': False, 'install_base': '/home/mtrn/lab4-main/lab4-main/install/interface', 'merge_install': False, 'path': '/home/mtrn/lab4-main/lab4-main/src/interface', 'symlink_install': False, 'test_result_base': None}
[0.620s] Level 5:colcon.colcon_core.verb:set package 'transformation' build argument 'cmake_args' from command line to 'None'
[0.620s] Level 5:colcon.colcon_core.verb:set package 'transformation' build argument 'cmake_target' from command line to 'None'
[0.620s] Level 5:colcon.colcon_core.verb:set package 'transformation' build argument 'cmake_target_skip_unavailable' from command line to 'False'
[0.620s] Level 5:colcon.colcon_core.verb:set package 'transformation' build argument 'cmake_clean_cache' from command line to 'False'
[0.620s] Level 5:colcon.colcon_core.verb:set package 'transformation' build argument 'cmake_clean_first' from command line to 'False'
[0.620s] Level 5:colcon.colcon_core.verb:set package 'transformation' build argument 'cmake_force_configure' from command line to 'False'
[0.620s] Level 5:colcon.colcon_core.verb:set package 'transformation' build argument 'ament_cmake_args' from command line to 'None'
[0.620s] Level 5:colcon.colcon_core.verb:set package 'transformation' build argument 'catkin_cmake_args' from command line to 'None'
[0.620s] Level 5:colcon.colcon_core.verb:set package 'transformation' build argument 'catkin_skip_building_tests' from command line to 'False'
[0.620s] DEBUG:colcon.colcon_core.verb:Building package 'transformation' with the following arguments: {'ament_cmake_args': None, 'build_base': '/home/mtrn/lab4-main/lab4-main/build/transformation', 'catkin_cmake_args': None, 'catkin_skip_building_tests': False, 'cmake_args': None, 'cmake_clean_cache': False, 'cmake_clean_first': False, 'cmake_force_configure': False, 'cmake_target': None, 'cmake_target_skip_unavailable': False, 'install_base': '/home/mtrn/lab4-main/lab4-main/install/transformation', 'merge_install': False, 'path': '/home/mtrn/lab4-main/lab4-main/src/transformation', 'symlink_install': False, 'test_result_base': None}
[0.622s] Level 5:colcon.colcon_core.verb:set package 'vision' build argument 'cmake_args' from command line to 'None'
[0.622s] Level 5:colcon.colcon_core.verb:set package 'vision' build argument 'cmake_target' from command line to 'None'
[0.622s] Level 5:colcon.colcon_core.verb:set package 'vision' build argument 'cmake_target_skip_unavailable' from command line to 'False'
[0.622s] Level 5:colcon.colcon_core.verb:set package 'vision' build argument 'cmake_clean_cache' from command line to 'False'
[0.622s] Level 5:colcon.colcon_core.verb:set package 'vision' build argument 'cmake_clean_first' from command line to 'False'
[0.622s] Level 5:colcon.colcon_core.verb:set package 'vision' build argument 'cmake_force_configure' from command line to 'False'
[0.622s] Level 5:colcon.colcon_core.verb:set package 'vision' build argument 'ament_cmake_args' from command line to 'None'
[0.622s] Level 5:colcon.colcon_core.verb:set package 'vision' build argument 'catkin_cmake_args' from command line to 'None'
[0.622s] Level 5:colcon.colcon_core.verb:set package 'vision' build argument 'catkin_skip_building_tests' from command line to 'False'
[0.622s] DEBUG:colcon.colcon_core.verb:Building package 'vision' with the following arguments: {'ament_cmake_args': None, 'build_base': '/home/mtrn/lab4-main/lab4-main/build/vision', 'catkin_cmake_args': None, 'catkin_skip_building_tests': False, 'cmake_args': None, 'cmake_clean_cache': False, 'cmake_clean_first': False, 'cmake_force_configure': False, 'cmake_target': None, 'cmake_target_skip_unavailable': False, 'install_base': '/home/mtrn/lab4-main/lab4-main/install/vision', 'merge_install': False, 'path': '/home/mtrn/lab4-main/lab4-main/src/vision', 'symlink_install': False, 'test_result_base': None}
[0.623s] INFO:colcon.colcon_core.executor:Executing jobs using 'parallel' executor
[0.630s] DEBUG:colcon.colcon_parallel_executor.executor.parallel:run_until_complete
[0.630s] INFO:colcon.colcon_ros.task.ament_cmake.build:Building ROS package in '/home/mtrn/lab4-main/lab4-main/src/interface' with build type 'ament_cmake'
[0.630s] INFO:colcon.colcon_cmake.task.cmake.build:Building CMake package in '/home/mtrn/lab4-main/lab4-main/src/interface'
[0.636s] INFO:colcon.colcon_core.plugin_system:Skipping extension 'colcon_core.shell.bat': Not used on non-Windows systems
[0.636s] INFO:colcon.colcon_core.shell:Skip shell extension 'powershell' for command environment: Not usable outside of PowerShell
[0.636s] DEBUG:colcon.colcon_core.shell:Skip shell extension 'dsv' for command environment
[0.646s] DEBUG:colcon.colcon_core.event_handler.log_command:Invoking command in '/home/mtrn/lab4-main/lab4-main/build/interface': CMAKE_PREFIX_PATH=/opt/ros/humble /usr/bin/cmake --build /home/mtrn/lab4-main/lab4-main/build/interface -- -j4 -l4
[1.038s] DEBUG:colcon.colcon_core.event_handler.log_command:Invoked command in '/home/mtrn/lab4-main/lab4-main/build/interface' returned '0': CMAKE_PREFIX_PATH=/opt/ros/humble /usr/bin/cmake --build /home/mtrn/lab4-main/lab4-main/build/interface -- -j4 -l4
[1.099s] DEBUG:colcon.colcon_core.event_handler.log_command:Invoking command in '/home/mtrn/lab4-main/lab4-main/build/interface': CMAKE_PREFIX_PATH=/opt/ros/humble /usr/bin/cmake --install /home/mtrn/lab4-main/lab4-main/build/interface
[1.158s] Level 1:colcon.colcon_core.environment:create_environment_scripts_only(interface)
[1.159s] DEBUG:colcon.colcon_core.event_handler.log_command:Invoked command in '/home/mtrn/lab4-main/lab4-main/build/interface' returned '0': CMAKE_PREFIX_PATH=/opt/ros/humble /usr/bin/cmake --install /home/mtrn/lab4-main/lab4-main/build/interface
[1.164s] Level 1:colcon.colcon_core.environment:checking '/home/mtrn/lab4-main/lab4-main/install/interface' for CMake module files
[1.165s] Level 1:colcon.colcon_core.environment:checking '/home/mtrn/lab4-main/lab4-main/install/interface' for CMake config files
[1.165s] Level 1:colcon.colcon_core.shell:create_environment_hook('interface', 'cmake_prefix_path')
[1.168s] INFO:colcon.colcon_core.shell:Creating environment hook '/home/mtrn/lab4-main/lab4-main/install/interface/share/interface/hook/cmake_prefix_path.ps1'
[1.169s] INFO:colcon.colcon_core.shell:Creating environment descriptor '/home/mtrn/lab4-main/lab4-main/install/interface/share/interface/hook/cmake_prefix_path.dsv'
[1.170s] INFO:colcon.colcon_core.shell:Creating environment hook '/home/mtrn/lab4-main/lab4-main/install/interface/share/interface/hook/cmake_prefix_path.sh'
[1.170s] Level 1:colcon.colcon_core.environment:checking '/home/mtrn/lab4-main/lab4-main/install/interface/lib'
[1.171s] Level 1:colcon.colcon_core.shell:create_environment_hook('interface', 'ld_library_path_lib')
[1.173s] INFO:colcon.colcon_core.shell:Creating environment hook '/home/mtrn/lab4-main/lab4-main/install/interface/share/interface/hook/ld_library_path_lib.ps1'
[1.173s] INFO:colcon.colcon_core.shell:Creating environment descriptor '/home/mtrn/lab4-main/lab4-main/install/interface/share/interface/hook/ld_library_path_lib.dsv'
[1.174s] INFO:colcon.colcon_core.shell:Creating environment hook '/home/mtrn/lab4-main/lab4-main/install/interface/share/interface/hook/ld_library_path_lib.sh'
[1.174s] Level 1:colcon.colcon_core.environment:checking '/home/mtrn/lab4-main/lab4-main/install/interface/bin'
[1.174s] Level 1:colcon.colcon_core.environment:checking '/home/mtrn/lab4-main/lab4-main/install/interface/lib/pkgconfig/interface.pc'
[1.174s] Level 1:colcon.colcon_core.environment:checking '/home/mtrn/lab4-main/lab4-main/install/interface/lib/python3.10/site-packages'
[1.175s] Level 1:colcon.colcon_core.environment:checking '/home/mtrn/lab4-main/lab4-main/install/interface/bin'
[1.177s] INFO:colcon.colcon_core.shell:Creating package script '/home/mtrn/lab4-main/lab4-main/install/interface/share/interface/package.ps1'
[1.178s] INFO:colcon.colcon_core.shell:Creating package descriptor '/home/mtrn/lab4-main/lab4-main/install/interface/share/interface/package.dsv'
[1.179s] INFO:colcon.colcon_core.shell:Creating package script '/home/mtrn/lab4-main/lab4-main/install/interface/share/interface/package.sh'
[1.179s] INFO:colcon.colcon_core.shell:Creating package script '/home/mtrn/lab4-main/lab4-main/install/interface/share/interface/package.bash'
[1.180s] INFO:colcon.colcon_core.shell:Creating package script '/home/mtrn/lab4-main/lab4-main/install/interface/share/interface/package.zsh'
[1.180s] Level 1:colcon.colcon_core.environment:create_file_with_runtime_dependencies(/home/mtrn/lab4-main/lab4-main/install/interface/share/colcon-core/packages/interface)
[1.236s] Level 1:colcon.colcon_core.environment:create_environment_scripts_only(interface)
[1.240s] Level 1:colcon.colcon_core.environment:checking '/home/mtrn/lab4-main/lab4-main/install/interface' for CMake module files
[1.241s] Level 1:colcon.colcon_core.environment:checking '/home/mtrn/lab4-main/lab4-main/install/interface' for CMake config files
[1.241s] Level 1:colcon.colcon_core.shell:create_environment_hook('interface', 'cmake_prefix_path')
[1.244s] INFO:colcon.colcon_core.shell:Creating environment hook '/home/mtrn/lab4-main/lab4-main/install/interface/share/interface/hook/cmake_prefix_path.ps1'
[1.244s] INFO:colcon.colcon_core.shell:Creating environment descriptor '/home/mtrn/lab4-main/lab4-main/install/interface/share/interface/hook/cmake_prefix_path.dsv'
[1.245s] INFO:colcon.colcon_core.shell:Creating environment hook '/home/mtrn/lab4-main/lab4-main/install/interface/share/interface/hook/cmake_prefix_path.sh'
[1.245s] Level 1:colcon.colcon_core.environment:checking '/home/mtrn/lab4-main/lab4-main/install/interface/lib'
[1.245s] Level 1:colcon.colcon_core.shell:create_environment_hook('interface', 'ld_library_path_lib')
[1.248s] INFO:colcon.colcon_core.shell:Creating environment hook '/home/mtrn/lab4-main/lab4-main/install/interface/share/interface/hook/ld_library_path_lib.ps1'
[1.248s] INFO:colcon.colcon_core.shell:Creating environment descriptor '/home/mtrn/lab4-main/lab4-main/install/interface/share/interface/hook/ld_library_path_lib.dsv'
[1.248s] INFO:colcon.colcon_core.shell:Creating environment hook '/home/mtrn/lab4-main/lab4-main/install/interface/share/interface/hook/ld_library_path_lib.sh'
[1.249s] Level 1:colcon.colcon_core.environment:checking '/home/mtrn/lab4-main/lab4-main/install/interface/bin'
[1.249s] Level 1:colcon.colcon_core.environment:checking '/home/mtrn/lab4-main/lab4-main/install/interface/lib/pkgconfig/interface.pc'
[1.249s] Level 1:colcon.colcon_core.environment:checking '/home/mtrn/lab4-main/lab4-main/install/interface/lib/python3.10/site-packages'
[1.249s] Level 1:colcon.colcon_core.environment:checking '/home/mtrn/lab4-main/lab4-main/install/interface/bin'
[1.252s] INFO:colcon.colcon_core.shell:Creating package script '/home/mtrn/lab4-main/lab4-main/install/interface/share/interface/package.ps1'
[1.252s] INFO:colcon.colcon_core.shell:Creating package descriptor '/home/mtrn/lab4-main/lab4-main/install/interface/share/interface/package.dsv'
[1.253s] INFO:colcon.colcon_core.shell:Creating package script '/home/mtrn/lab4-main/lab4-main/install/interface/share/interface/package.sh'
[1.253s] INFO:colcon.colcon_core.shell:Creating package script '/home/mtrn/lab4-main/lab4-main/install/interface/share/interface/package.bash'
[1.253s] INFO:colcon.colcon_core.shell:Creating package script '/home/mtrn/lab4-main/lab4-main/install/interface/share/interface/package.zsh'
[1.254s] Level 1:colcon.colcon_core.environment:create_file_with_runtime_dependencies(/home/mtrn/lab4-main/lab4-main/install/interface/share/colcon-core/packages/interface)
[1.254s] INFO:colcon.colcon_ros.task.ament_python.build:Building ROS package in '/home/mtrn/lab4-main/lab4-main/src/transformation' with build type 'ament_python'
[1.254s] Level 1:colcon.colcon_core.shell:create_environment_hook('transformation', 'ament_prefix_path')
[1.257s] INFO:colcon.colcon_core.shell:Creating environment hook '/home/mtrn/lab4-main/lab4-main/install/transformation/share/transformation/hook/ament_prefix_path.ps1'
[1.258s] INFO:colcon.colcon_core.shell:Creating environment descriptor '/home/mtrn/lab4-main/lab4-main/install/transformation/share/transformation/hook/ament_prefix_path.dsv'
[1.258s] INFO:colcon.colcon_core.shell:Creating environment hook '/home/mtrn/lab4-main/lab4-main/install/transformation/share/transformation/hook/ament_prefix_path.sh'
[1.261s] INFO:colcon.colcon_core.shell:Skip shell extension 'powershell' for command environment: Not usable outside of PowerShell
[1.261s] DEBUG:colcon.colcon_core.shell:Skip shell extension 'dsv' for command environment
[1.265s] INFO:colcon.colcon_ros.task.ament_python.build:Building ROS package in '/home/mtrn/lab4-main/lab4-main/src/vision' with build type 'ament_python'
[1.265s] Level 1:colcon.colcon_core.shell:create_environment_hook('vision', 'ament_prefix_path')
[1.268s] INFO:colcon.colcon_core.shell:Creating environment hook '/home/mtrn/lab4-main/lab4-main/install/vision/share/vision/hook/ament_prefix_path.ps1'
[1.269s] INFO:colcon.colcon_core.shell:Creating environment descriptor '/home/mtrn/lab4-main/lab4-main/install/vision/share/vision/hook/ament_prefix_path.dsv'
[1.270s] INFO:colcon.colcon_core.shell:Creating environment hook '/home/mtrn/lab4-main/lab4-main/install/vision/share/vision/hook/ament_prefix_path.sh'
[1.273s] INFO:colcon.colcon_core.shell:Skip shell extension 'powershell' for command environment: Not usable outside of PowerShell
[1.273s] DEBUG:colcon.colcon_core.shell:Skip shell extension 'dsv' for command environment
[1.555s] INFO:colcon.colcon_core.task.python.build:Building Python package in '/home/mtrn/lab4-main/lab4-main/src/transformation'
[1.558s] INFO:colcon.colcon_core.shell:Skip shell extension 'powershell' for command environment: Not usable outside of PowerShell
[1.558s] DEBUG:colcon.colcon_core.shell:Skip shell extension 'dsv' for command environment
[1.823s] INFO:colcon.colcon_core.task.python.build:Building Python package in '/home/mtrn/lab4-main/lab4-main/src/vision'
[1.826s] INFO:colcon.colcon_core.shell:Skip shell extension 'powershell' for command environment: Not usable outside of PowerShell
[1.826s] DEBUG:colcon.colcon_core.shell:Skip shell extension 'dsv' for command environment
[2.312s] DEBUG:colcon.colcon_core.event_handler.log_command:Invoking command in '/home/mtrn/lab4-main/lab4-main/src/transformation': AMENT_PREFIX_PATH=/home/mtrn/lab4-main/lab4-main/install/interface:${AMENT_PREFIX_PATH} CMAKE_PREFIX_PATH=/home/mtrn/lab4-main/lab4-main/install/interface LD_LIBRARY_PATH=/home/mtrn/lab4-main/lab4-main/install/interface/lib:${LD_LIBRARY_PATH} PYTHONPATH=/home/mtrn/lab4-main/lab4-main/build/transformation/prefix_override:/home/mtrn/lab4-main/lab4-main/install/transformation/lib/python3.10/site-packages:/home/mtrn/lab4-main/lab4-main/install/interface/local/lib/python3.10/dist-packages:${PYTHONPATH} /usr/bin/python3 setup.py egg_info --egg-base ../../build/transformation build --build-base /home/mtrn/lab4-main/lab4-main/build/transformation/build install --record /home/mtrn/lab4-main/lab4-main/build/transformation/install.log --single-version-externally-managed
[2.314s] DEBUG:colcon.colcon_core.event_handler.log_command:Invoking command in '/home/mtrn/lab4-main/lab4-main/src/vision': AMENT_PREFIX_PATH=/home/mtrn/lab4-main/lab4-main/install/interface:${AMENT_PREFIX_PATH} CMAKE_PREFIX_PATH=/home/mtrn/lab4-main/lab4-main/install/interface LD_LIBRARY_PATH=/home/mtrn/lab4-main/lab4-main/install/interface/lib:${LD_LIBRARY_PATH} PYTHONPATH=/home/mtrn/lab4-main/lab4-main/build/vision/prefix_override:/home/mtrn/lab4-main/lab4-main/install/vision/lib/python3.10/site-packages:/home/mtrn/lab4-main/lab4-main/install/interface/local/lib/python3.10/dist-packages:${PYTHONPATH} /usr/bin/python3 setup.py egg_info --egg-base ../../build/vision build --build-base /home/mtrn/lab4-main/lab4-main/build/vision/build install --record /home/mtrn/lab4-main/lab4-main/build/vision/install.log --single-version-externally-managed
[2.649s] Level 1:colcon.colcon_core.environment:checking '/home/mtrn/lab4-main/lab4-main/install/vision' for CMake module files
[2.650s] DEBUG:colcon.colcon_core.event_handler.log_command:Invoked command in '/home/mtrn/lab4-main/lab4-main/src/vision' returned '0': AMENT_PREFIX_PATH=/home/mtrn/lab4-main/lab4-main/install/interface:${AMENT_PREFIX_PATH} CMAKE_PREFIX_PATH=/home/mtrn/lab4-main/lab4-main/install/interface LD_LIBRARY_PATH=/home/mtrn/lab4-main/lab4-main/install/interface/lib:${LD_LIBRARY_PATH} PYTHONPATH=/home/mtrn/lab4-main/lab4-main/build/vision/prefix_override:/home/mtrn/lab4-main/lab4-main/install/vision/lib/python3.10/site-packages:/home/mtrn/lab4-main/lab4-main/install/interface/local/lib/python3.10/dist-packages:${PYTHONPATH} /usr/bin/python3 setup.py egg_info --egg-base ../../build/vision build --build-base /home/mtrn/lab4-main/lab4-main/build/vision/build install --record /home/mtrn/lab4-main/lab4-main/build/vision/install.log --single-version-externally-managed
[2.650s] Level 1:colcon.colcon_core.environment:checking '/home/mtrn/lab4-main/lab4-main/install/vision' for CMake config files
[2.651s] Level 1:colcon.colcon_core.environment:checking '/home/mtrn/lab4-main/lab4-main/install/vision/lib'
[2.651s] Level 1:colcon.colcon_core.environment:checking '/home/mtrn/lab4-main/lab4-main/install/vision/bin'
[2.651s] Level 1:colcon.colcon_core.environment:checking '/home/mtrn/lab4-main/lab4-main/install/vision/lib/pkgconfig/vision.pc'
[2.652s] Level 1:colcon.colcon_core.environment:checking '/home/mtrn/lab4-main/lab4-main/install/vision/lib/python3.10/site-packages'
[2.652s] Level 1:colcon.colcon_core.shell:create_environment_hook('vision', 'pythonpath')
[2.654s] INFO:colcon.colcon_core.shell:Creating environment hook '/home/mtrn/lab4-main/lab4-main/install/vision/share/vision/hook/pythonpath.ps1'
[2.655s] INFO:colcon.colcon_core.shell:Creating environment descriptor '/home/mtrn/lab4-main/lab4-main/install/vision/share/vision/hook/pythonpath.dsv'
[2.656s] INFO:colcon.colcon_core.shell:Creating environment hook '/home/mtrn/lab4-main/lab4-main/install/vision/share/vision/hook/pythonpath.sh'
[2.657s] Level 1:colcon.colcon_core.environment:checking '/home/mtrn/lab4-main/lab4-main/install/vision/bin'
[2.657s] Level 1:colcon.colcon_core.environment:create_environment_scripts_only(vision)
[2.660s] INFO:colcon.colcon_core.shell:Creating package script '/home/mtrn/lab4-main/lab4-main/install/vision/share/vision/package.ps1'
[2.660s] INFO:colcon.colcon_core.shell:Creating package descriptor '/home/mtrn/lab4-main/lab4-main/install/vision/share/vision/package.dsv'
[2.661s] INFO:colcon.colcon_core.shell:Creating package script '/home/mtrn/lab4-main/lab4-main/install/vision/share/vision/package.sh'
[2.661s] INFO:colcon.colcon_core.shell:Creating package script '/home/mtrn/lab4-main/lab4-main/install/vision/share/vision/package.bash'
[2.661s] INFO:colcon.colcon_core.shell:Creating package script '/home/mtrn/lab4-main/lab4-main/install/vision/share/vision/package.zsh'
[2.662s] Level 1:colcon.colcon_core.environment:create_file_with_runtime_dependencies(/home/mtrn/lab4-main/lab4-main/install/vision/share/colcon-core/packages/vision)
[2.665s] Level 1:colcon.colcon_core.environment:checking '/home/mtrn/lab4-main/lab4-main/install/transformation' for CMake module files
[2.666s] Level 1:colcon.colcon_core.environment:checking '/home/mtrn/lab4-main/lab4-main/install/transformation' for CMake config files
[2.667s] DEBUG:colcon.colcon_core.event_handler.log_command:Invoked command in '/home/mtrn/lab4-main/lab4-main/src/transformation' returned '0': AMENT_PREFIX_PATH=/home/mtrn/lab4-main/lab4-main/install/interface:${AMENT_PREFIX_PATH} CMAKE_PREFIX_PATH=/home/mtrn/lab4-main/lab4-main/install/interface LD_LIBRARY_PATH=/home/mtrn/lab4-main/lab4-main/install/interface/lib:${LD_LIBRARY_PATH} PYTHONPATH=/home/mtrn/lab4-main/lab4-main/build/transformation/prefix_override:/home/mtrn/lab4-main/lab4-main/install/transformation/lib/python3.10/site-packages:/home/mtrn/lab4-main/lab4-main/install/interface/local/lib/python3.10/dist-packages:${PYTHONPATH} /usr/bin/python3 setup.py egg_info --egg-base ../../build/transformation build --build-base /home/mtrn/lab4-main/lab4-main/build/transformation/build install --record /home/mtrn/lab4-main/lab4-main/build/transformation/install.log --single-version-externally-managed
[2.667s] Level 1:colcon.colcon_core.environment:checking '/home/mtrn/lab4-main/lab4-main/install/transformation/lib'
[2.668s] Level 1:colcon.colcon_core.environment:checking '/home/mtrn/lab4-main/lab4-main/install/transformation/bin'
[2.668s] Level 1:colcon.colcon_core.environment:checking '/home/mtrn/lab4-main/lab4-main/install/transformation/lib/pkgconfig/transformation.pc'
[2.668s] Level 1:colcon.colcon_core.environment:checking '/home/mtrn/lab4-main/lab4-main/install/transformation/lib/python3.10/site-packages'
[2.668s] Level 1:colcon.colcon_core.shell:create_environment_hook('transformation', 'pythonpath')
[2.671s] INFO:colcon.colcon_core.shell:Creating environment hook '/home/mtrn/lab4-main/lab4-main/install/transformation/share/transformation/hook/pythonpath.ps1'
[2.672s] INFO:colcon.colcon_core.shell:Creating environment descriptor '/home/mtrn/lab4-main/lab4-main/install/transformation/share/transformation/hook/pythonpath.dsv'
[2.672s] INFO:colcon.colcon_core.shell:Creating environment hook '/home/mtrn/lab4-main/lab4-main/install/transformation/share/transformation/hook/pythonpath.sh'
[2.672s] Level 1:colcon.colcon_core.environment:checking '/home/mtrn/lab4-main/lab4-main/install/transformation/bin'
[2.673s] Level 1:colcon.colcon_core.environment:create_environment_scripts_only(transformation)
[2.675s] INFO:colcon.colcon_core.shell:Creating package script '/home/mtrn/lab4-main/lab4-main/install/transformation/share/transformation/package.ps1'
[2.675s] INFO:colcon.colcon_core.shell:Creating package descriptor '/home/mtrn/lab4-main/lab4-main/install/transformation/share/transformation/package.dsv'
[2.676s] INFO:colcon.colcon_core.shell:Creating package script '/home/mtrn/lab4-main/lab4-main/install/transformation/share/transformation/package.sh'
[2.676s] INFO:colcon.colcon_core.shell:Creating package script '/home/mtrn/lab4-main/lab4-main/install/transformation/share/transformation/package.bash'
[2.677s] INFO:colcon.colcon_core.shell:Creating package script '/home/mtrn/lab4-main/lab4-main/install/transformation/share/transformation/package.zsh'
[2.677s] Level 1:colcon.colcon_core.environment:create_file_with_runtime_dependencies(/home/mtrn/lab4-main/lab4-main/install/transformation/share/colcon-core/packages/transformation)
[2.677s] DEBUG:colcon.colcon_parallel_executor.executor.parallel:closing loop
[2.677s] DEBUG:colcon.colcon_parallel_executor.executor.parallel:loop closed
[2.677s] DEBUG:colcon.colcon_parallel_executor.executor.parallel:run_until_complete finished with '0'
[2.677s] DEBUG:colcon.colcon_core.event_reactor:joining thread
[2.686s] INFO:colcon.colcon_core.plugin_system:Skipping extension 'colcon_notification.desktop_notification.terminal_notifier': Not used on non-Darwin systems
[2.686s] INFO:colcon.colcon_core.plugin_system:Skipping extension 'colcon_notification.desktop_notification.win32': Not used on non-Windows systems
[2.686s] INFO:colcon.colcon_notification.desktop_notification:Sending desktop notification using 'notify2'
[2.703s] DEBUG:colcon.colcon_core.event_reactor:joined thread
[2.706s] INFO:colcon.colcon_core.shell:Creating prefix script '/home/mtrn/lab4-main/lab4-main/install/local_setup.ps1'
[2.708s] INFO:colcon.colcon_core.shell:Creating prefix util module '/home/mtrn/lab4-main/lab4-main/install/_local_setup_util_ps1.py'
[2.709s] INFO:colcon.colcon_core.shell:Creating prefix chain script '/home/mtrn/lab4-main/lab4-main/install/setup.ps1'
[2.713s] INFO:colcon.colcon_core.shell:Creating prefix script '/home/mtrn/lab4-main/lab4-main/install/local_setup.sh'
[2.714s] INFO:colcon.colcon_core.shell:Creating prefix util module '/home/mtrn/lab4-main/lab4-main/install/_local_setup_util_sh.py'
[2.715s] INFO:colcon.colcon_core.shell:Creating prefix chain script '/home/mtrn/lab4-main/lab4-main/install/setup.sh'
[2.718s] INFO:colcon.colcon_core.shell:Creating prefix script '/home/mtrn/lab4-main/lab4-main/install/local_setup.bash'
[2.719s] INFO:colcon.colcon_core.shell:Creating prefix chain script '/home/mtrn/lab4-main/lab4-main/install/setup.bash'
[2.721s] INFO:colcon.colcon_core.shell:Creating prefix script '/home/mtrn/lab4-main/lab4-main/install/local_setup.zsh'
[2.721s] INFO:colcon.colcon_core.shell:Creating prefix chain script '/home/mtrn/lab4-main/lab4-main/install/setup.zsh'
