running egg_info
creating ../../build/vision/vision.egg-info
writing ../../build/vision/vision.egg-info/PKG-INFO
writing dependency_links to ../../build/vision/vision.egg-info/dependency_links.txt
writing entry points to ../../build/vision/vision.egg-info/entry_points.txt
writing requirements to ../../build/vision/vision.egg-info/requires.txt
writing top-level names to ../../build/vision/vision.egg-info/top_level.txt
writing manifest file '../../build/vision/vision.egg-info/SOURCES.txt'
reading manifest file '../../build/vision/vision.egg-info/SOURCES.txt'
adding license file 'LICENSE'
writing manifest file '../../build/vision/vision.egg-info/SOURCES.txt'
running build
running build_py
creating /home/mtrn/lab4-main/lab4-main/build/vision/build
creating /home/mtrn/lab4-main/lab4-main/build/vision/build/lib
creating /home/mtrn/lab4-main/lab4-main/build/vision/build/lib/vision
copying vision/test.py -> /home/mtrn/lab4-main/lab4-main/build/vision/build/lib/vision
copying vision/vision_main.py -> /home/mtrn/lab4-main/lab4-main/build/vision/build/lib/vision
copying vision/alternative.py -> /home/mtrn/lab4-main/lab4-main/build/vision/build/lib/vision
copying vision/__init__.py -> /home/mtrn/lab4-main/lab4-main/build/vision/build/lib/vision
running install
/usr/lib/python3/dist-packages/setuptools/command/install.py:34: SetuptoolsDeprecationWarning: setup.py install is deprecated. Use build and pip and other standards-based tools.
  warnings.warn(
running install_lib
creating /home/mtrn/lab4-main/lab4-main/install/vision/lib/python3.10/site-packages/vision
copying /home/mtrn/lab4-main/lab4-main/build/vision/build/lib/vision/test.py -> /home/mtrn/lab4-main/lab4-main/install/vision/lib/python3.10/site-packages/vision
copying /home/mtrn/lab4-main/lab4-main/build/vision/build/lib/vision/vision_main.py -> /home/mtrn/lab4-main/lab4-main/install/vision/lib/python3.10/site-packages/vision
copying /home/mtrn/lab4-main/lab4-main/build/vision/build/lib/vision/alternative.py -> /home/mtrn/lab4-main/lab4-main/install/vision/lib/python3.10/site-packages/vision
copying /home/mtrn/lab4-main/lab4-main/build/vision/build/lib/vision/__init__.py -> /home/mtrn/lab4-main/lab4-main/install/vision/lib/python3.10/site-packages/vision
byte-compiling /home/mtrn/lab4-main/lab4-main/install/vision/lib/python3.10/site-packages/vision/test.py to test.cpython-310.pyc
byte-compiling /home/mtrn/lab4-main/lab4-main/install/vision/lib/python3.10/site-packages/vision/vision_main.py to vision_main.cpython-310.pyc
byte-compiling /home/mtrn/lab4-main/lab4-main/install/vision/lib/python3.10/site-packages/vision/alternative.py to alternative.cpython-310.pyc
byte-compiling /home/mtrn/lab4-main/lab4-main/install/vision/lib/python3.10/site-packages/vision/__init__.py to __init__.cpython-310.pyc
running install_data
creating /home/mtrn/lab4-main/lab4-main/install/vision/share
creating /home/mtrn/lab4-main/lab4-main/install/vision/share/ament_index
creating /home/mtrn/lab4-main/lab4-main/install/vision/share/ament_index/resource_index
creating /home/mtrn/lab4-main/lab4-main/install/vision/share/ament_index/resource_index/packages
copying resource/vision -> /home/mtrn/lab4-main/lab4-main/install/vision/share/ament_index/resource_index/packages
creating /home/mtrn/lab4-main/lab4-main/install/vision/share/vision
copying package.xml -> /home/mtrn/lab4-main/lab4-main/install/vision/share/vision
running install_egg_info
Copying ../../build/vision/vision.egg-info to /home/mtrn/lab4-main/lab4-main/install/vision/lib/python3.10/site-packages/vision-0.0.0-py3.10.egg-info
running install_scripts
Installing perception_example script to /home/mtrn/lab4-main/lab4-main/install/vision/lib/vision
Installing testing script to /home/mtrn/lab4-main/lab4-main/install/vision/lib/vision
writing list of installed files to '/home/mtrn/lab4-main/lab4-main/build/vision/install.log'
