[0.706s] Invoking command in '/home/mtrn/lab4-main/lab4-main/src/vision': PYTHONPATH=/home/mtrn/lab4-main/lab4-main/build/vision/prefix_override:/home/mtrn/lab4-main/lab4-main/install/vision/lib/python3.10/site-packages:${PYTHONPATH} /usr/bin/python3 setup.py egg_info --egg-base ../../build/vision build --build-base /home/mtrn/lab4-main/lab4-main/build/vision/build install --record /home/mtrn/lab4-main/lab4-main/build/vision/install.log --single-version-externally-managed
[0.956s] running egg_info
[0.957s] creating ../../build/vision/vision.egg-info
[0.957s] writing ../../build/vision/vision.egg-info/PKG-INFO
[0.957s] writing dependency_links to ../../build/vision/vision.egg-info/dependency_links.txt
[0.957s] writing entry points to ../../build/vision/vision.egg-info/entry_points.txt
[0.957s] writing requirements to ../../build/vision/vision.egg-info/requires.txt
[0.957s] writing top-level names to ../../build/vision/vision.egg-info/top_level.txt
[0.957s] writing manifest file '../../build/vision/vision.egg-info/SOURCES.txt'
[0.959s] reading manifest file '../../build/vision/vision.egg-info/SOURCES.txt'
[0.960s] adding license file 'LICENSE'
[0.961s] writing manifest file '../../build/vision/vision.egg-info/SOURCES.txt'
[0.961s] running build
[0.961s] running build_py
[0.961s] creating /home/mtrn/lab4-main/lab4-main/build/vision/build
[0.961s] creating /home/mtrn/lab4-main/lab4-main/build/vision/build/lib
[0.961s] creating /home/mtrn/lab4-main/lab4-main/build/vision/build/lib/vision
[0.961s] copying vision/test.py -> /home/mtrn/lab4-main/lab4-main/build/vision/build/lib/vision
[0.961s] copying vision/vision_main.py -> /home/mtrn/lab4-main/lab4-main/build/vision/build/lib/vision
[0.961s] copying vision/alternative.py -> /home/mtrn/lab4-main/lab4-main/build/vision/build/lib/vision
[0.962s] copying vision/__init__.py -> /home/mtrn/lab4-main/lab4-main/build/vision/build/lib/vision
[0.962s] running install
[0.962s] /usr/lib/python3/dist-packages/setuptools/command/install.py:34: SetuptoolsDeprecationWarning: setup.py install is deprecated. Use build and pip and other standards-based tools.
[0.963s]   warnings.warn(
[0.963s] running install_lib
[0.963s] creating /home/mtrn/lab4-main/lab4-main/install/vision/lib/python3.10/site-packages/vision
[0.964s] copying /home/mtrn/lab4-main/lab4-main/build/vision/build/lib/vision/test.py -> /home/mtrn/lab4-main/lab4-main/install/vision/lib/python3.10/site-packages/vision
[0.964s] copying /home/mtrn/lab4-main/lab4-main/build/vision/build/lib/vision/vision_main.py -> /home/mtrn/lab4-main/lab4-main/install/vision/lib/python3.10/site-packages/vision
[0.964s] copying /home/mtrn/lab4-main/lab4-main/build/vision/build/lib/vision/alternative.py -> /home/mtrn/lab4-main/lab4-main/install/vision/lib/python3.10/site-packages/vision
[0.964s] copying /home/mtrn/lab4-main/lab4-main/build/vision/build/lib/vision/__init__.py -> /home/mtrn/lab4-main/lab4-main/install/vision/lib/python3.10/site-packages/vision
[0.964s] byte-compiling /home/mtrn/lab4-main/lab4-main/install/vision/lib/python3.10/site-packages/vision/test.py to test.cpython-310.pyc
[0.965s] byte-compiling /home/mtrn/lab4-main/lab4-main/install/vision/lib/python3.10/site-packages/vision/vision_main.py to vision_main.cpython-310.pyc
[0.966s] byte-compiling /home/mtrn/lab4-main/lab4-main/install/vision/lib/python3.10/site-packages/vision/alternative.py to alternative.cpython-310.pyc
[0.966s] byte-compiling /home/mtrn/lab4-main/lab4-main/install/vision/lib/python3.10/site-packages/vision/__init__.py to __init__.cpython-310.pyc
[0.966s] running install_data
[0.966s] creating /home/mtrn/lab4-main/lab4-main/install/vision/share
[0.966s] creating /home/mtrn/lab4-main/lab4-main/install/vision/share/ament_index
[0.967s] creating /home/mtrn/lab4-main/lab4-main/install/vision/share/ament_index/resource_index
[0.967s] creating /home/mtrn/lab4-main/lab4-main/install/vision/share/ament_index/resource_index/packages
[0.969s] copying resource/vision -> /home/mtrn/lab4-main/lab4-main/install/vision/share/ament_index/resource_index/packages
[0.969s] creating /home/mtrn/lab4-main/lab4-main/install/vision/share/vision
[0.969s] copying package.xml -> /home/mtrn/lab4-main/lab4-main/install/vision/share/vision
[0.969s] running install_egg_info
[0.982s] Copying ../../build/vision/vision.egg-info to /home/mtrn/lab4-main/lab4-main/install/vision/lib/python3.10/site-packages/vision-0.0.0-py3.10.egg-info
[0.982s] running install_scripts
[1.012s] Installing perception_example script to /home/mtrn/lab4-main/lab4-main/install/vision/lib/vision
[1.012s] Installing testing script to /home/mtrn/lab4-main/lab4-main/install/vision/lib/vision
[1.012s] writing list of installed files to '/home/mtrn/lab4-main/lab4-main/build/vision/install.log'
[1.041s] Invoked command in '/home/mtrn/lab4-main/lab4-main/src/vision' returned '0': PYTHONPATH=/home/mtrn/lab4-main/lab4-main/build/vision/prefix_override:/home/mtrn/lab4-main/lab4-main/install/vision/lib/python3.10/site-packages:${PYTHONPATH} /usr/bin/python3 setup.py egg_info --egg-base ../../build/vision build --build-base /home/mtrn/lab4-main/lab4-main/build/vision/build install --record /home/mtrn/lab4-main/lab4-main/build/vision/install.log --single-version-externally-managed
