[0.720s] Invoking command in '/home/mtrn/ros2_ws/src/blue_detector': PYTHONPATH=/home/mtrn/ros2_ws/build/blue_detector/prefix_override:/home/mtrn/ros2_ws/install/blue_detector/lib/python3.10/site-packages:${PYTHONPATH} /usr/bin/python3 setup.py egg_info --egg-base ../../build/blue_detector build --build-base /home/mtrn/ros2_ws/build/blue_detector/build install --record /home/mtrn/ros2_ws/build/blue_detector/install.log --single-version-externally-managed
[1.048s] running egg_info
[1.050s] writing ../../build/blue_detector/blue_detector.egg-info/PKG-INFO
[1.050s] writing dependency_links to ../../build/blue_detector/blue_detector.egg-info/dependency_links.txt
[1.050s] writing entry points to ../../build/blue_detector/blue_detector.egg-info/entry_points.txt
[1.050s] writing requirements to ../../build/blue_detector/blue_detector.egg-info/requires.txt
[1.050s] writing top-level names to ../../build/blue_detector/blue_detector.egg-info/top_level.txt
[1.052s] package init file 'blue_detector/__init__.py' not found (or not a regular file)
[1.052s] reading manifest file '../../build/blue_detector/blue_detector.egg-info/SOURCES.txt'
[1.054s] writing manifest file '../../build/blue_detector/blue_detector.egg-info/SOURCES.txt'
[1.054s] running build
[1.055s] running build_py
[1.055s] copying blue_detector/PublishFinal.py -> /home/mtrn/ros2_ws/build/blue_detector/build/lib/blue_detector
[1.055s] /usr/lib/python3/dist-packages/setuptools/command/install.py:34: SetuptoolsDeprecationWarning: setup.py install is deprecated. Use build and pip and other standards-based tools.
[1.056s]   warnings.warn(
[1.056s] running install
[1.056s] running install_lib
[1.056s] copying /home/mtrn/ros2_ws/build/blue_detector/build/lib/blue_detector/PublishFinal.py -> /home/mtrn/ros2_ws/install/blue_detector/lib/python3.10/site-packages/blue_detector
[1.057s] byte-compiling /home/mtrn/ros2_ws/install/blue_detector/lib/python3.10/site-packages/blue_detector/PublishFinal.py to PublishFinal.cpython-310.pyc
[1.057s] running install_data
[1.058s] running install_egg_info
[1.074s] removing '/home/mtrn/ros2_ws/install/blue_detector/lib/python3.10/site-packages/blue_detector-0.0.0-py3.10.egg-info' (and everything under it)
[1.075s] Copying ../../build/blue_detector/blue_detector.egg-info to /home/mtrn/ros2_ws/install/blue_detector/lib/python3.10/site-packages/blue_detector-0.0.0-py3.10.egg-info
[1.075s] running install_scripts
[1.105s] Installing blue_detection_node script to /home/mtrn/ros2_ws/install/blue_detector/lib/blue_detector
[1.106s] Installing final_detect_node script to /home/mtrn/ros2_ws/install/blue_detector/lib/blue_detector
[1.106s] Installing image_convert script to /home/mtrn/ros2_ws/install/blue_detector/lib/blue_detector
[1.106s] writing list of installed files to '/home/mtrn/ros2_ws/build/blue_detector/install.log'
[1.134s] Invoked command in '/home/mtrn/ros2_ws/src/blue_detector' returned '0': PYTHONPATH=/home/mtrn/ros2_ws/build/blue_detector/prefix_override:/home/mtrn/ros2_ws/install/blue_detector/lib/python3.10/site-packages:${PYTHONPATH} /usr/bin/python3 setup.py egg_info --egg-base ../../build/blue_detector build --build-base /home/mtrn/ros2_ws/build/blue_detector/build install --record /home/mtrn/ros2_ws/build/blue_detector/install.log --single-version-externally-managed
