[0.027s] Invoking command in '/home/mtrn/ros2_ws/build/interface': CMAKE_PREFIX_PATH=/home/mtrn/ros2_ws/install/interface:/home/mtrn/ros2_ws/src/interface/install/interface:/home/mtrn/ros2_ws/install/blue_detector:/home/mtrn/ros2_ws/src/install/blue_detector:/home/mtrn/4231/ws_moveit2/install/moveit_configs_utils:/home/mtrn/4231/ws_moveit2/install/launch_param_builder:/opt/ros/humble:/home/mtrn/ros2_ws/src/interface/install/blue_detector_msgs:/home/mtrn/ros2_ws/src/blue_detector_msgs/install/interface:/home/mtrn/ros2_ws/src/install/blue_detector_msgs:/home/mtrn/ros2_ws/src/blue_detector_msgs/install/blue_detector_msgs:/home/mtrn/4231/ros_ur_driver/install/ur:/home/mtrn/4231/ros_ur_driver/install/ur_calibration:/home/mtrn/4231/ros_ur_driver/install/ur_robot_driver:/home/mtrn/4231/ros_ur_driver/install/ur_moveit_config:/home/mtrn/4231/ros_ur_driver/install/ur_bringup:/home/mtrn/4231/ros_ur_driver/install/ur_controllers:/home/mtrn/4231/ros_ur_driver/install/ur_dashboard_msgs:/home/mtrn/4231/ws_moveit2/install/pilz_industrial_motion_planner_testutils:/home/mtrn/4231/ws_moveit2/install/moveit_runtime:/home/mtrn/4231/ws_moveit2/install/moveit2_tutorials:/home/mtrn/4231/ws_moveit2/install/moveit:/home/mtrn/4231/ws_moveit2/install/moveit_planners:/home/mtrn/4231/ws_moveit2/install/pilz_industrial_motion_planner:/home/mtrn/4231/ws_moveit2/install/moveit_visual_tools:/home/mtrn/4231/ws_moveit2/install/moveit_task_constructor_visualization:/home/mtrn/4231/ws_moveit2/install/moveit_task_constructor_demo:/home/mtrn/4231/ws_moveit2/install/moveit_task_constructor_capabilities:/home/mtrn/4231/ws_moveit2/install/moveit_task_constructor_core:/home/mtrn/4231/ws_moveit2/install/moveit_ros_control_interface:/home/mtrn/4231/ws_moveit2/install/moveit_plugins:/home/mtrn/4231/ws_moveit2/install/moveit_simple_controller_manager:/home/mtrn/4231/ws_moveit2/install/moveit_setup_assistant:/home/mtrn/4231/ws_moveit2/install/moveit_setup_srdf_plugins:/home/mtrn/4231/ws_moveit2/install/moveit_setup_core_plugins:/home/mtrn/4231/ws_moveit2/install/moveit_setup_controllers:/home/mtrn/4231/ws_moveit2/install/moveit_setup_app_plugins:/home/mtrn/4231/ws_moveit2/install/moveit_setup_framework:/home/mtrn/4231/ws_moveit2/install/moveit_servo:/home/mtrn/4231/ws_moveit2/install/moveit_ros:/home/mtrn/4231/ws_moveit2/install/moveit_ros_visualization:/home/mtrn/4231/ws_moveit2/install/moveit_hybrid_planning:/home/mtrn/4231/ws_moveit2/install/moveit_ros_planning_interface:/home/mtrn/4231/ws_moveit2/install/moveit_ros_benchmarks:/home/mtrn/4231/ws_moveit2/install/moveit_ros_warehouse:/home/mtrn/4231/ws_moveit2/install/moveit_ros_robot_interaction:/home/mtrn/4231/ws_moveit2/install/moveit_ros_perception:/home/mtrn/4231/ws_moveit2/install/moveit_resources_prbt_pg70_support:/home/mtrn/4231/ws_moveit2/install/moveit_resources_prbt_moveit_config:/home/mtrn/4231/ws_moveit2/install/moveit_ros_move_group:/home/mtrn/4231/ws_moveit2/install/moveit_planners_ompl:/home/mtrn/4231/ws_moveit2/install/moveit_ros_planning:/home/mtrn/4231/ws_moveit2/install/moveit_ros_occupancy_map_monitor:/home/mtrn/4231/ws_moveit2/install/moveit_resources_prbt_ikfast_manipulator_plugin:/home/mtrn/4231/ws_moveit2/install/moveit_planners_chomp:/home/mtrn/4231/ws_moveit2/install/moveit_kinematics:/home/mtrn/4231/ws_moveit2/install/moveit_chomp_optimizer_adapter:/home/mtrn/4231/ws_moveit2/install/chomp_motion_planner:/home/mtrn/4231/ws_moveit2/install/moveit_core:/home/mtrn/4231/ws_moveit2/install/srdfdom:/home/mtrn/4231/ws_moveit2/install/rviz_marker_tools:/home/mtrn/4231/ws_moveit2/install/rosparam_shortcuts:/home/mtrn/4231/ws_moveit2/install/moveit_task_constructor_msgs:/home/mtrn/4231/ws_moveit2/install/moveit_resources_prbt_support:/home/mtrn/4231/ws_moveit2/install/moveit_resources:/home/mtrn/4231/ws_moveit2/install/moveit_resources_pr2_description:/home/mtrn/4231/ws_moveit2/install/moveit_resources_panda_moveit_config:/home/mtrn/4231/ws_moveit2/install/moveit_resources_panda_description:/home/mtrn/4231/ws_moveit2/install/moveit_resources_fanuc_moveit_config:/home/mtrn/4231/ws_moveit2/install/moveit_resources_fanuc_description:/home/mtrn/4231/ws_moveit2/install/moveit_common /usr/bin/cmake --build /home/mtrn/ros2_ws/build/interface -- -j4 -l4
[0.092s] [ 12%] Built target interface__rosidl_generator_c
[0.092s] [  9%] Built target interface__cpp
[0.101s] [ 12%] Built target ament_cmake_python_copy_interface
[0.119s] [ 25%] Built target interface__rosidl_typesupport_fastrtps_c
[0.119s] [ 32%] Built target interface__rosidl_typesupport_cpp
[0.121s] [ 41%] Built target interface__rosidl_typesupport_fastrtps_cpp
[0.135s] [ 51%] Built target interface__rosidl_typesupport_introspection_c
[0.147s] [ 61%] Built target interface__rosidl_typesupport_c
[0.148s] [ 70%] Built target interface__rosidl_typesupport_introspection_cpp
[0.176s] [ 70%] Built target interface
[0.204s] [ 74%] Built target interface__py
[0.234s] [ 80%] Built target interface__rosidl_generator_py
[0.264s] [ 87%] Built target interface__rosidl_typesupport_fastrtps_c__pyext
[0.268s] [ 93%] Built target interface__rosidl_typesupport_c__pyext
[0.272s] [100%] Built target interface__rosidl_typesupport_introspection_c__pyext
[0.396s] running egg_info
[0.397s] writing interface.egg-info/PKG-INFO
[0.397s] writing dependency_links to interface.egg-info/dependency_links.txt
[0.398s] writing top-level names to interface.egg-info/top_level.txt
[0.401s] reading manifest file 'interface.egg-info/SOURCES.txt'
[0.401s] writing manifest file 'interface.egg-info/SOURCES.txt'
[0.428s] [100%] Built target ament_cmake_python_build_interface_egg
[0.443s] Invoked command in '/home/mtrn/ros2_ws/build/interface' returned '0': CMAKE_PREFIX_PATH=/home/mtrn/ros2_ws/install/interface:/home/mtrn/ros2_ws/src/interface/install/interface:/home/mtrn/ros2_ws/install/blue_detector:/home/mtrn/ros2_ws/src/install/blue_detector:/home/mtrn/4231/ws_moveit2/install/moveit_configs_utils:/home/mtrn/4231/ws_moveit2/install/launch_param_builder:/opt/ros/humble:/home/mtrn/ros2_ws/src/interface/install/blue_detector_msgs:/home/mtrn/ros2_ws/src/blue_detector_msgs/install/interface:/home/mtrn/ros2_ws/src/install/blue_detector_msgs:/home/mtrn/ros2_ws/src/blue_detector_msgs/install/blue_detector_msgs:/home/mtrn/4231/ros_ur_driver/install/ur:/home/mtrn/4231/ros_ur_driver/install/ur_calibration:/home/mtrn/4231/ros_ur_driver/install/ur_robot_driver:/home/mtrn/4231/ros_ur_driver/install/ur_moveit_config:/home/mtrn/4231/ros_ur_driver/install/ur_bringup:/home/mtrn/4231/ros_ur_driver/install/ur_controllers:/home/mtrn/4231/ros_ur_driver/install/ur_dashboard_msgs:/home/mtrn/4231/ws_moveit2/install/pilz_industrial_motion_planner_testutils:/home/mtrn/4231/ws_moveit2/install/moveit_runtime:/home/mtrn/4231/ws_moveit2/install/moveit2_tutorials:/home/mtrn/4231/ws_moveit2/install/moveit:/home/mtrn/4231/ws_moveit2/install/moveit_planners:/home/mtrn/4231/ws_moveit2/install/pilz_industrial_motion_planner:/home/mtrn/4231/ws_moveit2/install/moveit_visual_tools:/home/mtrn/4231/ws_moveit2/install/moveit_task_constructor_visualization:/home/mtrn/4231/ws_moveit2/install/moveit_task_constructor_demo:/home/mtrn/4231/ws_moveit2/install/moveit_task_constructor_capabilities:/home/mtrn/4231/ws_moveit2/install/moveit_task_constructor_core:/home/mtrn/4231/ws_moveit2/install/moveit_ros_control_interface:/home/mtrn/4231/ws_moveit2/install/moveit_plugins:/home/mtrn/4231/ws_moveit2/install/moveit_simple_controller_manager:/home/mtrn/4231/ws_moveit2/install/moveit_setup_assistant:/home/mtrn/4231/ws_moveit2/install/moveit_setup_srdf_plugins:/home/mtrn/4231/ws_moveit2/install/moveit_setup_core_plugins:/home/mtrn/4231/ws_moveit2/install/moveit_setup_controllers:/home/mtrn/4231/ws_moveit2/install/moveit_setup_app_plugins:/home/mtrn/4231/ws_moveit2/install/moveit_setup_framework:/home/mtrn/4231/ws_moveit2/install/moveit_servo:/home/mtrn/4231/ws_moveit2/install/moveit_ros:/home/mtrn/4231/ws_moveit2/install/moveit_ros_visualization:/home/mtrn/4231/ws_moveit2/install/moveit_hybrid_planning:/home/mtrn/4231/ws_moveit2/install/moveit_ros_planning_interface:/home/mtrn/4231/ws_moveit2/install/moveit_ros_benchmarks:/home/mtrn/4231/ws_moveit2/install/moveit_ros_warehouse:/home/mtrn/4231/ws_moveit2/install/moveit_ros_robot_interaction:/home/mtrn/4231/ws_moveit2/install/moveit_ros_perception:/home/mtrn/4231/ws_moveit2/install/moveit_resources_prbt_pg70_support:/home/mtrn/4231/ws_moveit2/install/moveit_resources_prbt_moveit_config:/home/mtrn/4231/ws_moveit2/install/moveit_ros_move_group:/home/mtrn/4231/ws_moveit2/install/moveit_planners_ompl:/home/mtrn/4231/ws_moveit2/install/moveit_ros_planning:/home/mtrn/4231/ws_moveit2/install/moveit_ros_occupancy_map_monitor:/home/mtrn/4231/ws_moveit2/install/moveit_resources_prbt_ikfast_manipulator_plugin:/home/mtrn/4231/ws_moveit2/install/moveit_planners_chomp:/home/mtrn/4231/ws_moveit2/install/moveit_kinematics:/home/mtrn/4231/ws_moveit2/install/moveit_chomp_optimizer_adapter:/home/mtrn/4231/ws_moveit2/install/chomp_motion_planner:/home/mtrn/4231/ws_moveit2/install/moveit_core:/home/mtrn/4231/ws_moveit2/install/srdfdom:/home/mtrn/4231/ws_moveit2/install/rviz_marker_tools:/home/mtrn/4231/ws_moveit2/install/rosparam_shortcuts:/home/mtrn/4231/ws_moveit2/install/moveit_task_constructor_msgs:/home/mtrn/4231/ws_moveit2/install/moveit_resources_prbt_support:/home/mtrn/4231/ws_moveit2/install/moveit_resources:/home/mtrn/4231/ws_moveit2/install/moveit_resources_pr2_description:/home/mtrn/4231/ws_moveit2/install/moveit_resources_panda_moveit_config:/home/mtrn/4231/ws_moveit2/install/moveit_resources_panda_description:/home/mtrn/4231/ws_moveit2/install/moveit_resources_fanuc_moveit_config:/home/mtrn/4231/ws_moveit2/install/moveit_resources_fanuc_description:/home/mtrn/4231/ws_moveit2/install/moveit_common /usr/bin/cmake --build /home/mtrn/ros2_ws/build/interface -- -j4 -l4
[0.555s] Invoking command in '/home/mtrn/ros2_ws/build/interface': CMAKE_PREFIX_PATH=/home/mtrn/ros2_ws/install/interface:/home/mtrn/ros2_ws/src/interface/install/interface:/home/mtrn/ros2_ws/install/blue_detector:/home/mtrn/ros2_ws/src/install/blue_detector:/home/mtrn/4231/ws_moveit2/install/moveit_configs_utils:/home/mtrn/4231/ws_moveit2/install/launch_param_builder:/opt/ros/humble:/home/mtrn/ros2_ws/src/interface/install/blue_detector_msgs:/home/mtrn/ros2_ws/src/blue_detector_msgs/install/interface:/home/mtrn/ros2_ws/src/install/blue_detector_msgs:/home/mtrn/ros2_ws/src/blue_detector_msgs/install/blue_detector_msgs:/home/mtrn/4231/ros_ur_driver/install/ur:/home/mtrn/4231/ros_ur_driver/install/ur_calibration:/home/mtrn/4231/ros_ur_driver/install/ur_robot_driver:/home/mtrn/4231/ros_ur_driver/install/ur_moveit_config:/home/mtrn/4231/ros_ur_driver/install/ur_bringup:/home/mtrn/4231/ros_ur_driver/install/ur_controllers:/home/mtrn/4231/ros_ur_driver/install/ur_dashboard_msgs:/home/mtrn/4231/ws_moveit2/install/pilz_industrial_motion_planner_testutils:/home/mtrn/4231/ws_moveit2/install/moveit_runtime:/home/mtrn/4231/ws_moveit2/install/moveit2_tutorials:/home/mtrn/4231/ws_moveit2/install/moveit:/home/mtrn/4231/ws_moveit2/install/moveit_planners:/home/mtrn/4231/ws_moveit2/install/pilz_industrial_motion_planner:/home/mtrn/4231/ws_moveit2/install/moveit_visual_tools:/home/mtrn/4231/ws_moveit2/install/moveit_task_constructor_visualization:/home/mtrn/4231/ws_moveit2/install/moveit_task_constructor_demo:/home/mtrn/4231/ws_moveit2/install/moveit_task_constructor_capabilities:/home/mtrn/4231/ws_moveit2/install/moveit_task_constructor_core:/home/mtrn/4231/ws_moveit2/install/moveit_ros_control_interface:/home/mtrn/4231/ws_moveit2/install/moveit_plugins:/home/mtrn/4231/ws_moveit2/install/moveit_simple_controller_manager:/home/mtrn/4231/ws_moveit2/install/moveit_setup_assistant:/home/mtrn/4231/ws_moveit2/install/moveit_setup_srdf_plugins:/home/mtrn/4231/ws_moveit2/install/moveit_setup_core_plugins:/home/mtrn/4231/ws_moveit2/install/moveit_setup_controllers:/home/mtrn/4231/ws_moveit2/install/moveit_setup_app_plugins:/home/mtrn/4231/ws_moveit2/install/moveit_setup_framework:/home/mtrn/4231/ws_moveit2/install/moveit_servo:/home/mtrn/4231/ws_moveit2/install/moveit_ros:/home/mtrn/4231/ws_moveit2/install/moveit_ros_visualization:/home/mtrn/4231/ws_moveit2/install/moveit_hybrid_planning:/home/mtrn/4231/ws_moveit2/install/moveit_ros_planning_interface:/home/mtrn/4231/ws_moveit2/install/moveit_ros_benchmarks:/home/mtrn/4231/ws_moveit2/install/moveit_ros_warehouse:/home/mtrn/4231/ws_moveit2/install/moveit_ros_robot_interaction:/home/mtrn/4231/ws_moveit2/install/moveit_ros_perception:/home/mtrn/4231/ws_moveit2/install/moveit_resources_prbt_pg70_support:/home/mtrn/4231/ws_moveit2/install/moveit_resources_prbt_moveit_config:/home/mtrn/4231/ws_moveit2/install/moveit_ros_move_group:/home/mtrn/4231/ws_moveit2/install/moveit_planners_ompl:/home/mtrn/4231/ws_moveit2/install/moveit_ros_planning:/home/mtrn/4231/ws_moveit2/install/moveit_ros_occupancy_map_monitor:/home/mtrn/4231/ws_moveit2/install/moveit_resources_prbt_ikfast_manipulator_plugin:/home/mtrn/4231/ws_moveit2/install/moveit_planners_chomp:/home/mtrn/4231/ws_moveit2/install/moveit_kinematics:/home/mtrn/4231/ws_moveit2/install/moveit_chomp_optimizer_adapter:/home/mtrn/4231/ws_moveit2/install/chomp_motion_planner:/home/mtrn/4231/ws_moveit2/install/moveit_core:/home/mtrn/4231/ws_moveit2/install/srdfdom:/home/mtrn/4231/ws_moveit2/install/rviz_marker_tools:/home/mtrn/4231/ws_moveit2/install/rosparam_shortcuts:/home/mtrn/4231/ws_moveit2/install/moveit_task_constructor_msgs:/home/mtrn/4231/ws_moveit2/install/moveit_resources_prbt_support:/home/mtrn/4231/ws_moveit2/install/moveit_resources:/home/mtrn/4231/ws_moveit2/install/moveit_resources_pr2_description:/home/mtrn/4231/ws_moveit2/install/moveit_resources_panda_moveit_config:/home/mtrn/4231/ws_moveit2/install/moveit_resources_panda_description:/home/mtrn/4231/ws_moveit2/install/moveit_resources_fanuc_moveit_config:/home/mtrn/4231/ws_moveit2/install/moveit_resources_fanuc_description:/home/mtrn/4231/ws_moveit2/install/moveit_common /usr/bin/cmake --install /home/mtrn/ros2_ws/build/interface
[0.564s] -- Install configuration: ""
[0.564s] -- Up-to-date: /home/mtrn/ros2_ws/install/interface/share/ament_index/resource_index/rosidl_interfaces/interface
[0.564s] -- Up-to-date: /home/mtrn/ros2_ws/install/interface/include/interface/interface
[0.565s] -- Up-to-date: /home/mtrn/ros2_ws/install/interface/include/interface/interface/msg
[0.565s] -- Up-to-date: /home/mtrn/ros2_ws/install/interface/include/interface/interface/msg/rosidl_generator_c__visibility_control.h
[0.565s] -- Up-to-date: /home/mtrn/ros2_ws/install/interface/include/interface/interface/msg/detail
[0.565s] -- Up-to-date: /home/mtrn/ros2_ws/install/interface/include/interface/interface/msg/detail/marker_data__functions.c
[0.565s] -- Up-to-date: /home/mtrn/ros2_ws/install/interface/include/interface/interface/msg/detail/marker_data__struct.h
[0.565s] -- Up-to-date: /home/mtrn/ros2_ws/install/interface/include/interface/interface/msg/detail/marker_data__functions.h
[0.565s] -- Up-to-date: /home/mtrn/ros2_ws/install/interface/include/interface/interface/msg/detail/marker_data__type_support.h
[0.565s] -- Up-to-date: /home/mtrn/ros2_ws/install/interface/include/interface/interface/msg/marker_data.h
[0.565s] -- Up-to-date: /home/mtrn/ros2_ws/install/interface/share/interface/environment/library_path.sh
[0.566s] -- Up-to-date: /home/mtrn/ros2_ws/install/interface/share/interface/environment/library_path.dsv
[0.566s] -- Up-to-date: /home/mtrn/ros2_ws/install/interface/lib/libinterface__rosidl_generator_c.so
[0.566s] -- Up-to-date: /home/mtrn/ros2_ws/install/interface/include/interface/interface
[0.566s] -- Up-to-date: /home/mtrn/ros2_ws/install/interface/include/interface/interface/msg
[0.566s] -- Up-to-date: /home/mtrn/ros2_ws/install/interface/include/interface/interface/msg/rosidl_typesupport_fastrtps_c__visibility_control.h
[0.566s] -- Up-to-date: /home/mtrn/ros2_ws/install/interface/include/interface/interface/msg/detail
[0.568s] -- Up-to-date: /home/mtrn/ros2_ws/install/interface/include/interface/interface/msg/detail/marker_data__rosidl_typesupport_fastrtps_c.h
[0.568s] -- Up-to-date: /home/mtrn/ros2_ws/install/interface/lib/libinterface__rosidl_typesupport_fastrtps_c.so
[0.568s] -- Up-to-date: /home/mtrn/ros2_ws/install/interface/include/interface/interface
[0.568s] -- Up-to-date: /home/mtrn/ros2_ws/install/interface/include/interface/interface/msg
[0.568s] -- Up-to-date: /home/mtrn/ros2_ws/install/interface/include/interface/interface/msg/marker_data.hpp
[0.569s] -- Up-to-date: /home/mtrn/ros2_ws/install/interface/include/interface/interface/msg/detail
[0.569s] -- Up-to-date: /home/mtrn/ros2_ws/install/interface/include/interface/interface/msg/detail/marker_data__builder.hpp
[0.569s] -- Up-to-date: /home/mtrn/ros2_ws/install/interface/include/interface/interface/msg/detail/marker_data__traits.hpp
[0.569s] -- Up-to-date: /home/mtrn/ros2_ws/install/interface/include/interface/interface/msg/detail/marker_data__struct.hpp
[0.569s] -- Up-to-date: /home/mtrn/ros2_ws/install/interface/include/interface/interface
[0.569s] -- Up-to-date: /home/mtrn/ros2_ws/install/interface/include/interface/interface/msg
[0.569s] -- Up-to-date: /home/mtrn/ros2_ws/install/interface/include/interface/interface/msg/detail
[0.569s] -- Up-to-date: /home/mtrn/ros2_ws/install/interface/include/interface/interface/msg/detail/marker_data__rosidl_typesupport_fastrtps_cpp.hpp
[0.569s] -- Up-to-date: /home/mtrn/ros2_ws/install/interface/include/interface/interface/msg/detail/dds_fastrtps
[0.569s] -- Up-to-date: /home/mtrn/ros2_ws/install/interface/include/interface/interface/msg/rosidl_typesupport_fastrtps_cpp__visibility_control.h
[0.569s] -- Up-to-date: /home/mtrn/ros2_ws/install/interface/lib/libinterface__rosidl_typesupport_fastrtps_cpp.so
[0.569s] -- Up-to-date: /home/mtrn/ros2_ws/install/interface/include/interface/interface
[0.569s] -- Up-to-date: /home/mtrn/ros2_ws/install/interface/include/interface/interface/msg
[0.569s] -- Up-to-date: /home/mtrn/ros2_ws/install/interface/include/interface/interface/msg/rosidl_typesupport_introspection_c__visibility_control.h
[0.569s] -- Up-to-date: /home/mtrn/ros2_ws/install/interface/include/interface/interface/msg/detail
[0.569s] -- Up-to-date: /home/mtrn/ros2_ws/install/interface/include/interface/interface/msg/detail/marker_data__rosidl_typesupport_introspection_c.h
[0.569s] -- Up-to-date: /home/mtrn/ros2_ws/install/interface/include/interface/interface/msg/detail/marker_data__type_support.c
[0.569s] -- Up-to-date: /home/mtrn/ros2_ws/install/interface/lib/libinterface__rosidl_typesupport_introspection_c.so
[0.569s] -- Up-to-date: /home/mtrn/ros2_ws/install/interface/lib/libinterface__rosidl_typesupport_c.so
[0.570s] -- Up-to-date: /home/mtrn/ros2_ws/install/interface/include/interface/interface
[0.570s] -- Up-to-date: /home/mtrn/ros2_ws/install/interface/include/interface/interface/msg
[0.570s] -- Up-to-date: /home/mtrn/ros2_ws/install/interface/include/interface/interface/msg/detail
[0.570s] -- Up-to-date: /home/mtrn/ros2_ws/install/interface/include/interface/interface/msg/detail/marker_data__type_support.cpp
[0.570s] -- Up-to-date: /home/mtrn/ros2_ws/install/interface/include/interface/interface/msg/detail/marker_data__rosidl_typesupport_introspection_cpp.hpp
[0.570s] -- Up-to-date: /home/mtrn/ros2_ws/install/interface/lib/libinterface__rosidl_typesupport_introspection_cpp.so
[0.570s] -- Up-to-date: /home/mtrn/ros2_ws/install/interface/lib/libinterface__rosidl_typesupport_cpp.so
[0.570s] -- Up-to-date: /home/mtrn/ros2_ws/install/interface/share/interface/environment/pythonpath.sh
[0.570s] -- Up-to-date: /home/mtrn/ros2_ws/install/interface/share/interface/environment/pythonpath.dsv
[0.570s] -- Up-to-date: /home/mtrn/ros2_ws/install/interface/local/lib/python3.10/dist-packages/interface-0.0.0-py3.10.egg-info
[0.570s] -- Installing: /home/mtrn/ros2_ws/install/interface/local/lib/python3.10/dist-packages/interface-0.0.0-py3.10.egg-info/top_level.txt
[0.570s] -- Installing: /home/mtrn/ros2_ws/install/interface/local/lib/python3.10/dist-packages/interface-0.0.0-py3.10.egg-info/SOURCES.txt
[0.570s] -- Installing: /home/mtrn/ros2_ws/install/interface/local/lib/python3.10/dist-packages/interface-0.0.0-py3.10.egg-info/PKG-INFO
[0.570s] -- Installing: /home/mtrn/ros2_ws/install/interface/local/lib/python3.10/dist-packages/interface-0.0.0-py3.10.egg-info/dependency_links.txt
[0.570s] -- Up-to-date: /home/mtrn/ros2_ws/install/interface/local/lib/python3.10/dist-packages/interface
[0.570s] -- Up-to-date: /home/mtrn/ros2_ws/install/interface/local/lib/python3.10/dist-packages/interface/interface_s__rosidl_typesupport_introspection_c.cpython-310-x86_64-linux-gnu.so
[0.570s] -- Up-to-date: /home/mtrn/ros2_ws/install/interface/local/lib/python3.10/dist-packages/interface/_interface_s.ep.rosidl_typesupport_introspection_c.c
[0.570s] -- Up-to-date: /home/mtrn/ros2_ws/install/interface/local/lib/python3.10/dist-packages/interface/interface_s__rosidl_typesupport_fastrtps_c.cpython-310-x86_64-linux-gnu.so
[0.570s] -- Up-to-date: /home/mtrn/ros2_ws/install/interface/local/lib/python3.10/dist-packages/interface/_interface_s.ep.rosidl_typesupport_c.c
[0.570s] -- Up-to-date: /home/mtrn/ros2_ws/install/interface/local/lib/python3.10/dist-packages/interface/_interface_s.ep.rosidl_typesupport_fastrtps_c.c
[0.571s] -- Up-to-date: /home/mtrn/ros2_ws/install/interface/local/lib/python3.10/dist-packages/interface/interface_s__rosidl_typesupport_c.cpython-310-x86_64-linux-gnu.so
[0.571s] -- Up-to-date: /home/mtrn/ros2_ws/install/interface/local/lib/python3.10/dist-packages/interface/libinterface__rosidl_generator_py.so
[0.571s] -- Up-to-date: /home/mtrn/ros2_ws/install/interface/local/lib/python3.10/dist-packages/interface/msg
[0.571s] -- Up-to-date: /home/mtrn/ros2_ws/install/interface/local/lib/python3.10/dist-packages/interface/msg/_marker_data_s.c
[0.571s] -- Up-to-date: /home/mtrn/ros2_ws/install/interface/local/lib/python3.10/dist-packages/interface/msg/__init__.py
[0.571s] -- Up-to-date: /home/mtrn/ros2_ws/install/interface/local/lib/python3.10/dist-packages/interface/msg/_marker_data.py
[0.571s] -- Up-to-date: /home/mtrn/ros2_ws/install/interface/local/lib/python3.10/dist-packages/interface/__init__.py
[0.613s] Listing '/home/mtrn/ros2_ws/install/interface/local/lib/python3.10/dist-packages/interface'...
[0.614s] Listing '/home/mtrn/ros2_ws/install/interface/local/lib/python3.10/dist-packages/interface/msg'...
[0.624s] -- Up-to-date: /home/mtrn/ros2_ws/install/interface/local/lib/python3.10/dist-packages/interface/interface_s__rosidl_typesupport_fastrtps_c.cpython-310-x86_64-linux-gnu.so
[0.625s] -- Up-to-date: /home/mtrn/ros2_ws/install/interface/local/lib/python3.10/dist-packages/interface/interface_s__rosidl_typesupport_introspection_c.cpython-310-x86_64-linux-gnu.so
[0.625s] -- Up-to-date: /home/mtrn/ros2_ws/install/interface/local/lib/python3.10/dist-packages/interface/interface_s__rosidl_typesupport_c.cpython-310-x86_64-linux-gnu.so
[0.625s] -- Up-to-date: /home/mtrn/ros2_ws/install/interface/lib/libinterface__rosidl_generator_py.so
[0.625s] -- Up-to-date: /home/mtrn/ros2_ws/install/interface/share/interface/msg/MarkerData.idl
[0.625s] -- Up-to-date: /home/mtrn/ros2_ws/install/interface/share/interface/msg/MarkerData.msg
[0.625s] -- Up-to-date: /home/mtrn/ros2_ws/install/interface/share/ament_index/resource_index/package_run_dependencies/interface
[0.625s] -- Up-to-date: /home/mtrn/ros2_ws/install/interface/share/ament_index/resource_index/parent_prefix_path/interface
[0.625s] -- Up-to-date: /home/mtrn/ros2_ws/install/interface/share/interface/environment/ament_prefix_path.sh
[0.625s] -- Up-to-date: /home/mtrn/ros2_ws/install/interface/share/interface/environment/ament_prefix_path.dsv
[0.626s] -- Up-to-date: /home/mtrn/ros2_ws/install/interface/share/interface/environment/path.sh
[0.626s] -- Up-to-date: /home/mtrn/ros2_ws/install/interface/share/interface/environment/path.dsv
[0.626s] -- Up-to-date: /home/mtrn/ros2_ws/install/interface/share/interface/local_setup.bash
[0.626s] -- Up-to-date: /home/mtrn/ros2_ws/install/interface/share/interface/local_setup.sh
[0.626s] -- Up-to-date: /home/mtrn/ros2_ws/install/interface/share/interface/local_setup.zsh
[0.626s] -- Up-to-date: /home/mtrn/ros2_ws/install/interface/share/interface/local_setup.dsv
[0.626s] -- Installing: /home/mtrn/ros2_ws/install/interface/share/interface/package.dsv
[0.626s] -- Up-to-date: /home/mtrn/ros2_ws/install/interface/share/ament_index/resource_index/packages/interface
[0.626s] -- Up-to-date: /home/mtrn/ros2_ws/install/interface/share/interface/cmake/export_interface__rosidl_generator_cExport.cmake
[0.626s] -- Up-to-date: /home/mtrn/ros2_ws/install/interface/share/interface/cmake/export_interface__rosidl_generator_cExport-noconfig.cmake
[0.626s] -- Up-to-date: /home/mtrn/ros2_ws/install/interface/share/interface/cmake/export_interface__rosidl_typesupport_fastrtps_cExport.cmake
[0.627s] -- Up-to-date: /home/mtrn/ros2_ws/install/interface/share/interface/cmake/export_interface__rosidl_typesupport_fastrtps_cExport-noconfig.cmake
[0.627s] -- Up-to-date: /home/mtrn/ros2_ws/install/interface/share/interface/cmake/export_interface__rosidl_generator_cppExport.cmake
[0.627s] -- Up-to-date: /home/mtrn/ros2_ws/install/interface/share/interface/cmake/export_interface__rosidl_typesupport_fastrtps_cppExport.cmake
[0.627s] -- Up-to-date: /home/mtrn/ros2_ws/install/interface/share/interface/cmake/export_interface__rosidl_typesupport_fastrtps_cppExport-noconfig.cmake
[0.627s] -- Up-to-date: /home/mtrn/ros2_ws/install/interface/share/interface/cmake/interface__rosidl_typesupport_introspection_cExport.cmake
[0.627s] -- Up-to-date: /home/mtrn/ros2_ws/install/interface/share/interface/cmake/interface__rosidl_typesupport_introspection_cExport-noconfig.cmake
[0.627s] -- Up-to-date: /home/mtrn/ros2_ws/install/interface/share/interface/cmake/interface__rosidl_typesupport_cExport.cmake
[0.628s] -- Up-to-date: /home/mtrn/ros2_ws/install/interface/share/interface/cmake/interface__rosidl_typesupport_cExport-noconfig.cmake
[0.628s] -- Up-to-date: /home/mtrn/ros2_ws/install/interface/share/interface/cmake/interface__rosidl_typesupport_introspection_cppExport.cmake
[0.628s] -- Up-to-date: /home/mtrn/ros2_ws/install/interface/share/interface/cmake/interface__rosidl_typesupport_introspection_cppExport-noconfig.cmake
[0.628s] -- Up-to-date: /home/mtrn/ros2_ws/install/interface/share/interface/cmake/interface__rosidl_typesupport_cppExport.cmake
[0.628s] -- Up-to-date: /home/mtrn/ros2_ws/install/interface/share/interface/cmake/interface__rosidl_typesupport_cppExport-noconfig.cmake
[0.628s] -- Up-to-date: /home/mtrn/ros2_ws/install/interface/share/interface/cmake/export_interface__rosidl_generator_pyExport.cmake
[0.628s] -- Up-to-date: /home/mtrn/ros2_ws/install/interface/share/interface/cmake/export_interface__rosidl_generator_pyExport-noconfig.cmake
[0.628s] -- Up-to-date: /home/mtrn/ros2_ws/install/interface/share/interface/cmake/rosidl_cmake-extras.cmake
[0.628s] -- Up-to-date: /home/mtrn/ros2_ws/install/interface/share/interface/cmake/ament_cmake_export_dependencies-extras.cmake
[0.628s] -- Up-to-date: /home/mtrn/ros2_ws/install/interface/share/interface/cmake/ament_cmake_export_include_directories-extras.cmake
[0.628s] -- Up-to-date: /home/mtrn/ros2_ws/install/interface/share/interface/cmake/ament_cmake_export_libraries-extras.cmake
[0.628s] -- Up-to-date: /home/mtrn/ros2_ws/install/interface/share/interface/cmake/ament_cmake_export_targets-extras.cmake
[0.629s] -- Up-to-date: /home/mtrn/ros2_ws/install/interface/share/interface/cmake/rosidl_cmake_export_typesupport_targets-extras.cmake
[0.629s] -- Up-to-date: /home/mtrn/ros2_ws/install/interface/share/interface/cmake/rosidl_cmake_export_typesupport_libraries-extras.cmake
[0.629s] -- Up-to-date: /home/mtrn/ros2_ws/install/interface/share/interface/cmake/interfaceConfig.cmake
[0.629s] -- Up-to-date: /home/mtrn/ros2_ws/install/interface/share/interface/cmake/interfaceConfig-version.cmake
[0.630s] -- Up-to-date: /home/mtrn/ros2_ws/install/interface/share/interface/package.xml
[0.631s] Invoked command in '/home/mtrn/ros2_ws/build/interface' returned '0': CMAKE_PREFIX_PATH=/home/mtrn/ros2_ws/install/interface:/home/mtrn/ros2_ws/src/interface/install/interface:/home/mtrn/ros2_ws/install/blue_detector:/home/mtrn/ros2_ws/src/install/blue_detector:/home/mtrn/4231/ws_moveit2/install/moveit_configs_utils:/home/mtrn/4231/ws_moveit2/install/launch_param_builder:/opt/ros/humble:/home/mtrn/ros2_ws/src/interface/install/blue_detector_msgs:/home/mtrn/ros2_ws/src/blue_detector_msgs/install/interface:/home/mtrn/ros2_ws/src/install/blue_detector_msgs:/home/mtrn/ros2_ws/src/blue_detector_msgs/install/blue_detector_msgs:/home/mtrn/4231/ros_ur_driver/install/ur:/home/mtrn/4231/ros_ur_driver/install/ur_calibration:/home/mtrn/4231/ros_ur_driver/install/ur_robot_driver:/home/mtrn/4231/ros_ur_driver/install/ur_moveit_config:/home/mtrn/4231/ros_ur_driver/install/ur_bringup:/home/mtrn/4231/ros_ur_driver/install/ur_controllers:/home/mtrn/4231/ros_ur_driver/install/ur_dashboard_msgs:/home/mtrn/4231/ws_moveit2/install/pilz_industrial_motion_planner_testutils:/home/mtrn/4231/ws_moveit2/install/moveit_runtime:/home/mtrn/4231/ws_moveit2/install/moveit2_tutorials:/home/mtrn/4231/ws_moveit2/install/moveit:/home/mtrn/4231/ws_moveit2/install/moveit_planners:/home/mtrn/4231/ws_moveit2/install/pilz_industrial_motion_planner:/home/mtrn/4231/ws_moveit2/install/moveit_visual_tools:/home/mtrn/4231/ws_moveit2/install/moveit_task_constructor_visualization:/home/mtrn/4231/ws_moveit2/install/moveit_task_constructor_demo:/home/mtrn/4231/ws_moveit2/install/moveit_task_constructor_capabilities:/home/mtrn/4231/ws_moveit2/install/moveit_task_constructor_core:/home/mtrn/4231/ws_moveit2/install/moveit_ros_control_interface:/home/mtrn/4231/ws_moveit2/install/moveit_plugins:/home/mtrn/4231/ws_moveit2/install/moveit_simple_controller_manager:/home/mtrn/4231/ws_moveit2/install/moveit_setup_assistant:/home/mtrn/4231/ws_moveit2/install/moveit_setup_srdf_plugins:/home/mtrn/4231/ws_moveit2/install/moveit_setup_core_plugins:/home/mtrn/4231/ws_moveit2/install/moveit_setup_controllers:/home/mtrn/4231/ws_moveit2/install/moveit_setup_app_plugins:/home/mtrn/4231/ws_moveit2/install/moveit_setup_framework:/home/mtrn/4231/ws_moveit2/install/moveit_servo:/home/mtrn/4231/ws_moveit2/install/moveit_ros:/home/mtrn/4231/ws_moveit2/install/moveit_ros_visualization:/home/mtrn/4231/ws_moveit2/install/moveit_hybrid_planning:/home/mtrn/4231/ws_moveit2/install/moveit_ros_planning_interface:/home/mtrn/4231/ws_moveit2/install/moveit_ros_benchmarks:/home/mtrn/4231/ws_moveit2/install/moveit_ros_warehouse:/home/mtrn/4231/ws_moveit2/install/moveit_ros_robot_interaction:/home/mtrn/4231/ws_moveit2/install/moveit_ros_perception:/home/mtrn/4231/ws_moveit2/install/moveit_resources_prbt_pg70_support:/home/mtrn/4231/ws_moveit2/install/moveit_resources_prbt_moveit_config:/home/mtrn/4231/ws_moveit2/install/moveit_ros_move_group:/home/mtrn/4231/ws_moveit2/install/moveit_planners_ompl:/home/mtrn/4231/ws_moveit2/install/moveit_ros_planning:/home/mtrn/4231/ws_moveit2/install/moveit_ros_occupancy_map_monitor:/home/mtrn/4231/ws_moveit2/install/moveit_resources_prbt_ikfast_manipulator_plugin:/home/mtrn/4231/ws_moveit2/install/moveit_planners_chomp:/home/mtrn/4231/ws_moveit2/install/moveit_kinematics:/home/mtrn/4231/ws_moveit2/install/moveit_chomp_optimizer_adapter:/home/mtrn/4231/ws_moveit2/install/chomp_motion_planner:/home/mtrn/4231/ws_moveit2/install/moveit_core:/home/mtrn/4231/ws_moveit2/install/srdfdom:/home/mtrn/4231/ws_moveit2/install/rviz_marker_tools:/home/mtrn/4231/ws_moveit2/install/rosparam_shortcuts:/home/mtrn/4231/ws_moveit2/install/moveit_task_constructor_msgs:/home/mtrn/4231/ws_moveit2/install/moveit_resources_prbt_support:/home/mtrn/4231/ws_moveit2/install/moveit_resources:/home/mtrn/4231/ws_moveit2/install/moveit_resources_pr2_description:/home/mtrn/4231/ws_moveit2/install/moveit_resources_panda_moveit_config:/home/mtrn/4231/ws_moveit2/install/moveit_resources_panda_description:/home/mtrn/4231/ws_moveit2/install/moveit_resources_fanuc_moveit_config:/home/mtrn/4231/ws_moveit2/install/moveit_resources_fanuc_description:/home/mtrn/4231/ws_moveit2/install/moveit_common /usr/bin/cmake --install /home/mtrn/ros2_ws/build/interface
