[0.750s] Invoking command in '/home/mtrn/lab4-main/lab4-main/src/vision': PYTHONPATH=/home/mtrn/lab4-main/lab4-main/build/vision/prefix_override:/home/mtrn/lab4-main/lab4-main/install/vision/lib/python3.10/site-packages:${PYTHONPATH} /usr/bin/python3 setup.py egg_info --egg-base ../../build/vision build --build-base /home/mtrn/lab4-main/lab4-main/build/vision/build install --record /home/mtrn/lab4-main/lab4-main/build/vision/install.log --single-version-externally-managed
[0.988s] running egg_info
[0.989s] writing ../../build/vision/vision.egg-info/PKG-INFO
[0.989s] writing dependency_links to ../../build/vision/vision.egg-info/dependency_links.txt
[0.989s] writing entry points to ../../build/vision/vision.egg-info/entry_points.txt
[0.990s] writing requirements to ../../build/vision/vision.egg-info/requires.txt
[0.990s] writing top-level names to ../../build/vision/vision.egg-info/top_level.txt
[0.991s] reading manifest file '../../build/vision/vision.egg-info/SOURCES.txt'
[0.993s] adding license file 'LICENSE'
[0.993s] writing manifest file '../../build/vision/vision.egg-info/SOURCES.txt'
[0.993s] running build
[0.993s] running build_py
[0.994s] running install
[0.995s] running install_lib
[0.995s] /usr/lib/python3/dist-packages/setuptools/command/install.py:34: SetuptoolsDeprecationWarning: setup.py install is deprecated. Use build and pip and other standards-based tools.
[0.995s]   warnings.warn(
[0.997s] running install_data
[0.997s] running install_egg_info
[1.011s] removing '/home/mtrn/lab4-main/lab4-main/install/vision/lib/python3.10/site-packages/vision-0.0.0-py3.10.egg-info' (and everything under it)
[1.012s] Copying ../../build/vision/vision.egg-info to /home/mtrn/lab4-main/lab4-main/install/vision/lib/python3.10/site-packages/vision-0.0.0-py3.10.egg-info
[1.013s] running install_scripts
[1.037s] Installing perception_example script to /home/mtrn/lab4-main/lab4-main/install/vision/lib/vision
[1.037s] Installing testing script to /home/mtrn/lab4-main/lab4-main/install/vision/lib/vision
[1.037s] writing list of installed files to '/home/mtrn/lab4-main/lab4-main/build/vision/install.log'
[1.060s] Invoked command in '/home/mtrn/lab4-main/lab4-main/src/vision' returned '0': PYTHONPATH=/home/mtrn/lab4-main/lab4-main/build/vision/prefix_override:/home/mtrn/lab4-main/lab4-main/install/vision/lib/python3.10/site-packages:${PYTHONPATH} /usr/bin/python3 setup.py egg_info --egg-base ../../build/vision build --build-base /home/mtrn/lab4-main/lab4-main/build/vision/build install --record /home/mtrn/lab4-main/lab4-main/build/vision/install.log --single-version-externally-managed
